2026-03-06 23:51:55,510 [C-W0] 🏁 궁합 워커 0 시작! 할당: 720개
2026-03-06 23:51:55,510 [C-W0] 🚀 크롬 브라우저 초기화...
2026-03-06 23:51:55,511 [C-W0]   📂 프로필 복사 중...
2026-03-06 23:51:58,514 [C-W0] ✅ 브라우저 준비 완료
2026-03-06 23:52:06,891 [C-W0] 💕 [1/720] 甲子(갑자) × 甲子(갑자)
2026-03-06 23:52:23,734 [C-W0]   🎉 성공 (✅1 ❌0)
2026-03-06 23:52:23,734 [C-W0]   ⏰ 30.8초 대기...
2026-03-06 23:52:54,549 [C-W0] 💕 [2/720] 甲子(갑자) × 己巳(기사)
2026-03-06 23:53:11,216 [C-W0]   🎉 성공 (✅2 ❌0)
2026-03-06 23:53:11,225 [C-W0]   ⏰ 26.6초 대기...
2026-03-06 23:53:37,819 [C-W0] 💕 [3/720] 甲子(갑자) × 甲戌(갑술)
2026-03-06 23:53:54,503 [C-W0]   🎉 성공 (✅3 ❌0)
2026-03-06 23:53:54,503 [C-W0]   ⏰ 18.0초 대기...
2026-03-06 23:54:12,513 [C-W0] 💕 [4/720] 甲子(갑자) × 己卯(기묘)
2026-03-06 23:54:29,220 [C-W0]   🎉 성공 (✅4 ❌0)
2026-03-06 23:54:29,220 [C-W0]   ⏰ 19.3초 대기...
2026-03-06 23:54:48,531 [C-W0] 💕 [5/720] 甲子(갑자) × 甲申(갑신)
2026-03-06 23:55:05,232 [C-W0]   🎉 성공 (✅5 ❌0)
2026-03-06 23:55:05,233 [C-W0]   ⏰ 19.7초 대기...
2026-03-06 23:55:24,977 [C-W0] 💕 [6/720] 甲子(갑자) × 己丑(기축)
2026-03-06 23:55:41,659 [C-W0]   🎉 성공 (✅6 ❌0)
2026-03-06 23:55:41,659 [C-W0]   ⏰ 28.6초 대기...
2026-03-06 23:56:10,311 [C-W0] 💕 [7/720] 甲子(갑자) × 甲午(갑오)
2026-03-06 23:56:27,011 [C-W0]   🎉 성공 (✅7 ❌0)
2026-03-06 23:56:27,011 [C-W0]   ⏰ 19.0초 대기...
2026-03-06 23:56:46,049 [C-W0] 💕 [8/720] 甲子(갑자) × 己亥(기해)
2026-03-06 23:57:02,781 [C-W0]   🎉 성공 (✅8 ❌0)
2026-03-06 23:57:02,781 [C-W0]   ⏰ 34.1초 대기...
2026-03-06 23:57:36,879 [C-W0] 💕 [9/720] 甲子(갑자) × 甲辰(갑진)
2026-03-06 23:57:36,880 [C-W0]   🔄 새 채팅...
2026-03-06 23:57:57,694 [C-W0]   🎉 성공 (✅9 ❌0)
2026-03-06 23:57:57,694 [C-W0]   ⏰ 19.8초 대기...
2026-03-06 23:58:17,538 [C-W0] 💕 [10/720] 甲子(갑자) × 己酉(기유)
2026-03-06 23:58:34,249 [C-W0]   🎉 성공 (✅10 ❌0)
2026-03-06 23:58:34,249 [C-W0]   ⏰ 20.9초 대기...
2026-03-06 23:58:55,194 [C-W0] 💕 [11/720] 甲子(갑자) × 甲寅(갑인)
2026-03-06 23:59:11,856 [C-W0]   🎉 성공 (✅11 ❌0)
2026-03-06 23:59:11,856 [C-W0]   ⏰ 22.2초 대기...
2026-03-06 23:59:34,023 [C-W0] 💕 [12/720] 甲子(갑자) × 己未(기미)
2026-03-06 23:59:50,700 [C-W0]   🎉 성공 (✅12 ❌0)
2026-03-06 23:59:50,700 [C-W0]   ⏰ 26.1초 대기...
2026-03-07 00:00:16,766 [C-W0] 💕 [13/720] 乙丑(을축) × 甲子(갑자)
2026-03-07 00:00:33,430 [C-W0]   🎉 성공 (✅13 ❌0)
2026-03-07 00:00:33,430 [C-W0]   ⏰ 26.9초 대기...
2026-03-07 00:01:00,381 [C-W0] 💕 [14/720] 乙丑(을축) × 己巳(기사)
2026-03-07 00:01:17,037 [C-W0]   🎉 성공 (✅14 ❌0)
2026-03-07 00:01:17,038 [C-W0]   ⏰ 25.8초 대기...
2026-03-07 00:01:42,871 [C-W0] 💕 [15/720] 乙丑(을축) × 甲戌(갑술)
2026-03-07 00:01:59,561 [C-W0]   🎉 성공 (✅15 ❌0)
2026-03-07 00:01:59,561 [C-W0]   ⏰ 31.8초 대기...
2026-03-07 00:02:31,340 [C-W0] 💕 [16/720] 乙丑(을축) × 己卯(기묘)
2026-03-07 00:02:48,015 [C-W0]   🎉 성공 (✅16 ❌0)
2026-03-07 00:02:48,015 [C-W0]   ⏰ 26.1초 대기...
2026-03-07 00:03:14,152 [C-W0] 💕 [17/720] 乙丑(을축) × 甲申(갑신)
2026-03-07 00:03:14,152 [C-W0]   🔄 새 채팅...
2026-03-07 00:03:34,888 [C-W0]   🎉 성공 (✅17 ❌0)
2026-03-07 00:03:34,888 [C-W0]   ⏰ 24.9초 대기...
2026-03-07 00:03:59,747 [C-W0] 💕 [18/720] 乙丑(을축) × 己丑(기축)
2026-03-07 00:04:16,418 [C-W0]   🎉 성공 (✅18 ❌0)
2026-03-07 00:04:16,418 [C-W0]   ⏰ 24.9초 대기...
2026-03-07 00:04:41,349 [C-W0] 💕 [19/720] 乙丑(을축) × 甲午(갑오)
2026-03-07 00:04:58,022 [C-W0]   🎉 성공 (✅19 ❌0)
2026-03-07 00:04:58,022 [C-W0]   ⏰ 32.4초 대기...
2026-03-07 00:05:30,464 [C-W0] 💕 [20/720] 乙丑(을축) × 己亥(기해)
2026-03-07 00:05:47,217 [C-W0]   🎉 성공 (✅20 ❌0)
2026-03-07 00:05:47,218 [C-W0]   ⏰ 26.2초 대기...
2026-03-07 00:06:13,402 [C-W0] 💕 [21/720] 乙丑(을축) × 甲辰(갑진)
2026-03-07 00:06:30,082 [C-W0]   🎉 성공 (✅21 ❌0)
2026-03-07 00:06:30,083 [C-W0]   ⏰ 20.4초 대기...
2026-03-07 00:06:50,475 [C-W0] 💕 [22/720] 乙丑(을축) × 己酉(기유)
2026-03-07 00:07:07,146 [C-W0]   🎉 성공 (✅22 ❌0)
2026-03-07 00:07:07,146 [C-W0]   ⏰ 25.3초 대기...
2026-03-07 00:07:32,422 [C-W0] 💕 [23/720] 乙丑(을축) × 甲寅(갑인)
2026-03-07 00:07:49,114 [C-W0]   🎉 성공 (✅23 ❌0)
2026-03-07 00:07:49,114 [C-W0]   ⏰ 26.9초 대기...
2026-03-07 00:08:15,978 [C-W0] 💕 [24/720] 乙丑(을축) × 己未(기미)
2026-03-07 00:08:32,672 [C-W0]   🎉 성공 (✅24 ❌0)
2026-03-07 00:08:32,672 [C-W0]   ⏰ 22.7초 대기...
2026-03-07 00:08:55,328 [C-W0] 💕 [25/720] 丙寅(병인) × 甲子(갑자)
2026-03-07 00:08:55,329 [C-W0]   🔄 새 채팅...
2026-03-07 00:09:16,109 [C-W0]   🎉 성공 (✅25 ❌0)
2026-03-07 00:09:16,109 [C-W0]   ⏰ 23.2초 대기...
2026-03-07 00:09:39,299 [C-W0] 💕 [26/720] 丙寅(병인) × 己巳(기사)
2026-03-07 00:09:58,983 [C-W0]   🎉 성공 (✅26 ❌0)
2026-03-07 00:09:58,983 [C-W0]   ⏰ 29.8초 대기...
2026-03-07 00:10:28,807 [C-W0] 💕 [27/720] 丙寅(병인) × 甲戌(갑술)
2026-03-07 00:10:45,465 [C-W0]   🎉 성공 (✅27 ❌0)
2026-03-07 00:10:45,465 [C-W0]   ⏰ 20.6초 대기...
2026-03-07 00:11:06,073 [C-W0] 💕 [28/720] 丙寅(병인) × 己卯(기묘)
2026-03-07 00:11:25,760 [C-W0]   🎉 성공 (✅28 ❌0)
2026-03-07 00:11:25,760 [C-W0]   ⏰ 29.6초 대기...
2026-03-07 00:11:55,384 [C-W0] 💕 [29/720] 丙寅(병인) × 甲申(갑신)
2026-03-07 00:12:15,040 [C-W0]   🎉 성공 (✅29 ❌0)
2026-03-07 00:12:15,040 [C-W0]   ⏰ 20.6초 대기...
2026-03-07 00:12:35,607 [C-W0] 💕 [30/720] 丙寅(병인) × 己丑(기축)
2026-03-07 00:12:52,298 [C-W0]   🎉 성공 (✅30 ❌0)
2026-03-07 00:12:52,299 [C-W0]   ⏰ 22.2초 대기...
2026-03-07 00:13:14,496 [C-W0] 💕 [31/720] 丙寅(병인) × 甲午(갑오)
2026-03-07 00:13:34,171 [C-W0]   🎉 성공 (✅31 ❌0)
2026-03-07 00:13:34,172 [C-W0]   ⏰ 28.7초 대기...
2026-03-07 00:14:02,858 [C-W0] 💕 [32/720] 丙寅(병인) × 己亥(기해)
2026-03-07 00:14:19,528 [C-W0]   🎉 성공 (✅32 ❌0)
2026-03-07 00:14:19,528 [C-W0]   ⏰ 32.7초 대기...
2026-03-07 00:14:52,276 [C-W0] 💕 [33/720] 丙寅(병인) × 甲辰(갑진)
2026-03-07 00:14:52,276 [C-W0]   🔄 새 채팅...
2026-03-07 00:15:13,056 [C-W0]   🎉 성공 (✅33 ❌0)
2026-03-07 00:15:13,057 [C-W0]   ⏰ 18.0초 대기...
2026-03-07 00:15:31,061 [C-W0] 💕 [34/720] 丙寅(병인) × 己酉(기유)
2026-03-07 00:15:47,728 [C-W0]   🎉 성공 (✅34 ❌0)
2026-03-07 00:15:47,728 [C-W0]   ⏰ 22.1초 대기...
2026-03-07 00:16:09,819 [C-W0] 💕 [35/720] 丙寅(병인) × 甲寅(갑인)
2026-03-07 00:16:26,485 [C-W0]   🎉 성공 (✅35 ❌0)
2026-03-07 00:16:26,486 [C-W0]   ⏰ 34.5초 대기...
2026-03-07 00:17:00,955 [C-W0] 💕 [36/720] 丙寅(병인) × 己未(기미)
2026-03-07 00:17:17,629 [C-W0]   🎉 성공 (✅36 ❌0)
2026-03-07 00:17:17,629 [C-W0]   ⏰ 18.4초 대기...
2026-03-07 00:17:36,040 [C-W0] 💕 [37/720] 丁卯(정묘) × 甲子(갑자)
2026-03-07 00:17:55,718 [C-W0]   🎉 성공 (✅37 ❌0)
2026-03-07 00:17:55,718 [C-W0]   ⏰ 31.9초 대기...
2026-03-07 00:18:27,658 [C-W0] 💕 [38/720] 丁卯(정묘) × 己巳(기사)
2026-03-07 00:18:44,348 [C-W0]   🎉 성공 (✅38 ❌0)
2026-03-07 00:18:44,348 [C-W0]   ⏰ 34.8초 대기...
2026-03-07 00:19:19,201 [C-W0] 💕 [39/720] 丁卯(정묘) × 甲戌(갑술)
2026-03-07 00:19:35,891 [C-W0]   🎉 성공 (✅39 ❌0)
2026-03-07 00:19:35,891 [C-W0]   ⏰ 23.3초 대기...
2026-03-07 00:19:59,146 [C-W0] 💕 [40/720] 丁卯(정묘) × 己卯(기묘)
2026-03-07 00:20:15,824 [C-W0]   🎉 성공 (✅40 ❌0)
2026-03-07 00:20:15,824 [C-W0]   ⏰ 19.7초 대기...
2026-03-07 00:20:35,524 [C-W0] 💕 [41/720] 丁卯(정묘) × 甲申(갑신)
2026-03-07 00:20:35,525 [C-W0]   🔄 새 채팅...
2026-03-07 00:20:56,272 [C-W0]   🎉 성공 (✅41 ❌0)
2026-03-07 00:20:56,272 [C-W0]   ⏰ 25.4초 대기...
2026-03-07 00:21:21,703 [C-W0] 💕 [42/720] 丁卯(정묘) × 己丑(기축)
2026-03-07 00:21:38,361 [C-W0]   🎉 성공 (✅42 ❌0)
2026-03-07 00:21:38,361 [C-W0]   ⏰ 23.1초 대기...
2026-03-07 00:22:01,501 [C-W0] 💕 [43/720] 丁卯(정묘) × 甲午(갑오)
2026-03-07 00:22:18,182 [C-W0]   🎉 성공 (✅43 ❌0)
2026-03-07 00:22:18,182 [C-W0]   ⏰ 23.4초 대기...
2026-03-07 00:22:41,555 [C-W0] 💕 [44/720] 丁卯(정묘) × 己亥(기해)
2026-03-07 00:22:58,230 [C-W0]   🎉 성공 (✅44 ❌0)
2026-03-07 00:22:58,231 [C-W0]   ⏰ 33.8초 대기...
2026-03-07 00:23:32,030 [C-W0] 💕 [45/720] 丁卯(정묘) × 甲辰(갑진)
2026-03-07 00:23:48,699 [C-W0]   🎉 성공 (✅45 ❌0)
2026-03-07 00:23:48,699 [C-W0]   ⏰ 31.8초 대기...
2026-03-07 00:24:20,521 [C-W0] 💕 [46/720] 丁卯(정묘) × 己酉(기유)
2026-03-07 00:24:37,191 [C-W0]   🎉 성공 (✅46 ❌0)
2026-03-07 00:24:37,192 [C-W0]   ⏰ 21.0초 대기...
2026-03-07 00:24:58,164 [C-W0] 💕 [47/720] 丁卯(정묘) × 甲寅(갑인)
2026-03-07 00:25:14,832 [C-W0]   🎉 성공 (✅47 ❌0)
2026-03-07 00:25:14,832 [C-W0]   ⏰ 31.2초 대기...
2026-03-07 00:25:46,015 [C-W0] 💕 [48/720] 丁卯(정묘) × 己未(기미)
2026-03-07 00:26:02,698 [C-W0]   🎉 성공 (✅48 ❌0)
2026-03-07 00:26:02,698 [C-W0]   ⏰ 34.4초 대기...
2026-03-07 00:26:37,107 [C-W0] 💕 [49/720] 戊辰(무진) × 甲子(갑자)
2026-03-07 00:26:37,108 [C-W0]   🔄 새 채팅...
2026-03-07 00:26:57,902 [C-W0]   🎉 성공 (✅49 ❌0)
2026-03-07 00:26:57,902 [C-W0]   ⏰ 22.7초 대기...
2026-03-07 00:27:20,642 [C-W0] 💕 [50/720] 戊辰(무진) × 己巳(기사)
2026-03-07 00:27:37,297 [C-W0]   🎉 성공 (✅50 ❌0)
2026-03-07 00:27:37,297 [C-W0]   ⏰ 33.5초 대기...
2026-03-07 00:28:10,762 [C-W0] 💕 [51/720] 戊辰(무진) × 甲戌(갑술)
2026-03-07 00:28:27,435 [C-W0]   🎉 성공 (✅51 ❌0)
2026-03-07 00:28:27,435 [C-W0]   ⏰ 30.9초 대기...
2026-03-07 00:28:58,325 [C-W0] 💕 [52/720] 戊辰(무진) × 己卯(기묘)
2026-03-07 00:29:15,006 [C-W0]   🎉 성공 (✅52 ❌0)
2026-03-07 00:29:15,006 [C-W0]   ⏰ 22.8초 대기...
2026-03-07 00:29:37,836 [C-W0] 💕 [53/720] 戊辰(무진) × 甲申(갑신)
2026-03-07 00:29:54,505 [C-W0]   🎉 성공 (✅53 ❌0)
2026-03-07 00:29:54,505 [C-W0]   ⏰ 24.3초 대기...
2026-03-07 00:30:18,855 [C-W0] 💕 [54/720] 戊辰(무진) × 己丑(기축)
2026-03-07 00:30:35,559 [C-W0]   🎉 성공 (✅54 ❌0)
2026-03-07 00:30:35,560 [C-W0]   ⏰ 22.8초 대기...
2026-03-07 00:30:58,363 [C-W0] 💕 [55/720] 戊辰(무진) × 甲午(갑오)
2026-03-07 00:31:15,053 [C-W0]   🎉 성공 (✅55 ❌0)
2026-03-07 00:31:15,053 [C-W0]   ⏰ 31.4초 대기...
2026-03-07 00:31:46,446 [C-W0] 💕 [56/720] 戊辰(무진) × 己亥(기해)
2026-03-07 00:32:03,149 [C-W0]   🎉 성공 (✅56 ❌0)
2026-03-07 00:32:03,149 [C-W0]   ⏰ 20.7초 대기...
2026-03-07 00:32:23,839 [C-W0] 💕 [57/720] 戊辰(무진) × 甲辰(갑진)
2026-03-07 00:32:23,840 [C-W0]   🔄 새 채팅...
2026-03-07 00:32:47,582 [C-W0]   🎉 성공 (✅57 ❌0)
2026-03-07 00:32:47,583 [C-W0]   ⏰ 24.5초 대기...
2026-03-07 00:33:12,093 [C-W0] 💕 [58/720] 戊辰(무진) × 己酉(기유)
2026-03-07 00:33:31,768 [C-W0]   🎉 성공 (✅58 ❌0)
2026-03-07 00:33:31,768 [C-W0]   ⏰ 23.0초 대기...
