2026-03-06 23:51:55,511 [C-W1] 🏁 궁합 워커 1 시작! 할당: 720개
2026-03-06 23:52:05,512 [C-W1] 🚀 크롬 브라우저 초기화...
2026-03-06 23:52:05,513 [C-W1]   📂 프로필 복사 중...
2026-03-06 23:52:07,453 [C-W1] ✅ 브라우저 준비 완료
2026-03-06 23:52:16,222 [C-W1] 💕 [1/720] 甲子(갑자) × 乙丑(을축)
2026-03-06 23:52:32,952 [C-W1]   🎉 성공 (✅1 ❌0)
2026-03-06 23:52:32,952 [C-W1]   ⏰ 20.5초 대기...
2026-03-06 23:52:53,497 [C-W1] 💕 [2/720] 甲子(갑자) × 庚午(경오)
2026-03-06 23:53:10,196 [C-W1]   🎉 성공 (✅2 ❌0)
2026-03-06 23:53:10,203 [C-W1]   ⏰ 34.1초 대기...
2026-03-06 23:53:44,284 [C-W1] 💕 [3/720] 甲子(갑자) × 乙亥(을해)
2026-03-06 23:54:03,976 [C-W1]   🎉 성공 (✅3 ❌0)
2026-03-06 23:54:03,976 [C-W1]   ⏰ 24.4초 대기...
2026-03-06 23:54:28,371 [C-W1] 💕 [4/720] 甲子(갑자) × 庚辰(경진)
2026-03-06 23:54:48,076 [C-W1]   🎉 성공 (✅4 ❌0)
2026-03-06 23:54:48,076 [C-W1]   ⏰ 35.4초 대기...
2026-03-06 23:55:23,500 [C-W1] 💕 [5/720] 甲子(갑자) × 乙酉(을유)
2026-03-06 23:55:40,183 [C-W1]   🎉 성공 (✅5 ❌0)
2026-03-06 23:55:40,184 [C-W1]   ⏰ 25.1초 대기...
2026-03-06 23:56:05,330 [C-W1] 💕 [6/720] 甲子(갑자) × 庚寅(경인)
2026-03-06 23:56:22,011 [C-W1]   🎉 성공 (✅6 ❌0)
2026-03-06 23:56:22,011 [C-W1]   ⏰ 24.3초 대기...
2026-03-06 23:56:46,326 [C-W1] 💕 [7/720] 甲子(갑자) × 乙未(을미)
2026-03-06 23:57:03,038 [C-W1]   🎉 성공 (✅7 ❌0)
2026-03-06 23:57:03,038 [C-W1]   ⏰ 30.8초 대기...
2026-03-06 23:57:33,832 [C-W1] 💕 [8/720] 甲子(갑자) × 庚子(경자)
2026-03-06 23:57:53,547 [C-W1]   🎉 성공 (✅8 ❌0)
2026-03-06 23:57:53,548 [C-W1]   ⏰ 34.9초 대기...
2026-03-06 23:58:28,472 [C-W1] 💕 [9/720] 甲子(갑자) × 乙巳(을사)
2026-03-06 23:58:28,472 [C-W1]   🔄 새 채팅...
2026-03-06 23:58:49,252 [C-W1]   🎉 성공 (✅9 ❌0)
2026-03-06 23:58:49,252 [C-W1]   ⏰ 35.5초 대기...
2026-03-06 23:59:24,774 [C-W1] 💕 [10/720] 甲子(갑자) × 庚戌(경술)
2026-03-06 23:59:41,437 [C-W1]   🎉 성공 (✅10 ❌0)
2026-03-06 23:59:41,437 [C-W1]   ⏰ 19.3초 대기...
2026-03-07 00:00:00,696 [C-W1] 💕 [11/720] 甲子(갑자) × 乙卯(을묘)
2026-03-07 00:00:17,362 [C-W1]   🎉 성공 (✅11 ❌0)
2026-03-07 00:00:17,362 [C-W1]   ⏰ 22.3초 대기...
2026-03-07 00:00:39,633 [C-W1] 💕 [12/720] 甲子(갑자) × 庚申(경신)
2026-03-07 00:00:56,315 [C-W1]   🎉 성공 (✅12 ❌0)
2026-03-07 00:00:56,315 [C-W1]   ⏰ 32.3초 대기...
2026-03-07 00:01:28,583 [C-W1] 💕 [13/720] 乙丑(을축) × 乙丑(을축)
2026-03-07 00:01:45,248 [C-W1]   🎉 성공 (✅13 ❌0)
2026-03-07 00:01:45,248 [C-W1]   ⏰ 34.8초 대기...
2026-03-07 00:02:20,041 [C-W1] 💕 [14/720] 乙丑(을축) × 庚午(경오)
2026-03-07 00:02:36,747 [C-W1]   🎉 성공 (✅14 ❌0)
2026-03-07 00:02:36,747 [C-W1]   ⏰ 28.2초 대기...
2026-03-07 00:03:04,991 [C-W1] 💕 [15/720] 乙丑(을축) × 乙亥(을해)
2026-03-07 00:03:21,677 [C-W1]   🎉 성공 (✅15 ❌0)
2026-03-07 00:03:21,677 [C-W1]   ⏰ 20.1초 대기...
2026-03-07 00:03:41,794 [C-W1] 💕 [16/720] 乙丑(을축) × 庚辰(경진)
2026-03-07 00:03:58,493 [C-W1]   🎉 성공 (✅16 ❌0)
2026-03-07 00:03:58,493 [C-W1]   ⏰ 31.3초 대기...
2026-03-07 00:04:29,801 [C-W1] 💕 [17/720] 乙丑(을축) × 乙酉(을유)
2026-03-07 00:04:29,802 [C-W1]   🔄 새 채팅...
2026-03-07 00:04:50,569 [C-W1]   🎉 성공 (✅17 ❌0)
2026-03-07 00:04:50,569 [C-W1]   ⏰ 22.8초 대기...
2026-03-07 00:05:13,365 [C-W1] 💕 [18/720] 乙丑(을축) × 庚寅(경인)
2026-03-07 00:05:30,069 [C-W1]   🎉 성공 (✅18 ❌0)
2026-03-07 00:05:30,069 [C-W1]   ⏰ 30.0초 대기...
2026-03-07 00:06:00,081 [C-W1] 💕 [19/720] 乙丑(을축) × 乙未(을미)
2026-03-07 00:06:16,741 [C-W1]   🎉 성공 (✅19 ❌0)
2026-03-07 00:06:16,741 [C-W1]   ⏰ 29.1초 대기...
2026-03-07 00:06:45,890 [C-W1] 💕 [20/720] 乙丑(을축) × 庚子(경자)
2026-03-07 00:07:02,573 [C-W1]   🎉 성공 (✅20 ❌0)
2026-03-07 00:07:02,573 [C-W1]   ⏰ 19.8초 대기...
2026-03-07 00:07:22,328 [C-W1] 💕 [21/720] 乙丑(을축) × 乙巳(을사)
2026-03-07 00:07:42,036 [C-W1]   🎉 성공 (✅21 ❌0)
2026-03-07 00:07:42,036 [C-W1]   ⏰ 33.8초 대기...
2026-03-07 00:08:15,803 [C-W1] 💕 [22/720] 乙丑(을축) × 庚戌(경술)
2026-03-07 00:08:35,532 [C-W1]   🎉 성공 (✅22 ❌0)
2026-03-07 00:08:35,532 [C-W1]   ⏰ 19.5초 대기...
2026-03-07 00:08:55,001 [C-W1] 💕 [23/720] 乙丑(을축) × 乙卯(을묘)
2026-03-07 00:09:11,663 [C-W1]   🎉 성공 (✅23 ❌0)
2026-03-07 00:09:11,664 [C-W1]   ⏰ 21.2초 대기...
2026-03-07 00:09:32,836 [C-W1] 💕 [24/720] 乙丑(을축) × 庚申(경신)
2026-03-07 00:09:49,509 [C-W1]   🎉 성공 (✅24 ❌0)
2026-03-07 00:09:49,509 [C-W1]   ⏰ 31.0초 대기...
2026-03-07 00:10:20,484 [C-W1] 💕 [25/720] 丙寅(병인) × 乙丑(을축)
2026-03-07 00:10:20,484 [C-W1]   🔄 새 채팅...
2026-03-07 00:10:41,254 [C-W1]   🎉 성공 (✅25 ❌0)
2026-03-07 00:10:41,254 [C-W1]   ⏰ 32.7초 대기...
2026-03-07 00:11:14,006 [C-W1] 💕 [26/720] 丙寅(병인) × 庚午(경오)
2026-03-07 00:11:30,669 [C-W1]   🎉 성공 (✅26 ❌0)
2026-03-07 00:11:30,669 [C-W1]   ⏰ 26.5초 대기...
2026-03-07 00:11:57,153 [C-W1] 💕 [27/720] 丙寅(병인) × 乙亥(을해)
2026-03-07 00:12:16,835 [C-W1]   🎉 성공 (✅27 ❌0)
2026-03-07 00:12:16,835 [C-W1]   ⏰ 34.8초 대기...
2026-03-07 00:12:51,653 [C-W1] 💕 [28/720] 丙寅(병인) × 庚辰(경진)
2026-03-07 00:13:08,324 [C-W1]   🎉 성공 (✅28 ❌0)
2026-03-07 00:13:08,324 [C-W1]   ⏰ 25.3초 대기...
2026-03-07 00:13:33,601 [C-W1] 💕 [29/720] 丙寅(병인) × 乙酉(을유)
2026-03-07 00:13:53,284 [C-W1]   🎉 성공 (✅29 ❌0)
2026-03-07 00:13:53,284 [C-W1]   ⏰ 23.2초 대기...
2026-03-07 00:14:16,530 [C-W1] 💕 [30/720] 丙寅(병인) × 庚寅(경인)
2026-03-07 00:14:33,212 [C-W1]   🎉 성공 (✅30 ❌0)
2026-03-07 00:14:33,212 [C-W1]   ⏰ 20.1초 대기...
2026-03-07 00:14:53,328 [C-W1] 💕 [31/720] 丙寅(병인) × 乙未(을미)
2026-03-07 00:15:10,000 [C-W1]   🎉 성공 (✅31 ❌0)
2026-03-07 00:15:10,001 [C-W1]   ⏰ 25.0초 대기...
2026-03-07 00:15:35,002 [C-W1] 💕 [32/720] 丙寅(병인) × 庚子(경자)
2026-03-07 00:15:51,676 [C-W1]   🎉 성공 (✅32 ❌0)
2026-03-07 00:15:51,676 [C-W1]   ⏰ 21.0초 대기...
2026-03-07 00:16:12,642 [C-W1] 💕 [33/720] 丙寅(병인) × 乙巳(을사)
2026-03-07 00:16:12,643 [C-W1]   🔄 새 채팅...
2026-03-07 00:16:33,386 [C-W1]   🎉 성공 (✅33 ❌0)
2026-03-07 00:16:33,386 [C-W1]   ⏰ 25.2초 대기...
2026-03-07 00:16:58,542 [C-W1] 💕 [34/720] 丙寅(병인) × 庚戌(경술)
2026-03-07 00:17:18,221 [C-W1]   🎉 성공 (✅34 ❌0)
2026-03-07 00:17:18,221 [C-W1]   ⏰ 22.7초 대기...
2026-03-07 00:17:40,925 [C-W1] 💕 [35/720] 丙寅(병인) × 乙卯(을묘)
2026-03-07 00:17:57,576 [C-W1]   🎉 성공 (✅35 ❌0)
2026-03-07 00:17:57,576 [C-W1]   ⏰ 28.6초 대기...
2026-03-07 00:18:26,204 [C-W1] 💕 [36/720] 丙寅(병인) × 庚申(경신)
2026-03-07 00:18:42,891 [C-W1]   🎉 성공 (✅36 ❌0)
2026-03-07 00:18:42,891 [C-W1]   ⏰ 30.3초 대기...
2026-03-07 00:19:13,223 [C-W1] 💕 [37/720] 丁卯(정묘) × 乙丑(을축)
2026-03-07 00:19:29,902 [C-W1]   🎉 성공 (✅37 ❌0)
2026-03-07 00:19:29,902 [C-W1]   ⏰ 24.4초 대기...
2026-03-07 00:19:54,346 [C-W1] 💕 [38/720] 丁卯(정묘) × 庚午(경오)
2026-03-07 00:20:11,007 [C-W1]   🎉 성공 (✅38 ❌0)
2026-03-07 00:20:11,007 [C-W1]   ⏰ 33.0초 대기...
2026-03-07 00:20:44,011 [C-W1] 💕 [39/720] 丁卯(정묘) × 乙亥(을해)
2026-03-07 00:21:00,684 [C-W1]   🎉 성공 (✅39 ❌0)
2026-03-07 00:21:00,684 [C-W1]   ⏰ 32.1초 대기...
2026-03-07 00:21:32,828 [C-W1] 💕 [40/720] 丁卯(정묘) × 庚辰(경진)
2026-03-07 00:21:49,489 [C-W1]   🎉 성공 (✅40 ❌0)
2026-03-07 00:21:49,490 [C-W1]   ⏰ 21.7초 대기...
2026-03-07 00:22:11,194 [C-W1] 💕 [41/720] 丁卯(정묘) × 乙酉(을유)
2026-03-07 00:22:11,195 [C-W1]   🔄 새 채팅...
2026-03-07 00:22:31,925 [C-W1]   🎉 성공 (✅41 ❌0)
2026-03-07 00:22:31,926 [C-W1]   ⏰ 32.5초 대기...
2026-03-07 00:23:04,393 [C-W1] 💕 [42/720] 丁卯(정묘) × 庚寅(경인)
2026-03-07 00:23:24,063 [C-W1]   🎉 성공 (✅42 ❌0)
2026-03-07 00:23:24,063 [C-W1]   ⏰ 19.1초 대기...
2026-03-07 00:23:43,116 [C-W1] 💕 [43/720] 丁卯(정묘) × 乙未(을미)
2026-03-07 00:23:59,802 [C-W1]   🎉 성공 (✅43 ❌0)
2026-03-07 00:23:59,802 [C-W1]   ⏰ 29.9초 대기...
2026-03-07 00:24:29,749 [C-W1] 💕 [44/720] 丁卯(정묘) × 庚子(경자)
2026-03-07 00:24:46,416 [C-W1]   🎉 성공 (✅44 ❌0)
2026-03-07 00:24:46,416 [C-W1]   ⏰ 19.7초 대기...
2026-03-07 00:25:06,085 [C-W1] 💕 [45/720] 丁卯(정묘) × 乙巳(을사)
2026-03-07 00:25:22,864 [C-W1]   🎉 성공 (✅45 ❌0)
2026-03-07 00:25:22,864 [C-W1]   ⏰ 33.9초 대기...
2026-03-07 00:25:56,740 [C-W1] 💕 [46/720] 丁卯(정묘) × 庚戌(경술)
2026-03-07 00:26:13,410 [C-W1]   🎉 성공 (✅46 ❌0)
2026-03-07 00:26:13,410 [C-W1]   ⏰ 30.7초 대기...
2026-03-07 00:26:44,095 [C-W1] 💕 [47/720] 丁卯(정묘) × 乙卯(을묘)
2026-03-07 00:27:03,789 [C-W1]   🎉 성공 (✅47 ❌0)
2026-03-07 00:27:03,790 [C-W1]   ⏰ 25.2초 대기...
2026-03-07 00:27:28,986 [C-W1] 💕 [48/720] 丁卯(정묘) × 庚申(경신)
2026-03-07 00:27:45,671 [C-W1]   🎉 성공 (✅48 ❌0)
2026-03-07 00:27:45,671 [C-W1]   ⏰ 22.6초 대기...
2026-03-07 00:28:08,247 [C-W1] 💕 [49/720] 戊辰(무진) × 乙丑(을축)
2026-03-07 00:28:08,247 [C-W1]   🔄 새 채팅...
2026-03-07 00:28:29,067 [C-W1]   🎉 성공 (✅49 ❌0)
2026-03-07 00:28:29,067 [C-W1]   ⏰ 35.5초 대기...
2026-03-07 00:29:04,550 [C-W1] 💕 [50/720] 戊辰(무진) × 庚午(경오)
2026-03-07 00:29:21,240 [C-W1]   🎉 성공 (✅50 ❌0)
2026-03-07 00:29:21,240 [C-W1]   ⏰ 24.2초 대기...
2026-03-07 00:29:45,396 [C-W1] 💕 [51/720] 戊辰(무진) × 乙亥(을해)
2026-03-07 00:30:02,062 [C-W1]   🎉 성공 (✅51 ❌0)
2026-03-07 00:30:02,062 [C-W1]   ⏰ 27.6초 대기...
2026-03-07 00:30:29,678 [C-W1] 💕 [52/720] 戊辰(무진) × 庚辰(경진)
2026-03-07 00:30:46,375 [C-W1]   🎉 성공 (✅52 ❌0)
2026-03-07 00:30:46,375 [C-W1]   ⏰ 23.0초 대기...
2026-03-07 00:31:09,351 [C-W1] 💕 [53/720] 戊辰(무진) × 乙酉(을유)
2026-03-07 00:31:26,027 [C-W1]   🎉 성공 (✅53 ❌0)
2026-03-07 00:31:26,028 [C-W1]   ⏰ 23.6초 대기...
2026-03-07 00:31:49,676 [C-W1] 💕 [54/720] 戊辰(무진) × 庚寅(경인)
2026-03-07 00:32:06,352 [C-W1]   🎉 성공 (✅54 ❌0)
2026-03-07 00:32:06,352 [C-W1]   ⏰ 28.3초 대기...
2026-03-07 00:32:34,694 [C-W1] 💕 [55/720] 戊辰(무진) × 乙未(을미)
2026-03-07 00:32:51,376 [C-W1]   🎉 성공 (✅55 ❌0)
2026-03-07 00:32:51,376 [C-W1]   ⏰ 20.5초 대기...
2026-03-07 00:33:11,886 [C-W1] 💕 [56/720] 戊辰(무진) × 庚子(경자)
2026-03-07 00:33:28,572 [C-W1]   🎉 성공 (✅56 ❌0)
2026-03-07 00:33:28,572 [C-W1]   ⏰ 32.0초 대기...
