2026-03-06 23:51:55,511 [C-W2] 🏁 궁합 워커 2 시작! 할당: 720개
2026-03-06 23:52:15,513 [C-W2] 🚀 크롬 브라우저 초기화...
2026-03-06 23:52:15,513 [C-W2]   📂 프로필 복사 중...
2026-03-06 23:52:17,494 [C-W2] ✅ 브라우저 준비 완료
2026-03-06 23:52:26,054 [C-W2] 💕 [1/720] 甲子(갑자) × 丙寅(병인)
2026-03-06 23:52:45,834 [C-W2]   🎉 성공 (✅1 ❌0)
2026-03-06 23:52:45,835 [C-W2]   ⏰ 27.9초 대기...
2026-03-06 23:53:13,770 [C-W2] 💕 [2/720] 甲子(갑자) × 辛未(신미)
2026-03-06 23:53:33,485 [C-W2]   🎉 성공 (✅2 ❌0)
2026-03-06 23:53:33,485 [C-W2]   ⏰ 26.4초 대기...
2026-03-06 23:53:59,898 [C-W2] 💕 [3/720] 甲子(갑자) × 丙子(병자)
2026-03-06 23:54:16,564 [C-W2]   🎉 성공 (✅3 ❌0)
2026-03-06 23:54:16,564 [C-W2]   ⏰ 31.4초 대기...
2026-03-06 23:54:47,971 [C-W2] 💕 [4/720] 甲子(갑자) × 辛巳(신사)
2026-03-06 23:55:04,681 [C-W2]   🎉 성공 (✅4 ❌0)
2026-03-06 23:55:04,681 [C-W2]   ⏰ 21.0초 대기...
2026-03-06 23:55:25,704 [C-W2] 💕 [5/720] 甲子(갑자) × 丙戌(병술)
2026-03-06 23:55:42,395 [C-W2]   🎉 성공 (✅5 ❌0)
2026-03-06 23:55:42,395 [C-W2]   ⏰ 34.0초 대기...
2026-03-06 23:56:16,421 [C-W2] 💕 [6/720] 甲子(갑자) × 辛卯(신묘)
2026-03-06 23:56:33,090 [C-W2]   🎉 성공 (✅6 ❌0)
2026-03-06 23:56:33,090 [C-W2]   ⏰ 32.0초 대기...
2026-03-06 23:57:05,114 [C-W2] 💕 [7/720] 甲子(갑자) × 丙申(병신)
2026-03-06 23:57:21,813 [C-W2]   🎉 성공 (✅7 ❌0)
2026-03-06 23:57:21,813 [C-W2]   ⏰ 30.5초 대기...
2026-03-06 23:57:52,310 [C-W2] 💕 [8/720] 甲子(갑자) × 辛丑(신축)
2026-03-06 23:58:09,009 [C-W2]   🎉 성공 (✅8 ❌0)
2026-03-06 23:58:09,009 [C-W2]   ⏰ 23.2초 대기...
2026-03-06 23:58:32,227 [C-W2] 💕 [9/720] 甲子(갑자) × 丙午(병오)
2026-03-06 23:58:32,227 [C-W2]   🔄 새 채팅...
2026-03-06 23:58:53,013 [C-W2]   🎉 성공 (✅9 ❌0)
2026-03-06 23:58:53,014 [C-W2]   ⏰ 29.0초 대기...
2026-03-06 23:59:21,979 [C-W2] 💕 [10/720] 甲子(갑자) × 辛亥(신해)
2026-03-06 23:59:38,628 [C-W2]   🎉 성공 (✅10 ❌0)
2026-03-06 23:59:38,628 [C-W2]   ⏰ 22.4초 대기...
2026-03-07 00:00:01,016 [C-W2] 💕 [11/720] 甲子(갑자) × 丙辰(병진)
2026-03-07 00:00:17,697 [C-W2]   🎉 성공 (✅11 ❌0)
2026-03-07 00:00:17,697 [C-W2]   ⏰ 22.9초 대기...
2026-03-07 00:00:40,616 [C-W2] 💕 [12/720] 甲子(갑자) × 辛酉(신유)
2026-03-07 00:00:57,289 [C-W2]   🎉 성공 (✅12 ❌0)
2026-03-07 00:00:57,290 [C-W2]   ⏰ 30.2초 대기...
2026-03-07 00:01:27,510 [C-W2] 💕 [13/720] 乙丑(을축) × 丙寅(병인)
2026-03-07 00:01:44,171 [C-W2]   🎉 성공 (✅13 ❌0)
2026-03-07 00:01:44,171 [C-W2]   ⏰ 27.8초 대기...
2026-03-07 00:02:11,939 [C-W2] 💕 [14/720] 乙丑(을축) × 辛未(신미)
2026-03-07 00:02:28,623 [C-W2]   🎉 성공 (✅14 ❌0)
2026-03-07 00:02:28,624 [C-W2]   ⏰ 23.0초 대기...
2026-03-07 00:02:51,593 [C-W2] 💕 [15/720] 乙丑(을축) × 丙子(병자)
2026-03-07 00:03:08,259 [C-W2]   🎉 성공 (✅15 ❌0)
2026-03-07 00:03:08,259 [C-W2]   ⏰ 28.3초 대기...
2026-03-07 00:03:36,586 [C-W2] 💕 [16/720] 乙丑(을축) × 辛巳(신사)
2026-03-07 00:03:53,274 [C-W2]   🎉 성공 (✅16 ❌0)
2026-03-07 00:03:53,275 [C-W2]   ⏰ 23.7초 대기...
2026-03-07 00:04:16,997 [C-W2] 💕 [17/720] 乙丑(을축) × 丙戌(병술)
2026-03-07 00:04:16,997 [C-W2]   🔄 새 채팅...
2026-03-07 00:04:37,777 [C-W2]   🎉 성공 (✅17 ❌0)
2026-03-07 00:04:37,777 [C-W2]   ⏰ 25.4초 대기...
2026-03-07 00:05:03,187 [C-W2] 💕 [18/720] 乙丑(을축) × 辛卯(신묘)
2026-03-07 00:05:19,857 [C-W2]   🎉 성공 (✅18 ❌0)
2026-03-07 00:05:19,857 [C-W2]   ⏰ 36.4초 대기...
2026-03-07 00:05:56,234 [C-W2] 💕 [19/720] 乙丑(을축) × 丙申(병신)
2026-03-07 00:06:12,918 [C-W2]   🎉 성공 (✅19 ❌0)
2026-03-07 00:06:12,918 [C-W2]   ⏰ 30.3초 대기...
2026-03-07 00:06:43,231 [C-W2] 💕 [20/720] 乙丑(을축) × 辛丑(신축)
2026-03-07 00:06:59,893 [C-W2]   🎉 성공 (✅20 ❌0)
2026-03-07 00:06:59,894 [C-W2]   ⏰ 32.5초 대기...
2026-03-07 00:07:32,396 [C-W2] 💕 [21/720] 乙丑(을축) × 丙午(병오)
2026-03-07 00:07:49,092 [C-W2]   🎉 성공 (✅21 ❌0)
2026-03-07 00:07:49,092 [C-W2]   ⏰ 26.5초 대기...
2026-03-07 00:08:15,643 [C-W2] 💕 [22/720] 乙丑(을축) × 辛亥(신해)
2026-03-07 00:08:32,321 [C-W2]   🎉 성공 (✅22 ❌0)
2026-03-07 00:08:32,321 [C-W2]   ⏰ 32.0초 대기...
2026-03-07 00:09:04,372 [C-W2] 💕 [23/720] 乙丑(을축) × 丙辰(병진)
2026-03-07 00:09:21,041 [C-W2]   🎉 성공 (✅23 ❌0)
2026-03-07 00:09:21,041 [C-W2]   ⏰ 31.3초 대기...
2026-03-07 00:09:52,312 [C-W2] 💕 [24/720] 乙丑(을축) × 辛酉(신유)
2026-03-07 00:10:08,981 [C-W2]   🎉 성공 (✅24 ❌0)
2026-03-07 00:10:08,981 [C-W2]   ⏰ 34.9초 대기...
2026-03-07 00:10:43,854 [C-W2] 💕 [25/720] 丙寅(병인) × 丙寅(병인)
2026-03-07 00:10:43,854 [C-W2]   🔄 새 채팅...
2026-03-07 00:11:04,612 [C-W2]   🎉 성공 (✅25 ❌0)
2026-03-07 00:11:04,612 [C-W2]   ⏰ 24.0초 대기...
2026-03-07 00:11:28,571 [C-W2] 💕 [26/720] 丙寅(병인) × 辛未(신미)
2026-03-07 00:11:45,272 [C-W2]   🎉 성공 (✅26 ❌0)
2026-03-07 00:11:45,272 [C-W2]   ⏰ 30.4초 대기...
2026-03-07 00:12:15,628 [C-W2] 💕 [27/720] 丙寅(병인) × 丙子(병자)
2026-03-07 00:12:32,297 [C-W2]   🎉 성공 (✅27 ❌0)
2026-03-07 00:12:32,297 [C-W2]   ⏰ 21.9초 대기...
2026-03-07 00:12:54,193 [C-W2] 💕 [28/720] 丙寅(병인) × 辛巳(신사)
2026-03-07 00:13:13,879 [C-W2]   🎉 성공 (✅28 ❌0)
2026-03-07 00:13:13,879 [C-W2]   ⏰ 26.1초 대기...
2026-03-07 00:13:40,014 [C-W2] 💕 [29/720] 丙寅(병인) × 丙戌(병술)
2026-03-07 00:13:59,697 [C-W2]   🎉 성공 (✅29 ❌0)
2026-03-07 00:13:59,698 [C-W2]   ⏰ 31.8초 대기...
2026-03-07 00:14:31,516 [C-W2] 💕 [30/720] 丙寅(병인) × 辛卯(신묘)
2026-03-07 00:14:51,220 [C-W2]   🎉 성공 (✅30 ❌0)
2026-03-07 00:14:51,220 [C-W2]   ⏰ 31.7초 대기...
2026-03-07 00:15:22,879 [C-W2] 💕 [31/720] 丙寅(병인) × 丙申(병신)
2026-03-07 00:15:42,563 [C-W2]   🎉 성공 (✅31 ❌0)
2026-03-07 00:15:42,563 [C-W2]   ⏰ 36.2초 대기...
2026-03-07 00:16:18,728 [C-W2] 💕 [32/720] 丙寅(병인) × 辛丑(신축)
2026-03-07 00:16:35,427 [C-W2]   🎉 성공 (✅32 ❌0)
2026-03-07 00:16:35,427 [C-W2]   ⏰ 24.1초 대기...
2026-03-07 00:16:59,571 [C-W2] 💕 [33/720] 丙寅(병인) × 丙午(병오)
2026-03-07 00:16:59,572 [C-W2]   🔄 새 채팅...
2026-03-07 00:17:20,306 [C-W2]   🎉 성공 (✅33 ❌0)
2026-03-07 00:17:20,306 [C-W2]   ⏰ 30.4초 대기...
2026-03-07 00:17:50,676 [C-W2] 💕 [34/720] 丙寅(병인) × 辛亥(신해)
2026-03-07 00:18:07,354 [C-W2]   🎉 성공 (✅34 ❌0)
2026-03-07 00:18:07,354 [C-W2]   ⏰ 29.5초 대기...
2026-03-07 00:18:36,856 [C-W2] 💕 [35/720] 丙寅(병인) × 丙辰(병진)
2026-03-07 00:18:53,551 [C-W2]   🎉 성공 (✅35 ❌0)
2026-03-07 00:18:53,551 [C-W2]   ⏰ 23.8초 대기...
2026-03-07 00:19:17,398 [C-W2] 💕 [36/720] 丙寅(병인) × 辛酉(신유)
2026-03-07 00:19:34,070 [C-W2]   🎉 성공 (✅36 ❌0)
2026-03-07 00:19:34,070 [C-W2]   ⏰ 24.0초 대기...
2026-03-07 00:19:58,047 [C-W2] 💕 [37/720] 丁卯(정묘) × 丙寅(병인)
2026-03-07 00:20:14,731 [C-W2]   🎉 성공 (✅37 ❌0)
2026-03-07 00:20:14,731 [C-W2]   ⏰ 31.0초 대기...
2026-03-07 00:20:45,770 [C-W2] 💕 [38/720] 丁卯(정묘) × 辛未(신미)
2026-03-07 00:21:02,451 [C-W2]   🎉 성공 (✅38 ❌0)
2026-03-07 00:21:02,451 [C-W2]   ⏰ 29.9초 대기...
2026-03-07 00:21:32,367 [C-W2] 💕 [39/720] 丁卯(정묘) × 丙子(병자)
2026-03-07 00:21:49,025 [C-W2]   🎉 성공 (✅39 ❌0)
2026-03-07 00:21:49,025 [C-W2]   ⏰ 32.6초 대기...
2026-03-07 00:22:21,666 [C-W2] 💕 [40/720] 丁卯(정묘) × 辛巳(신사)
2026-03-07 00:22:38,342 [C-W2]   🎉 성공 (✅40 ❌0)
2026-03-07 00:22:38,342 [C-W2]   ⏰ 20.7초 대기...
2026-03-07 00:22:59,017 [C-W2] 💕 [41/720] 丁卯(정묘) × 丙戌(병술)
2026-03-07 00:22:59,017 [C-W2]   🔄 새 채팅...
2026-03-07 00:23:19,799 [C-W2]   🎉 성공 (✅41 ❌0)
2026-03-07 00:23:19,800 [C-W2]   ⏰ 28.5초 대기...
2026-03-07 00:23:48,339 [C-W2] 💕 [42/720] 丁卯(정묘) × 辛卯(신묘)
2026-03-07 00:24:05,034 [C-W2]   🎉 성공 (✅42 ❌0)
2026-03-07 00:24:05,035 [C-W2]   ⏰ 22.9초 대기...
2026-03-07 00:24:27,900 [C-W2] 💕 [43/720] 丁卯(정묘) × 丙申(병신)
2026-03-07 00:24:47,578 [C-W2]   🎉 성공 (✅43 ❌0)
2026-03-07 00:24:47,579 [C-W2]   ⏰ 30.0초 대기...
2026-03-07 00:25:17,604 [C-W2] 💕 [44/720] 丁卯(정묘) × 辛丑(신축)
2026-03-07 00:25:34,308 [C-W2]   🎉 성공 (✅44 ❌0)
2026-03-07 00:25:34,308 [C-W2]   ⏰ 36.0초 대기...
2026-03-07 00:26:10,320 [C-W2] 💕 [45/720] 丁卯(정묘) × 丙午(병오)
2026-03-07 00:26:27,052 [C-W2]   🎉 성공 (✅45 ❌0)
2026-03-07 00:26:27,052 [C-W2]   ⏰ 32.4초 대기...
2026-03-07 00:26:59,433 [C-W2] 💕 [46/720] 丁卯(정묘) × 辛亥(신해)
2026-03-07 00:27:19,134 [C-W2]   🎉 성공 (✅46 ❌0)
2026-03-07 00:27:19,135 [C-W2]   ⏰ 28.9초 대기...
2026-03-07 00:27:48,040 [C-W2] 💕 [47/720] 丁卯(정묘) × 丙辰(병진)
2026-03-07 00:28:04,727 [C-W2]   🎉 성공 (✅47 ❌0)
2026-03-07 00:28:04,727 [C-W2]   ⏰ 25.2초 대기...
2026-03-07 00:28:29,929 [C-W2] 💕 [48/720] 丁卯(정묘) × 辛酉(신유)
2026-03-07 00:28:46,600 [C-W2]   🎉 성공 (✅48 ❌0)
2026-03-07 00:28:46,600 [C-W2]   ⏰ 33.2초 대기...
2026-03-07 00:29:19,805 [C-W2] 💕 [49/720] 戊辰(무진) × 丙寅(병인)
2026-03-07 00:29:19,806 [C-W2]   🔄 새 채팅...
2026-03-07 00:29:40,579 [C-W2]   🎉 성공 (✅49 ❌0)
2026-03-07 00:29:40,580 [C-W2]   ⏰ 26.0초 대기...
2026-03-07 00:30:06,584 [C-W2] 💕 [50/720] 戊辰(무진) × 辛未(신미)
2026-03-07 00:30:26,291 [C-W2]   🎉 성공 (✅50 ❌0)
2026-03-07 00:30:26,291 [C-W2]   ⏰ 21.8초 대기...
2026-03-07 00:30:48,081 [C-W2] 💕 [51/720] 戊辰(무진) × 丙子(병자)
2026-03-07 00:31:04,771 [C-W2]   🎉 성공 (✅51 ❌0)
2026-03-07 00:31:04,771 [C-W2]   ⏰ 31.4초 대기...
2026-03-07 00:31:36,148 [C-W2] 💕 [52/720] 戊辰(무진) × 辛巳(신사)
2026-03-07 00:31:52,817 [C-W2]   🎉 성공 (✅52 ❌0)
2026-03-07 00:31:52,817 [C-W2]   ⏰ 34.2초 대기...
2026-03-07 00:32:26,990 [C-W2] 💕 [53/720] 戊辰(무진) × 丙戌(병술)
2026-03-07 00:32:43,659 [C-W2]   🎉 성공 (✅53 ❌0)
2026-03-07 00:32:43,659 [C-W2]   ⏰ 30.4초 대기...
2026-03-07 00:33:14,084 [C-W2] 💕 [54/720] 戊辰(무진) × 辛卯(신묘)
2026-03-07 00:33:30,787 [C-W2]   🎉 성공 (✅54 ❌0)
2026-03-07 00:33:30,788 [C-W2]   ⏰ 22.0초 대기...
