2026-03-06 23:51:55,511 [C-W3] 🏁 궁합 워커 3 시작! 할당: 720개
2026-03-06 23:52:25,512 [C-W3] 🚀 크롬 브라우저 초기화...
2026-03-06 23:52:25,513 [C-W3]   📂 프로필 복사 중...
2026-03-06 23:52:27,437 [C-W3] ✅ 브라우저 준비 완료
2026-03-06 23:52:35,991 [C-W3] 💕 [1/720] 甲子(갑자) × 丁卯(정묘)
2026-03-06 23:52:52,774 [C-W3]   🎉 성공 (✅1 ❌0)
2026-03-06 23:52:52,775 [C-W3]   ⏰ 29.8초 대기...
2026-03-06 23:53:22,611 [C-W3] 💕 [2/720] 甲子(갑자) × 壬申(임신)
2026-03-06 23:53:39,285 [C-W3]   🎉 성공 (✅2 ❌0)
2026-03-06 23:53:39,285 [C-W3]   ⏰ 36.9초 대기...
2026-03-06 23:54:16,236 [C-W3] 💕 [3/720] 甲子(갑자) × 丁丑(정축)
2026-03-06 23:54:32,919 [C-W3]   🎉 성공 (✅3 ❌0)
2026-03-06 23:54:32,919 [C-W3]   ⏰ 37.4초 대기...
2026-03-06 23:55:10,323 [C-W3] 💕 [4/720] 甲子(갑자) × 壬午(임오)
2026-03-06 23:55:30,014 [C-W3]   🎉 성공 (✅4 ❌0)
2026-03-06 23:55:30,015 [C-W3]   ⏰ 35.5초 대기...
2026-03-06 23:56:05,505 [C-W3] 💕 [5/720] 甲子(갑자) × 丁亥(정해)
2026-03-06 23:56:22,184 [C-W3]   🎉 성공 (✅5 ❌0)
2026-03-06 23:56:22,184 [C-W3]   ⏰ 23.6초 대기...
2026-03-06 23:56:45,822 [C-W3] 💕 [6/720] 甲子(갑자) × 壬辰(임진)
2026-03-06 23:57:02,529 [C-W3]   🎉 성공 (✅6 ❌0)
2026-03-06 23:57:02,530 [C-W3]   ⏰ 36.9초 대기...
2026-03-06 23:57:39,395 [C-W3] 💕 [7/720] 甲子(갑자) × 丁酉(정유)
2026-03-06 23:57:59,092 [C-W3]   🎉 성공 (✅7 ❌0)
2026-03-06 23:57:59,092 [C-W3]   ⏰ 33.1초 대기...
2026-03-06 23:58:32,202 [C-W3] 💕 [8/720] 甲子(갑자) × 壬寅(임인)
2026-03-06 23:58:48,890 [C-W3]   🎉 성공 (✅8 ❌0)
2026-03-06 23:58:48,890 [C-W3]   ⏰ 23.0초 대기...
2026-03-06 23:59:11,910 [C-W3] 💕 [9/720] 甲子(갑자) × 丁未(정미)
2026-03-06 23:59:11,910 [C-W3]   🔄 새 채팅...
2026-03-06 23:59:32,664 [C-W3]   🎉 성공 (✅9 ❌0)
2026-03-06 23:59:32,664 [C-W3]   ⏰ 30.3초 대기...
2026-03-07 00:00:02,958 [C-W3] 💕 [10/720] 甲子(갑자) × 壬子(임자)
2026-03-07 00:00:19,667 [C-W3]   🎉 성공 (✅10 ❌0)
2026-03-07 00:00:19,668 [C-W3]   ⏰ 27.4초 대기...
2026-03-07 00:00:47,072 [C-W3] 💕 [11/720] 甲子(갑자) × 丁巳(정사)
2026-03-07 00:01:03,748 [C-W3]   🎉 성공 (✅11 ❌0)
2026-03-07 00:01:03,748 [C-W3]   ⏰ 23.4초 대기...
2026-03-07 00:01:27,111 [C-W3] 💕 [12/720] 甲子(갑자) × 壬戌(임술)
2026-03-07 00:01:43,799 [C-W3]   🎉 성공 (✅12 ❌0)
2026-03-07 00:01:43,799 [C-W3]   ⏰ 28.1초 대기...
2026-03-07 00:02:11,939 [C-W3] 💕 [13/720] 乙丑(을축) × 丁卯(정묘)
2026-03-07 00:02:28,630 [C-W3]   🎉 성공 (✅13 ❌0)
2026-03-07 00:02:28,630 [C-W3]   ⏰ 36.0초 대기...
2026-03-07 00:03:04,623 [C-W3] 💕 [14/720] 乙丑(을축) × 壬申(임신)
2026-03-07 00:03:21,315 [C-W3]   🎉 성공 (✅14 ❌0)
2026-03-07 00:03:21,315 [C-W3]   ⏰ 35.9초 대기...
2026-03-07 00:03:57,228 [C-W3] 💕 [15/720] 乙丑(을축) × 丁丑(정축)
2026-03-07 00:04:13,902 [C-W3]   🎉 성공 (✅15 ❌0)
2026-03-07 00:04:13,903 [C-W3]   ⏰ 22.9초 대기...
2026-03-07 00:04:36,818 [C-W3] 💕 [16/720] 乙丑(을축) × 壬午(임오)
2026-03-07 00:04:53,512 [C-W3]   🎉 성공 (✅16 ❌0)
2026-03-07 00:04:53,512 [C-W3]   ⏰ 26.3초 대기...
2026-03-07 00:05:19,838 [C-W3] 💕 [17/720] 乙丑(을축) × 丁亥(정해)
2026-03-07 00:05:19,838 [C-W3]   🔄 새 채팅...
2026-03-07 00:05:40,645 [C-W3]   🎉 성공 (✅17 ❌0)
2026-03-07 00:05:40,645 [C-W3]   ⏰ 26.5초 대기...
2026-03-07 00:06:07,137 [C-W3] 💕 [18/720] 乙丑(을축) × 壬辰(임진)
2026-03-07 00:06:23,836 [C-W3]   🎉 성공 (✅18 ❌0)
2026-03-07 00:06:23,836 [C-W3]   ⏰ 28.0초 대기...
2026-03-07 00:06:51,867 [C-W3] 💕 [19/720] 乙丑(을축) × 丁酉(정유)
2026-03-07 00:07:08,535 [C-W3]   🎉 성공 (✅19 ❌0)
2026-03-07 00:07:08,535 [C-W3]   ⏰ 37.0초 대기...
2026-03-07 00:07:45,583 [C-W3] 💕 [20/720] 乙丑(을축) × 壬寅(임인)
2026-03-07 00:08:02,272 [C-W3]   🎉 성공 (✅20 ❌0)
2026-03-07 00:08:02,272 [C-W3]   ⏰ 22.1초 대기...
2026-03-07 00:08:24,368 [C-W3] 💕 [21/720] 乙丑(을축) × 丁未(정미)
2026-03-07 00:08:47,068 [C-W3]   🎉 성공 (✅21 ❌0)
2026-03-07 00:08:47,068 [C-W3]   ⏰ 22.0초 대기...
2026-03-07 00:09:09,077 [C-W3] 💕 [22/720] 乙丑(을축) × 壬子(임자)
2026-03-07 00:09:25,755 [C-W3]   🎉 성공 (✅22 ❌0)
2026-03-07 00:09:25,756 [C-W3]   ⏰ 32.6초 대기...
2026-03-07 00:09:58,355 [C-W3] 💕 [23/720] 乙丑(을축) × 丁巳(정사)
2026-03-07 00:10:15,036 [C-W3]   🎉 성공 (✅23 ❌0)
2026-03-07 00:10:15,037 [C-W3]   ⏰ 37.0초 대기...
2026-03-07 00:10:52,086 [C-W3] 💕 [24/720] 乙丑(을축) × 壬戌(임술)
2026-03-07 00:11:08,764 [C-W3]   🎉 성공 (✅24 ❌0)
2026-03-07 00:11:08,765 [C-W3]   ⏰ 37.0초 대기...
2026-03-07 00:11:45,763 [C-W3] 💕 [25/720] 丙寅(병인) × 丁卯(정묘)
2026-03-07 00:11:45,763 [C-W3]   🔄 새 채팅...
2026-03-07 00:12:09,536 [C-W3]   🎉 성공 (✅25 ❌0)
2026-03-07 00:12:09,536 [C-W3]   ⏰ 29.3초 대기...
2026-03-07 00:12:38,819 [C-W3] 💕 [26/720] 丙寅(병인) × 壬申(임신)
2026-03-07 00:12:58,526 [C-W3]   🎉 성공 (✅26 ❌0)
2026-03-07 00:12:58,526 [C-W3]   ⏰ 28.8초 대기...
2026-03-07 00:13:27,294 [C-W3] 💕 [27/720] 丙寅(병인) × 丁丑(정축)
2026-03-07 00:13:43,983 [C-W3]   🎉 성공 (✅27 ❌0)
2026-03-07 00:13:43,983 [C-W3]   ⏰ 29.8초 대기...
2026-03-07 00:14:13,795 [C-W3] 💕 [28/720] 丙寅(병인) × 壬午(임오)
2026-03-07 00:14:30,468 [C-W3]   🎉 성공 (✅28 ❌0)
2026-03-07 00:14:30,469 [C-W3]   ⏰ 35.9초 대기...
2026-03-07 00:15:06,331 [C-W3] 💕 [29/720] 丙寅(병인) × 丁亥(정해)
2026-03-07 00:15:22,988 [C-W3]   🎉 성공 (✅29 ❌0)
2026-03-07 00:15:22,988 [C-W3]   ⏰ 34.8초 대기...
2026-03-07 00:15:57,795 [C-W3] 💕 [30/720] 丙寅(병인) × 壬辰(임진)
2026-03-07 00:16:14,503 [C-W3]   🎉 성공 (✅30 ❌0)
2026-03-07 00:16:14,503 [C-W3]   ⏰ 24.2초 대기...
2026-03-07 00:16:38,677 [C-W3] 💕 [31/720] 丙寅(병인) × 丁酉(정유)
2026-03-07 00:16:55,380 [C-W3]   🎉 성공 (✅31 ❌0)
2026-03-07 00:16:55,380 [C-W3]   ⏰ 30.0초 대기...
2026-03-07 00:17:25,412 [C-W3] 💕 [32/720] 丙寅(병인) × 壬寅(임인)
2026-03-07 00:17:42,070 [C-W3]   🎉 성공 (✅32 ❌0)
2026-03-07 00:17:42,070 [C-W3]   ⏰ 22.3초 대기...
2026-03-07 00:18:04,338 [C-W3] 💕 [33/720] 丙寅(병인) × 丁未(정미)
2026-03-07 00:18:04,338 [C-W3]   🔄 새 채팅...
2026-03-07 00:18:25,102 [C-W3]   🎉 성공 (✅33 ❌0)
2026-03-07 00:18:25,103 [C-W3]   ⏰ 32.8초 대기...
2026-03-07 00:18:57,922 [C-W3] 💕 [34/720] 丙寅(병인) × 壬子(임자)
2026-03-07 00:19:14,603 [C-W3]   🎉 성공 (✅34 ❌0)
2026-03-07 00:19:14,603 [C-W3]   ⏰ 33.4초 대기...
2026-03-07 00:19:48,009 [C-W3] 💕 [35/720] 丙寅(병인) × 丁巳(정사)
2026-03-07 00:20:04,668 [C-W3]   🎉 성공 (✅35 ❌0)
2026-03-07 00:20:04,669 [C-W3]   ⏰ 25.9초 대기...
2026-03-07 00:20:30,607 [C-W3] 💕 [36/720] 丙寅(병인) × 壬戌(임술)
2026-03-07 00:20:47,265 [C-W3]   🎉 성공 (✅36 ❌0)
2026-03-07 00:20:47,265 [C-W3]   ⏰ 21.0초 대기...
2026-03-07 00:21:08,307 [C-W3] 💕 [37/720] 丁卯(정묘) × 丁卯(정묘)
2026-03-07 00:21:24,975 [C-W3]   🎉 성공 (✅37 ❌0)
2026-03-07 00:21:24,975 [C-W3]   ⏰ 23.9초 대기...
2026-03-07 00:21:48,921 [C-W3] 💕 [38/720] 丁卯(정묘) × 壬申(임신)
2026-03-07 00:22:05,591 [C-W3]   🎉 성공 (✅38 ❌0)
2026-03-07 00:22:05,591 [C-W3]   ⏰ 28.9초 대기...
2026-03-07 00:22:34,544 [C-W3] 💕 [39/720] 丁卯(정묘) × 丁丑(정축)
2026-03-07 00:22:51,222 [C-W3]   🎉 성공 (✅39 ❌0)
2026-03-07 00:22:51,223 [C-W3]   ⏰ 37.3초 대기...
2026-03-07 00:23:28,563 [C-W3] 💕 [40/720] 丁卯(정묘) × 壬午(임오)
2026-03-07 00:23:45,238 [C-W3]   🎉 성공 (✅40 ❌0)
2026-03-07 00:23:45,238 [C-W3]   ⏰ 35.5초 대기...
2026-03-07 00:24:20,762 [C-W3] 💕 [41/720] 丁卯(정묘) × 丁亥(정해)
2026-03-07 00:24:20,762 [C-W3]   🔄 새 채팅...
2026-03-07 00:24:41,534 [C-W3]   🎉 성공 (✅41 ❌0)
2026-03-07 00:24:41,535 [C-W3]   ⏰ 31.9초 대기...
2026-03-07 00:25:13,473 [C-W3] 💕 [42/720] 丁卯(정묘) × 壬辰(임진)
2026-03-07 00:25:30,139 [C-W3]   🎉 성공 (✅42 ❌0)
2026-03-07 00:25:30,139 [C-W3]   ⏰ 34.0초 대기...
