2026-03-06 23:51:55,512 [C-W4] 🏁 궁합 워커 4 시작! 할당: 720개
2026-03-06 23:52:35,512 [C-W4] 🚀 크롬 브라우저 초기화...
2026-03-06 23:52:35,513 [C-W4]   📂 프로필 복사 중...
2026-03-06 23:52:37,508 [C-W4] ✅ 브라우저 준비 완료
2026-03-06 23:52:46,185 [C-W4] 💕 [1/720] 甲子(갑자) × 戊辰(무진)
2026-03-06 23:53:02,945 [C-W4]   🎉 성공 (✅1 ❌0)
2026-03-06 23:53:02,946 [C-W4]   ⏰ 23.2초 대기...
2026-03-06 23:53:26,138 [C-W4] 💕 [2/720] 甲子(갑자) × 癸酉(계유)
2026-03-06 23:53:42,822 [C-W4]   🎉 성공 (✅2 ❌0)
2026-03-06 23:53:42,830 [C-W4]   ⏰ 27.7초 대기...
2026-03-06 23:54:10,570 [C-W4] 💕 [3/720] 甲子(갑자) × 戊寅(무인)
2026-03-06 23:54:27,244 [C-W4]   🎉 성공 (✅3 ❌0)
2026-03-06 23:54:27,244 [C-W4]   ⏰ 26.9초 대기...
2026-03-06 23:54:54,141 [C-W4] 💕 [4/720] 甲子(갑자) × 癸未(계미)
2026-03-06 23:55:10,816 [C-W4]   🎉 성공 (✅4 ❌0)
2026-03-06 23:55:10,817 [C-W4]   ⏰ 37.0초 대기...
2026-03-06 23:55:47,841 [C-W4] 💕 [5/720] 甲子(갑자) × 戊子(무자)
2026-03-06 23:56:04,522 [C-W4]   🎉 성공 (✅5 ❌0)
2026-03-06 23:56:04,522 [C-W4]   ⏰ 38.9초 대기...
2026-03-06 23:56:43,382 [C-W4] 💕 [6/720] 甲子(갑자) × 癸巳(계사)
2026-03-06 23:57:00,100 [C-W4]   🎉 성공 (✅6 ❌0)
2026-03-06 23:57:00,100 [C-W4]   ⏰ 33.1초 대기...
2026-03-06 23:57:33,220 [C-W4] 💕 [7/720] 甲子(갑자) × 戊戌(무술)
2026-03-06 23:57:49,903 [C-W4]   🎉 성공 (✅7 ❌0)
2026-03-06 23:57:49,903 [C-W4]   ⏰ 23.4초 대기...
2026-03-06 23:58:13,344 [C-W4] 💕 [8/720] 甲子(갑자) × 癸卯(계묘)
2026-03-06 23:58:30,055 [C-W4]   🎉 성공 (✅8 ❌0)
2026-03-06 23:58:30,055 [C-W4]   ⏰ 23.9초 대기...
2026-03-06 23:58:53,984 [C-W4] 💕 [9/720] 甲子(갑자) × 戊申(무신)
2026-03-06 23:58:53,984 [C-W4]   🔄 새 채팅...
2026-03-06 23:59:14,773 [C-W4]   🎉 성공 (✅9 ❌0)
2026-03-06 23:59:14,773 [C-W4]   ⏰ 37.3초 대기...
2026-03-06 23:59:52,101 [C-W4] 💕 [10/720] 甲子(갑자) × 癸丑(계축)
2026-03-07 00:00:08,785 [C-W4]   🎉 성공 (✅10 ❌0)
2026-03-07 00:00:08,785 [C-W4]   ⏰ 24.8초 대기...
2026-03-07 00:00:33,587 [C-W4] 💕 [11/720] 甲子(갑자) × 戊午(무오)
2026-03-07 00:00:50,270 [C-W4]   🎉 성공 (✅11 ❌0)
2026-03-07 00:00:50,271 [C-W4]   ⏰ 26.9초 대기...
2026-03-07 00:01:17,142 [C-W4] 💕 [12/720] 甲子(갑자) × 癸亥(계해)
2026-03-07 00:01:36,822 [C-W4]   🎉 성공 (✅12 ❌0)
2026-03-07 00:01:36,823 [C-W4]   ⏰ 36.7초 대기...
2026-03-07 00:02:13,554 [C-W4] 💕 [13/720] 乙丑(을축) × 戊辰(무진)
2026-03-07 00:02:30,256 [C-W4]   🎉 성공 (✅13 ❌0)
2026-03-07 00:02:30,256 [C-W4]   ⏰ 22.6초 대기...
2026-03-07 00:02:52,845 [C-W4] 💕 [14/720] 乙丑(을축) × 癸酉(계유)
2026-03-07 00:03:09,514 [C-W4]   🎉 성공 (✅14 ❌0)
2026-03-07 00:03:09,514 [C-W4]   ⏰ 25.4초 대기...
2026-03-07 00:03:34,955 [C-W4] 💕 [15/720] 乙丑(을축) × 戊寅(무인)
2026-03-07 00:03:54,649 [C-W4]   🎉 성공 (✅15 ❌0)
2026-03-07 00:03:54,649 [C-W4]   ⏰ 24.9초 대기...
2026-03-07 00:04:19,536 [C-W4] 💕 [16/720] 乙丑(을축) × 癸未(계미)
2026-03-07 00:04:36,217 [C-W4]   🎉 성공 (✅16 ❌0)
2026-03-07 00:04:36,217 [C-W4]   ⏰ 31.9초 대기...
2026-03-07 00:05:08,117 [C-W4] 💕 [17/720] 乙丑(을축) × 戊子(무자)
2026-03-07 00:05:08,117 [C-W4]   🔄 새 채팅...
2026-03-07 00:05:28,889 [C-W4]   🎉 성공 (✅17 ❌0)
2026-03-07 00:05:28,889 [C-W4]   ⏰ 38.5초 대기...
2026-03-07 00:06:07,381 [C-W4] 💕 [18/720] 乙丑(을축) × 癸巳(계사)
2026-03-07 00:06:27,070 [C-W4]   🎉 성공 (✅18 ❌0)
2026-03-07 00:06:27,070 [C-W4]   ⏰ 32.9초 대기...
2026-03-07 00:06:59,938 [C-W4] 💕 [19/720] 乙丑(을축) × 戊戌(무술)
2026-03-07 00:07:16,616 [C-W4]   🎉 성공 (✅19 ❌0)
2026-03-07 00:07:16,616 [C-W4]   ⏰ 25.3초 대기...
2026-03-07 00:07:41,878 [C-W4] 💕 [20/720] 乙丑(을축) × 癸卯(계묘)
2026-03-07 00:08:01,582 [C-W4]   🎉 성공 (✅20 ❌0)
2026-03-07 00:08:01,582 [C-W4]   ⏰ 24.4초 대기...
2026-03-07 00:08:25,950 [C-W4] 💕 [21/720] 乙丑(을축) × 戊申(무신)
2026-03-07 00:08:42,618 [C-W4]   🎉 성공 (✅21 ❌0)
2026-03-07 00:08:42,618 [C-W4]   ⏰ 37.0초 대기...
2026-03-07 00:09:19,652 [C-W4] 💕 [22/720] 乙丑(을축) × 癸丑(계축)
2026-03-07 00:09:36,321 [C-W4]   🎉 성공 (✅22 ❌0)
2026-03-07 00:09:36,321 [C-W4]   ⏰ 26.4초 대기...
2026-03-07 00:10:02,726 [C-W4] 💕 [23/720] 乙丑(을축) × 戊午(무오)
2026-03-07 00:10:19,382 [C-W4]   🎉 성공 (✅23 ❌0)
2026-03-07 00:10:19,382 [C-W4]   ⏰ 25.7초 대기...
2026-03-07 00:10:45,046 [C-W4] 💕 [24/720] 乙丑(을축) × 癸亥(계해)
2026-03-07 00:11:01,716 [C-W4]   🎉 성공 (✅24 ❌0)
2026-03-07 00:11:01,716 [C-W4]   ⏰ 30.8초 대기...
2026-03-07 00:11:32,565 [C-W4] 💕 [25/720] 丙寅(병인) × 戊辰(무진)
2026-03-07 00:11:32,566 [C-W4]   🔄 새 채팅...
2026-03-07 00:11:53,332 [C-W4]   🎉 성공 (✅25 ❌0)
2026-03-07 00:11:53,332 [C-W4]   ⏰ 37.0초 대기...
2026-03-07 00:12:30,313 [C-W4] 💕 [26/720] 丙寅(병인) × 癸酉(계유)
2026-03-07 00:12:46,980 [C-W4]   🎉 성공 (✅26 ❌0)
2026-03-07 00:12:46,980 [C-W4]   ⏰ 28.7초 대기...
2026-03-07 00:13:15,670 [C-W4] 💕 [27/720] 丙寅(병인) × 戊寅(무인)
2026-03-07 00:13:32,343 [C-W4]   🎉 성공 (✅27 ❌0)
2026-03-07 00:13:32,343 [C-W4]   ⏰ 28.8초 대기...
2026-03-07 00:14:01,123 [C-W4] 💕 [28/720] 丙寅(병인) × 癸未(계미)
2026-03-07 00:14:17,801 [C-W4]   🎉 성공 (✅28 ❌0)
2026-03-07 00:14:17,801 [C-W4]   ⏰ 34.5초 대기...
2026-03-07 00:14:52,357 [C-W4] 💕 [29/720] 丙寅(병인) × 戊子(무자)
2026-03-07 00:15:12,037 [C-W4]   🎉 성공 (✅29 ❌0)
2026-03-07 00:15:12,037 [C-W4]   ⏰ 36.3초 대기...
2026-03-07 00:15:48,377 [C-W4] 💕 [30/720] 丙寅(병인) × 癸巳(계사)
2026-03-07 00:16:08,060 [C-W4]   🎉 성공 (✅30 ❌0)
2026-03-07 00:16:08,061 [C-W4]   ⏰ 26.6초 대기...
2026-03-07 00:16:34,708 [C-W4] 💕 [31/720] 丙寅(병인) × 戊戌(무술)
2026-03-07 00:16:54,412 [C-W4]   🎉 성공 (✅31 ❌0)
2026-03-07 00:16:54,412 [C-W4]   ⏰ 34.7초 대기...
2026-03-07 00:17:29,088 [C-W4] 💕 [32/720] 丙寅(병인) × 癸卯(계묘)
2026-03-07 00:17:48,786 [C-W4]   🎉 성공 (✅32 ❌0)
2026-03-07 00:17:48,786 [C-W4]   ⏰ 35.6초 대기...
2026-03-07 00:18:24,410 [C-W4] 💕 [33/720] 丙寅(병인) × 戊申(무신)
2026-03-07 00:18:24,411 [C-W4]   🔄 새 채팅...
2026-03-07 00:18:45,195 [C-W4]   🎉 성공 (✅33 ❌0)
2026-03-07 00:18:45,196 [C-W4]   ⏰ 38.8초 대기...
2026-03-07 00:19:23,966 [C-W4] 💕 [34/720] 丙寅(병인) × 癸丑(계축)
2026-03-07 00:19:40,638 [C-W4]   🎉 성공 (✅34 ❌0)
2026-03-07 00:19:40,639 [C-W4]   ⏰ 31.4초 대기...
2026-03-07 00:20:11,998 [C-W4] 💕 [35/720] 丙寅(병인) × 戊午(무오)
2026-03-07 00:20:28,661 [C-W4]   🎉 성공 (✅35 ❌0)
2026-03-07 00:20:28,661 [C-W4]   ⏰ 36.3초 대기...
2026-03-07 00:21:04,952 [C-W4] 💕 [36/720] 丙寅(병인) × 癸亥(계해)
2026-03-07 00:21:21,651 [C-W4]   🎉 성공 (✅36 ❌0)
2026-03-07 00:21:21,651 [C-W4]   ⏰ 25.5초 대기...
2026-03-07 00:21:47,141 [C-W4] 💕 [37/720] 丁卯(정묘) × 戊辰(무진)
2026-03-07 00:22:03,809 [C-W4]   🎉 성공 (✅37 ❌0)
2026-03-07 00:22:03,809 [C-W4]   ⏰ 23.7초 대기...
2026-03-07 00:22:27,503 [C-W4] 💕 [38/720] 丁卯(정묘) × 癸酉(계유)
2026-03-07 00:22:44,179 [C-W4]   🎉 성공 (✅38 ❌0)
2026-03-07 00:22:44,179 [C-W4]   ⏰ 25.3초 대기...
2026-03-07 00:23:09,464 [C-W4] 💕 [39/720] 丁卯(정묘) × 戊寅(무인)
2026-03-07 00:23:26,135 [C-W4]   🎉 성공 (✅39 ❌0)
2026-03-07 00:23:26,136 [C-W4]   ⏰ 23.7초 대기...
2026-03-07 00:23:49,801 [C-W4] 💕 [40/720] 丁卯(정묘) × 癸未(계미)
2026-03-07 00:24:06,487 [C-W4]   🎉 성공 (✅40 ❌0)
2026-03-07 00:24:06,487 [C-W4]   ⏰ 27.8초 대기...
2026-03-07 00:24:34,253 [C-W4] 💕 [41/720] 丁卯(정묘) × 戊子(무자)
2026-03-07 00:24:34,253 [C-W4]   🔄 새 채팅...
2026-03-07 00:24:55,024 [C-W4]   🎉 성공 (✅41 ❌0)
2026-03-07 00:24:55,024 [C-W4]   ⏰ 30.9초 대기...
2026-03-07 00:25:25,894 [C-W4] 💕 [42/720] 丁卯(정묘) × 癸巳(계사)
2026-03-07 00:25:45,572 [C-W4]   🎉 성공 (✅42 ❌0)
2026-03-07 00:25:45,572 [C-W4]   ⏰ 25.1초 대기...
2026-03-07 00:26:10,679 [C-W4] 💕 [43/720] 丁卯(정묘) × 戊戌(무술)
2026-03-07 00:26:27,398 [C-W4]   🎉 성공 (✅43 ❌0)
2026-03-07 00:26:27,399 [C-W4]   ⏰ 34.0초 대기...
2026-03-07 00:27:01,377 [C-W4] 💕 [44/720] 丁卯(정묘) × 癸卯(계묘)
2026-03-07 00:27:18,058 [C-W4]   🎉 성공 (✅44 ❌0)
2026-03-07 00:27:18,059 [C-W4]   ⏰ 29.3초 대기...
2026-03-07 00:27:47,342 [C-W4] 💕 [45/720] 丁卯(정묘) × 戊申(무신)
2026-03-07 00:28:04,013 [C-W4]   🎉 성공 (✅45 ❌0)
2026-03-07 00:28:04,013 [C-W4]   ⏰ 32.3초 대기...
2026-03-07 00:28:36,291 [C-W4] 💕 [46/720] 丁卯(정묘) × 癸丑(계축)
2026-03-07 00:28:52,969 [C-W4]   🎉 성공 (✅46 ❌0)
2026-03-07 00:28:52,970 [C-W4]   ⏰ 35.9초 대기...
2026-03-07 00:29:28,867 [C-W4] 💕 [47/720] 丁卯(정묘) × 戊午(무오)
2026-03-07 00:29:45,542 [C-W4]   🎉 성공 (✅47 ❌0)
2026-03-07 00:29:45,542 [C-W4]   ⏰ 34.8초 대기...
2026-03-07 00:30:20,309 [C-W4] 💕 [48/720] 丁卯(정묘) × 癸亥(계해)
2026-03-07 00:30:36,962 [C-W4]   🎉 성공 (✅48 ❌0)
2026-03-07 00:30:36,962 [C-W4]   ⏰ 22.4초 대기...
2026-03-07 00:30:59,329 [C-W4] 💕 [49/720] 戊辰(무진) × 戊辰(무진)
2026-03-07 00:30:59,330 [C-W4]   🔄 새 채팅...
2026-03-07 00:31:20,150 [C-W4]   🎉 성공 (✅49 ❌0)
2026-03-07 00:31:20,150 [C-W4]   ⏰ 39.0초 대기...
2026-03-07 00:31:59,138 [C-W4] 💕 [50/720] 戊辰(무진) × 癸酉(계유)
2026-03-07 00:32:15,809 [C-W4]   🎉 성공 (✅50 ❌0)
2026-03-07 00:32:15,809 [C-W4]   ⏰ 28.6초 대기...
2026-03-07 00:32:44,374 [C-W4] 💕 [51/720] 戊辰(무진) × 戊寅(무인)
2026-03-07 00:33:01,049 [C-W4]   🎉 성공 (✅51 ❌0)
2026-03-07 00:33:01,049 [C-W4]   ⏰ 22.6초 대기...
2026-03-07 00:33:23,674 [C-W4] 💕 [52/720] 戊辰(무진) × 癸未(계미)
2026-03-07 00:33:40,372 [C-W4]   🎉 성공 (✅52 ❌0)
2026-03-07 00:33:40,372 [C-W4]   ⏰ 22.6초 대기...
2026-03-07 00:34:02,936 [C-W4] 💕 [53/720] 戊辰(무진) × 戊子(무자)
2026-03-07 00:34:19,617 [C-W4]   🎉 성공 (✅53 ❌0)
2026-03-07 00:34:19,617 [C-W4]   ⏰ 35.7초 대기...
2026-03-07 00:34:55,312 [C-W4] 💕 [54/720] 戊辰(무진) × 癸巳(계사)
2026-03-07 00:35:14,998 [C-W4]   🎉 성공 (✅54 ❌0)
2026-03-07 00:35:14,998 [C-W4]   ⏰ 25.1초 대기...
2026-03-07 00:35:40,129 [C-W4] 💕 [55/720] 戊辰(무진) × 戊戌(무술)
2026-03-07 00:35:56,805 [C-W4]   🎉 성공 (✅55 ❌0)
2026-03-07 00:35:56,805 [C-W4]   ⏰ 33.9초 대기...
2026-03-07 00:36:30,729 [C-W4] 💕 [56/720] 戊辰(무진) × 癸卯(계묘)
2026-03-07 00:36:47,413 [C-W4]   🎉 성공 (✅56 ❌0)
2026-03-07 00:36:47,413 [C-W4]   ⏰ 31.8초 대기...
2026-03-07 00:37:19,241 [C-W4] 💕 [57/720] 戊辰(무진) × 戊申(무신)
2026-03-07 00:37:19,241 [C-W4]   🔄 새 채팅...
2026-03-07 00:37:43,016 [C-W4]   🎉 성공 (✅57 ❌0)
2026-03-07 00:37:43,016 [C-W4]   ⏰ 27.9초 대기...
2026-03-07 00:38:10,876 [C-W4] 💕 [58/720] 戊辰(무진) × 癸丑(계축)
2026-03-07 00:38:27,538 [C-W4]   🎉 성공 (✅58 ❌0)
2026-03-07 00:38:27,538 [C-W4]   ⏰ 33.4초 대기...
2026-03-07 00:39:00,898 [C-W4] 💕 [59/720] 戊辰(무진) × 戊午(무오)
2026-03-07 00:39:17,559 [C-W4]   🎉 성공 (✅59 ❌0)
2026-03-07 00:39:17,559 [C-W4]   ⏰ 22.1초 대기...
2026-03-07 00:39:39,628 [C-W4] 💕 [60/720] 戊辰(무진) × 癸亥(계해)
2026-03-07 00:39:56,320 [C-W4]   🎉 성공 (✅60 ❌0)
2026-03-07 00:39:56,320 [C-W4]   ⏰ 32.4초 대기...
2026-03-07 00:40:28,692 [C-W4] 💕 [61/720] 己巳(기사) × 戊辰(무진)
2026-03-07 00:40:45,392 [C-W4]   🎉 성공 (✅61 ❌0)
2026-03-07 00:40:45,392 [C-W4]   ⏰ 30.4초 대기...
2026-03-07 00:41:15,757 [C-W4] 💕 [62/720] 己巳(기사) × 癸酉(계유)
2026-03-07 00:41:32,420 [C-W4]   🎉 성공 (✅62 ❌0)
2026-03-07 00:41:32,421 [C-W4]   ⏰ 37.2초 대기...
2026-03-07 00:42:09,610 [C-W4] 💕 [63/720] 己巳(기사) × 戊寅(무인)
2026-03-07 00:42:26,301 [C-W4]   🎉 성공 (✅63 ❌0)
2026-03-07 00:42:26,301 [C-W4]   ⏰ 29.9초 대기...
2026-03-07 00:42:56,235 [C-W4] 💕 [64/720] 己巳(기사) × 癸未(계미)
2026-03-07 00:43:12,928 [C-W4]   🎉 성공 (✅64 ❌0)
2026-03-07 00:43:12,928 [C-W4]   ⏰ 29.6초 대기...
2026-03-07 00:43:42,542 [C-W4] 💕 [65/720] 己巳(기사) × 戊子(무자)
2026-03-07 00:43:42,543 [C-W4]   🔄 새 채팅...
2026-03-07 00:44:03,273 [C-W4]   🎉 성공 (✅65 ❌0)
2026-03-07 00:44:03,273 [C-W4]   ⏰ 29.5초 대기...
2026-03-07 00:44:32,809 [C-W4] 💕 [66/720] 己巳(기사) × 癸巳(계사)
2026-03-07 00:44:52,494 [C-W4]   🎉 성공 (✅66 ❌0)
2026-03-07 00:44:52,494 [C-W4]   ⏰ 26.9초 대기...
2026-03-07 00:45:19,363 [C-W4] 💕 [67/720] 己巳(기사) × 戊戌(무술)
2026-03-07 00:45:36,022 [C-W4]   🎉 성공 (✅67 ❌0)
2026-03-07 00:45:36,022 [C-W4]   ⏰ 37.0초 대기...
2026-03-07 00:46:13,006 [C-W4] 💕 [68/720] 己巳(기사) × 癸卯(계묘)
2026-03-07 00:46:29,672 [C-W4]   🎉 성공 (✅68 ❌0)
2026-03-07 00:46:29,673 [C-W4]   ⏰ 28.4초 대기...
2026-03-07 00:46:58,040 [C-W4] 💕 [69/720] 己巳(기사) × 戊申(무신)
2026-03-07 00:47:14,711 [C-W4]   🎉 성공 (✅69 ❌0)
2026-03-07 00:47:14,711 [C-W4]   ⏰ 35.8초 대기...
2026-03-07 00:47:50,555 [C-W4] 💕 [70/720] 己巳(기사) × 癸丑(계축)
2026-03-07 00:48:07,240 [C-W4]   🎉 성공 (✅70 ❌0)
2026-03-07 00:48:07,241 [C-W4]   ⏰ 28.0초 대기...
2026-03-07 00:48:35,227 [C-W4] 💕 [71/720] 己巳(기사) × 戊午(무오)
2026-03-07 00:48:51,894 [C-W4]   🎉 성공 (✅71 ❌0)
2026-03-07 00:48:51,895 [C-W4]   ⏰ 37.8초 대기...
2026-03-07 00:49:29,683 [C-W4] 💕 [72/720] 己巳(기사) × 癸亥(계해)
2026-03-07 00:49:46,354 [C-W4]   🎉 성공 (✅72 ❌0)
2026-03-07 00:49:46,355 [C-W4]   ⏰ 31.8초 대기...
2026-03-07 00:50:18,115 [C-W4] 💕 [73/720] 庚午(경오) × 戊辰(무진)
2026-03-07 00:50:18,116 [C-W4]   🔄 새 채팅...
2026-03-07 00:50:38,868 [C-W4]   🎉 성공 (✅73 ❌0)
2026-03-07 00:50:38,868 [C-W4]   ⏰ 28.9초 대기...
2026-03-07 00:51:07,736 [C-W4] 💕 [74/720] 庚午(경오) × 癸酉(계유)
2026-03-07 00:51:24,413 [C-W4]   🎉 성공 (✅74 ❌0)
2026-03-07 00:51:24,413 [C-W4]   ⏰ 32.8초 대기...
2026-03-07 00:51:57,199 [C-W4] 💕 [75/720] 庚午(경오) × 戊寅(무인)
2026-03-07 00:52:13,847 [C-W4]   🎉 성공 (✅75 ❌0)
2026-03-07 00:52:13,847 [C-W4]   ⏰ 28.7초 대기...
2026-03-07 00:52:42,504 [C-W4] 💕 [76/720] 庚午(경오) × 癸未(계미)
2026-03-07 00:52:59,180 [C-W4]   🎉 성공 (✅76 ❌0)
2026-03-07 00:52:59,181 [C-W4]   ⏰ 28.3초 대기...
2026-03-07 00:53:27,510 [C-W4] 💕 [77/720] 庚午(경오) × 戊子(무자)
2026-03-07 00:53:44,177 [C-W4]   🎉 성공 (✅77 ❌0)
2026-03-07 00:53:44,177 [C-W4]   ⏰ 26.3초 대기...
2026-03-07 00:54:10,483 [C-W4] 💕 [78/720] 庚午(경오) × 癸巳(계사)
2026-03-07 00:54:27,143 [C-W4]   🎉 성공 (✅78 ❌0)
2026-03-07 00:54:27,143 [C-W4]   ⏰ 26.3초 대기...
2026-03-07 00:54:53,481 [C-W4] 💕 [79/720] 庚午(경오) × 戊戌(무술)
2026-03-07 00:55:10,141 [C-W4]   🎉 성공 (✅79 ❌0)
2026-03-07 00:55:10,142 [C-W4]   ⏰ 25.3초 대기...
2026-03-07 00:55:35,491 [C-W4] 💕 [80/720] 庚午(경오) × 癸卯(계묘)
2026-03-07 00:55:52,165 [C-W4]   🎉 성공 (✅80 ❌0)
2026-03-07 00:55:52,166 [C-W4]   ⏰ 33.6초 대기...
2026-03-07 00:56:25,784 [C-W4] 💕 [81/720] 庚午(경오) × 戊申(무신)
2026-03-07 00:56:25,785 [C-W4]   🔄 새 채팅...
2026-03-07 00:56:46,535 [C-W4]   🎉 성공 (✅81 ❌0)
2026-03-07 00:56:46,536 [C-W4]   ⏰ 24.5초 대기...
2026-03-07 00:57:11,073 [C-W4] 💕 [82/720] 庚午(경오) × 癸丑(계축)
2026-03-07 00:57:30,769 [C-W4]   🎉 성공 (✅82 ❌0)
2026-03-07 00:57:30,769 [C-W4]   ⏰ 33.2초 대기...
2026-03-07 00:58:03,991 [C-W4] 💕 [83/720] 庚午(경오) × 戊午(무오)
2026-03-07 00:58:20,672 [C-W4]   🎉 성공 (✅83 ❌0)
2026-03-07 00:58:20,673 [C-W4]   ⏰ 35.7초 대기...
2026-03-07 00:58:56,334 [C-W4] 💕 [84/720] 庚午(경오) × 癸亥(계해)
2026-03-07 00:59:12,991 [C-W4]   🎉 성공 (✅84 ❌0)
2026-03-07 00:59:12,991 [C-W4]   ⏰ 38.4초 대기...
2026-03-07 00:59:51,415 [C-W4] 💕 [85/720] 辛未(신미) × 戊辰(무진)
2026-03-07 01:00:08,080 [C-W4]   🎉 성공 (✅85 ❌0)
2026-03-07 01:00:08,080 [C-W4]   ⏰ 34.9초 대기...
2026-03-07 01:00:42,977 [C-W4] 💕 [86/720] 辛未(신미) × 癸酉(계유)
2026-03-07 01:00:59,664 [C-W4]   🎉 성공 (✅86 ❌0)
2026-03-07 01:00:59,664 [C-W4]   ⏰ 31.0초 대기...
2026-03-07 01:01:30,644 [C-W4] 💕 [87/720] 辛未(신미) × 戊寅(무인)
2026-03-07 01:01:47,304 [C-W4]   🎉 성공 (✅87 ❌0)
2026-03-07 01:01:47,305 [C-W4]   ⏰ 38.2초 대기...
2026-03-07 01:02:25,527 [C-W4] 💕 [88/720] 辛未(신미) × 癸未(계미)
2026-03-07 01:02:42,227 [C-W4]   🎉 성공 (✅88 ❌0)
2026-03-07 01:02:42,228 [C-W4]   ⏰ 34.9초 대기...
2026-03-07 01:03:17,114 [C-W4] 💕 [89/720] 辛未(신미) × 戊子(무자)
2026-03-07 01:03:17,114 [C-W4]   🔄 새 채팅...
2026-03-07 01:03:37,872 [C-W4]   🎉 성공 (✅89 ❌0)
2026-03-07 01:03:37,872 [C-W4]   ⏰ 26.3초 대기...
2026-03-07 01:04:04,215 [C-W4] 💕 [90/720] 辛未(신미) × 癸巳(계사)
2026-03-07 01:04:20,874 [C-W4]   🎉 성공 (✅90 ❌0)
2026-03-07 01:04:20,874 [C-W4]   ⏰ 37.7초 대기...
2026-03-07 01:04:58,590 [C-W4] 💕 [91/720] 辛未(신미) × 戊戌(무술)
2026-03-07 01:05:15,243 [C-W4]   🎉 성공 (✅91 ❌0)
2026-03-07 01:05:15,243 [C-W4]   ⏰ 29.7초 대기...
2026-03-07 01:05:44,989 [C-W4] 💕 [92/720] 辛未(신미) × 癸卯(계묘)
2026-03-07 01:06:01,670 [C-W4]   🎉 성공 (✅92 ❌0)
2026-03-07 01:06:01,670 [C-W4]   ⏰ 27.2초 대기...
2026-03-07 01:06:28,915 [C-W4] 💕 [93/720] 辛未(신미) × 戊申(무신)
2026-03-07 01:06:45,579 [C-W4]   🎉 성공 (✅93 ❌0)
2026-03-07 01:06:45,581 [C-W4]   ⏰ 33.5초 대기...
2026-03-07 01:07:19,106 [C-W4] 💕 [94/720] 辛未(신미) × 癸丑(계축)
2026-03-07 01:07:35,766 [C-W4]   🎉 성공 (✅94 ❌0)
2026-03-07 01:07:35,767 [C-W4]   ⏰ 24.6초 대기...
2026-03-07 01:08:00,373 [C-W4] 💕 [95/720] 辛未(신미) × 戊午(무오)
2026-03-07 01:08:17,038 [C-W4]   🎉 성공 (✅95 ❌0)
2026-03-07 01:08:17,038 [C-W4]   ⏰ 27.4초 대기...
2026-03-07 01:08:44,431 [C-W4] 💕 [96/720] 辛未(신미) × 癸亥(계해)
2026-03-07 01:09:01,101 [C-W4]   🎉 성공 (✅96 ❌0)
2026-03-07 01:09:01,101 [C-W4]   ⏰ 36.2초 대기...
2026-03-07 01:09:37,276 [C-W4] 💕 [97/720] 壬申(임신) × 戊辰(무진)
2026-03-07 01:09:37,276 [C-W4]   🔄 새 채팅...
2026-03-07 01:09:58,030 [C-W4]   🎉 성공 (✅97 ❌0)
2026-03-07 01:09:58,030 [C-W4]   ⏰ 37.4초 대기...
2026-03-07 01:10:35,394 [C-W4] 💕 [98/720] 壬申(임신) × 癸酉(계유)
2026-03-07 01:10:52,050 [C-W4]   🎉 성공 (✅98 ❌0)
2026-03-07 01:10:52,050 [C-W4]   ⏰ 34.4초 대기...
2026-03-07 01:11:26,498 [C-W4] 💕 [99/720] 壬申(임신) × 戊寅(무인)
2026-03-07 01:11:43,156 [C-W4]   🎉 성공 (✅99 ❌0)
2026-03-07 01:11:43,156 [C-W4]   ⏰ 30.1초 대기...
2026-03-07 01:12:13,260 [C-W4] 💕 [100/720] 壬申(임신) × 癸未(계미)
2026-03-07 01:12:29,926 [C-W4]   🎉 성공 (✅100 ❌0)
2026-03-07 01:12:29,926 [C-W4]   ⏰ 37.8초 대기...
2026-03-07 01:13:07,749 [C-W4] 💕 [101/720] 壬申(임신) × 戊子(무자)
2026-03-07 01:13:24,412 [C-W4]   🎉 성공 (✅101 ❌0)
2026-03-07 01:13:24,413 [C-W4]   ⏰ 34.9초 대기...
2026-03-07 01:13:59,278 [C-W4] 💕 [102/720] 壬申(임신) × 癸巳(계사)
2026-03-07 01:14:18,957 [C-W4]   🎉 성공 (✅102 ❌0)
2026-03-07 01:14:18,957 [C-W4]   ⏰ 24.3초 대기...
2026-03-07 01:14:43,253 [C-W4] 💕 [103/720] 壬申(임신) × 戊戌(무술)
2026-03-07 01:15:02,962 [C-W4]   🎉 성공 (✅103 ❌0)
2026-03-07 01:15:02,962 [C-W4]   ⏰ 23.5초 대기...
2026-03-07 01:15:26,438 [C-W4] 💕 [104/720] 壬申(임신) × 癸卯(계묘)
2026-03-07 01:15:43,107 [C-W4]   🎉 성공 (✅104 ❌0)
2026-03-07 01:15:43,107 [C-W4]   ⏰ 34.1초 대기...
2026-03-07 01:16:17,222 [C-W4] 💕 [105/720] 壬申(임신) × 戊申(무신)
2026-03-07 01:16:17,222 [C-W4]   🔄 새 채팅...
2026-03-07 01:16:37,988 [C-W4]   🎉 성공 (✅105 ❌0)
2026-03-07 01:16:37,989 [C-W4]   ⏰ 38.8초 대기...
2026-03-07 01:17:16,775 [C-W4] 💕 [106/720] 壬申(임신) × 癸丑(계축)
2026-03-07 01:17:33,441 [C-W4]   🎉 성공 (✅106 ❌0)
2026-03-07 01:17:33,441 [C-W4]   ⏰ 27.8초 대기...
2026-03-07 01:18:01,273 [C-W4] 💕 [107/720] 壬申(임신) × 戊午(무오)
2026-03-07 01:18:20,940 [C-W4]   🎉 성공 (✅107 ❌0)
2026-03-07 01:18:20,940 [C-W4]   ⏰ 32.7초 대기...
2026-03-07 01:18:53,660 [C-W4] 💕 [108/720] 壬申(임신) × 癸亥(계해)
2026-03-07 01:19:10,330 [C-W4]   🎉 성공 (✅108 ❌0)
2026-03-07 01:19:10,334 [C-W4]   ⏰ 38.1초 대기...
2026-03-07 01:19:48,440 [C-W4] 💕 [109/720] 癸酉(계유) × 戊辰(무진)
2026-03-07 01:20:05,102 [C-W4]   🎉 성공 (✅109 ❌0)
2026-03-07 01:20:05,103 [C-W4]   ⏰ 38.0초 대기...
2026-03-07 01:20:43,093 [C-W4] 💕 [110/720] 癸酉(계유) × 癸酉(계유)
2026-03-07 01:21:02,792 [C-W4]   🎉 성공 (✅110 ❌0)
2026-03-07 01:21:02,792 [C-W4]   ⏰ 37.0초 대기...
2026-03-07 01:21:39,825 [C-W4] 💕 [111/720] 癸酉(계유) × 戊寅(무인)
2026-03-07 01:21:56,496 [C-W4]   🎉 성공 (✅111 ❌0)
2026-03-07 01:21:56,496 [C-W4]   ⏰ 35.0초 대기...
2026-03-07 01:22:31,487 [C-W4] 💕 [112/720] 癸酉(계유) × 癸未(계미)
2026-03-07 01:22:48,163 [C-W4]   ❌ 파싱실패 (✅111 ❌1)
2026-03-07 01:22:48,164 [C-W4]   ⏰ 34.3초 대기...
2026-03-07 01:23:22,488 [C-W4] 💕 [113/720] 癸酉(계유) × 戊子(무자)
2026-03-07 01:23:39,153 [C-W4]   🎉 성공 (✅112 ❌1)
2026-03-07 01:23:39,153 [C-W4]   ⏰ 27.8초 대기...
2026-03-07 01:24:06,977 [C-W4] 💕 [114/720] 癸酉(계유) × 癸巳(계사)
2026-03-07 01:24:06,977 [C-W4]   🔄 새 채팅...
2026-03-07 01:24:27,757 [C-W4]   🎉 성공 (✅113 ❌1)
2026-03-07 01:24:27,757 [C-W4]   ⏰ 22.1초 대기...
2026-03-07 01:24:49,853 [C-W4] 💕 [115/720] 癸酉(계유) × 戊戌(무술)
2026-03-07 01:25:06,512 [C-W4]   🎉 성공 (✅114 ❌1)
2026-03-07 01:25:06,512 [C-W4]   ⏰ 24.1초 대기...
2026-03-07 01:25:30,631 [C-W4] 💕 [116/720] 癸酉(계유) × 癸卯(계묘)
2026-03-07 01:25:47,306 [C-W4]   🎉 성공 (✅115 ❌1)
2026-03-07 01:25:47,306 [C-W4]   ⏰ 31.2초 대기...
2026-03-07 01:26:18,526 [C-W4] 💕 [117/720] 癸酉(계유) × 戊申(무신)
2026-03-07 01:26:35,189 [C-W4]   🎉 성공 (✅116 ❌1)
2026-03-07 01:26:35,189 [C-W4]   ⏰ 31.3초 대기...
2026-03-07 01:27:06,535 [C-W4] 💕 [118/720] 癸酉(계유) × 癸丑(계축)
2026-03-07 01:27:23,198 [C-W4]   🎉 성공 (✅117 ❌1)
2026-03-07 01:27:23,199 [C-W4]   ⏰ 30.0초 대기...
2026-03-07 01:27:53,158 [C-W4] 💕 [119/720] 癸酉(계유) × 戊午(무오)
2026-03-07 01:28:09,819 [C-W4]   🎉 성공 (✅118 ❌1)
2026-03-07 01:28:09,819 [C-W4]   ⏰ 22.2초 대기...
2026-03-07 01:28:32,064 [C-W4] 💕 [120/720] 癸酉(계유) × 癸亥(계해)
2026-03-07 01:28:48,748 [C-W4]   🎉 성공 (✅119 ❌1)
2026-03-07 01:28:48,748 [C-W4]   ⏰ 22.2초 대기...
2026-03-07 01:29:10,974 [C-W4] 💕 [121/720] 甲戌(갑술) × 戊辰(무진)
2026-03-07 01:29:27,646 [C-W4]   🎉 성공 (✅120 ❌1)
2026-03-07 01:29:27,646 [C-W4]   ⏰ 22.0초 대기...
2026-03-07 01:29:49,662 [C-W4] 💕 [122/720] 甲戌(갑술) × 癸酉(계유)
2026-03-07 01:29:49,662 [C-W4]   🔄 새 채팅...
2026-03-07 01:30:10,401 [C-W4]   🎉 성공 (✅121 ❌1)
2026-03-07 01:30:10,401 [C-W4]   ⏰ 30.7초 대기...
2026-03-07 01:30:41,092 [C-W4] 💕 [123/720] 甲戌(갑술) × 戊寅(무인)
2026-03-07 01:31:00,768 [C-W4]   🎉 성공 (✅122 ❌1)
2026-03-07 01:31:00,768 [C-W4]   ⏰ 32.2초 대기...
2026-03-07 01:31:32,951 [C-W4] 💕 [124/720] 甲戌(갑술) × 癸未(계미)
2026-03-07 01:31:49,605 [C-W4]   🎉 성공 (✅123 ❌1)
2026-03-07 01:31:49,605 [C-W4]   ⏰ 24.0초 대기...
2026-03-07 01:32:13,572 [C-W4] 💕 [125/720] 甲戌(갑술) × 戊子(무자)
2026-03-07 01:32:30,225 [C-W4]   🎉 성공 (✅124 ❌1)
2026-03-07 01:32:30,225 [C-W4]   ⏰ 26.7초 대기...
2026-03-07 01:32:56,923 [C-W4] 💕 [126/720] 甲戌(갑술) × 癸巳(계사)
2026-03-07 01:33:13,598 [C-W4]   🎉 성공 (✅125 ❌1)
2026-03-07 01:33:13,598 [C-W4]   ⏰ 34.4초 대기...
2026-03-07 01:33:48,044 [C-W4] 💕 [127/720] 甲戌(갑술) × 戊戌(무술)
2026-03-07 01:34:04,704 [C-W4]   🎉 성공 (✅126 ❌1)
2026-03-07 01:34:04,704 [C-W4]   ⏰ 39.0초 대기...
2026-03-07 01:34:43,664 [C-W4] 💕 [128/720] 甲戌(갑술) × 癸卯(계묘)
2026-03-07 01:35:00,332 [C-W4]   🎉 성공 (✅127 ❌1)
2026-03-07 01:35:00,332 [C-W4]   ⏰ 35.9초 대기...
2026-03-07 01:35:36,256 [C-W4] 💕 [129/720] 甲戌(갑술) × 戊申(무신)
2026-03-07 01:35:52,925 [C-W4]   🎉 성공 (✅128 ❌1)
2026-03-07 01:35:52,925 [C-W4]   ⏰ 32.2초 대기...
2026-03-07 01:36:25,086 [C-W4] 💕 [130/720] 甲戌(갑술) × 癸丑(계축)
2026-03-07 01:36:25,086 [C-W4]   🔄 새 채팅...
2026-03-07 01:36:45,877 [C-W4]   🎉 성공 (✅129 ❌1)
2026-03-07 01:36:45,877 [C-W4]   ⏰ 29.1초 대기...
2026-03-07 01:37:15,026 [C-W4] 💕 [131/720] 甲戌(갑술) × 戊午(무오)
2026-03-07 01:37:31,702 [C-W4]   🎉 성공 (✅130 ❌1)
2026-03-07 01:37:31,703 [C-W4]   ⏰ 38.1초 대기...
2026-03-07 01:38:09,822 [C-W4] 💕 [132/720] 甲戌(갑술) × 癸亥(계해)
2026-03-07 01:38:26,488 [C-W4]   🎉 성공 (✅131 ❌1)
2026-03-07 01:38:26,489 [C-W4]   ⏰ 27.3초 대기...
2026-03-07 01:38:53,764 [C-W4] 💕 [133/720] 乙亥(을해) × 戊辰(무진)
2026-03-07 01:39:10,416 [C-W4]   🎉 성공 (✅132 ❌1)
2026-03-07 01:39:10,416 [C-W4]   ⏰ 32.4초 대기...
2026-03-07 01:39:42,847 [C-W4] 💕 [134/720] 乙亥(을해) × 癸酉(계유)
2026-03-07 01:39:59,565 [C-W4]   🎉 성공 (✅133 ❌1)
2026-03-07 01:39:59,565 [C-W4]   ⏰ 26.9초 대기...
2026-03-07 01:40:26,429 [C-W4] 💕 [135/720] 乙亥(을해) × 戊寅(무인)
2026-03-07 01:40:43,098 [C-W4]   🎉 성공 (✅134 ❌1)
2026-03-07 01:40:43,098 [C-W4]   ⏰ 28.1초 대기...
2026-03-07 01:41:11,179 [C-W4] 💕 [136/720] 乙亥(을해) × 癸未(계미)
2026-03-07 01:41:27,856 [C-W4]   🎉 성공 (✅135 ❌1)
2026-03-07 01:41:27,857 [C-W4]   ⏰ 26.5초 대기...
2026-03-07 01:41:54,385 [C-W4] 💕 [137/720] 乙亥(을해) × 戊子(무자)
2026-03-07 01:42:11,057 [C-W4]   🎉 성공 (✅136 ❌1)
2026-03-07 01:42:11,058 [C-W4]   ⏰ 38.8초 대기...
2026-03-07 01:42:49,863 [C-W4] 💕 [138/720] 乙亥(을해) × 癸巳(계사)
2026-03-07 01:42:49,863 [C-W4]   🔄 새 채팅...
2026-03-07 01:43:10,611 [C-W4]   🎉 성공 (✅137 ❌1)
2026-03-07 01:43:10,612 [C-W4]   ⏰ 33.5초 대기...
2026-03-07 01:43:44,145 [C-W4] 💕 [139/720] 乙亥(을해) × 戊戌(무술)
2026-03-07 01:44:00,801 [C-W4]   🎉 성공 (✅138 ❌1)
2026-03-07 01:44:00,802 [C-W4]   ⏰ 32.7초 대기...
2026-03-07 01:44:33,546 [C-W4] 💕 [140/720] 乙亥(을해) × 癸卯(계묘)
2026-03-07 01:44:50,221 [C-W4]   🎉 성공 (✅139 ❌1)
2026-03-07 01:44:50,222 [C-W4]   ⏰ 24.6초 대기...
2026-03-07 01:45:14,828 [C-W4] 💕 [141/720] 乙亥(을해) × 戊申(무신)
2026-03-07 01:45:31,502 [C-W4]   🎉 성공 (✅140 ❌1)
2026-03-07 01:45:31,502 [C-W4]   ⏰ 34.4초 대기...
2026-03-07 01:46:05,855 [C-W4] 💕 [142/720] 乙亥(을해) × 癸丑(계축)
2026-03-07 01:46:22,535 [C-W4]   🎉 성공 (✅141 ❌1)
2026-03-07 01:46:22,536 [C-W4]   ⏰ 38.3초 대기...
2026-03-07 01:47:00,829 [C-W4] 💕 [143/720] 乙亥(을해) × 戊午(무오)
2026-03-07 01:47:17,495 [C-W4]   🎉 성공 (✅142 ❌1)
2026-03-07 01:47:17,495 [C-W4]   ⏰ 36.4초 대기...
2026-03-07 01:47:53,930 [C-W4] 💕 [144/720] 乙亥(을해) × 癸亥(계해)
2026-03-07 01:48:10,598 [C-W4]   🎉 성공 (✅143 ❌1)
2026-03-07 01:48:10,598 [C-W4]   ⏰ 37.6초 대기...
2026-03-07 01:48:48,233 [C-W4] 💕 [145/720] 丙子(병자) × 戊辰(무진)
2026-03-07 01:49:04,932 [C-W4]   🎉 성공 (✅144 ❌1)
2026-03-07 01:49:04,932 [C-W4]   ⏰ 26.3초 대기...
2026-03-07 01:49:31,222 [C-W4] 💕 [146/720] 丙子(병자) × 癸酉(계유)
2026-03-07 01:49:31,223 [C-W4]   🔄 새 채팅...
2026-03-07 01:49:51,959 [C-W4]   🎉 성공 (✅145 ❌1)
2026-03-07 01:49:51,960 [C-W4]   ⏰ 28.0초 대기...
2026-03-07 01:50:19,954 [C-W4] 💕 [147/720] 丙子(병자) × 戊寅(무인)
2026-03-07 01:50:39,627 [C-W4]   🎉 성공 (✅146 ❌1)
2026-03-07 01:50:39,628 [C-W4]   ⏰ 30.4초 대기...
2026-03-07 01:51:10,075 [C-W4] 💕 [148/720] 丙子(병자) × 癸未(계미)
2026-03-07 01:51:26,743 [C-W4]   🎉 성공 (✅147 ❌1)
2026-03-07 01:51:26,743 [C-W4]   ⏰ 33.3초 대기...
2026-03-07 01:52:00,075 [C-W4] 💕 [149/720] 丙子(병자) × 戊子(무자)
2026-03-07 01:52:16,753 [C-W4]   🎉 성공 (✅148 ❌1)
2026-03-07 01:52:16,753 [C-W4]   ⏰ 23.7초 대기...
2026-03-07 01:52:40,479 [C-W4] 💕 [150/720] 丙子(병자) × 癸巳(계사)
2026-03-07 01:52:57,139 [C-W4]   🎉 성공 (✅149 ❌1)
2026-03-07 01:52:57,139 [C-W4]   ⏰ 35.9초 대기...
2026-03-07 01:53:33,085 [C-W4] 💕 [151/720] 丙子(병자) × 戊戌(무술)
2026-03-07 01:53:49,754 [C-W4]   🎉 성공 (✅150 ❌1)
2026-03-07 01:53:49,754 [C-W4]   ⏰ 33.1초 대기...
2026-03-07 01:54:22,883 [C-W4] 💕 [152/720] 丙子(병자) × 癸卯(계묘)
2026-03-07 01:54:39,559 [C-W4]   🎉 성공 (✅151 ❌1)
2026-03-07 01:54:39,559 [C-W4]   ⏰ 33.4초 대기...
2026-03-07 01:55:12,934 [C-W4] 💕 [153/720] 丙子(병자) × 戊申(무신)
2026-03-07 01:55:29,602 [C-W4]   🎉 성공 (✅152 ❌1)
2026-03-07 01:55:29,602 [C-W4]   ⏰ 32.9초 대기...
2026-03-07 01:56:02,527 [C-W4] 💕 [154/720] 丙子(병자) × 癸丑(계축)
2026-03-07 01:56:02,527 [C-W4]   🔄 새 채팅...
2026-03-07 01:56:23,299 [C-W4]   🎉 성공 (✅153 ❌1)
2026-03-07 01:56:23,300 [C-W4]   ⏰ 35.7초 대기...
2026-03-07 01:56:59,050 [C-W4] 💕 [155/720] 丙子(병자) × 戊午(무오)
2026-03-07 01:57:15,714 [C-W4]   🎉 성공 (✅154 ❌1)
2026-03-07 01:57:15,714 [C-W4]   ⏰ 28.5초 대기...
2026-03-07 01:57:44,232 [C-W4] 💕 [156/720] 丙子(병자) × 癸亥(계해)
2026-03-07 01:58:00,894 [C-W4]   🎉 성공 (✅155 ❌1)
2026-03-07 01:58:00,894 [C-W4]   ⏰ 33.9초 대기...
2026-03-07 01:58:34,781 [C-W4] 💕 [157/720] 丁丑(정축) × 戊辰(무진)
2026-03-07 01:58:51,462 [C-W4]   🎉 성공 (✅156 ❌1)
2026-03-07 01:58:51,462 [C-W4]   ⏰ 37.9초 대기...
2026-03-07 01:59:29,395 [C-W4] 💕 [158/720] 丁丑(정축) × 癸酉(계유)
2026-03-07 01:59:46,066 [C-W4]   🎉 성공 (✅157 ❌1)
2026-03-07 01:59:46,066 [C-W4]   ⏰ 30.7초 대기...
2026-03-07 02:00:16,774 [C-W4] 💕 [159/720] 丁丑(정축) × 戊寅(무인)
2026-03-07 02:00:33,454 [C-W4]   🎉 성공 (✅158 ❌1)
2026-03-07 02:00:33,454 [C-W4]   ⏰ 27.3초 대기...
2026-03-07 02:01:00,805 [C-W4] 💕 [160/720] 丁丑(정축) × 癸未(계미)
2026-03-07 02:01:17,469 [C-W4]   🎉 성공 (✅159 ❌1)
2026-03-07 02:01:17,470 [C-W4]   ⏰ 36.0초 대기...
2026-03-07 02:01:53,445 [C-W4] 💕 [161/720] 丁丑(정축) × 戊子(무자)
2026-03-07 02:02:10,112 [C-W4]   🎉 성공 (✅160 ❌1)
2026-03-07 02:02:10,113 [C-W4]   ⏰ 35.3초 대기...
2026-03-07 02:02:45,388 [C-W4] 💕 [162/720] 丁丑(정축) × 癸巳(계사)
2026-03-07 02:02:45,388 [C-W4]   🔄 새 채팅...
2026-03-07 02:03:06,116 [C-W4]   🎉 성공 (✅161 ❌1)
2026-03-07 02:03:06,116 [C-W4]   ⏰ 32.2초 대기...
2026-03-07 02:03:38,362 [C-W4] 💕 [163/720] 丁丑(정축) × 戊戌(무술)
2026-03-07 02:03:55,020 [C-W4]   🎉 성공 (✅162 ❌1)
2026-03-07 02:03:55,021 [C-W4]   ⏰ 32.4초 대기...
2026-03-07 02:04:27,373 [C-W4] 💕 [164/720] 丁丑(정축) × 癸卯(계묘)
2026-03-07 02:04:44,027 [C-W4]   🎉 성공 (✅163 ❌1)
2026-03-07 02:04:44,027 [C-W4]   ⏰ 31.0초 대기...
2026-03-07 02:05:15,061 [C-W4] 💕 [165/720] 丁丑(정축) × 戊申(무신)
2026-03-07 02:05:31,729 [C-W4]   🎉 성공 (✅164 ❌1)
2026-03-07 02:05:31,729 [C-W4]   ⏰ 26.3초 대기...
2026-03-07 02:05:57,983 [C-W4] 💕 [166/720] 丁丑(정축) × 癸丑(계축)
2026-03-07 02:06:14,645 [C-W4]   🎉 성공 (✅165 ❌1)
2026-03-07 02:06:14,645 [C-W4]   ⏰ 37.1초 대기...
2026-03-07 02:06:51,760 [C-W4] 💕 [167/720] 丁丑(정축) × 戊午(무오)
2026-03-07 02:07:08,425 [C-W4]   🎉 성공 (✅166 ❌1)
2026-03-07 02:07:08,426 [C-W4]   ⏰ 32.5초 대기...
2026-03-07 02:07:40,942 [C-W4] 💕 [168/720] 丁丑(정축) × 癸亥(계해)
2026-03-07 02:07:57,661 [C-W4]   🎉 성공 (✅167 ❌1)
2026-03-07 02:07:57,661 [C-W4]   ⏰ 30.5초 대기...
2026-03-07 02:08:28,194 [C-W4] 💕 [169/720] 戊寅(무인) × 戊辰(무진)
2026-03-07 02:08:44,839 [C-W4]   🎉 성공 (✅168 ❌1)
2026-03-07 02:08:44,840 [C-W4]   ⏰ 35.8초 대기...
2026-03-07 02:09:20,645 [C-W4] 💕 [170/720] 戊寅(무인) × 癸酉(계유)
2026-03-07 02:09:20,645 [C-W4]   🔄 새 채팅...
2026-03-07 02:09:41,391 [C-W4]   🎉 성공 (✅169 ❌1)
2026-03-07 02:09:41,391 [C-W4]   ⏰ 30.1초 대기...
2026-03-07 02:10:11,496 [C-W4] 💕 [171/720] 戊寅(무인) × 戊寅(무인)
2026-03-07 02:10:28,158 [C-W4]   🎉 성공 (✅170 ❌1)
2026-03-07 02:10:28,158 [C-W4]   ⏰ 28.3초 대기...
2026-03-07 02:10:56,409 [C-W4] 💕 [172/720] 戊寅(무인) × 癸未(계미)
2026-03-07 02:11:13,071 [C-W4]   🎉 성공 (✅171 ❌1)
2026-03-07 02:11:13,071 [C-W4]   ⏰ 32.7초 대기...
2026-03-07 02:11:45,790 [C-W4] 💕 [173/720] 戊寅(무인) × 戊子(무자)
2026-03-07 02:12:02,455 [C-W4]   🎉 성공 (✅172 ❌1)
2026-03-07 02:12:02,455 [C-W4]   ⏰ 29.4초 대기...
2026-03-07 02:12:31,860 [C-W4] 💕 [174/720] 戊寅(무인) × 癸巳(계사)
2026-03-07 02:12:48,515 [C-W4]   🎉 성공 (✅173 ❌1)
2026-03-07 02:12:48,515 [C-W4]   ⏰ 22.2초 대기...
2026-03-07 02:13:10,706 [C-W4] 💕 [175/720] 戊寅(무인) × 戊戌(무술)
2026-03-07 02:13:27,374 [C-W4]   🎉 성공 (✅174 ❌1)
2026-03-07 02:13:27,374 [C-W4]   ⏰ 34.2초 대기...
2026-03-07 02:14:01,526 [C-W4] 💕 [176/720] 戊寅(무인) × 癸卯(계묘)
2026-03-07 02:14:18,181 [C-W4]   🎉 성공 (✅175 ❌1)
2026-03-07 02:14:18,181 [C-W4]   ⏰ 26.9초 대기...
2026-03-07 02:14:45,087 [C-W4] 💕 [177/720] 戊寅(무인) × 戊申(무신)
2026-03-07 02:15:01,775 [C-W4]   🎉 성공 (✅176 ❌1)
2026-03-07 02:15:01,775 [C-W4]   ⏰ 22.1초 대기...
2026-03-07 02:15:23,904 [C-W4] 💕 [178/720] 戊寅(무인) × 癸丑(계축)
2026-03-07 02:15:23,905 [C-W4]   🔄 새 채팅...
2026-03-07 02:15:44,656 [C-W4]   🎉 성공 (✅177 ❌1)
2026-03-07 02:15:44,656 [C-W4]   ⏰ 33.3초 대기...
2026-03-07 02:16:17,919 [C-W4] 💕 [179/720] 戊寅(무인) × 戊午(무오)
2026-03-07 02:16:34,581 [C-W4]   🎉 성공 (✅178 ❌1)
2026-03-07 02:16:34,581 [C-W4]   ⏰ 37.1초 대기...
2026-03-07 02:17:11,691 [C-W4] 💕 [180/720] 戊寅(무인) × 癸亥(계해)
2026-03-07 02:17:28,355 [C-W4]   🎉 성공 (✅179 ❌1)
2026-03-07 02:17:28,355 [C-W4]   ⏰ 28.0초 대기...
2026-03-07 02:17:56,404 [C-W4] 💕 [181/720] 己卯(기묘) × 戊辰(무진)
2026-03-07 02:18:13,069 [C-W4]   🎉 성공 (✅180 ❌1)
2026-03-07 02:18:13,069 [C-W4]   ⏰ 35.1초 대기...
2026-03-07 02:18:48,199 [C-W4] 💕 [182/720] 己卯(기묘) × 癸酉(계유)
2026-03-07 02:19:04,860 [C-W4]   🎉 성공 (✅181 ❌1)
2026-03-07 02:19:04,860 [C-W4]   ⏰ 32.3초 대기...
2026-03-07 02:19:37,122 [C-W4] 💕 [183/720] 己卯(기묘) × 戊寅(무인)
2026-03-07 02:19:53,795 [C-W4]   🎉 성공 (✅182 ❌1)
2026-03-07 02:19:53,795 [C-W4]   ⏰ 29.9초 대기...
2026-03-07 02:20:23,733 [C-W4] 💕 [184/720] 己卯(기묘) × 癸未(계미)
2026-03-07 02:20:40,405 [C-W4]   🎉 성공 (✅183 ❌1)
2026-03-07 02:20:40,405 [C-W4]   ⏰ 23.2초 대기...
2026-03-07 02:21:03,611 [C-W4] 💕 [185/720] 己卯(기묘) × 戊子(무자)
2026-03-07 02:21:20,284 [C-W4]   🎉 성공 (✅184 ❌1)
2026-03-07 02:21:20,285 [C-W4]   ⏰ 38.5초 대기...
2026-03-07 02:21:58,740 [C-W4] 💕 [186/720] 己卯(기묘) × 癸巳(계사)
2026-03-07 02:21:58,740 [C-W4]   🔄 새 채팅...
2026-03-07 02:22:19,558 [C-W4]   🎉 성공 (✅185 ❌1)
2026-03-07 02:22:19,559 [C-W4]   ⏰ 28.6초 대기...
2026-03-07 02:22:48,154 [C-W4] 💕 [187/720] 己卯(기묘) × 戊戌(무술)
2026-03-07 02:23:04,804 [C-W4]   🎉 성공 (✅186 ❌1)
2026-03-07 02:23:04,805 [C-W4]   ⏰ 29.4초 대기...
2026-03-07 02:23:34,186 [C-W4] 💕 [188/720] 己卯(기묘) × 癸卯(계묘)
2026-03-07 02:23:50,853 [C-W4]   🎉 성공 (✅187 ❌1)
2026-03-07 02:23:50,853 [C-W4]   ⏰ 22.8초 대기...
2026-03-07 02:24:13,668 [C-W4] 💕 [189/720] 己卯(기묘) × 戊申(무신)
2026-03-07 02:24:30,323 [C-W4]   🎉 성공 (✅188 ❌1)
2026-03-07 02:24:30,323 [C-W4]   ⏰ 33.9초 대기...
2026-03-07 02:25:04,243 [C-W4] 💕 [190/720] 己卯(기묘) × 癸丑(계축)
2026-03-07 02:25:20,937 [C-W4]   🎉 성공 (✅189 ❌1)
2026-03-07 02:25:20,937 [C-W4]   ⏰ 35.7초 대기...
2026-03-07 02:25:56,598 [C-W4] 💕 [191/720] 己卯(기묘) × 戊午(무오)
2026-03-07 02:26:13,254 [C-W4]   🎉 성공 (✅190 ❌1)
2026-03-07 02:26:13,254 [C-W4]   ⏰ 38.2초 대기...
2026-03-07 02:26:51,412 [C-W4] 💕 [192/720] 己卯(기묘) × 癸亥(계해)
2026-03-07 02:27:08,076 [C-W4]   🎉 성공 (✅191 ❌1)
2026-03-07 02:27:08,076 [C-W4]   ⏰ 38.9초 대기...
2026-03-07 02:27:46,928 [C-W4] 💕 [193/720] 庚辰(경진) × 戊辰(무진)
2026-03-07 02:28:03,589 [C-W4]   🎉 성공 (✅192 ❌1)
2026-03-07 02:28:03,589 [C-W4]   ⏰ 35.4초 대기...
2026-03-07 02:28:38,945 [C-W4] 💕 [194/720] 庚辰(경진) × 癸酉(계유)
2026-03-07 02:28:38,945 [C-W4]   🔄 새 채팅...
2026-03-07 02:28:59,682 [C-W4]   🎉 성공 (✅193 ❌1)
2026-03-07 02:28:59,683 [C-W4]   ⏰ 36.2초 대기...
2026-03-07 02:29:35,853 [C-W4] 💕 [195/720] 庚辰(경진) × 戊寅(무인)
2026-03-07 02:29:52,516 [C-W4]   🎉 성공 (✅194 ❌1)
2026-03-07 02:29:52,516 [C-W4]   ⏰ 27.6초 대기...
2026-03-07 02:30:20,087 [C-W4] 💕 [196/720] 庚辰(경진) × 癸未(계미)
2026-03-07 02:30:36,747 [C-W4]   🎉 성공 (✅195 ❌1)
2026-03-07 02:30:36,747 [C-W4]   ⏰ 32.6초 대기...
2026-03-07 02:31:09,353 [C-W4] 💕 [197/720] 庚辰(경진) × 戊子(무자)
2026-03-07 02:31:26,012 [C-W4]   🎉 성공 (✅196 ❌1)
2026-03-07 02:31:26,012 [C-W4]   ⏰ 30.2초 대기...
2026-03-07 02:31:56,245 [C-W4] 💕 [198/720] 庚辰(경진) × 癸巳(계사)
2026-03-07 02:32:12,911 [C-W4]   🎉 성공 (✅197 ❌1)
2026-03-07 02:32:12,911 [C-W4]   ⏰ 28.5초 대기...
2026-03-07 02:32:41,437 [C-W4] 💕 [199/720] 庚辰(경진) × 戊戌(무술)
2026-03-07 02:32:58,143 [C-W4]   🎉 성공 (✅198 ❌1)
2026-03-07 02:32:58,144 [C-W4]   ⏰ 38.6초 대기...
2026-03-07 02:33:36,696 [C-W4] 💕 [200/720] 庚辰(경진) × 癸卯(계묘)
2026-03-07 02:33:53,364 [C-W4]   🎉 성공 (✅199 ❌1)
2026-03-07 02:33:53,364 [C-W4]   ⏰ 24.1초 대기...
2026-03-07 02:34:17,447 [C-W4] 💕 [201/720] 庚辰(경진) × 戊申(무신)
2026-03-07 02:34:34,110 [C-W4]   🎉 성공 (✅200 ❌1)
2026-03-07 02:34:34,110 [C-W4]   ⏰ 22.3초 대기...
2026-03-07 02:34:56,431 [C-W4] 💕 [202/720] 庚辰(경진) × 癸丑(계축)
2026-03-07 02:34:56,431 [C-W4]   🔄 새 채팅...
2026-03-07 02:35:17,205 [C-W4]   🎉 성공 (✅201 ❌1)
2026-03-07 02:35:17,205 [C-W4]   ⏰ 36.9초 대기...
2026-03-07 02:35:54,148 [C-W4] 💕 [203/720] 庚辰(경진) × 戊午(무오)
2026-03-07 02:36:10,799 [C-W4]   🎉 성공 (✅202 ❌1)
2026-03-07 02:36:10,799 [C-W4]   ⏰ 27.5초 대기...
2026-03-07 02:36:38,253 [C-W4] 💕 [204/720] 庚辰(경진) × 癸亥(계해)
2026-03-07 02:36:54,908 [C-W4]   🎉 성공 (✅203 ❌1)
2026-03-07 02:36:54,908 [C-W4]   ⏰ 27.8초 대기...
2026-03-07 02:37:22,675 [C-W4] 💕 [205/720] 辛巳(신사) × 戊辰(무진)
2026-03-07 02:37:39,342 [C-W4]   🎉 성공 (✅204 ❌1)
2026-03-07 02:37:39,343 [C-W4]   ⏰ 31.9초 대기...
2026-03-07 02:38:11,267 [C-W4] 💕 [206/720] 辛巳(신사) × 癸酉(계유)
2026-03-07 02:38:27,923 [C-W4]   🎉 성공 (✅205 ❌1)
2026-03-07 02:38:27,923 [C-W4]   ⏰ 27.0초 대기...
2026-03-07 02:38:54,960 [C-W4] 💕 [207/720] 辛巳(신사) × 戊寅(무인)
2026-03-07 02:39:11,634 [C-W4]   🎉 성공 (✅206 ❌1)
2026-03-07 02:39:11,634 [C-W4]   ⏰ 27.2초 대기...
2026-03-07 02:39:38,803 [C-W4] 💕 [208/720] 辛巳(신사) × 癸未(계미)
2026-03-07 02:39:55,467 [C-W4]   🎉 성공 (✅207 ❌1)
2026-03-07 02:39:55,467 [C-W4]   ⏰ 23.8초 대기...
2026-03-07 02:40:19,254 [C-W4] 💕 [209/720] 辛巳(신사) × 戊子(무자)
2026-03-07 02:40:35,919 [C-W4]   🎉 성공 (✅208 ❌1)
2026-03-07 02:40:35,919 [C-W4]   ⏰ 27.6초 대기...
2026-03-07 02:41:03,520 [C-W4] 💕 [210/720] 辛巳(신사) × 癸巳(계사)
2026-03-07 02:41:03,521 [C-W4]   🔄 새 채팅...
2026-03-07 02:41:24,317 [C-W4]   🎉 성공 (✅209 ❌1)
2026-03-07 02:41:24,317 [C-W4]   ⏰ 24.1초 대기...
2026-03-07 02:41:48,429 [C-W4] 💕 [211/720] 辛巳(신사) × 戊戌(무술)
2026-03-07 02:42:05,072 [C-W4]   🎉 성공 (✅210 ❌1)
2026-03-07 02:42:05,072 [C-W4]   ⏰ 24.5초 대기...
2026-03-07 02:42:29,619 [C-W4] 💕 [212/720] 辛巳(신사) × 癸卯(계묘)
2026-03-07 02:42:46,267 [C-W4]   🎉 성공 (✅211 ❌1)
2026-03-07 02:42:46,267 [C-W4]   ⏰ 35.4초 대기...
2026-03-07 02:43:21,638 [C-W4] 💕 [213/720] 辛巳(신사) × 戊申(무신)
2026-03-07 02:43:38,325 [C-W4]   🎉 성공 (✅212 ❌1)
2026-03-07 02:43:38,325 [C-W4]   ⏰ 37.1초 대기...
2026-03-07 02:44:15,413 [C-W4] 💕 [214/720] 辛巳(신사) × 癸丑(계축)
2026-03-07 02:44:32,094 [C-W4]   🎉 성공 (✅213 ❌1)
2026-03-07 02:44:32,095 [C-W4]   ⏰ 31.3초 대기...
2026-03-07 02:45:03,357 [C-W4] 💕 [215/720] 辛巳(신사) × 戊午(무오)
2026-03-07 02:45:20,026 [C-W4]   🎉 성공 (✅214 ❌1)
2026-03-07 02:45:20,026 [C-W4]   ⏰ 26.0초 대기...
2026-03-07 02:45:46,002 [C-W4] 💕 [216/720] 辛巳(신사) × 癸亥(계해)
2026-03-07 02:46:02,670 [C-W4]   🎉 성공 (✅215 ❌1)
2026-03-07 02:46:02,671 [C-W4]   ⏰ 28.2초 대기...
2026-03-07 02:46:30,875 [C-W4] 💕 [217/720] 壬午(임오) × 戊辰(무진)
2026-03-07 02:46:47,550 [C-W4]   🎉 성공 (✅216 ❌1)
2026-03-07 02:46:47,550 [C-W4]   ⏰ 28.4초 대기...
2026-03-07 02:47:15,983 [C-W4] 💕 [218/720] 壬午(임오) × 癸酉(계유)
2026-03-07 02:47:15,983 [C-W4]   🔄 새 채팅...
2026-03-07 02:47:36,777 [C-W4]   🎉 성공 (✅217 ❌1)
2026-03-07 02:47:36,778 [C-W4]   ⏰ 26.5초 대기...
2026-03-07 02:48:03,244 [C-W4] 💕 [219/720] 壬午(임오) × 戊寅(무인)
2026-03-07 02:48:19,908 [C-W4]   🎉 성공 (✅218 ❌1)
2026-03-07 02:48:19,908 [C-W4]   ⏰ 37.0초 대기...
2026-03-07 02:48:56,933 [C-W4] 💕 [220/720] 壬午(임오) × 癸未(계미)
2026-03-07 02:49:13,590 [C-W4]   🎉 성공 (✅219 ❌1)
2026-03-07 02:49:13,590 [C-W4]   ⏰ 26.7초 대기...
2026-03-07 02:49:40,259 [C-W4] 💕 [221/720] 壬午(임오) × 戊子(무자)
2026-03-07 02:49:56,919 [C-W4]   🎉 성공 (✅220 ❌1)
2026-03-07 02:49:56,919 [C-W4]   ⏰ 33.7초 대기...
2026-03-07 02:50:30,604 [C-W4] 💕 [222/720] 壬午(임오) × 癸巳(계사)
2026-03-07 02:50:47,298 [C-W4]   🎉 성공 (✅221 ❌1)
2026-03-07 02:50:47,298 [C-W4]   ⏰ 23.4초 대기...
2026-03-07 02:51:10,682 [C-W4] 💕 [223/720] 壬午(임오) × 戊戌(무술)
2026-03-07 02:51:27,360 [C-W4]   🎉 성공 (✅222 ❌1)
2026-03-07 02:51:27,360 [C-W4]   ⏰ 32.7초 대기...
2026-03-07 02:52:00,047 [C-W4] 💕 [224/720] 壬午(임오) × 癸卯(계묘)
2026-03-07 02:52:16,733 [C-W4]   🎉 성공 (✅223 ❌1)
2026-03-07 02:52:16,733 [C-W4]   ⏰ 36.2초 대기...
2026-03-07 02:52:52,912 [C-W4] 💕 [225/720] 壬午(임오) × 戊申(무신)
2026-03-07 02:53:09,570 [C-W4]   🎉 성공 (✅224 ❌1)
2026-03-07 02:53:09,570 [C-W4]   ⏰ 33.0초 대기...
2026-03-07 02:53:42,522 [C-W4] 💕 [226/720] 壬午(임오) × 癸丑(계축)
2026-03-07 02:53:42,523 [C-W4]   🔄 새 채팅...
2026-03-07 02:54:03,258 [C-W4]   🎉 성공 (✅225 ❌1)
2026-03-07 02:54:03,259 [C-W4]   ⏰ 33.4초 대기...
2026-03-07 02:54:36,670 [C-W4] 💕 [227/720] 壬午(임오) × 戊午(무오)
2026-03-07 02:54:53,348 [C-W4]   🎉 성공 (✅226 ❌1)
2026-03-07 02:54:53,349 [C-W4]   ⏰ 22.1초 대기...
2026-03-07 02:55:15,469 [C-W4] 💕 [228/720] 壬午(임오) × 癸亥(계해)
2026-03-07 02:55:32,148 [C-W4]   🎉 성공 (✅227 ❌1)
2026-03-07 02:55:32,148 [C-W4]   ⏰ 23.8초 대기...
2026-03-07 02:55:55,971 [C-W4] 💕 [229/720] 癸未(계미) × 戊辰(무진)
2026-03-07 02:56:12,629 [C-W4]   🎉 성공 (✅228 ❌1)
2026-03-07 02:56:12,629 [C-W4]   ⏰ 25.4초 대기...
2026-03-07 02:56:38,022 [C-W4] 💕 [230/720] 癸未(계미) × 癸酉(계유)
2026-03-07 02:56:54,696 [C-W4]   🎉 성공 (✅229 ❌1)
2026-03-07 02:56:54,696 [C-W4]   ⏰ 22.6초 대기...
2026-03-07 02:57:17,292 [C-W4] 💕 [231/720] 癸未(계미) × 戊寅(무인)
2026-03-07 02:57:33,950 [C-W4]   🎉 성공 (✅230 ❌1)
2026-03-07 02:57:33,950 [C-W4]   ⏰ 38.5초 대기...
2026-03-07 02:58:12,481 [C-W4] 💕 [232/720] 癸未(계미) × 癸未(계미)
2026-03-07 02:58:29,148 [C-W4]   🎉 성공 (✅231 ❌1)
2026-03-07 02:58:29,148 [C-W4]   ⏰ 31.2초 대기...
2026-03-07 02:59:00,352 [C-W4] 💕 [233/720] 癸未(계미) × 戊子(무자)
2026-03-07 02:59:17,069 [C-W4]   🎉 성공 (✅232 ❌1)
2026-03-07 02:59:17,070 [C-W4]   ⏰ 26.9초 대기...
2026-03-07 02:59:43,940 [C-W4] 💕 [234/720] 癸未(계미) × 癸巳(계사)
2026-03-07 02:59:43,940 [C-W4]   🔄 새 채팅...
2026-03-07 03:00:04,679 [C-W4]   🎉 성공 (✅233 ❌1)
2026-03-07 03:00:04,679 [C-W4]   ⏰ 34.1초 대기...
2026-03-07 03:00:38,737 [C-W4] 💕 [235/720] 癸未(계미) × 戊戌(무술)
2026-03-07 03:00:55,417 [C-W4]   🎉 성공 (✅234 ❌1)
2026-03-07 03:00:55,417 [C-W4]   ⏰ 22.2초 대기...
2026-03-07 03:01:17,606 [C-W4] 💕 [236/720] 癸未(계미) × 癸卯(계묘)
2026-03-07 03:01:34,246 [C-W4]   🎉 성공 (✅235 ❌1)
2026-03-07 03:01:34,246 [C-W4]   ⏰ 34.9초 대기...
2026-03-07 03:02:09,191 [C-W4] 💕 [237/720] 癸未(계미) × 戊申(무신)
2026-03-07 03:02:25,869 [C-W4]   🎉 성공 (✅236 ❌1)
2026-03-07 03:02:25,869 [C-W4]   ⏰ 24.0초 대기...
2026-03-07 03:02:49,876 [C-W4] 💕 [238/720] 癸未(계미) × 癸丑(계축)
2026-03-07 03:03:06,562 [C-W4]   🎉 성공 (✅237 ❌1)
2026-03-07 03:03:06,562 [C-W4]   ⏰ 27.2초 대기...
2026-03-07 03:03:33,728 [C-W4] 💕 [239/720] 癸未(계미) × 戊午(무오)
2026-03-07 03:03:50,388 [C-W4]   🎉 성공 (✅238 ❌1)
2026-03-07 03:03:50,388 [C-W4]   ⏰ 23.0초 대기...
2026-03-07 03:04:13,387 [C-W4] 💕 [240/720] 癸未(계미) × 癸亥(계해)
2026-03-07 03:04:30,047 [C-W4]   🎉 성공 (✅239 ❌1)
2026-03-07 03:04:30,047 [C-W4]   ⏰ 31.1초 대기...
2026-03-07 03:05:01,154 [C-W4] 💕 [241/720] 甲申(갑신) × 戊辰(무진)
2026-03-07 03:05:17,851 [C-W4]   🎉 성공 (✅240 ❌1)
2026-03-07 03:05:17,852 [C-W4]   ⏰ 23.5초 대기...
2026-03-07 03:05:41,329 [C-W4] 💕 [242/720] 甲申(갑신) × 癸酉(계유)
2026-03-07 03:05:41,330 [C-W4]   🔄 새 채팅...
2026-03-07 03:06:05,107 [C-W4]   🎉 성공 (✅241 ❌1)
2026-03-07 03:06:05,107 [C-W4]   ⏰ 36.5초 대기...
2026-03-07 03:06:41,654 [C-W4] 💕 [243/720] 甲申(갑신) × 戊寅(무인)
2026-03-07 03:06:58,325 [C-W4]   🎉 성공 (✅242 ❌1)
2026-03-07 03:06:58,325 [C-W4]   ⏰ 30.2초 대기...
2026-03-07 03:07:28,531 [C-W4] 💕 [244/720] 甲申(갑신) × 癸未(계미)
2026-03-07 03:07:48,232 [C-W4]   🎉 성공 (✅243 ❌1)
2026-03-07 03:07:48,232 [C-W4]   ⏰ 32.9초 대기...
2026-03-07 03:08:21,111 [C-W4] 💕 [245/720] 甲申(갑신) × 戊子(무자)
2026-03-07 03:08:40,781 [C-W4]   🎉 성공 (✅244 ❌1)
2026-03-07 03:08:40,781 [C-W4]   ⏰ 37.4초 대기...
2026-03-07 03:09:18,205 [C-W4] 💕 [246/720] 甲申(갑신) × 癸巳(계사)
2026-03-07 03:09:37,884 [C-W4]   🎉 성공 (✅245 ❌1)
2026-03-07 03:09:37,885 [C-W4]   ⏰ 33.9초 대기...
2026-03-07 03:10:11,783 [C-W4] 💕 [247/720] 甲申(갑신) × 戊戌(무술)
2026-03-07 03:10:28,457 [C-W4]   🎉 성공 (✅246 ❌1)
2026-03-07 03:10:28,457 [C-W4]   ⏰ 34.0초 대기...
2026-03-07 03:11:02,461 [C-W4] 💕 [248/720] 甲申(갑신) × 癸卯(계묘)
2026-03-07 03:11:22,141 [C-W4]   🎉 성공 (✅247 ❌1)
2026-03-07 03:11:22,141 [C-W4]   ⏰ 27.9초 대기...
2026-03-07 03:11:49,997 [C-W4] 💕 [249/720] 甲申(갑신) × 戊申(무신)
2026-03-07 03:12:09,676 [C-W4]   🎉 성공 (✅248 ❌1)
2026-03-07 03:12:09,677 [C-W4]   ⏰ 25.1초 대기...
2026-03-07 03:12:34,754 [C-W4] 💕 [250/720] 甲申(갑신) × 癸丑(계축)
2026-03-07 03:12:34,755 [C-W4]   🔄 새 채팅...
2026-03-07 03:12:55,492 [C-W4]   🎉 성공 (✅249 ❌1)
2026-03-07 03:12:55,492 [C-W4]   ⏰ 35.2초 대기...
2026-03-07 03:13:30,733 [C-W4] 💕 [251/720] 甲申(갑신) × 戊午(무오)
2026-03-07 03:13:47,416 [C-W4]   🎉 성공 (✅250 ❌1)
2026-03-07 03:13:47,417 [C-W4]   ⏰ 38.2초 대기...
2026-03-07 03:14:25,651 [C-W4] 💕 [252/720] 甲申(갑신) × 癸亥(계해)
2026-03-07 03:14:42,324 [C-W4]   🎉 성공 (✅251 ❌1)
2026-03-07 03:14:42,325 [C-W4]   ⏰ 31.8초 대기...
2026-03-07 03:15:14,078 [C-W4] 💕 [253/720] 乙酉(을유) × 戊辰(무진)
2026-03-07 03:15:30,744 [C-W4]   🎉 성공 (✅252 ❌1)
2026-03-07 03:15:30,744 [C-W4]   ⏰ 23.6초 대기...
2026-03-07 03:15:54,368 [C-W4] 💕 [254/720] 乙酉(을유) × 癸酉(계유)
2026-03-07 03:16:11,052 [C-W4]   🎉 성공 (✅253 ❌1)
2026-03-07 03:16:11,052 [C-W4]   ⏰ 36.4초 대기...
2026-03-07 03:16:47,483 [C-W4] 💕 [255/720] 乙酉(을유) × 戊寅(무인)
2026-03-07 03:17:04,155 [C-W4]   🎉 성공 (✅254 ❌1)
2026-03-07 03:17:04,155 [C-W4]   ⏰ 34.2초 대기...
2026-03-07 03:17:38,406 [C-W4] 💕 [256/720] 乙酉(을유) × 癸未(계미)
2026-03-07 03:17:55,101 [C-W4]   🎉 성공 (✅255 ❌1)
2026-03-07 03:17:55,102 [C-W4]   ⏰ 36.0초 대기...
2026-03-07 03:18:31,134 [C-W4] 💕 [257/720] 乙酉(을유) × 戊子(무자)
2026-03-07 03:18:47,830 [C-W4]   🎉 성공 (✅256 ❌1)
2026-03-07 03:18:47,831 [C-W4]   ⏰ 36.5초 대기...
2026-03-07 03:19:24,284 [C-W4] 💕 [258/720] 乙酉(을유) × 癸巳(계사)
2026-03-07 03:19:24,284 [C-W4]   🔄 새 채팅...
2026-03-07 03:19:45,013 [C-W4]   🎉 성공 (✅257 ❌1)
2026-03-07 03:19:45,013 [C-W4]   ⏰ 36.5초 대기...
2026-03-07 03:20:21,492 [C-W4] 💕 [259/720] 乙酉(을유) × 戊戌(무술)
2026-03-07 03:20:38,171 [C-W4]   🎉 성공 (✅258 ❌1)
2026-03-07 03:20:38,172 [C-W4]   ⏰ 30.7초 대기...
2026-03-07 03:21:08,868 [C-W4] 💕 [260/720] 乙酉(을유) × 癸卯(계묘)
2026-03-07 03:21:25,535 [C-W4]   🎉 성공 (✅259 ❌1)
2026-03-07 03:21:25,535 [C-W4]   ⏰ 36.2초 대기...
2026-03-07 03:22:01,725 [C-W4] 💕 [261/720] 乙酉(을유) × 戊申(무신)
2026-03-07 03:22:18,434 [C-W4]   🎉 성공 (✅260 ❌1)
2026-03-07 03:22:18,435 [C-W4]   ⏰ 22.5초 대기...
2026-03-07 03:22:40,918 [C-W4] 💕 [262/720] 乙酉(을유) × 癸丑(계축)
2026-03-07 03:22:57,607 [C-W4]   🎉 성공 (✅261 ❌1)
2026-03-07 03:22:57,607 [C-W4]   ⏰ 35.2초 대기...
2026-03-07 03:23:32,772 [C-W4] 💕 [263/720] 乙酉(을유) × 戊午(무오)
2026-03-07 03:23:49,450 [C-W4]   🎉 성공 (✅262 ❌1)
2026-03-07 03:23:49,450 [C-W4]   ⏰ 35.3초 대기...
2026-03-07 03:24:24,795 [C-W4] 💕 [264/720] 乙酉(을유) × 癸亥(계해)
2026-03-07 03:24:41,463 [C-W4]   🎉 성공 (✅263 ❌1)
2026-03-07 03:24:41,463 [C-W4]   ⏰ 34.5초 대기...
2026-03-07 03:25:15,942 [C-W4] 💕 [265/720] 丙戌(병술) × 戊辰(무진)
2026-03-07 03:25:32,622 [C-W4]   🎉 성공 (✅264 ❌1)
2026-03-07 03:25:32,622 [C-W4]   ⏰ 25.0초 대기...
2026-03-07 03:25:57,621 [C-W4] 💕 [266/720] 丙戌(병술) × 癸酉(계유)
2026-03-07 03:25:57,621 [C-W4]   🔄 새 채팅...
2026-03-07 03:26:18,359 [C-W4]   🎉 성공 (✅265 ❌1)
2026-03-07 03:26:18,359 [C-W4]   ⏰ 38.6초 대기...
2026-03-07 03:26:56,973 [C-W4] 💕 [267/720] 丙戌(병술) × 戊寅(무인)
2026-03-07 03:27:13,640 [C-W4]   🎉 성공 (✅266 ❌1)
2026-03-07 03:27:13,641 [C-W4]   ⏰ 34.6초 대기...
2026-03-07 03:27:48,263 [C-W4] 💕 [268/720] 丙戌(병술) × 癸未(계미)
2026-03-07 03:28:04,922 [C-W4]   🎉 성공 (✅267 ❌1)
2026-03-07 03:28:04,922 [C-W4]   ⏰ 22.9초 대기...
2026-03-07 03:28:27,823 [C-W4] 💕 [269/720] 丙戌(병술) × 戊子(무자)
2026-03-07 03:28:44,482 [C-W4]   🎉 성공 (✅268 ❌1)
2026-03-07 03:28:44,482 [C-W4]   ⏰ 24.6초 대기...
2026-03-07 03:29:09,117 [C-W4] 💕 [270/720] 丙戌(병술) × 癸巳(계사)
2026-03-07 03:29:25,820 [C-W4]   🎉 성공 (✅269 ❌1)
2026-03-07 03:29:25,820 [C-W4]   ⏰ 36.3초 대기...
2026-03-07 03:30:02,114 [C-W4] 💕 [271/720] 丙戌(병술) × 戊戌(무술)
2026-03-07 03:30:18,795 [C-W4]   🎉 성공 (✅270 ❌1)
2026-03-07 03:30:18,795 [C-W4]   ⏰ 34.5초 대기...
2026-03-07 03:30:53,330 [C-W4] 💕 [272/720] 丙戌(병술) × 癸卯(계묘)
2026-03-07 03:31:10,003 [C-W4]   🎉 성공 (✅271 ❌1)
2026-03-07 03:31:10,004 [C-W4]   ⏰ 32.6초 대기...
2026-03-07 03:31:42,570 [C-W4] 💕 [273/720] 丙戌(병술) × 戊申(무신)
2026-03-07 03:31:59,242 [C-W4]   🎉 성공 (✅272 ❌1)
2026-03-07 03:31:59,242 [C-W4]   ⏰ 27.9초 대기...
2026-03-07 03:32:27,125 [C-W4] 💕 [274/720] 丙戌(병술) × 癸丑(계축)
2026-03-07 03:32:27,125 [C-W4]   🔄 새 채팅...
2026-03-07 03:32:47,873 [C-W4]   🎉 성공 (✅273 ❌1)
2026-03-07 03:32:47,873 [C-W4]   ⏰ 25.9초 대기...
2026-03-07 03:33:13,807 [C-W4] 💕 [275/720] 丙戌(병술) × 戊午(무오)
2026-03-07 03:33:30,467 [C-W4]   🎉 성공 (✅274 ❌1)
2026-03-07 03:33:30,467 [C-W4]   ⏰ 37.8초 대기...
2026-03-07 03:34:08,266 [C-W4] 💕 [276/720] 丙戌(병술) × 癸亥(계해)
2026-03-07 03:34:24,926 [C-W4]   🎉 성공 (✅275 ❌1)
2026-03-07 03:34:24,926 [C-W4]   ⏰ 38.1초 대기...
2026-03-07 03:35:02,986 [C-W4] 💕 [277/720] 丁亥(정해) × 戊辰(무진)
2026-03-07 03:35:19,645 [C-W4]   🎉 성공 (✅276 ❌1)
2026-03-07 03:35:19,646 [C-W4]   ⏰ 27.4초 대기...
2026-03-07 03:35:47,009 [C-W4] 💕 [278/720] 丁亥(정해) × 癸酉(계유)
2026-03-07 03:36:03,676 [C-W4]   🎉 성공 (✅277 ❌1)
2026-03-07 03:36:03,676 [C-W4]   ⏰ 28.5초 대기...
2026-03-07 03:36:32,183 [C-W4] 💕 [279/720] 丁亥(정해) × 戊寅(무인)
2026-03-07 03:36:48,871 [C-W4]   🎉 성공 (✅278 ❌1)
2026-03-07 03:36:48,872 [C-W4]   ⏰ 22.4초 대기...
2026-03-07 03:37:11,272 [C-W4] 💕 [280/720] 丁亥(정해) × 癸未(계미)
2026-03-07 03:37:27,938 [C-W4]   🎉 성공 (✅279 ❌1)
2026-03-07 03:37:27,938 [C-W4]   ⏰ 22.4초 대기...
2026-03-07 03:37:50,382 [C-W4] 💕 [281/720] 丁亥(정해) × 戊子(무자)
2026-03-07 03:38:07,050 [C-W4]   🎉 성공 (✅280 ❌1)
2026-03-07 03:38:07,050 [C-W4]   ⏰ 38.3초 대기...
2026-03-07 03:38:45,354 [C-W4] 💕 [282/720] 丁亥(정해) × 癸巳(계사)
2026-03-07 03:38:45,354 [C-W4]   🔄 새 채팅...
2026-03-07 03:39:06,120 [C-W4]   🎉 성공 (✅281 ❌1)
2026-03-07 03:39:06,121 [C-W4]   ⏰ 26.9초 대기...
2026-03-07 03:39:32,973 [C-W4] 💕 [283/720] 丁亥(정해) × 戊戌(무술)
2026-03-07 03:39:49,621 [C-W4]   🎉 성공 (✅282 ❌1)
2026-03-07 03:39:49,621 [C-W4]   ⏰ 33.5초 대기...
2026-03-07 03:40:23,078 [C-W4] 💕 [284/720] 丁亥(정해) × 癸卯(계묘)
2026-03-07 03:40:39,758 [C-W4]   🎉 성공 (✅283 ❌1)
2026-03-07 03:40:39,759 [C-W4]   ⏰ 30.9초 대기...
2026-03-07 03:41:10,640 [C-W4] 💕 [285/720] 丁亥(정해) × 戊申(무신)
2026-03-07 03:41:27,313 [C-W4]   🎉 성공 (✅284 ❌1)
2026-03-07 03:41:27,314 [C-W4]   ⏰ 35.8초 대기...
2026-03-07 03:42:03,065 [C-W4] 💕 [286/720] 丁亥(정해) × 癸丑(계축)
2026-03-07 03:42:19,748 [C-W4]   🎉 성공 (✅285 ❌1)
2026-03-07 03:42:19,748 [C-W4]   ⏰ 28.7초 대기...
2026-03-07 03:42:48,480 [C-W4] 💕 [287/720] 丁亥(정해) × 戊午(무오)
2026-03-07 03:43:05,148 [C-W4]   🎉 성공 (✅286 ❌1)
2026-03-07 03:43:05,150 [C-W4]   ⏰ 26.4초 대기...
2026-03-07 03:43:31,565 [C-W4] 💕 [288/720] 丁亥(정해) × 癸亥(계해)
2026-03-07 03:43:48,235 [C-W4]   🎉 성공 (✅287 ❌1)
2026-03-07 03:43:48,235 [C-W4]   ⏰ 35.3초 대기...
2026-03-07 03:44:23,582 [C-W4] 💕 [289/720] 戊子(무자) × 戊辰(무진)
2026-03-07 03:44:40,253 [C-W4]   🎉 성공 (✅288 ❌1)
2026-03-07 03:44:40,253 [C-W4]   ⏰ 25.1초 대기...
2026-03-07 03:45:05,324 [C-W4] 💕 [290/720] 戊子(무자) × 癸酉(계유)
2026-03-07 03:45:05,324 [C-W4]   🔄 새 채팅...
2026-03-07 03:45:26,070 [C-W4]   🎉 성공 (✅289 ❌1)
2026-03-07 03:45:26,070 [C-W4]   ⏰ 25.6초 대기...
2026-03-07 03:45:51,694 [C-W4] 💕 [291/720] 戊子(무자) × 戊寅(무인)
2026-03-07 03:46:08,385 [C-W4]   🎉 성공 (✅290 ❌1)
2026-03-07 03:46:08,385 [C-W4]   ⏰ 26.7초 대기...
2026-03-07 03:46:35,090 [C-W4] 💕 [292/720] 戊子(무자) × 癸未(계미)
2026-03-07 03:46:51,741 [C-W4]   🎉 성공 (✅291 ❌1)
2026-03-07 03:46:51,742 [C-W4]   ⏰ 31.7초 대기...
2026-03-07 03:47:23,443 [C-W4] 💕 [293/720] 戊子(무자) × 戊子(무자)
2026-03-07 03:47:40,102 [C-W4]   🎉 성공 (✅292 ❌1)
2026-03-07 03:47:40,103 [C-W4]   ⏰ 23.8초 대기...
2026-03-07 03:48:03,900 [C-W4] 💕 [294/720] 戊子(무자) × 癸巳(계사)
2026-03-07 03:48:20,567 [C-W4]   🎉 성공 (✅293 ❌1)
2026-03-07 03:48:20,567 [C-W4]   ⏰ 24.7초 대기...
2026-03-07 03:48:45,283 [C-W4] 💕 [295/720] 戊子(무자) × 戊戌(무술)
2026-03-07 03:49:01,952 [C-W4]   🎉 성공 (✅294 ❌1)
2026-03-07 03:49:01,952 [C-W4]   ⏰ 27.7초 대기...
2026-03-07 03:49:29,699 [C-W4] 💕 [296/720] 戊子(무자) × 癸卯(계묘)
2026-03-07 03:49:46,394 [C-W4]   🎉 성공 (✅295 ❌1)
2026-03-07 03:49:46,394 [C-W4]   ⏰ 29.2초 대기...
2026-03-07 03:50:15,597 [C-W4] 💕 [297/720] 戊子(무자) × 戊申(무신)
2026-03-07 03:50:32,271 [C-W4]   🎉 성공 (✅296 ❌1)
2026-03-07 03:50:32,271 [C-W4]   ⏰ 32.8초 대기...
2026-03-07 03:51:05,119 [C-W4] 💕 [298/720] 戊子(무자) × 癸丑(계축)
2026-03-07 03:51:05,119 [C-W4]   🔄 새 채팅...
2026-03-07 03:51:25,871 [C-W4]   🎉 성공 (✅297 ❌1)
2026-03-07 03:51:25,871 [C-W4]   ⏰ 30.4초 대기...
2026-03-07 03:51:56,238 [C-W4] 💕 [299/720] 戊子(무자) × 戊午(무오)
2026-03-07 03:52:12,904 [C-W4]   🎉 성공 (✅298 ❌1)
2026-03-07 03:52:12,904 [C-W4]   ⏰ 32.1초 대기...
2026-03-07 03:52:45,019 [C-W4] 💕 [300/720] 戊子(무자) × 癸亥(계해)
2026-03-07 03:53:01,695 [C-W4]   🎉 성공 (✅299 ❌1)
2026-03-07 03:53:01,695 [C-W4]   ⏰ 25.0초 대기...
2026-03-07 03:53:26,669 [C-W4] 💕 [301/720] 己丑(기축) × 戊辰(무진)
2026-03-07 03:53:43,337 [C-W4]   🎉 성공 (✅300 ❌1)
2026-03-07 03:53:43,337 [C-W4]   ⏰ 23.0초 대기...
2026-03-07 03:54:06,372 [C-W4] 💕 [302/720] 己丑(기축) × 癸酉(계유)
2026-03-07 03:54:23,032 [C-W4]   🎉 성공 (✅301 ❌1)
2026-03-07 03:54:23,032 [C-W4]   ⏰ 23.0초 대기...
2026-03-07 03:54:46,037 [C-W4] 💕 [303/720] 己丑(기축) × 戊寅(무인)
2026-03-07 03:55:02,706 [C-W4]   🎉 성공 (✅302 ❌1)
2026-03-07 03:55:02,706 [C-W4]   ⏰ 23.0초 대기...
2026-03-07 03:55:25,666 [C-W4] 💕 [304/720] 己丑(기축) × 癸未(계미)
2026-03-07 03:55:42,334 [C-W4]   🎉 성공 (✅303 ❌1)
2026-03-07 03:55:42,334 [C-W4]   ⏰ 34.0초 대기...
2026-03-07 03:56:16,383 [C-W4] 💕 [305/720] 己丑(기축) × 戊子(무자)
2026-03-07 03:56:33,072 [C-W4]   🎉 성공 (✅304 ❌1)
2026-03-07 03:56:33,072 [C-W4]   ⏰ 24.8초 대기...
2026-03-07 03:56:57,916 [C-W4] 💕 [306/720] 己丑(기축) × 癸巳(계사)
2026-03-07 03:56:57,916 [C-W4]   🔄 새 채팅...
2026-03-07 03:57:18,652 [C-W4]   🎉 성공 (✅305 ❌1)
2026-03-07 03:57:18,653 [C-W4]   ⏰ 36.1초 대기...
2026-03-07 03:57:54,784 [C-W4] 💕 [307/720] 己丑(기축) × 戊戌(무술)
2026-03-07 03:58:11,447 [C-W4]   🎉 성공 (✅306 ❌1)
2026-03-07 03:58:11,448 [C-W4]   ⏰ 36.2초 대기...
2026-03-07 03:58:47,620 [C-W4] 💕 [308/720] 己丑(기축) × 癸卯(계묘)
2026-03-07 03:59:04,273 [C-W4]   🎉 성공 (✅307 ❌1)
2026-03-07 03:59:04,273 [C-W4]   ⏰ 29.7초 대기...
2026-03-07 03:59:34,019 [C-W4] 💕 [309/720] 己丑(기축) × 戊申(무신)
2026-03-07 03:59:50,657 [C-W4]   🎉 성공 (✅308 ❌1)
2026-03-07 03:59:50,658 [C-W4]   ⏰ 31.3초 대기...
2026-03-07 04:00:21,936 [C-W4] 💕 [310/720] 己丑(기축) × 癸丑(계축)
2026-03-07 04:00:38,614 [C-W4]   🎉 성공 (✅309 ❌1)
2026-03-07 04:00:38,614 [C-W4]   ⏰ 29.5초 대기...
2026-03-07 04:01:08,123 [C-W4] 💕 [311/720] 己丑(기축) × 戊午(무오)
2026-03-07 04:01:24,787 [C-W4]   🎉 성공 (✅310 ❌1)
2026-03-07 04:01:24,788 [C-W4]   ⏰ 22.9초 대기...
2026-03-07 04:01:47,716 [C-W4] 💕 [312/720] 己丑(기축) × 癸亥(계해)
2026-03-07 04:02:04,377 [C-W4]   🎉 성공 (✅311 ❌1)
2026-03-07 04:02:04,377 [C-W4]   ⏰ 29.8초 대기...
2026-03-07 04:02:34,160 [C-W4] 💕 [313/720] 庚寅(경인) × 戊辰(무진)
2026-03-07 04:02:50,820 [C-W4]   🎉 성공 (✅312 ❌1)
2026-03-07 04:02:50,820 [C-W4]   ⏰ 26.6초 대기...
2026-03-07 04:03:17,408 [C-W4] 💕 [314/720] 庚寅(경인) × 癸酉(계유)
2026-03-07 04:03:17,408 [C-W4]   🔄 새 채팅...
2026-03-07 04:03:38,166 [C-W4]   🎉 성공 (✅313 ❌1)
2026-03-07 04:03:38,166 [C-W4]   ⏰ 29.7초 대기...
2026-03-07 04:04:07,834 [C-W4] 💕 [315/720] 庚寅(경인) × 戊寅(무인)
2026-03-07 04:04:24,482 [C-W4]   🎉 성공 (✅314 ❌1)
2026-03-07 04:04:24,482 [C-W4]   ⏰ 27.2초 대기...
2026-03-07 04:04:51,688 [C-W4] 💕 [316/720] 庚寅(경인) × 癸未(계미)
2026-03-07 04:05:08,340 [C-W4]   🎉 성공 (✅315 ❌1)
2026-03-07 04:05:08,341 [C-W4]   ⏰ 30.5초 대기...
2026-03-07 04:05:38,824 [C-W4] 💕 [317/720] 庚寅(경인) × 戊子(무자)
2026-03-07 04:05:55,504 [C-W4]   🎉 성공 (✅316 ❌1)
2026-03-07 04:05:55,505 [C-W4]   ⏰ 27.0초 대기...
2026-03-07 04:06:22,554 [C-W4] 💕 [318/720] 庚寅(경인) × 癸巳(계사)
2026-03-07 04:06:39,209 [C-W4]   🎉 성공 (✅317 ❌1)
2026-03-07 04:06:39,209 [C-W4]   ⏰ 32.3초 대기...
2026-03-07 04:07:11,513 [C-W4] 💕 [319/720] 庚寅(경인) × 戊戌(무술)
2026-03-07 04:07:28,168 [C-W4]   🎉 성공 (✅318 ❌1)
2026-03-07 04:07:28,169 [C-W4]   ⏰ 36.9초 대기...
2026-03-07 04:08:05,023 [C-W4] 💕 [320/720] 庚寅(경인) × 癸卯(계묘)
2026-03-07 04:08:21,722 [C-W4]   🎉 성공 (✅319 ❌1)
2026-03-07 04:08:21,722 [C-W4]   ⏰ 38.6초 대기...
2026-03-07 04:09:00,324 [C-W4] 💕 [321/720] 庚寅(경인) × 戊申(무신)
2026-03-07 04:09:17,004 [C-W4]   🎉 성공 (✅320 ❌1)
2026-03-07 04:09:17,004 [C-W4]   ⏰ 32.3초 대기...
2026-03-07 04:09:49,344 [C-W4] 💕 [322/720] 庚寅(경인) × 癸丑(계축)
2026-03-07 04:09:49,344 [C-W4]   🔄 새 채팅...
2026-03-07 04:10:10,091 [C-W4]   🎉 성공 (✅321 ❌1)
2026-03-07 04:10:10,091 [C-W4]   ⏰ 34.2초 대기...
2026-03-07 04:10:44,281 [C-W4] 💕 [323/720] 庚寅(경인) × 戊午(무오)
2026-03-07 04:11:00,954 [C-W4]   🎉 성공 (✅322 ❌1)
2026-03-07 04:11:00,954 [C-W4]   ⏰ 26.2초 대기...
2026-03-07 04:11:27,203 [C-W4] 💕 [324/720] 庚寅(경인) × 癸亥(계해)
2026-03-07 04:11:43,855 [C-W4]   🎉 성공 (✅323 ❌1)
2026-03-07 04:11:43,855 [C-W4]   ⏰ 22.6초 대기...
2026-03-07 04:12:06,493 [C-W4] 💕 [325/720] 辛卯(신묘) × 戊辰(무진)
2026-03-07 04:12:23,146 [C-W4]   🎉 성공 (✅324 ❌1)
2026-03-07 04:12:23,146 [C-W4]   ⏰ 34.5초 대기...
2026-03-07 04:12:57,614 [C-W4] 💕 [326/720] 辛卯(신묘) × 癸酉(계유)
2026-03-07 04:13:14,281 [C-W4]   🎉 성공 (✅325 ❌1)
2026-03-07 04:13:14,284 [C-W4]   ⏰ 23.5초 대기...
2026-03-07 04:13:37,830 [C-W4] 💕 [327/720] 辛卯(신묘) × 戊寅(무인)
2026-03-07 04:13:54,500 [C-W4]   🎉 성공 (✅326 ❌1)
2026-03-07 04:13:54,500 [C-W4]   ⏰ 24.5초 대기...
2026-03-07 04:14:18,989 [C-W4] 💕 [328/720] 辛卯(신묘) × 癸未(계미)
2026-03-07 04:14:35,656 [C-W4]   🎉 성공 (✅327 ❌1)
2026-03-07 04:14:35,656 [C-W4]   ⏰ 26.8초 대기...
2026-03-07 04:15:02,442 [C-W4] 💕 [329/720] 辛卯(신묘) × 戊子(무자)
2026-03-07 04:15:19,125 [C-W4]   🎉 성공 (✅328 ❌1)
2026-03-07 04:15:19,125 [C-W4]   ⏰ 38.1초 대기...
2026-03-07 04:15:57,247 [C-W4] 💕 [330/720] 辛卯(신묘) × 癸巳(계사)
2026-03-07 04:15:57,248 [C-W4]   🔄 새 채팅...
2026-03-07 04:16:17,998 [C-W4]   🎉 성공 (✅329 ❌1)
2026-03-07 04:16:17,998 [C-W4]   ⏰ 29.1초 대기...
2026-03-07 04:16:47,129 [C-W4] 💕 [331/720] 辛卯(신묘) × 戊戌(무술)
2026-03-07 04:17:03,777 [C-W4]   🎉 성공 (✅330 ❌1)
2026-03-07 04:17:03,777 [C-W4]   ⏰ 23.1초 대기...
2026-03-07 04:17:26,863 [C-W4] 💕 [332/720] 辛卯(신묘) × 癸卯(계묘)
2026-03-07 04:17:43,518 [C-W4]   🎉 성공 (✅331 ❌1)
2026-03-07 04:17:43,518 [C-W4]   ⏰ 28.1초 대기...
2026-03-07 04:18:11,649 [C-W4] 💕 [333/720] 辛卯(신묘) × 戊申(무신)
2026-03-07 04:18:28,283 [C-W4]   🎉 성공 (✅332 ❌1)
2026-03-07 04:18:28,283 [C-W4]   ⏰ 31.5초 대기...
2026-03-07 04:18:59,738 [C-W4] 💕 [334/720] 辛卯(신묘) × 癸丑(계축)
2026-03-07 04:19:16,405 [C-W4]   🎉 성공 (✅333 ❌1)
2026-03-07 04:19:16,405 [C-W4]   ⏰ 23.0초 대기...
2026-03-07 04:19:39,422 [C-W4] 💕 [335/720] 辛卯(신묘) × 戊午(무오)
2026-03-07 04:19:56,079 [C-W4]   🎉 성공 (✅334 ❌1)
2026-03-07 04:19:56,080 [C-W4]   ⏰ 22.3초 대기...
2026-03-07 04:20:18,378 [C-W4] 💕 [336/720] 辛卯(신묘) × 癸亥(계해)
2026-03-07 04:20:35,068 [C-W4]   🎉 성공 (✅335 ❌1)
2026-03-07 04:20:35,069 [C-W4]   ⏰ 33.0초 대기...
2026-03-07 04:21:08,081 [C-W4] 💕 [337/720] 壬辰(임진) × 戊辰(무진)
2026-03-07 04:21:24,750 [C-W4]   🎉 성공 (✅336 ❌1)
2026-03-07 04:21:24,750 [C-W4]   ⏰ 32.4초 대기...
2026-03-07 04:21:57,187 [C-W4] 💕 [338/720] 壬辰(임진) × 癸酉(계유)
2026-03-07 04:21:57,188 [C-W4]   🔄 새 채팅...
2026-03-07 04:22:17,963 [C-W4]   🎉 성공 (✅337 ❌1)
2026-03-07 04:22:17,964 [C-W4]   ⏰ 38.0초 대기...
2026-03-07 04:22:55,995 [C-W4] 💕 [339/720] 壬辰(임진) × 戊寅(무인)
2026-03-07 04:23:12,676 [C-W4]   🎉 성공 (✅338 ❌1)
2026-03-07 04:23:12,676 [C-W4]   ⏰ 32.4초 대기...
2026-03-07 04:23:45,070 [C-W4] 💕 [340/720] 壬辰(임진) × 癸未(계미)
2026-03-07 04:24:01,731 [C-W4]   🎉 성공 (✅339 ❌1)
2026-03-07 04:24:01,731 [C-W4]   ⏰ 33.3초 대기...
2026-03-07 04:24:35,052 [C-W4] 💕 [341/720] 壬辰(임진) × 戊子(무자)
2026-03-07 04:24:51,717 [C-W4]   🎉 성공 (✅340 ❌1)
2026-03-07 04:24:51,718 [C-W4]   ⏰ 31.7초 대기...
2026-03-07 04:25:23,426 [C-W4] 💕 [342/720] 壬辰(임진) × 癸巳(계사)
2026-03-07 04:25:40,095 [C-W4]   🎉 성공 (✅341 ❌1)
2026-03-07 04:25:40,095 [C-W4]   ⏰ 22.2초 대기...
2026-03-07 04:26:02,280 [C-W4] 💕 [343/720] 壬辰(임진) × 戊戌(무술)
2026-03-07 04:26:18,938 [C-W4]   🎉 성공 (✅342 ❌1)
2026-03-07 04:26:18,938 [C-W4]   ⏰ 28.2초 대기...
2026-03-07 04:26:47,182 [C-W4] 💕 [344/720] 壬辰(임진) × 癸卯(계묘)
2026-03-07 04:27:03,846 [C-W4]   🎉 성공 (✅343 ❌1)
2026-03-07 04:27:03,846 [C-W4]   ⏰ 23.1초 대기...
2026-03-07 04:27:26,907 [C-W4] 💕 [345/720] 壬辰(임진) × 戊申(무신)
2026-03-07 04:27:43,569 [C-W4]   🎉 성공 (✅344 ❌1)
2026-03-07 04:27:43,569 [C-W4]   ⏰ 26.0초 대기...
2026-03-07 04:28:09,568 [C-W4] 💕 [346/720] 壬辰(임진) × 癸丑(계축)
2026-03-07 04:28:09,568 [C-W4]   🔄 새 채팅...
2026-03-07 04:28:30,301 [C-W4]   🎉 성공 (✅345 ❌1)
2026-03-07 04:28:30,301 [C-W4]   ⏰ 28.1초 대기...
2026-03-07 04:28:58,364 [C-W4] 💕 [347/720] 壬辰(임진) × 戊午(무오)
2026-03-07 04:29:15,020 [C-W4]   🎉 성공 (✅346 ❌1)
2026-03-07 04:29:15,021 [C-W4]   ⏰ 31.9초 대기...
2026-03-07 04:29:46,956 [C-W4] 💕 [348/720] 壬辰(임진) × 癸亥(계해)
2026-03-07 04:30:03,613 [C-W4]   🎉 성공 (✅347 ❌1)
2026-03-07 04:30:03,613 [C-W4]   ⏰ 34.4초 대기...
2026-03-07 04:30:38,018 [C-W4] 💕 [349/720] 癸巳(계사) × 戊辰(무진)
2026-03-07 04:30:54,674 [C-W4]   🎉 성공 (✅348 ❌1)
2026-03-07 04:30:54,674 [C-W4]   ⏰ 29.4초 대기...
2026-03-07 04:31:24,045 [C-W4] 💕 [350/720] 癸巳(계사) × 癸酉(계유)
2026-03-07 04:31:40,713 [C-W4]   🎉 성공 (✅349 ❌1)
2026-03-07 04:31:40,713 [C-W4]   ⏰ 31.2초 대기...
2026-03-07 04:32:11,922 [C-W4] 💕 [351/720] 癸巳(계사) × 戊寅(무인)
2026-03-07 04:32:28,590 [C-W4]   🎉 성공 (✅350 ❌1)
2026-03-07 04:32:28,591 [C-W4]   ⏰ 26.3초 대기...
2026-03-07 04:32:54,938 [C-W4] 💕 [352/720] 癸巳(계사) × 癸未(계미)
2026-03-07 04:33:11,610 [C-W4]   🎉 성공 (✅351 ❌1)
2026-03-07 04:33:11,611 [C-W4]   ⏰ 37.5초 대기...
2026-03-07 04:33:49,073 [C-W4] 💕 [353/720] 癸巳(계사) × 戊子(무자)
2026-03-07 04:34:05,729 [C-W4]   🎉 성공 (✅352 ❌1)
2026-03-07 04:34:05,729 [C-W4]   ⏰ 37.2초 대기...
2026-03-07 04:34:42,956 [C-W4] 💕 [354/720] 癸巳(계사) × 癸巳(계사)
2026-03-07 04:34:42,957 [C-W4]   🔄 새 채팅...
2026-03-07 04:35:03,701 [C-W4]   🎉 성공 (✅353 ❌1)
2026-03-07 04:35:03,701 [C-W4]   ⏰ 26.0초 대기...
2026-03-07 04:35:29,735 [C-W4] 💕 [355/720] 癸巳(계사) × 戊戌(무술)
2026-03-07 04:35:46,401 [C-W4]   🎉 성공 (✅354 ❌1)
2026-03-07 04:35:46,401 [C-W4]   ⏰ 36.3초 대기...
2026-03-07 04:36:22,736 [C-W4] 💕 [356/720] 癸巳(계사) × 癸卯(계묘)
2026-03-07 04:36:39,421 [C-W4]   🎉 성공 (✅355 ❌1)
2026-03-07 04:36:39,421 [C-W4]   ⏰ 26.7초 대기...
2026-03-07 04:37:06,131 [C-W4] 💕 [357/720] 癸巳(계사) × 戊申(무신)
2026-03-07 04:37:22,786 [C-W4]   🎉 성공 (✅356 ❌1)
2026-03-07 04:37:22,786 [C-W4]   ⏰ 29.8초 대기...
2026-03-07 04:37:52,615 [C-W4] 💕 [358/720] 癸巳(계사) × 癸丑(계축)
2026-03-07 04:38:09,278 [C-W4]   🎉 성공 (✅357 ❌1)
2026-03-07 04:38:09,279 [C-W4]   ⏰ 37.6초 대기...
2026-03-07 04:38:46,860 [C-W4] 💕 [359/720] 癸巳(계사) × 戊午(무오)
2026-03-07 04:39:03,548 [C-W4]   🎉 성공 (✅358 ❌1)
2026-03-07 04:39:03,548 [C-W4]   ⏰ 34.1초 대기...
2026-03-07 04:39:37,630 [C-W4] 💕 [360/720] 癸巳(계사) × 癸亥(계해)
2026-03-07 04:39:54,302 [C-W4]   🎉 성공 (✅359 ❌1)
2026-03-07 04:39:54,302 [C-W4]   ⏰ 24.3초 대기...
2026-03-07 04:40:18,612 [C-W4] 💕 [361/720] 甲午(갑오) × 戊辰(무진)
2026-03-07 04:40:35,282 [C-W4]   🎉 성공 (✅360 ❌1)
2026-03-07 04:40:35,282 [C-W4]   ⏰ 35.5초 대기...
2026-03-07 04:41:10,820 [C-W4] 💕 [362/720] 甲午(갑오) × 癸酉(계유)
2026-03-07 04:41:10,821 [C-W4]   🔄 새 채팅...
2026-03-07 04:41:31,602 [C-W4]   🎉 성공 (✅361 ❌1)
2026-03-07 04:41:31,603 [C-W4]   ⏰ 35.3초 대기...
2026-03-07 04:42:06,897 [C-W4] 💕 [363/720] 甲午(갑오) × 戊寅(무인)
2026-03-07 04:42:23,560 [C-W4]   🎉 성공 (✅362 ❌1)
2026-03-07 04:42:23,560 [C-W4]   ⏰ 31.2초 대기...
2026-03-07 04:42:54,792 [C-W4] 💕 [364/720] 甲午(갑오) × 癸未(계미)
2026-03-07 04:43:11,453 [C-W4]   🎉 성공 (✅363 ❌1)
2026-03-07 04:43:11,453 [C-W4]   ⏰ 38.4초 대기...
2026-03-07 04:43:49,832 [C-W4] 💕 [365/720] 甲午(갑오) × 戊子(무자)
2026-03-07 04:44:06,483 [C-W4]   🎉 성공 (✅364 ❌1)
2026-03-07 04:44:06,483 [C-W4]   ⏰ 36.1초 대기...
2026-03-07 04:44:42,582 [C-W4] 💕 [366/720] 甲午(갑오) × 癸巳(계사)
2026-03-07 04:44:59,266 [C-W4]   🎉 성공 (✅365 ❌1)
2026-03-07 04:44:59,266 [C-W4]   ⏰ 26.1초 대기...
2026-03-07 04:45:25,372 [C-W4] 💕 [367/720] 甲午(갑오) × 戊戌(무술)
2026-03-07 04:45:42,080 [C-W4]   🎉 성공 (✅366 ❌1)
2026-03-07 04:45:42,081 [C-W4]   ⏰ 29.1초 대기...
2026-03-07 04:46:11,161 [C-W4] 💕 [368/720] 甲午(갑오) × 癸卯(계묘)
2026-03-07 04:46:27,853 [C-W4]   🎉 성공 (✅367 ❌1)
2026-03-07 04:46:27,853 [C-W4]   ⏰ 38.0초 대기...
2026-03-07 04:47:05,830 [C-W4] 💕 [369/720] 甲午(갑오) × 戊申(무신)
2026-03-07 04:47:22,502 [C-W4]   🎉 성공 (✅368 ❌1)
2026-03-07 04:47:22,502 [C-W4]   ⏰ 35.1초 대기...
2026-03-07 04:47:57,631 [C-W4] 💕 [370/720] 甲午(갑오) × 癸丑(계축)
2026-03-07 04:47:57,631 [C-W4]   🔄 새 채팅...
2026-03-07 04:48:18,392 [C-W4]   🎉 성공 (✅369 ❌1)
2026-03-07 04:48:18,392 [C-W4]   ⏰ 25.4초 대기...
2026-03-07 04:48:43,808 [C-W4] 💕 [371/720] 甲午(갑오) × 戊午(무오)
2026-03-07 04:49:00,479 [C-W4]   🎉 성공 (✅370 ❌1)
2026-03-07 04:49:00,479 [C-W4]   ⏰ 35.6초 대기...
2026-03-07 04:49:36,127 [C-W4] 💕 [372/720] 甲午(갑오) × 癸亥(계해)
2026-03-07 04:49:52,781 [C-W4]   🎉 성공 (✅371 ❌1)
2026-03-07 04:49:52,781 [C-W4]   ⏰ 26.3초 대기...
2026-03-07 04:50:19,054 [C-W4] 💕 [373/720] 乙未(을미) × 戊辰(무진)
2026-03-07 04:50:38,721 [C-W4]   🎉 성공 (✅372 ❌1)
2026-03-07 04:50:38,722 [C-W4]   ⏰ 28.4초 대기...
2026-03-07 04:51:07,079 [C-W4] 💕 [374/720] 乙未(을미) × 癸酉(계유)
2026-03-07 04:51:23,740 [C-W4]   🎉 성공 (✅373 ❌1)
2026-03-07 04:51:23,740 [C-W4]   ⏰ 28.6초 대기...
2026-03-07 04:51:52,295 [C-W4] 💕 [375/720] 乙未(을미) × 戊寅(무인)
2026-03-07 04:52:08,953 [C-W4]   🎉 성공 (✅374 ❌1)
2026-03-07 04:52:08,953 [C-W4]   ⏰ 31.4초 대기...
2026-03-07 04:52:40,406 [C-W4] 💕 [376/720] 乙未(을미) × 癸未(계미)
2026-03-07 04:52:57,077 [C-W4]   🎉 성공 (✅375 ❌1)
2026-03-07 04:52:57,078 [C-W4]   ⏰ 26.3초 대기...
2026-03-07 04:53:23,415 [C-W4] 💕 [377/720] 乙未(을미) × 戊子(무자)
2026-03-07 04:53:40,097 [C-W4]   🎉 성공 (✅376 ❌1)
2026-03-07 04:53:40,097 [C-W4]   ⏰ 38.2초 대기...
2026-03-07 04:54:18,320 [C-W4] 💕 [378/720] 乙未(을미) × 癸巳(계사)
2026-03-07 04:54:18,320 [C-W4]   🔄 새 채팅...
2026-03-07 04:54:39,090 [C-W4]   🎉 성공 (✅377 ❌1)
2026-03-07 04:54:39,090 [C-W4]   ⏰ 25.4초 대기...
2026-03-07 04:55:04,455 [C-W4] 💕 [379/720] 乙未(을미) × 戊戌(무술)
2026-03-07 04:55:21,111 [C-W4]   🎉 성공 (✅378 ❌1)
2026-03-07 04:55:21,111 [C-W4]   ⏰ 26.0초 대기...
2026-03-07 04:55:47,101 [C-W4] 💕 [380/720] 乙未(을미) × 癸卯(계묘)
2026-03-07 04:56:03,805 [C-W4]   🎉 성공 (✅379 ❌1)
2026-03-07 04:56:03,805 [C-W4]   ⏰ 32.0초 대기...
2026-03-07 04:56:35,852 [C-W4] 💕 [381/720] 乙未(을미) × 戊申(무신)
2026-03-07 04:56:52,549 [C-W4]   🎉 성공 (✅380 ❌1)
2026-03-07 04:56:52,550 [C-W4]   ⏰ 33.3초 대기...
2026-03-07 04:57:25,828 [C-W4] 💕 [382/720] 乙未(을미) × 癸丑(계축)
2026-03-07 04:57:42,489 [C-W4]   🎉 성공 (✅381 ❌1)
2026-03-07 04:57:42,489 [C-W4]   ⏰ 30.5초 대기...
2026-03-07 04:58:12,979 [C-W4] 💕 [383/720] 乙未(을미) × 戊午(무오)
2026-03-07 04:58:29,648 [C-W4]   🎉 성공 (✅382 ❌1)
2026-03-07 04:58:29,648 [C-W4]   ⏰ 37.2초 대기...
2026-03-07 04:59:06,847 [C-W4] 💕 [384/720] 乙未(을미) × 癸亥(계해)
2026-03-07 04:59:23,515 [C-W4]   🎉 성공 (✅383 ❌1)
2026-03-07 04:59:23,516 [C-W4]   ⏰ 23.7초 대기...
2026-03-07 04:59:47,263 [C-W4] 💕 [385/720] 丙申(병신) × 戊辰(무진)
2026-03-07 05:00:03,936 [C-W4]   🎉 성공 (✅384 ❌1)
2026-03-07 05:00:03,936 [C-W4]   ⏰ 31.2초 대기...
2026-03-07 05:00:35,130 [C-W4] 💕 [386/720] 丙申(병신) × 癸酉(계유)
2026-03-07 05:00:35,130 [C-W4]   🔄 새 채팅...
2026-03-07 05:00:55,888 [C-W4]   🎉 성공 (✅385 ❌1)
2026-03-07 05:00:55,888 [C-W4]   ⏰ 25.1초 대기...
2026-03-07 05:01:21,011 [C-W4] 💕 [387/720] 丙申(병신) × 戊寅(무인)
2026-03-07 05:01:37,669 [C-W4]   🎉 성공 (✅386 ❌1)
2026-03-07 05:01:37,669 [C-W4]   ⏰ 25.9초 대기...
2026-03-07 05:02:03,618 [C-W4] 💕 [388/720] 丙申(병신) × 癸未(계미)
2026-03-07 05:02:20,280 [C-W4]   🎉 성공 (✅387 ❌1)
2026-03-07 05:02:20,281 [C-W4]   ⏰ 23.7초 대기...
2026-03-07 05:02:43,988 [C-W4] 💕 [389/720] 丙申(병신) × 戊子(무자)
2026-03-07 05:03:00,671 [C-W4]   🎉 성공 (✅388 ❌1)
2026-03-07 05:03:00,671 [C-W4]   ⏰ 34.0초 대기...
2026-03-07 05:03:34,660 [C-W4] 💕 [390/720] 丙申(병신) × 癸巳(계사)
2026-03-07 05:03:54,369 [C-W4]   🎉 성공 (✅389 ❌1)
2026-03-07 05:03:54,369 [C-W4]   ⏰ 23.1초 대기...
2026-03-07 05:04:17,507 [C-W4] 💕 [391/720] 丙申(병신) × 戊戌(무술)
2026-03-07 05:04:34,181 [C-W4]   🎉 성공 (✅390 ❌1)
2026-03-07 05:04:34,181 [C-W4]   ⏰ 30.5초 대기...
2026-03-07 05:05:04,652 [C-W4] 💕 [392/720] 丙申(병신) × 癸卯(계묘)
2026-03-07 05:05:21,319 [C-W4]   🎉 성공 (✅391 ❌1)
2026-03-07 05:05:21,320 [C-W4]   ⏰ 30.5초 대기...
2026-03-07 05:05:51,859 [C-W4] 💕 [393/720] 丙申(병신) × 戊申(무신)
2026-03-07 05:06:08,585 [C-W4]   🎉 성공 (✅392 ❌1)
2026-03-07 05:06:08,585 [C-W4]   ⏰ 23.8초 대기...
2026-03-07 05:06:32,359 [C-W4] 💕 [394/720] 丙申(병신) × 癸丑(계축)
2026-03-07 05:06:32,359 [C-W4]   🔄 새 채팅...
2026-03-07 05:06:53,084 [C-W4]   🎉 성공 (✅393 ❌1)
2026-03-07 05:06:53,085 [C-W4]   ⏰ 30.1초 대기...
2026-03-07 05:07:23,159 [C-W4] 💕 [395/720] 丙申(병신) × 戊午(무오)
2026-03-07 05:07:39,820 [C-W4]   🎉 성공 (✅394 ❌1)
2026-03-07 05:07:39,820 [C-W4]   ⏰ 30.9초 대기...
2026-03-07 05:08:10,723 [C-W4] 💕 [396/720] 丙申(병신) × 癸亥(계해)
2026-03-07 05:08:27,387 [C-W4]   🎉 성공 (✅395 ❌1)
2026-03-07 05:08:27,388 [C-W4]   ⏰ 37.7초 대기...
2026-03-07 05:09:05,101 [C-W4] 💕 [397/720] 丁酉(정유) × 戊辰(무진)
2026-03-07 05:09:21,753 [C-W4]   🎉 성공 (✅396 ❌1)
2026-03-07 05:09:21,754 [C-W4]   ⏰ 30.5초 대기...
2026-03-07 05:09:52,225 [C-W4] 💕 [398/720] 丁酉(정유) × 癸酉(계유)
2026-03-07 05:10:08,887 [C-W4]   🎉 성공 (✅397 ❌1)
2026-03-07 05:10:08,887 [C-W4]   ⏰ 26.6초 대기...
2026-03-07 05:10:35,467 [C-W4] 💕 [399/720] 丁酉(정유) × 戊寅(무인)
2026-03-07 05:10:52,139 [C-W4]   🎉 성공 (✅398 ❌1)
2026-03-07 05:10:52,139 [C-W4]   ⏰ 36.9초 대기...
2026-03-07 05:11:29,044 [C-W4] 💕 [400/720] 丁酉(정유) × 癸未(계미)
2026-03-07 05:11:45,710 [C-W4]   🎉 성공 (✅399 ❌1)
2026-03-07 05:11:45,710 [C-W4]   ⏰ 25.5초 대기...
2026-03-07 05:12:11,211 [C-W4] 💕 [401/720] 丁酉(정유) × 戊子(무자)
2026-03-07 05:12:27,883 [C-W4]   🎉 성공 (✅400 ❌1)
2026-03-07 05:12:27,883 [C-W4]   ⏰ 37.1초 대기...
2026-03-07 05:13:04,956 [C-W4] 💕 [402/720] 丁酉(정유) × 癸巳(계사)
2026-03-07 05:13:04,956 [C-W4]   🔄 새 채팅...
2026-03-07 05:13:25,699 [C-W4]   🎉 성공 (✅401 ❌1)
2026-03-07 05:13:25,699 [C-W4]   ⏰ 33.7초 대기...
2026-03-07 05:13:59,451 [C-W4] 💕 [403/720] 丁酉(정유) × 戊戌(무술)
2026-03-07 05:14:16,099 [C-W4]   🎉 성공 (✅402 ❌1)
2026-03-07 05:14:16,099 [C-W4]   ⏰ 34.1초 대기...
2026-03-07 05:14:50,157 [C-W4] 💕 [404/720] 丁酉(정유) × 癸卯(계묘)
2026-03-07 05:15:06,815 [C-W4]   🎉 성공 (✅403 ❌1)
2026-03-07 05:15:06,815 [C-W4]   ⏰ 32.0초 대기...
2026-03-07 05:15:38,774 [C-W4] 💕 [405/720] 丁酉(정유) × 戊申(무신)
2026-03-07 05:15:55,437 [C-W4]   🎉 성공 (✅404 ❌1)
2026-03-07 05:15:55,437 [C-W4]   ⏰ 26.7초 대기...
2026-03-07 05:16:22,159 [C-W4] 💕 [406/720] 丁酉(정유) × 癸丑(계축)
2026-03-07 05:16:38,848 [C-W4]   🎉 성공 (✅405 ❌1)
2026-03-07 05:16:38,848 [C-W4]   ⏰ 25.1초 대기...
2026-03-07 05:17:03,932 [C-W4] 💕 [407/720] 丁酉(정유) × 戊午(무오)
2026-03-07 05:17:20,601 [C-W4]   🎉 성공 (✅406 ❌1)
2026-03-07 05:17:20,602 [C-W4]   ⏰ 33.9초 대기...
2026-03-07 05:17:54,524 [C-W4] 💕 [408/720] 丁酉(정유) × 癸亥(계해)
2026-03-07 05:18:11,191 [C-W4]   🎉 성공 (✅407 ❌1)
2026-03-07 05:18:11,192 [C-W4]   ⏰ 22.2초 대기...
2026-03-07 05:18:33,371 [C-W4] 💕 [409/720] 戊戌(무술) × 戊辰(무진)
2026-03-07 05:18:50,039 [C-W4]   🎉 성공 (✅408 ❌1)
2026-03-07 05:18:50,039 [C-W4]   ⏰ 37.8초 대기...
2026-03-07 05:19:27,868 [C-W4] 💕 [410/720] 戊戌(무술) × 癸酉(계유)
2026-03-07 05:19:27,869 [C-W4]   🔄 새 채팅...
2026-03-07 05:19:48,616 [C-W4]   🎉 성공 (✅409 ❌1)
2026-03-07 05:19:48,616 [C-W4]   ⏰ 23.8초 대기...
2026-03-07 05:20:12,441 [C-W4] 💕 [411/720] 戊戌(무술) × 戊寅(무인)
2026-03-07 05:20:29,089 [C-W4]   🎉 성공 (✅410 ❌1)
2026-03-07 05:20:29,089 [C-W4]   ⏰ 27.9초 대기...
2026-03-07 05:20:56,978 [C-W4] 💕 [412/720] 戊戌(무술) × 癸未(계미)
2026-03-07 05:21:13,633 [C-W4]   🎉 성공 (✅411 ❌1)
2026-03-07 05:21:13,634 [C-W4]   ⏰ 33.6초 대기...
2026-03-07 05:21:47,272 [C-W4] 💕 [413/720] 戊戌(무술) × 戊子(무자)
2026-03-07 05:22:03,929 [C-W4]   🎉 성공 (✅412 ❌1)
2026-03-07 05:22:03,929 [C-W4]   ⏰ 32.0초 대기...
2026-03-07 05:22:35,957 [C-W4] 💕 [414/720] 戊戌(무술) × 癸巳(계사)
2026-03-07 05:22:52,648 [C-W4]   🎉 성공 (✅413 ❌1)
2026-03-07 05:22:52,648 [C-W4]   ⏰ 23.9초 대기...
2026-03-07 05:23:16,560 [C-W4] 💕 [415/720] 戊戌(무술) × 戊戌(무술)
2026-03-07 05:23:33,216 [C-W4]   🎉 성공 (✅414 ❌1)
2026-03-07 05:23:33,217 [C-W4]   ⏰ 37.2초 대기...
2026-03-07 05:24:10,453 [C-W4] 💕 [416/720] 戊戌(무술) × 癸卯(계묘)
2026-03-07 05:24:27,110 [C-W4]   🎉 성공 (✅415 ❌1)
2026-03-07 05:24:27,110 [C-W4]   ⏰ 30.4초 대기...
2026-03-07 05:24:57,545 [C-W4] 💕 [417/720] 戊戌(무술) × 戊申(무신)
2026-03-07 05:25:14,212 [C-W4]   🎉 성공 (✅416 ❌1)
2026-03-07 05:25:14,213 [C-W4]   ⏰ 37.1초 대기...
2026-03-07 05:25:51,358 [C-W4] 💕 [418/720] 戊戌(무술) × 癸丑(계축)
2026-03-07 05:25:51,358 [C-W4]   🔄 새 채팅...
2026-03-07 05:26:12,108 [C-W4]   🎉 성공 (✅417 ❌1)
2026-03-07 05:26:12,108 [C-W4]   ⏰ 36.2초 대기...
2026-03-07 05:26:48,338 [C-W4] 💕 [419/720] 戊戌(무술) × 戊午(무오)
2026-03-07 05:27:07,996 [C-W4]   🎉 성공 (✅418 ❌1)
2026-03-07 05:27:07,996 [C-W4]   ⏰ 32.0초 대기...
2026-03-07 05:27:40,035 [C-W4] 💕 [420/720] 戊戌(무술) × 癸亥(계해)
2026-03-07 05:27:59,700 [C-W4]   🎉 성공 (✅419 ❌1)
2026-03-07 05:27:59,700 [C-W4]   ⏰ 27.1초 대기...
2026-03-07 05:28:26,771 [C-W4] 💕 [421/720] 己亥(기해) × 戊辰(무진)
2026-03-07 05:28:43,452 [C-W4]   🎉 성공 (✅420 ❌1)
2026-03-07 05:28:43,452 [C-W4]   ⏰ 22.8초 대기...
2026-03-07 05:29:06,249 [C-W4] 💕 [422/720] 己亥(기해) × 癸酉(계유)
2026-03-07 05:29:22,907 [C-W4]   🎉 성공 (✅421 ❌1)
2026-03-07 05:29:22,907 [C-W4]   ⏰ 22.3초 대기...
2026-03-07 05:29:45,250 [C-W4] 💕 [423/720] 己亥(기해) × 戊寅(무인)
2026-03-07 05:30:01,902 [C-W4]   🎉 성공 (✅422 ❌1)
2026-03-07 05:30:01,902 [C-W4]   ⏰ 22.2초 대기...
2026-03-07 05:30:24,061 [C-W4] 💕 [424/720] 己亥(기해) × 癸未(계미)
2026-03-07 05:30:40,718 [C-W4]   🎉 성공 (✅423 ❌1)
2026-03-07 05:30:40,718 [C-W4]   ⏰ 27.4초 대기...
2026-03-07 05:31:08,143 [C-W4] 💕 [425/720] 己亥(기해) × 戊子(무자)
2026-03-07 05:31:24,808 [C-W4]   🎉 성공 (✅424 ❌1)
2026-03-07 05:31:24,808 [C-W4]   ⏰ 38.2초 대기...
2026-03-07 05:32:02,990 [C-W4] 💕 [426/720] 己亥(기해) × 癸巳(계사)
2026-03-07 05:32:02,990 [C-W4]   🔄 새 채팅...
2026-03-07 05:32:23,713 [C-W4]   🎉 성공 (✅425 ❌1)
2026-03-07 05:32:23,713 [C-W4]   ⏰ 37.0초 대기...
2026-03-07 05:33:00,718 [C-W4] 💕 [427/720] 己亥(기해) × 戊戌(무술)
2026-03-07 05:33:17,393 [C-W4]   🎉 성공 (✅426 ❌1)
2026-03-07 05:33:17,394 [C-W4]   ⏰ 24.3초 대기...
2026-03-07 05:33:41,702 [C-W4] 💕 [428/720] 己亥(기해) × 癸卯(계묘)
2026-03-07 05:33:58,357 [C-W4]   🎉 성공 (✅427 ❌1)
2026-03-07 05:33:58,357 [C-W4]   ⏰ 23.0초 대기...
2026-03-07 05:34:21,406 [C-W4] 💕 [429/720] 己亥(기해) × 戊申(무신)
2026-03-07 05:34:38,061 [C-W4]   🎉 성공 (✅428 ❌1)
2026-03-07 05:34:38,061 [C-W4]   ⏰ 22.8초 대기...
2026-03-07 05:35:00,907 [C-W4] 💕 [430/720] 己亥(기해) × 癸丑(계축)
2026-03-07 05:35:17,574 [C-W4]   🎉 성공 (✅429 ❌1)
2026-03-07 05:35:17,575 [C-W4]   ⏰ 30.6초 대기...
2026-03-07 05:35:48,154 [C-W4] 💕 [431/720] 己亥(기해) × 戊午(무오)
2026-03-07 05:36:04,819 [C-W4]   🎉 성공 (✅430 ❌1)
2026-03-07 05:36:04,820 [C-W4]   ⏰ 30.4초 대기...
2026-03-07 05:36:35,252 [C-W4] 💕 [432/720] 己亥(기해) × 癸亥(계해)
2026-03-07 05:36:51,896 [C-W4]   🎉 성공 (✅431 ❌1)
2026-03-07 05:36:51,896 [C-W4]   ⏰ 36.2초 대기...
2026-03-07 05:37:28,066 [C-W4] 💕 [433/720] 庚子(경자) × 戊辰(무진)
2026-03-07 05:37:44,730 [C-W4]   🎉 성공 (✅432 ❌1)
2026-03-07 05:37:44,731 [C-W4]   ⏰ 25.1초 대기...
2026-03-07 05:38:09,789 [C-W4] 💕 [434/720] 庚子(경자) × 癸酉(계유)
2026-03-07 05:38:09,790 [C-W4]   🔄 새 채팅...
2026-03-07 05:38:30,538 [C-W4]   🎉 성공 (✅433 ❌1)
2026-03-07 05:38:30,538 [C-W4]   ⏰ 25.6초 대기...
2026-03-07 05:38:56,142 [C-W4] 💕 [435/720] 庚子(경자) × 戊寅(무인)
2026-03-07 05:39:12,796 [C-W4]   🎉 성공 (✅434 ❌1)
2026-03-07 05:39:12,796 [C-W4]   ⏰ 22.7초 대기...
2026-03-07 05:39:35,523 [C-W4] 💕 [436/720] 庚子(경자) × 癸未(계미)
2026-03-07 05:39:52,175 [C-W4]   🎉 성공 (✅435 ❌1)
2026-03-07 05:39:52,175 [C-W4]   ⏰ 25.1초 대기...
2026-03-07 05:40:17,265 [C-W4] 💕 [437/720] 庚子(경자) × 戊子(무자)
2026-03-07 05:40:33,934 [C-W4]   🎉 성공 (✅436 ❌1)
2026-03-07 05:40:33,934 [C-W4]   ⏰ 35.4초 대기...
2026-03-07 05:41:09,368 [C-W4] 💕 [438/720] 庚子(경자) × 癸巳(계사)
2026-03-07 05:41:26,030 [C-W4]   🎉 성공 (✅437 ❌1)
2026-03-07 05:41:26,030 [C-W4]   ⏰ 28.4초 대기...
2026-03-07 05:41:54,411 [C-W4] 💕 [439/720] 庚子(경자) × 戊戌(무술)
2026-03-07 05:42:11,071 [C-W4]   🎉 성공 (✅438 ❌1)
2026-03-07 05:42:11,072 [C-W4]   ⏰ 32.3초 대기...
2026-03-07 05:42:43,327 [C-W4] 💕 [440/720] 庚子(경자) × 癸卯(계묘)
2026-03-07 05:42:59,997 [C-W4]   🎉 성공 (✅439 ❌1)
2026-03-07 05:42:59,998 [C-W4]   ⏰ 36.0초 대기...
2026-03-07 05:43:36,027 [C-W4] 💕 [441/720] 庚子(경자) × 戊申(무신)
2026-03-07 05:43:52,707 [C-W4]   🎉 성공 (✅440 ❌1)
2026-03-07 05:43:52,708 [C-W4]   ⏰ 36.8초 대기...
2026-03-07 05:44:29,483 [C-W4] 💕 [442/720] 庚子(경자) × 癸丑(계축)
2026-03-07 05:44:29,484 [C-W4]   🔄 새 채팅...
2026-03-07 05:44:50,221 [C-W4]   🎉 성공 (✅441 ❌1)
2026-03-07 05:44:50,221 [C-W4]   ⏰ 37.9초 대기...
2026-03-07 05:45:28,131 [C-W4] 💕 [443/720] 庚子(경자) × 戊午(무오)
2026-03-07 05:45:44,799 [C-W4]   🎉 성공 (✅442 ❌1)
2026-03-07 05:45:44,799 [C-W4]   ⏰ 26.5초 대기...
2026-03-07 05:46:11,277 [C-W4] 💕 [444/720] 庚子(경자) × 癸亥(계해)
2026-03-07 05:46:27,930 [C-W4]   🎉 성공 (✅443 ❌1)
2026-03-07 05:46:27,930 [C-W4]   ⏰ 25.8초 대기...
2026-03-07 05:46:53,700 [C-W4] 💕 [445/720] 辛丑(신축) × 戊辰(무진)
2026-03-07 05:47:10,365 [C-W4]   🎉 성공 (✅444 ❌1)
2026-03-07 05:47:10,365 [C-W4]   ⏰ 32.5초 대기...
2026-03-07 05:47:42,880 [C-W4] 💕 [446/720] 辛丑(신축) × 癸酉(계유)
2026-03-07 05:47:59,542 [C-W4]   🎉 성공 (✅445 ❌1)
2026-03-07 05:47:59,542 [C-W4]   ⏰ 26.7초 대기...
2026-03-07 05:48:26,243 [C-W4] 💕 [447/720] 辛丑(신축) × 戊寅(무인)
2026-03-07 05:48:42,920 [C-W4]   🎉 성공 (✅446 ❌1)
2026-03-07 05:48:42,921 [C-W4]   ⏰ 36.4초 대기...
2026-03-07 05:49:19,319 [C-W4] 💕 [448/720] 辛丑(신축) × 癸未(계미)
2026-03-07 05:49:35,964 [C-W4]   🎉 성공 (✅447 ❌1)
2026-03-07 05:49:35,965 [C-W4]   ⏰ 26.1초 대기...
2026-03-07 05:50:02,060 [C-W4] 💕 [449/720] 辛丑(신축) × 戊子(무자)
2026-03-07 05:50:18,744 [C-W4]   🎉 성공 (✅448 ❌1)
2026-03-07 05:50:18,745 [C-W4]   ⏰ 36.1초 대기...
2026-03-07 05:50:54,853 [C-W4] 💕 [450/720] 辛丑(신축) × 癸巳(계사)
2026-03-07 05:50:54,853 [C-W4]   🔄 새 채팅...
2026-03-07 05:51:15,617 [C-W4]   🎉 성공 (✅449 ❌1)
2026-03-07 05:51:15,617 [C-W4]   ⏰ 32.8초 대기...
2026-03-07 05:51:48,402 [C-W4] 💕 [451/720] 辛丑(신축) × 戊戌(무술)
2026-03-07 05:52:05,050 [C-W4]   🎉 성공 (✅450 ❌1)
2026-03-07 05:52:05,050 [C-W4]   ⏰ 23.4초 대기...
2026-03-07 05:52:28,459 [C-W4] 💕 [452/720] 辛丑(신축) × 癸卯(계묘)
2026-03-07 05:52:45,108 [C-W4]   🎉 성공 (✅451 ❌1)
2026-03-07 05:52:45,108 [C-W4]   ⏰ 25.7초 대기...
2026-03-07 05:53:10,807 [C-W4] 💕 [453/720] 辛丑(신축) × 戊申(무신)
2026-03-07 05:53:27,465 [C-W4]   🎉 성공 (✅452 ❌1)
2026-03-07 05:53:27,465 [C-W4]   ⏰ 38.4초 대기...
2026-03-07 05:54:05,854 [C-W4] 💕 [454/720] 辛丑(신축) × 癸丑(계축)
2026-03-07 05:54:22,510 [C-W4]   🎉 성공 (✅453 ❌1)
2026-03-07 05:54:22,510 [C-W4]   ⏰ 22.5초 대기...
2026-03-07 05:54:44,994 [C-W4] 💕 [455/720] 辛丑(신축) × 戊午(무오)
2026-03-07 05:55:01,673 [C-W4]   🎉 성공 (✅454 ❌1)
2026-03-07 05:55:01,673 [C-W4]   ⏰ 36.3초 대기...
2026-03-07 05:55:37,952 [C-W4] 💕 [456/720] 辛丑(신축) × 癸亥(계해)
2026-03-07 05:55:54,624 [C-W4]   🎉 성공 (✅455 ❌1)
2026-03-07 05:55:54,625 [C-W4]   ⏰ 30.5초 대기...
2026-03-07 05:56:25,146 [C-W4] 💕 [457/720] 壬寅(임인) × 戊辰(무진)
2026-03-07 05:56:41,808 [C-W4]   🎉 성공 (✅456 ❌1)
2026-03-07 05:56:41,808 [C-W4]   ⏰ 33.0초 대기...
2026-03-07 05:57:14,768 [C-W4] 💕 [458/720] 壬寅(임인) × 癸酉(계유)
2026-03-07 05:57:14,769 [C-W4]   🔄 새 채팅...
2026-03-07 05:57:35,514 [C-W4]   🎉 성공 (✅457 ❌1)
2026-03-07 05:57:35,515 [C-W4]   ⏰ 38.2초 대기...
2026-03-07 05:58:13,679 [C-W4] 💕 [459/720] 壬寅(임인) × 戊寅(무인)
2026-03-07 05:58:30,347 [C-W4]   🎉 성공 (✅458 ❌1)
2026-03-07 05:58:30,347 [C-W4]   ⏰ 23.7초 대기...
2026-03-07 05:58:54,016 [C-W4] 💕 [460/720] 壬寅(임인) × 癸未(계미)
2026-03-07 05:59:10,692 [C-W4]   🎉 성공 (✅459 ❌1)
2026-03-07 05:59:10,692 [C-W4]   ⏰ 24.0초 대기...
2026-03-07 05:59:34,742 [C-W4] 💕 [461/720] 壬寅(임인) × 戊子(무자)
2026-03-07 05:59:51,435 [C-W4]   🎉 성공 (✅460 ❌1)
2026-03-07 05:59:51,435 [C-W4]   ⏰ 24.3초 대기...
2026-03-07 06:00:15,749 [C-W4] 💕 [462/720] 壬寅(임인) × 癸巳(계사)
2026-03-07 06:00:32,406 [C-W4]   🎉 성공 (✅461 ❌1)
2026-03-07 06:00:32,406 [C-W4]   ⏰ 37.5초 대기...
2026-03-07 06:01:09,937 [C-W4] 💕 [463/720] 壬寅(임인) × 戊戌(무술)
2026-03-07 06:01:26,642 [C-W4]   🎉 성공 (✅462 ❌1)
2026-03-07 06:01:26,642 [C-W4]   ⏰ 31.4초 대기...
2026-03-07 06:01:58,065 [C-W4] 💕 [464/720] 壬寅(임인) × 癸卯(계묘)
2026-03-07 06:02:14,714 [C-W4]   🎉 성공 (✅463 ❌1)
2026-03-07 06:02:14,714 [C-W4]   ⏰ 31.2초 대기...
2026-03-07 06:02:45,919 [C-W4] 💕 [465/720] 壬寅(임인) × 戊申(무신)
2026-03-07 06:03:02,619 [C-W4]   🎉 성공 (✅464 ❌1)
2026-03-07 06:03:02,619 [C-W4]   ⏰ 27.2초 대기...
2026-03-07 06:03:29,798 [C-W4] 💕 [466/720] 壬寅(임인) × 癸丑(계축)
2026-03-07 06:03:29,798 [C-W4]   🔄 새 채팅...
2026-03-07 06:03:50,557 [C-W4]   🎉 성공 (✅465 ❌1)
2026-03-07 06:03:50,558 [C-W4]   ⏰ 29.0초 대기...
2026-03-07 06:04:19,528 [C-W4] 💕 [467/720] 壬寅(임인) × 戊午(무오)
2026-03-07 06:04:36,182 [C-W4]   🎉 성공 (✅466 ❌1)
2026-03-07 06:04:36,182 [C-W4]   ⏰ 34.1초 대기...
2026-03-07 06:05:10,311 [C-W4] 💕 [468/720] 壬寅(임인) × 癸亥(계해)
2026-03-07 06:05:26,971 [C-W4]   🎉 성공 (✅467 ❌1)
2026-03-07 06:05:26,971 [C-W4]   ⏰ 34.4초 대기...
2026-03-07 06:06:01,411 [C-W4] 💕 [469/720] 癸卯(계묘) × 戊辰(무진)
2026-03-07 06:06:18,064 [C-W4]   🎉 성공 (✅468 ❌1)
2026-03-07 06:06:18,065 [C-W4]   ⏰ 36.8초 대기...
2026-03-07 06:06:54,850 [C-W4] 💕 [470/720] 癸卯(계묘) × 癸酉(계유)
2026-03-07 06:07:14,523 [C-W4]   🎉 성공 (✅469 ❌1)
2026-03-07 06:07:14,524 [C-W4]   ⏰ 38.4초 대기...
2026-03-07 06:07:52,943 [C-W4] 💕 [471/720] 癸卯(계묘) × 戊寅(무인)
2026-03-07 06:08:09,600 [C-W4]   🎉 성공 (✅470 ❌1)
2026-03-07 06:08:09,600 [C-W4]   ⏰ 34.2초 대기...
2026-03-07 06:08:43,831 [C-W4] 💕 [472/720] 癸卯(계묘) × 癸未(계미)
2026-03-07 06:09:00,500 [C-W4]   🎉 성공 (✅471 ❌1)
2026-03-07 06:09:00,500 [C-W4]   ⏰ 34.7초 대기...
2026-03-07 06:09:35,197 [C-W4] 💕 [473/720] 癸卯(계묘) × 戊子(무자)
2026-03-07 06:09:51,865 [C-W4]   🎉 성공 (✅472 ❌1)
2026-03-07 06:09:51,865 [C-W4]   ⏰ 37.0초 대기...
2026-03-07 06:10:28,844 [C-W4] 💕 [474/720] 癸卯(계묘) × 癸巳(계사)
2026-03-07 06:10:28,844 [C-W4]   🔄 새 채팅...
2026-03-07 06:10:49,607 [C-W4]   🎉 성공 (✅473 ❌1)
2026-03-07 06:10:49,607 [C-W4]   ⏰ 26.1초 대기...
2026-03-07 06:11:15,728 [C-W4] 💕 [475/720] 癸卯(계묘) × 戊戌(무술)
2026-03-07 06:11:32,385 [C-W4]   🎉 성공 (✅474 ❌1)
2026-03-07 06:11:32,386 [C-W4]   ⏰ 29.8초 대기...
2026-03-07 06:12:02,196 [C-W4] 💕 [476/720] 癸卯(계묘) × 癸卯(계묘)
2026-03-07 06:12:18,847 [C-W4]   🎉 성공 (✅475 ❌1)
2026-03-07 06:12:18,848 [C-W4]   ⏰ 29.7초 대기...
2026-03-07 06:12:48,511 [C-W4] 💕 [477/720] 癸卯(계묘) × 戊申(무신)
2026-03-07 06:13:05,173 [C-W4]   🎉 성공 (✅476 ❌1)
2026-03-07 06:13:05,173 [C-W4]   ⏰ 36.6초 대기...
2026-03-07 06:13:41,776 [C-W4] 💕 [478/720] 癸卯(계묘) × 癸丑(계축)
2026-03-07 06:13:58,441 [C-W4]   🎉 성공 (✅477 ❌1)
2026-03-07 06:13:58,441 [C-W4]   ⏰ 24.8초 대기...
2026-03-07 06:14:23,209 [C-W4] 💕 [479/720] 癸卯(계묘) × 戊午(무오)
2026-03-07 06:14:39,875 [C-W4]   🎉 성공 (✅478 ❌1)
2026-03-07 06:14:39,875 [C-W4]   ⏰ 34.2초 대기...
2026-03-07 06:15:14,033 [C-W4] 💕 [480/720] 癸卯(계묘) × 癸亥(계해)
2026-03-07 06:15:30,742 [C-W4]   🎉 성공 (✅479 ❌1)
2026-03-07 06:15:30,743 [C-W4]   ⏰ 32.9초 대기...
2026-03-07 06:16:03,621 [C-W4] 💕 [481/720] 甲辰(갑진) × 戊辰(무진)
2026-03-07 06:16:20,322 [C-W4]   🎉 성공 (✅480 ❌1)
2026-03-07 06:16:20,322 [C-W4]   ⏰ 35.1초 대기...
2026-03-07 06:16:55,450 [C-W4] 💕 [482/720] 甲辰(갑진) × 癸酉(계유)
2026-03-07 06:16:55,450 [C-W4]   🔄 새 채팅...
2026-03-07 06:17:16,179 [C-W4]   🎉 성공 (✅481 ❌1)
2026-03-07 06:17:16,179 [C-W4]   ⏰ 22.3초 대기...
2026-03-07 06:17:38,484 [C-W4] 💕 [483/720] 甲辰(갑진) × 戊寅(무인)
2026-03-07 06:17:55,150 [C-W4]   🎉 성공 (✅482 ❌1)
2026-03-07 06:17:55,150 [C-W4]   ⏰ 28.3초 대기...
2026-03-07 06:18:23,416 [C-W4] 💕 [484/720] 甲辰(갑진) × 癸未(계미)
2026-03-07 06:18:40,074 [C-W4]   🎉 성공 (✅483 ❌1)
2026-03-07 06:18:40,074 [C-W4]   ⏰ 30.4초 대기...
2026-03-07 06:19:10,469 [C-W4] 💕 [485/720] 甲辰(갑진) × 戊子(무자)
2026-03-07 06:19:27,131 [C-W4]   🎉 성공 (✅484 ❌1)
2026-03-07 06:19:27,131 [C-W4]   ⏰ 27.6초 대기...
2026-03-07 06:19:54,773 [C-W4] 💕 [486/720] 甲辰(갑진) × 癸巳(계사)
2026-03-07 06:20:11,449 [C-W4]   🎉 성공 (✅485 ❌1)
2026-03-07 06:20:11,449 [C-W4]   ⏰ 26.8초 대기...
2026-03-07 06:20:38,266 [C-W4] 💕 [487/720] 甲辰(갑진) × 戊戌(무술)
2026-03-07 06:20:54,950 [C-W4]   🎉 성공 (✅486 ❌1)
2026-03-07 06:20:54,950 [C-W4]   ⏰ 26.4초 대기...
2026-03-07 06:21:21,308 [C-W4] 💕 [488/720] 甲辰(갑진) × 癸卯(계묘)
2026-03-07 06:21:37,969 [C-W4]   🎉 성공 (✅487 ❌1)
2026-03-07 06:21:37,970 [C-W4]   ⏰ 36.7초 대기...
2026-03-07 06:22:14,636 [C-W4] 💕 [489/720] 甲辰(갑진) × 戊申(무신)
2026-03-07 06:22:31,309 [C-W4]   🎉 성공 (✅488 ❌1)
2026-03-07 06:22:31,309 [C-W4]   ⏰ 35.3초 대기...
2026-03-07 06:23:06,571 [C-W4] 💕 [490/720] 甲辰(갑진) × 癸丑(계축)
2026-03-07 06:23:06,571 [C-W4]   🔄 새 채팅...
2026-03-07 06:23:27,359 [C-W4]   🎉 성공 (✅489 ❌1)
2026-03-07 06:23:27,359 [C-W4]   ⏰ 38.1초 대기...
2026-03-07 06:24:05,510 [C-W4] 💕 [491/720] 甲辰(갑진) × 戊午(무오)
2026-03-07 06:24:22,163 [C-W4]   🎉 성공 (✅490 ❌1)
2026-03-07 06:24:22,163 [C-W4]   ⏰ 36.5초 대기...
2026-03-07 06:24:58,714 [C-W4] 💕 [492/720] 甲辰(갑진) × 癸亥(계해)
2026-03-07 06:25:15,371 [C-W4]   🎉 성공 (✅491 ❌1)
2026-03-07 06:25:15,371 [C-W4]   ⏰ 29.1초 대기...
2026-03-07 06:25:44,513 [C-W4] 💕 [493/720] 乙巳(을사) × 戊辰(무진)
2026-03-07 06:26:01,170 [C-W4]   🎉 성공 (✅492 ❌1)
2026-03-07 06:26:01,171 [C-W4]   ⏰ 23.0초 대기...
2026-03-07 06:26:24,191 [C-W4] 💕 [494/720] 乙巳(을사) × 癸酉(계유)
2026-03-07 06:26:40,845 [C-W4]   🎉 성공 (✅493 ❌1)
2026-03-07 06:26:40,846 [C-W4]   ⏰ 39.0초 대기...
2026-03-07 06:27:19,801 [C-W4] 💕 [495/720] 乙巳(을사) × 戊寅(무인)
2026-03-07 06:27:36,482 [C-W4]   🎉 성공 (✅494 ❌1)
2026-03-07 06:27:36,483 [C-W4]   ⏰ 37.8초 대기...
2026-03-07 06:28:14,299 [C-W4] 💕 [496/720] 乙巳(을사) × 癸未(계미)
2026-03-07 06:28:30,985 [C-W4]   🎉 성공 (✅495 ❌1)
2026-03-07 06:28:30,986 [C-W4]   ⏰ 34.8초 대기...
2026-03-07 06:29:05,831 [C-W4] 💕 [497/720] 乙巳(을사) × 戊子(무자)
2026-03-07 06:29:22,498 [C-W4]   🎉 성공 (✅496 ❌1)
2026-03-07 06:29:22,498 [C-W4]   ⏰ 39.0초 대기...
2026-03-07 06:30:01,459 [C-W4] 💕 [498/720] 乙巳(을사) × 癸巳(계사)
2026-03-07 06:30:01,460 [C-W4]   🔄 새 채팅...
2026-03-07 06:30:22,211 [C-W4]   🎉 성공 (✅497 ❌1)
2026-03-07 06:30:22,211 [C-W4]   ⏰ 37.2초 대기...
2026-03-07 06:30:59,445 [C-W4] 💕 [499/720] 乙巳(을사) × 戊戌(무술)
2026-03-07 06:31:16,083 [C-W4]   🎉 성공 (✅498 ❌1)
2026-03-07 06:31:16,083 [C-W4]   ⏰ 23.9초 대기...
2026-03-07 06:31:40,032 [C-W4] 💕 [500/720] 乙巳(을사) × 癸卯(계묘)
2026-03-07 06:31:56,731 [C-W4]   🎉 성공 (✅499 ❌1)
2026-03-07 06:31:56,731 [C-W4]   ⏰ 30.2초 대기...
2026-03-07 06:32:26,969 [C-W4] 💕 [501/720] 乙巳(을사) × 戊申(무신)
2026-03-07 06:32:43,629 [C-W4]   🎉 성공 (✅500 ❌1)
2026-03-07 06:32:43,629 [C-W4]   ⏰ 38.1초 대기...
2026-03-07 06:33:21,736 [C-W4] 💕 [502/720] 乙巳(을사) × 癸丑(계축)
2026-03-07 06:33:38,406 [C-W4]   🎉 성공 (✅501 ❌1)
2026-03-07 06:33:38,406 [C-W4]   ⏰ 28.3초 대기...
2026-03-07 06:34:06,686 [C-W4] 💕 [503/720] 乙巳(을사) × 戊午(무오)
2026-03-07 06:34:23,343 [C-W4]   🎉 성공 (✅502 ❌1)
2026-03-07 06:34:23,343 [C-W4]   ⏰ 33.8초 대기...
2026-03-07 06:34:57,161 [C-W4] 💕 [504/720] 乙巳(을사) × 癸亥(계해)
2026-03-07 06:35:13,834 [C-W4]   🎉 성공 (✅503 ❌1)
2026-03-07 06:35:13,834 [C-W4]   ⏰ 24.5초 대기...
2026-03-07 06:35:38,321 [C-W4] 💕 [505/720] 丙午(병오) × 戊辰(무진)
2026-03-07 06:35:55,017 [C-W4]   🎉 성공 (✅504 ❌1)
2026-03-07 06:35:55,017 [C-W4]   ⏰ 30.5초 대기...
2026-03-07 06:36:25,566 [C-W4] 💕 [506/720] 丙午(병오) × 癸酉(계유)
2026-03-07 06:36:25,567 [C-W4]   🔄 새 채팅...
2026-03-07 06:36:46,317 [C-W4]   🎉 성공 (✅505 ❌1)
2026-03-07 06:36:46,318 [C-W4]   ⏰ 31.2초 대기...
2026-03-07 06:37:17,539 [C-W4] 💕 [507/720] 丙午(병오) × 戊寅(무인)
2026-03-07 06:37:34,183 [C-W4]   🎉 성공 (✅506 ❌1)
2026-03-07 06:37:34,183 [C-W4]   ⏰ 30.9초 대기...
2026-03-07 06:38:05,082 [C-W4] 💕 [508/720] 丙午(병오) × 癸未(계미)
2026-03-07 06:38:21,729 [C-W4]   🎉 성공 (✅507 ❌1)
2026-03-07 06:38:21,729 [C-W4]   ⏰ 32.5초 대기...
2026-03-07 06:38:54,212 [C-W4] 💕 [509/720] 丙午(병오) × 戊子(무자)
2026-03-07 06:39:10,869 [C-W4]   🎉 성공 (✅508 ❌1)
2026-03-07 06:39:10,869 [C-W4]   ⏰ 30.3초 대기...
2026-03-07 06:39:41,143 [C-W4] 💕 [510/720] 丙午(병오) × 癸巳(계사)
2026-03-07 06:39:57,806 [C-W4]   🎉 성공 (✅509 ❌1)
2026-03-07 06:39:57,807 [C-W4]   ⏰ 29.0초 대기...
2026-03-07 06:40:26,797 [C-W4] 💕 [511/720] 丙午(병오) × 戊戌(무술)
2026-03-07 06:40:43,462 [C-W4]   🎉 성공 (✅510 ❌1)
2026-03-07 06:40:43,463 [C-W4]   ⏰ 26.5초 대기...
2026-03-07 06:41:10,002 [C-W4] 💕 [512/720] 丙午(병오) × 癸卯(계묘)
2026-03-07 06:41:26,672 [C-W4]   🎉 성공 (✅511 ❌1)
2026-03-07 06:41:26,673 [C-W4]   ⏰ 23.7초 대기...
2026-03-07 06:41:50,350 [C-W4] 💕 [513/720] 丙午(병오) × 戊申(무신)
2026-03-07 06:42:07,010 [C-W4]   🎉 성공 (✅512 ❌1)
2026-03-07 06:42:07,010 [C-W4]   ⏰ 28.8초 대기...
2026-03-07 06:42:35,827 [C-W4] 💕 [514/720] 丙午(병오) × 癸丑(계축)
2026-03-07 06:42:35,828 [C-W4]   🔄 새 채팅...
2026-03-07 06:42:56,583 [C-W4]   🎉 성공 (✅513 ❌1)
2026-03-07 06:42:56,583 [C-W4]   ⏰ 23.9초 대기...
2026-03-07 06:43:20,525 [C-W4] 💕 [515/720] 丙午(병오) × 戊午(무오)
2026-03-07 06:43:37,178 [C-W4]   🎉 성공 (✅514 ❌1)
2026-03-07 06:43:37,179 [C-W4]   ⏰ 30.5초 대기...
2026-03-07 06:44:07,681 [C-W4] 💕 [516/720] 丙午(병오) × 癸亥(계해)
2026-03-07 06:44:24,337 [C-W4]   🎉 성공 (✅515 ❌1)
2026-03-07 06:44:24,338 [C-W4]   ⏰ 32.4초 대기...
2026-03-07 06:44:56,764 [C-W4] 💕 [517/720] 丁未(정미) × 戊辰(무진)
2026-03-07 06:45:13,414 [C-W4]   🎉 성공 (✅516 ❌1)
2026-03-07 06:45:13,415 [C-W4]   ⏰ 38.6초 대기...
2026-03-07 06:45:52,020 [C-W4] 💕 [518/720] 丁未(정미) × 癸酉(계유)
2026-03-07 06:46:08,705 [C-W4]   🎉 성공 (✅517 ❌1)
2026-03-07 06:46:08,705 [C-W4]   ⏰ 36.9초 대기...
2026-03-07 06:46:45,648 [C-W4] 💕 [519/720] 丁未(정미) × 戊寅(무인)
2026-03-07 06:47:02,308 [C-W4]   🎉 성공 (✅518 ❌1)
2026-03-07 06:47:02,309 [C-W4]   ⏰ 33.3초 대기...
2026-03-07 06:47:35,594 [C-W4] 💕 [520/720] 丁未(정미) × 癸未(계미)
2026-03-07 06:47:52,262 [C-W4]   🎉 성공 (✅519 ❌1)
2026-03-07 06:47:52,263 [C-W4]   ⏰ 22.5초 대기...
2026-03-07 06:48:14,778 [C-W4] 💕 [521/720] 丁未(정미) × 戊子(무자)
2026-03-07 06:48:31,456 [C-W4]   🎉 성공 (✅520 ❌1)
2026-03-07 06:48:31,456 [C-W4]   ⏰ 34.0초 대기...
2026-03-07 06:49:05,466 [C-W4] 💕 [522/720] 丁未(정미) × 癸巳(계사)
2026-03-07 06:49:05,466 [C-W4]   🔄 새 채팅...
2026-03-07 06:49:29,275 [C-W4]   🎉 성공 (✅521 ❌1)
2026-03-07 06:49:29,276 [C-W4]   ⏰ 27.6초 대기...
2026-03-07 06:49:56,869 [C-W4] 💕 [523/720] 丁未(정미) × 戊戌(무술)
2026-03-07 06:50:16,527 [C-W4]   🎉 성공 (✅522 ❌1)
2026-03-07 06:50:16,527 [C-W4]   ⏰ 23.7초 대기...
2026-03-07 06:50:40,275 [C-W4] 💕 [524/720] 丁未(정미) × 癸卯(계묘)
2026-03-07 06:50:56,926 [C-W4]   🎉 성공 (✅523 ❌1)
2026-03-07 06:50:56,927 [C-W4]   ⏰ 37.9초 대기...
2026-03-07 06:51:34,785 [C-W4] 💕 [525/720] 丁未(정미) × 戊申(무신)
2026-03-07 06:51:51,440 [C-W4]   🎉 성공 (✅524 ❌1)
2026-03-07 06:51:51,440 [C-W4]   ⏰ 28.5초 대기...
2026-03-07 06:52:19,962 [C-W4] 💕 [526/720] 丁未(정미) × 癸丑(계축)
2026-03-07 06:52:39,640 [C-W4]   🎉 성공 (✅525 ❌1)
2026-03-07 06:52:39,640 [C-W4]   ⏰ 28.8초 대기...
2026-03-07 06:53:08,415 [C-W4] 💕 [527/720] 丁未(정미) × 戊午(무오)
2026-03-07 06:53:25,070 [C-W4]   🎉 성공 (✅526 ❌1)
2026-03-07 06:53:25,071 [C-W4]   ⏰ 31.0초 대기...
2026-03-07 06:53:56,035 [C-W4] 💕 [528/720] 丁未(정미) × 癸亥(계해)
2026-03-07 06:54:12,703 [C-W4]   🎉 성공 (✅527 ❌1)
2026-03-07 06:54:12,703 [C-W4]   ⏰ 37.5초 대기...
2026-03-07 06:54:50,243 [C-W4] 💕 [529/720] 戊申(무신) × 戊辰(무진)
2026-03-07 06:55:09,932 [C-W4]   🎉 성공 (✅528 ❌1)
2026-03-07 06:55:09,932 [C-W4]   ⏰ 27.2초 대기...
2026-03-07 06:55:37,105 [C-W4] 💕 [530/720] 戊申(무신) × 癸酉(계유)
2026-03-07 06:55:37,105 [C-W4]   🔄 새 채팅...
2026-03-07 06:55:57,832 [C-W4]   🎉 성공 (✅529 ❌1)
2026-03-07 06:55:57,833 [C-W4]   ⏰ 31.1초 대기...
2026-03-07 06:56:28,953 [C-W4] 💕 [531/720] 戊申(무신) × 戊寅(무인)
2026-03-07 06:56:45,646 [C-W4]   🎉 성공 (✅530 ❌1)
2026-03-07 06:56:45,647 [C-W4]   ⏰ 34.9초 대기...
2026-03-07 06:57:20,578 [C-W4] 💕 [532/720] 戊申(무신) × 癸未(계미)
2026-03-07 06:57:37,236 [C-W4]   🎉 성공 (✅531 ❌1)
2026-03-07 06:57:37,237 [C-W4]   ⏰ 25.0초 대기...
2026-03-07 06:58:02,232 [C-W4] 💕 [533/720] 戊申(무신) × 戊子(무자)
2026-03-07 06:58:18,896 [C-W4]   🎉 성공 (✅532 ❌1)
2026-03-07 06:58:18,897 [C-W4]   ⏰ 28.6초 대기...
2026-03-07 06:58:47,490 [C-W4] 💕 [534/720] 戊申(무신) × 癸巳(계사)
2026-03-07 06:59:04,141 [C-W4]   🎉 성공 (✅533 ❌1)
2026-03-07 06:59:04,141 [C-W4]   ⏰ 34.7초 대기...
2026-03-07 06:59:38,853 [C-W4] 💕 [535/720] 戊申(무신) × 戊戌(무술)
2026-03-07 06:59:55,514 [C-W4]   🎉 성공 (✅534 ❌1)
2026-03-07 06:59:55,514 [C-W4]   ⏰ 23.5초 대기...
2026-03-07 07:00:18,993 [C-W4] 💕 [536/720] 戊申(무신) × 癸卯(계묘)
2026-03-07 07:00:35,659 [C-W4]   🎉 성공 (✅535 ❌1)
2026-03-07 07:00:35,659 [C-W4]   ⏰ 35.8초 대기...
2026-03-07 07:01:11,509 [C-W4] 💕 [537/720] 戊申(무신) × 戊申(무신)
2026-03-07 07:01:28,197 [C-W4]   🎉 성공 (✅536 ❌1)
2026-03-07 07:01:28,197 [C-W4]   ⏰ 22.0초 대기...
2026-03-07 07:01:50,218 [C-W4] 💕 [538/720] 戊申(무신) × 癸丑(계축)
2026-03-07 07:01:50,219 [C-W4]   🔄 새 채팅...
2026-03-07 07:02:10,968 [C-W4]   🎉 성공 (✅537 ❌1)
2026-03-07 07:02:10,968 [C-W4]   ⏰ 26.2초 대기...
2026-03-07 07:02:37,165 [C-W4] 💕 [539/720] 戊申(무신) × 戊午(무오)
2026-03-07 07:02:53,860 [C-W4]   🎉 성공 (✅538 ❌1)
2026-03-07 07:02:53,860 [C-W4]   ⏰ 29.7초 대기...
2026-03-07 07:03:23,599 [C-W4] 💕 [540/720] 戊申(무신) × 癸亥(계해)
2026-03-07 07:03:40,265 [C-W4]   🎉 성공 (✅539 ❌1)
2026-03-07 07:03:40,265 [C-W4]   ⏰ 31.5초 대기...
2026-03-07 07:04:11,723 [C-W4] 💕 [541/720] 己酉(기유) × 戊辰(무진)
2026-03-07 07:04:28,385 [C-W4]   🎉 성공 (✅540 ❌1)
2026-03-07 07:04:28,385 [C-W4]   ⏰ 22.1초 대기...
2026-03-07 07:04:50,527 [C-W4] 💕 [542/720] 己酉(기유) × 癸酉(계유)
2026-03-07 07:05:07,185 [C-W4]   🎉 성공 (✅541 ❌1)
2026-03-07 07:05:07,186 [C-W4]   ⏰ 32.6초 대기...
2026-03-07 07:05:39,775 [C-W4] 💕 [543/720] 己酉(기유) × 戊寅(무인)
2026-03-07 07:05:56,452 [C-W4]   🎉 성공 (✅542 ❌1)
2026-03-07 07:05:56,452 [C-W4]   ⏰ 23.2초 대기...
2026-03-07 07:06:19,662 [C-W4] 💕 [544/720] 己酉(기유) × 癸未(계미)
2026-03-07 07:06:36,335 [C-W4]   🎉 성공 (✅543 ❌1)
2026-03-07 07:06:36,335 [C-W4]   ⏰ 27.8초 대기...
2026-03-07 07:07:04,095 [C-W4] 💕 [545/720] 己酉(기유) × 戊子(무자)
2026-03-07 07:07:20,740 [C-W4]   🎉 성공 (✅544 ❌1)
2026-03-07 07:07:20,741 [C-W4]   ⏰ 29.2초 대기...
2026-03-07 07:07:49,933 [C-W4] 💕 [546/720] 己酉(기유) × 癸巳(계사)
2026-03-07 07:07:49,933 [C-W4]   🔄 새 채팅...
2026-03-07 07:08:10,686 [C-W4]   🎉 성공 (✅545 ❌1)
2026-03-07 07:08:10,686 [C-W4]   ⏰ 26.0초 대기...
2026-03-07 07:08:36,640 [C-W4] 💕 [547/720] 己酉(기유) × 戊戌(무술)
2026-03-07 07:08:53,300 [C-W4]   🎉 성공 (✅546 ❌1)
2026-03-07 07:08:53,300 [C-W4]   ⏰ 29.8초 대기...
2026-03-07 07:09:23,085 [C-W4] 💕 [548/720] 己酉(기유) × 癸卯(계묘)
2026-03-07 07:09:39,750 [C-W4]   🎉 성공 (✅547 ❌1)
2026-03-07 07:09:39,750 [C-W4]   ⏰ 37.9초 대기...
2026-03-07 07:10:17,608 [C-W4] 💕 [549/720] 己酉(기유) × 戊申(무신)
2026-03-07 07:10:34,276 [C-W4]   🎉 성공 (✅548 ❌1)
2026-03-07 07:10:34,276 [C-W4]   ⏰ 25.5초 대기...
2026-03-07 07:10:59,767 [C-W4] 💕 [550/720] 己酉(기유) × 癸丑(계축)
2026-03-07 07:11:16,467 [C-W4]   🎉 성공 (✅549 ❌1)
2026-03-07 07:11:16,467 [C-W4]   ⏰ 24.7초 대기...
2026-03-07 07:11:41,154 [C-W4] 💕 [551/720] 己酉(기유) × 戊午(무오)
2026-03-07 07:11:57,817 [C-W4]   🎉 성공 (✅550 ❌1)
2026-03-07 07:11:57,817 [C-W4]   ⏰ 24.0초 대기...
2026-03-07 07:12:21,779 [C-W4] 💕 [552/720] 己酉(기유) × 癸亥(계해)
2026-03-07 07:12:38,443 [C-W4]   🎉 성공 (✅551 ❌1)
2026-03-07 07:12:38,443 [C-W4]   ⏰ 35.4초 대기...
2026-03-07 07:13:13,801 [C-W4] 💕 [553/720] 庚戌(경술) × 戊辰(무진)
2026-03-07 07:13:30,459 [C-W4]   🎉 성공 (✅552 ❌1)
2026-03-07 07:13:30,459 [C-W4]   ⏰ 37.0초 대기...
2026-03-07 07:14:07,446 [C-W4] 💕 [554/720] 庚戌(경술) × 癸酉(계유)
2026-03-07 07:14:07,446 [C-W4]   🔄 새 채팅...
2026-03-07 07:14:28,179 [C-W4]   🎉 성공 (✅553 ❌1)
2026-03-07 07:14:28,179 [C-W4]   ⏰ 30.7초 대기...
2026-03-07 07:14:58,850 [C-W4] 💕 [555/720] 庚戌(경술) × 戊寅(무인)
2026-03-07 07:15:15,495 [C-W4]   🎉 성공 (✅554 ❌1)
2026-03-07 07:15:15,495 [C-W4]   ⏰ 30.6초 대기...
2026-03-07 07:15:46,089 [C-W4] 💕 [556/720] 庚戌(경술) × 癸未(계미)
2026-03-07 07:16:02,741 [C-W4]   🎉 성공 (✅555 ❌1)
2026-03-07 07:16:02,741 [C-W4]   ⏰ 22.4초 대기...
2026-03-07 07:16:25,138 [C-W4] 💕 [557/720] 庚戌(경술) × 戊子(무자)
2026-03-07 07:16:41,794 [C-W4]   🎉 성공 (✅556 ❌1)
2026-03-07 07:16:41,795 [C-W4]   ⏰ 26.3초 대기...
2026-03-07 07:17:08,052 [C-W4] 💕 [558/720] 庚戌(경술) × 癸巳(계사)
2026-03-07 07:17:24,734 [C-W4]   🎉 성공 (✅557 ❌1)
2026-03-07 07:17:24,734 [C-W4]   ⏰ 22.3초 대기...
2026-03-07 07:17:47,013 [C-W4] 💕 [559/720] 庚戌(경술) × 戊戌(무술)
2026-03-07 07:18:03,684 [C-W4]   🎉 성공 (✅558 ❌1)
2026-03-07 07:18:03,685 [C-W4]   ⏰ 30.8초 대기...
2026-03-07 07:18:34,535 [C-W4] 💕 [560/720] 庚戌(경술) × 癸卯(계묘)
2026-03-07 07:18:51,229 [C-W4]   🎉 성공 (✅559 ❌1)
2026-03-07 07:18:51,229 [C-W4]   ⏰ 30.7초 대기...
2026-03-07 07:19:21,972 [C-W4] 💕 [561/720] 庚戌(경술) × 戊申(무신)
2026-03-07 07:19:38,612 [C-W4]   🎉 성공 (✅560 ❌1)
2026-03-07 07:19:38,613 [C-W4]   ⏰ 36.7초 대기...
2026-03-07 07:20:15,329 [C-W4] 💕 [562/720] 庚戌(경술) × 癸丑(계축)
2026-03-07 07:20:15,329 [C-W4]   🔄 새 채팅...
2026-03-07 07:20:36,069 [C-W4]   🎉 성공 (✅561 ❌1)
2026-03-07 07:20:36,069 [C-W4]   ⏰ 30.3초 대기...
2026-03-07 07:21:06,420 [C-W4] 💕 [563/720] 庚戌(경술) × 戊午(무오)
2026-03-07 07:21:23,054 [C-W4]   🎉 성공 (✅562 ❌1)
2026-03-07 07:21:23,054 [C-W4]   ⏰ 38.2초 대기...
2026-03-07 07:22:01,266 [C-W4] 💕 [564/720] 庚戌(경술) × 癸亥(계해)
2026-03-07 07:22:17,922 [C-W4]   🎉 성공 (✅563 ❌1)
2026-03-07 07:22:17,922 [C-W4]   ⏰ 23.9초 대기...
2026-03-07 07:22:41,856 [C-W4] 💕 [565/720] 辛亥(신해) × 戊辰(무진)
2026-03-07 07:22:58,531 [C-W4]   🎉 성공 (✅564 ❌1)
2026-03-07 07:22:58,531 [C-W4]   ⏰ 35.1초 대기...
2026-03-07 07:23:33,653 [C-W4] 💕 [566/720] 辛亥(신해) × 癸酉(계유)
2026-03-07 07:23:50,337 [C-W4]   🎉 성공 (✅565 ❌1)
2026-03-07 07:23:50,337 [C-W4]   ⏰ 38.0초 대기...
2026-03-07 07:24:28,306 [C-W4] 💕 [567/720] 辛亥(신해) × 戊寅(무인)
2026-03-07 07:24:44,977 [C-W4]   🎉 성공 (✅566 ❌1)
2026-03-07 07:24:44,977 [C-W4]   ⏰ 38.9초 대기...
2026-03-07 07:25:23,880 [C-W4] 💕 [568/720] 辛亥(신해) × 癸未(계미)
2026-03-07 07:25:40,670 [C-W4]   🎉 성공 (✅567 ❌1)
2026-03-07 07:25:40,670 [C-W4]   ⏰ 36.8초 대기...
2026-03-07 07:26:17,440 [C-W4] 💕 [569/720] 辛亥(신해) × 戊子(무자)
2026-03-07 07:26:34,103 [C-W4]   🎉 성공 (✅568 ❌1)
2026-03-07 07:26:34,103 [C-W4]   ⏰ 22.8초 대기...
2026-03-07 07:26:56,877 [C-W4] 💕 [570/720] 辛亥(신해) × 癸巳(계사)
2026-03-07 07:26:56,877 [C-W4]   🔄 새 채팅...
2026-03-07 07:27:17,633 [C-W4]   🎉 성공 (✅569 ❌1)
2026-03-07 07:27:17,634 [C-W4]   ⏰ 38.6초 대기...
2026-03-07 07:27:56,185 [C-W4] 💕 [571/720] 辛亥(신해) × 戊戌(무술)
2026-03-07 07:28:12,852 [C-W4]   🎉 성공 (✅570 ❌1)
2026-03-07 07:28:12,852 [C-W4]   ⏰ 22.2초 대기...
2026-03-07 07:28:35,092 [C-W4] 💕 [572/720] 辛亥(신해) × 癸卯(계묘)
2026-03-07 07:28:51,757 [C-W4]   🎉 성공 (✅571 ❌1)
2026-03-07 07:28:51,757 [C-W4]   ⏰ 28.4초 대기...
2026-03-07 07:29:20,185 [C-W4] 💕 [573/720] 辛亥(신해) × 戊申(무신)
2026-03-07 07:29:36,846 [C-W4]   🎉 성공 (✅572 ❌1)
2026-03-07 07:29:36,846 [C-W4]   ⏰ 30.8초 대기...
2026-03-07 07:30:07,643 [C-W4] 💕 [574/720] 辛亥(신해) × 癸丑(계축)
2026-03-07 07:30:24,336 [C-W4]   🎉 성공 (✅573 ❌1)
2026-03-07 07:30:24,336 [C-W4]   ⏰ 37.5초 대기...
2026-03-07 07:31:01,820 [C-W4] 💕 [575/720] 辛亥(신해) × 戊午(무오)
2026-03-07 07:31:18,526 [C-W4]   🎉 성공 (✅574 ❌1)
2026-03-07 07:31:18,526 [C-W4]   ⏰ 37.2초 대기...
2026-03-07 07:31:55,773 [C-W4] 💕 [576/720] 辛亥(신해) × 癸亥(계해)
2026-03-07 07:32:12,435 [C-W4]   🎉 성공 (✅575 ❌1)
2026-03-07 07:32:12,436 [C-W4]   ⏰ 31.8초 대기...
2026-03-07 07:32:44,201 [C-W4] 💕 [577/720] 壬子(임자) × 戊辰(무진)
2026-03-07 07:33:00,880 [C-W4]   🎉 성공 (✅576 ❌1)
2026-03-07 07:33:00,881 [C-W4]   ⏰ 37.6초 대기...
2026-03-07 07:33:38,459 [C-W4] 💕 [578/720] 壬子(임자) × 癸酉(계유)
2026-03-07 07:33:38,460 [C-W4]   🔄 새 채팅...
2026-03-07 07:33:59,239 [C-W4]   🎉 성공 (✅577 ❌1)
2026-03-07 07:33:59,239 [C-W4]   ⏰ 26.0초 대기...
2026-03-07 07:34:25,194 [C-W4] 💕 [579/720] 壬子(임자) × 戊寅(무인)
2026-03-07 07:34:41,846 [C-W4]   🎉 성공 (✅578 ❌1)
2026-03-07 07:34:41,847 [C-W4]   ⏰ 38.0초 대기...
2026-03-07 07:35:19,859 [C-W4] 💕 [580/720] 壬子(임자) × 癸未(계미)
2026-03-07 07:35:36,527 [C-W4]   🎉 성공 (✅579 ❌1)
2026-03-07 07:35:36,528 [C-W4]   ⏰ 32.0초 대기...
2026-03-07 07:36:08,506 [C-W4] 💕 [581/720] 壬子(임자) × 戊子(무자)
2026-03-07 07:36:25,160 [C-W4]   🎉 성공 (✅580 ❌1)
2026-03-07 07:36:25,161 [C-W4]   ⏰ 30.4초 대기...
2026-03-07 07:36:55,528 [C-W4] 💕 [582/720] 壬子(임자) × 癸巳(계사)
2026-03-07 07:37:12,181 [C-W4]   🎉 성공 (✅581 ❌1)
2026-03-07 07:37:12,181 [C-W4]   ⏰ 38.0초 대기...
2026-03-07 07:37:50,186 [C-W4] 💕 [583/720] 壬子(임자) × 戊戌(무술)
2026-03-07 07:38:06,855 [C-W4]   🎉 성공 (✅582 ❌1)
2026-03-07 07:38:06,856 [C-W4]   ⏰ 27.3초 대기...
2026-03-07 07:38:34,157 [C-W4] 💕 [584/720] 壬子(임자) × 癸卯(계묘)
2026-03-07 07:38:50,828 [C-W4]   🎉 성공 (✅583 ❌1)
2026-03-07 07:38:50,829 [C-W4]   ⏰ 28.8초 대기...
2026-03-07 07:39:19,615 [C-W4] 💕 [585/720] 壬子(임자) × 戊申(무신)
2026-03-07 07:39:36,278 [C-W4]   🎉 성공 (✅584 ❌1)
2026-03-07 07:39:36,278 [C-W4]   ⏰ 27.5초 대기...
2026-03-07 07:40:03,809 [C-W4] 💕 [586/720] 壬子(임자) × 癸丑(계축)
2026-03-07 07:40:03,809 [C-W4]   🔄 새 채팅...
2026-03-07 07:40:24,536 [C-W4]   🎉 성공 (✅585 ❌1)
2026-03-07 07:40:24,536 [C-W4]   ⏰ 38.2초 대기...
2026-03-07 07:41:02,729 [C-W4] 💕 [587/720] 壬子(임자) × 戊午(무오)
2026-03-07 07:41:19,378 [C-W4]   🎉 성공 (✅586 ❌1)
2026-03-07 07:41:19,378 [C-W4]   ⏰ 35.2초 대기...
2026-03-07 07:41:54,593 [C-W4] 💕 [588/720] 壬子(임자) × 癸亥(계해)
2026-03-07 07:42:11,239 [C-W4]   🎉 성공 (✅587 ❌1)
2026-03-07 07:42:11,240 [C-W4]   ⏰ 24.7초 대기...
2026-03-07 07:42:35,926 [C-W4] 💕 [589/720] 癸丑(계축) × 戊辰(무진)
2026-03-07 07:42:52,595 [C-W4]   🎉 성공 (✅588 ❌1)
2026-03-07 07:42:52,596 [C-W4]   ⏰ 33.9초 대기...
2026-03-07 07:43:26,469 [C-W4] 💕 [590/720] 癸丑(계축) × 癸酉(계유)
2026-03-07 07:43:43,131 [C-W4]   🎉 성공 (✅589 ❌1)
2026-03-07 07:43:43,131 [C-W4]   ⏰ 32.0초 대기...
2026-03-07 07:44:15,130 [C-W4] 💕 [591/720] 癸丑(계축) × 戊寅(무인)
2026-03-07 07:44:31,793 [C-W4]   🎉 성공 (✅590 ❌1)
2026-03-07 07:44:31,794 [C-W4]   ⏰ 35.0초 대기...
2026-03-07 07:45:06,768 [C-W4] 💕 [592/720] 癸丑(계축) × 癸未(계미)
2026-03-07 07:45:23,430 [C-W4]   🎉 성공 (✅591 ❌1)
2026-03-07 07:45:23,430 [C-W4]   ⏰ 26.8초 대기...
2026-03-07 07:45:50,183 [C-W4] 💕 [593/720] 癸丑(계축) × 戊子(무자)
2026-03-07 07:46:06,854 [C-W4]   🎉 성공 (✅592 ❌1)
2026-03-07 07:46:06,855 [C-W4]   ⏰ 26.1초 대기...
2026-03-07 07:46:32,942 [C-W4] 💕 [594/720] 癸丑(계축) × 癸巳(계사)
2026-03-07 07:46:32,942 [C-W4]   🔄 새 채팅...
2026-03-07 07:46:53,741 [C-W4]   🎉 성공 (✅593 ❌1)
2026-03-07 07:46:53,742 [C-W4]   ⏰ 29.3초 대기...
2026-03-07 07:47:23,030 [C-W4] 💕 [595/720] 癸丑(계축) × 戊戌(무술)
2026-03-07 07:47:39,671 [C-W4]   🎉 성공 (✅594 ❌1)
2026-03-07 07:47:39,671 [C-W4]   ⏰ 31.2초 대기...
2026-03-07 07:48:10,905 [C-W4] 💕 [596/720] 癸丑(계축) × 癸卯(계묘)
2026-03-07 07:48:27,571 [C-W4]   🎉 성공 (✅595 ❌1)
2026-03-07 07:48:27,571 [C-W4]   ⏰ 37.8초 대기...
2026-03-07 07:49:05,358 [C-W4] 💕 [597/720] 癸丑(계축) × 戊申(무신)
2026-03-07 07:49:22,027 [C-W4]   🎉 성공 (✅596 ❌1)
2026-03-07 07:49:22,027 [C-W4]   ⏰ 29.2초 대기...
2026-03-07 07:49:51,253 [C-W4] 💕 [598/720] 癸丑(계축) × 癸丑(계축)
2026-03-07 07:50:07,922 [C-W4]   🎉 성공 (✅597 ❌1)
2026-03-07 07:50:07,922 [C-W4]   ⏰ 22.2초 대기...
2026-03-07 07:50:30,132 [C-W4] 💕 [599/720] 癸丑(계축) × 戊午(무오)
2026-03-07 07:50:46,790 [C-W4]   🎉 성공 (✅598 ❌1)
2026-03-07 07:50:46,790 [C-W4]   ⏰ 38.8초 대기...
2026-03-07 07:51:25,600 [C-W4] 💕 [600/720] 癸丑(계축) × 癸亥(계해)
2026-03-07 07:51:45,284 [C-W4]   🎉 성공 (✅599 ❌1)
2026-03-07 07:51:45,284 [C-W4]   ⏰ 33.6초 대기...
2026-03-07 07:52:18,904 [C-W4] 💕 [601/720] 甲寅(갑인) × 戊辰(무진)
2026-03-07 07:52:35,546 [C-W4]   🎉 성공 (✅600 ❌1)
2026-03-07 07:52:35,546 [C-W4]   ⏰ 29.2초 대기...
2026-03-07 07:53:04,750 [C-W4] 💕 [602/720] 甲寅(갑인) × 癸酉(계유)
2026-03-07 07:53:04,750 [C-W4]   🔄 새 채팅...
2026-03-07 07:53:25,499 [C-W4]   🎉 성공 (✅601 ❌1)
2026-03-07 07:53:25,500 [C-W4]   ⏰ 36.1초 대기...
2026-03-07 07:54:01,641 [C-W4] 💕 [603/720] 甲寅(갑인) × 戊寅(무인)
2026-03-07 07:54:18,334 [C-W4]   🎉 성공 (✅602 ❌1)
2026-03-07 07:54:18,334 [C-W4]   ⏰ 34.6초 대기...
2026-03-07 07:54:52,934 [C-W4] 💕 [604/720] 甲寅(갑인) × 癸未(계미)
2026-03-07 07:55:09,561 [C-W4]   🎉 성공 (✅603 ❌1)
2026-03-07 07:55:09,561 [C-W4]   ⏰ 36.7초 대기...
2026-03-07 07:55:46,287 [C-W4] 💕 [605/720] 甲寅(갑인) × 戊子(무자)
2026-03-07 07:56:02,941 [C-W4]   🎉 성공 (✅604 ❌1)
2026-03-07 07:56:02,941 [C-W4]   ⏰ 34.1초 대기...
2026-03-07 07:56:37,000 [C-W4] 💕 [606/720] 甲寅(갑인) × 癸巳(계사)
2026-03-07 07:56:53,661 [C-W4]   🎉 성공 (✅605 ❌1)
2026-03-07 07:56:53,661 [C-W4]   ⏰ 22.1초 대기...
2026-03-07 07:57:15,807 [C-W4] 💕 [607/720] 甲寅(갑인) × 戊戌(무술)
2026-03-07 07:57:32,471 [C-W4]   🎉 성공 (✅606 ❌1)
2026-03-07 07:57:32,472 [C-W4]   ⏰ 29.0초 대기...
2026-03-07 07:58:01,488 [C-W4] 💕 [608/720] 甲寅(갑인) × 癸卯(계묘)
2026-03-07 07:58:18,154 [C-W4]   🎉 성공 (✅607 ❌1)
2026-03-07 07:58:18,154 [C-W4]   ⏰ 27.6초 대기...
2026-03-07 07:58:45,720 [C-W4] 💕 [609/720] 甲寅(갑인) × 戊申(무신)
2026-03-07 07:59:02,407 [C-W4]   🎉 성공 (✅608 ❌1)
2026-03-07 07:59:02,407 [C-W4]   ⏰ 28.1초 대기...
2026-03-07 07:59:30,526 [C-W4] 💕 [610/720] 甲寅(갑인) × 癸丑(계축)
2026-03-07 07:59:30,526 [C-W4]   🔄 새 채팅...
2026-03-07 07:59:51,315 [C-W4]   🎉 성공 (✅609 ❌1)
2026-03-07 07:59:51,315 [C-W4]   ⏰ 33.4초 대기...
2026-03-07 08:00:24,670 [C-W4] 💕 [611/720] 甲寅(갑인) × 戊午(무오)
2026-03-07 08:00:41,354 [C-W4]   🎉 성공 (✅610 ❌1)
2026-03-07 08:00:41,354 [C-W4]   ⏰ 35.7초 대기...
