2026-03-07 10:55:35,838 [E-W1] 🏁 워커 1 시작! 할당: 532개
2026-03-07 10:55:45,839 [E-W1] 🚀 크롬 초기화...
2026-03-07 10:55:56,433 [E-W1] 📌 [1/532] [tti] 용띠×癸卯(계묘)
2026-03-07 10:56:13,242 [E-W1]   🎉 성공 (✅1 ❌0)
2026-03-07 10:56:28,678 [E-W1] 📌 [2/532] [tti] 토끼띠×甲申(갑신)
2026-03-07 10:56:45,375 [E-W1]   🎉 성공 (✅2 ❌0)
2026-03-07 10:56:59,458 [E-W1] 📌 [3/532] [zodiac] 사수자리×壬戌(임술)
2026-03-07 10:57:16,171 [E-W1]   ❌ 에러: dict contains fields not in fieldnames: '텐션_level'
2026-03-07 10:57:22,084 [E-W1] 📌 [4/532] [tarot] 소드 기사(upright)
2026-03-07 10:57:39,074 [E-W1]   🎉 성공 (✅3 ❌1)
2026-03-07 10:57:48,199 [E-W1] 📌 [5/532] [zodiac] 처녀자리×辛亥(신해)
2026-03-07 10:58:04,936 [E-W1]   🎉 성공 (✅4 ❌1)
2026-03-07 10:58:17,373 [E-W1] 📌 [6/532] [tti] 소띠×戊寅(무인)
2026-03-07 10:58:34,078 [E-W1]   🎉 성공 (✅5 ❌1)
2026-03-07 10:58:47,040 [E-W1] 📌 [7/532] [tti] 용띠×乙卯(을묘)
2026-03-07 10:59:03,737 [E-W1]   🎉 성공 (✅6 ❌1)
2026-03-07 10:59:19,116 [E-W1] 📌 [8/532] [zodiac] 황소자리×辛卯(신묘)
2026-03-07 10:59:35,812 [E-W1]   ❌ 에러: dict contains fields not in fieldnames: '텐션_level'
2026-03-07 10:59:40,967 [E-W1] 📌 [9/532] [tti] 말띠×戊申(무신)
2026-03-07 10:59:57,834 [E-W1]   🎉 성공 (✅7 ❌2)
2026-03-07 11:00:12,886 [E-W1] 📌 [10/532] [tti] 닭띠×戊辰(무진)
2026-03-07 11:00:29,621 [E-W1]   🎉 성공 (✅8 ❌2)
2026-03-07 11:00:41,113 [E-W1] 📌 [11/532] [zodiac] 천칭자리×壬戌(임술)
2026-03-07 11:01:01,959 [E-W1]   🎉 성공 (✅9 ❌2)
2026-03-07 11:01:15,886 [E-W1] 📌 [12/532] [zodiac] 물병자리×丙申(병신)
2026-03-07 11:01:32,591 [E-W1]   ❌ 에러: dict contains fields not in fieldnames: '텐션_level'
2026-03-07 11:01:37,990 [E-W1] 📌 [13/532] [tti] 호랑이띠×丁亥(정해)
2026-03-07 11:01:54,863 [E-W1]   🎉 성공 (✅10 ❌3)
2026-03-07 11:02:09,344 [E-W1] 📌 [14/532] [zodiac] 사수자리×乙未(을미)
2026-03-07 11:02:26,025 [E-W1]   🎉 성공 (✅11 ❌3)
2026-03-07 11:02:36,363 [E-W1] 📌 [15/532] [zodiac] 게자리×己卯(기묘)
2026-03-07 11:02:53,056 [E-W1]   🎉 성공 (✅12 ❌3)
2026-03-07 11:03:02,120 [E-W1] 📌 [16/532] [zodiac] 황소자리×甲午(갑오)
2026-03-07 11:03:18,867 [E-W1]   ❌ 에러: dict contains fields not in fieldnames: '텐션_level'
2026-03-07 11:03:24,262 [E-W1] 📌 [17/532] [tti] 토끼띠×庚辰(경진)
2026-03-07 11:03:41,086 [E-W1]   🎉 성공 (✅13 ❌4)
2026-03-07 11:03:51,199 [E-W1] 📌 [18/532] [zodiac] 물고기자리×辛未(신미)
2026-03-07 11:04:07,932 [E-W1]   🎉 성공 (✅14 ❌4)
2026-03-07 11:04:23,632 [E-W1] 📌 [19/532] [zodiac] 물고기자리×癸卯(계묘)
2026-03-07 11:04:40,365 [E-W1]   ❌ 에러: dict contains fields not in fieldnames: '텐션_level'
2026-03-07 11:04:45,722 [E-W1] 📌 [20/532] [zodiac] 염소자리×己卯(기묘)
2026-03-07 11:05:02,458 [E-W1]   🎉 성공 (✅15 ❌5)
2026-03-07 11:05:13,433 [E-W1] 📌 [21/532] [tti] 양띠×辛卯(신묘)
2026-03-07 11:05:30,132 [E-W1]   🎉 성공 (✅16 ❌5)
2026-03-07 11:05:43,527 [E-W1] 📌 [22/532] [tti] 소띠×己亥(기해)
2026-03-07 11:06:04,379 [E-W1]   🎉 성공 (✅17 ❌5)
2026-03-07 11:06:18,386 [E-W1] 📌 [23/532] [tarot] 소드 9(reversed)
2026-03-07 11:06:35,118 [E-W1]   🎉 성공 (✅18 ❌5)
2026-03-07 11:06:48,729 [E-W1] 📌 [24/532] [tti] 쥐띠×辛未(신미)
2026-03-07 11:07:05,447 [E-W1]   🎉 성공 (✅19 ❌5)
2026-03-07 11:07:18,394 [E-W1] 📌 [25/532] [zodiac] 천칭자리×丙午(병오)
2026-03-07 11:07:35,097 [E-W1]   🎉 성공 (✅20 ❌5)
2026-03-07 11:07:45,014 [E-W1] 📌 [26/532] [zodiac] 쌍둥이자리×癸卯(계묘)
2026-03-07 11:08:01,728 [E-W1]   🎉 성공 (✅21 ❌5)
2026-03-07 11:08:15,847 [E-W1] 📌 [27/532] [tti] 닭띠×丁卯(정묘)
2026-03-07 11:08:32,579 [E-W1]   🎉 성공 (✅22 ❌5)
2026-03-07 11:08:42,984 [E-W1] 📌 [28/532] [zodiac] 물병자리×乙卯(을묘)
2026-03-07 11:08:59,689 [E-W1]   🎉 성공 (✅23 ❌5)
2026-03-07 11:09:13,703 [E-W1] 📌 [29/532] [zodiac] 물병자리×戊寅(무인)
2026-03-07 11:09:30,445 [E-W1]   🎉 성공 (✅24 ❌5)
2026-03-07 11:09:41,227 [E-W1] 📌 [30/532] [zodiac] 쌍둥이자리×乙巳(을사)
2026-03-07 11:10:02,806 [E-W1]   🎉 성공 (✅25 ❌5)
2026-03-07 11:10:14,798 [E-W1] 📌 [31/532] [tti] 쥐띠×辛卯(신묘)
2026-03-07 11:10:31,514 [E-W1]   🎉 성공 (✅26 ❌5)
2026-03-07 11:10:45,562 [E-W1] 📌 [32/532] [tti] 소띠×庚辰(경진)
2026-03-07 11:11:02,259 [E-W1]   🎉 성공 (✅27 ❌5)
2026-03-07 11:11:13,839 [E-W1] 📌 [33/532] [zodiac] 전갈자리×辛卯(신묘)
2026-03-07 11:11:30,595 [E-W1]   🎉 성공 (✅28 ❌5)
2026-03-07 11:11:41,543 [E-W1] 📌 [34/532] [tti] 토끼띠×庚申(경신)
2026-03-07 11:11:58,325 [E-W1]   🎉 성공 (✅29 ❌5)
2026-03-07 11:12:11,833 [E-W1] 📌 [35/532] [tarot] 여사제(upright)
2026-03-07 11:12:28,569 [E-W1]   🎉 성공 (✅30 ❌5)
2026-03-07 11:12:43,138 [E-W1] 📌 [36/532] [tti] 말띠×丁未(정미)
2026-03-07 11:12:59,889 [E-W1]   🎉 성공 (✅31 ❌5)
2026-03-07 11:13:13,007 [E-W1] 📌 [37/532] [tti] 닭띠×庚午(경오)
2026-03-07 11:13:29,764 [E-W1]   🎉 성공 (✅32 ❌5)
2026-03-07 11:13:45,335 [E-W1] 📌 [38/532] [tti] 돼지띠×甲申(갑신)
2026-03-07 11:14:06,327 [E-W1]   🎉 성공 (✅33 ❌5)
2026-03-07 11:14:19,500 [E-W1] 📌 [39/532] [tti] 양띠×戊午(무오)
2026-03-07 11:14:36,217 [E-W1]   🎉 성공 (✅34 ❌5)
2026-03-07 11:14:52,115 [E-W1] 📌 [40/532] [tti] 원숭이띠×丁巳(정사)
2026-03-07 11:15:08,947 [E-W1]   🎉 성공 (✅35 ❌5)
2026-03-07 11:15:19,979 [E-W1] 📌 [41/532] [zodiac] 쌍둥이자리×辛丑(신축)
2026-03-07 11:15:36,709 [E-W1]   🎉 성공 (✅36 ❌5)
2026-03-07 11:15:48,943 [E-W1] 📌 [42/532] [zodiac] 쌍둥이자리×丙子(병자)
2026-03-07 11:16:05,709 [E-W1]   ❌ 에러: dict contains fields not in fieldnames: '텐션_level'
2026-03-07 11:16:11,753 [E-W1] 📌 [43/532] [tti] 말띠×癸酉(계유)
2026-03-07 11:16:28,836 [E-W1]   🎉 성공 (✅37 ❌6)
2026-03-07 11:16:40,662 [E-W1] 📌 [44/532] [tti] 용띠×丁卯(정묘)
2026-03-07 11:16:57,469 [E-W1]   🎉 성공 (✅38 ❌6)
2026-03-07 11:17:10,793 [E-W1] 📌 [45/532] [tti] 토끼띠×戊寅(무인)
2026-03-07 11:17:27,540 [E-W1]   ❌ 에러: dict contains fields not in fieldnames: '텐션_level'
2026-03-07 11:17:33,321 [E-W1] 📌 [46/532] [zodiac] 사수자리×壬子(임자)
2026-03-07 11:17:50,117 [E-W1]   🎉 성공 (✅39 ❌7)
2026-03-07 11:18:01,671 [E-W1] 📌 [47/532] [tti] 돼지띠×己酉(기유)
2026-03-07 11:18:18,389 [E-W1]   🎉 성공 (✅40 ❌7)
2026-03-07 11:18:30,213 [E-W1] 📌 [48/532] [tti] 원숭이띠×甲午(갑오)
2026-03-07 11:18:51,097 [E-W1]   🎉 성공 (✅41 ❌7)
2026-03-07 11:19:02,910 [E-W1] 📌 [49/532] [zodiac] 게자리×辛巳(신사)
2026-03-07 11:19:19,633 [E-W1]   🎉 성공 (✅42 ❌7)
2026-03-07 11:19:33,837 [E-W1] 📌 [50/532] [tarot] 컵 여왕(reversed)
2026-03-07 11:19:50,544 [E-W1]   🎉 성공 (✅43 ❌7)
2026-03-07 11:20:02,890 [E-W1] 📌 [51/532] [zodiac] 천칭자리×庚寅(경인)
2026-03-07 11:20:19,603 [E-W1]   🎉 성공 (✅44 ❌7)
2026-03-07 11:20:28,920 [E-W1] 📌 [52/532] [tti] 개띠×丙戌(병술)
2026-03-07 11:20:45,631 [E-W1]   🎉 성공 (✅45 ❌7)
2026-03-07 11:20:57,824 [E-W1] 📌 [53/532] [zodiac] 전갈자리×己亥(기해)
2026-03-07 11:21:14,570 [E-W1]   🎉 성공 (✅46 ❌7)
2026-03-07 11:21:26,154 [E-W1] 📌 [54/532] [zodiac] 천칭자리×丙子(병자)
2026-03-07 11:21:42,880 [E-W1]   🎉 성공 (✅47 ❌7)
2026-03-07 11:21:57,725 [E-W1] 📌 [55/532] [zodiac] 물고기자리×丁卯(정묘)
2026-03-07 11:22:14,430 [E-W1]   ❌ 에러: dict contains fields not in fieldnames: '텐션_level'
2026-03-07 11:22:19,781 [E-W1] 📌 [56/532] [tti] 말띠×壬子(임자)
2026-03-07 11:22:36,509 [E-W1]   🎉 성공 (✅48 ❌8)
2026-03-07 11:22:52,492 [E-W1] 📌 [57/532] [zodiac] 양자리×丙辰(병진)
2026-03-07 11:23:13,315 [E-W1]   🎉 성공 (✅49 ❌8)
2026-03-07 11:23:25,603 [E-W1] 📌 [58/532] [tti] 소띠×己卯(기묘)
2026-03-07 11:23:42,275 [E-W1]   🎉 성공 (✅50 ❌8)
2026-03-07 11:23:55,010 [E-W1] 📌 [59/532] [zodiac] 전갈자리×癸巳(계사)
2026-03-07 11:24:11,706 [E-W1]   🎉 성공 (✅51 ❌8)
2026-03-07 11:24:22,888 [E-W1] 📌 [60/532] [zodiac] 쌍둥이자리×戊午(무오)
2026-03-07 11:24:39,582 [E-W1]   🎉 성공 (✅52 ❌8)
2026-03-07 11:24:51,191 [E-W1] 📌 [61/532] [zodiac] 염소자리×庚寅(경인)
2026-03-07 11:25:07,895 [E-W1]   ❌ 에러: dict contains fields not in fieldnames: '텐션_level'
2026-03-07 11:25:13,186 [E-W1] 📌 [62/532] [zodiac] 물고기자리×甲寅(갑인)
2026-03-07 11:25:29,906 [E-W1]   🎉 성공 (✅53 ❌9)
2026-03-07 11:25:44,077 [E-W1] 📌 [63/532] [zodiac] 게자리×戊辰(무진)
2026-03-07 11:26:00,862 [E-W1]   🎉 성공 (✅54 ❌9)
2026-03-07 11:26:13,106 [E-W1] 📌 [64/532] [tti] 뱀띠×丁丑(정축)
2026-03-07 11:26:29,825 [E-W1]   🎉 성공 (✅55 ❌9)
2026-03-07 11:26:41,087 [E-W1] 📌 [65/532] [zodiac] 물병자리×甲午(갑오)
2026-03-07 11:26:57,842 [E-W1]   🎉 성공 (✅56 ❌9)
2026-03-07 11:27:07,975 [E-W1] 📌 [66/532] [tti] 뱀띠×丙申(병신)
2026-03-07 11:27:28,790 [E-W1]   🎉 성공 (✅57 ❌9)
2026-03-07 11:27:41,685 [E-W1] 📌 [67/532] [tti] 원숭이띠×壬子(임자)
2026-03-07 11:27:58,389 [E-W1]   🎉 성공 (✅58 ❌9)
2026-03-07 11:28:07,961 [E-W1] 📌 [68/532] [zodiac] 황소자리×丁亥(정해)
2026-03-07 11:28:24,696 [E-W1]   ❌ 에러: dict contains fields not in fieldnames: '텐션_level'
2026-03-07 11:28:30,035 [E-W1] 📌 [69/532] [zodiac] 양자리×丙子(병자)
2026-03-07 11:30:35,984 [E-W1]   ❌ 파싱실패
2026-03-07 11:30:48,836 [E-W1] 📌 [70/532] [tarot] 태양(upright)
2026-03-07 11:32:54,877 [E-W1]   ❌ 파싱실패
2026-03-07 11:33:08,245 [E-W1] 📌 [71/532] [tarot] 완드 10(reversed)
2026-03-07 11:35:14,167 [E-W1]   ❌ 파싱실패
2026-03-07 11:35:25,414 [E-W1] 📌 [72/532] [zodiac] 황소자리×辛巳(신사)
2026-03-07 11:37:31,301 [E-W1]   ❌ 파싱실패
2026-03-07 11:37:45,287 [E-W1] 📌 [73/532] [tti] 양띠×丙申(병신)
2026-03-07 11:39:51,159 [E-W1]   ❌ 파싱실패
2026-03-07 11:40:02,375 [E-W1] 📌 [74/532] [zodiac] 천칭자리×己丑(기축)
2026-03-07 11:42:08,277 [E-W1]   ❌ 파싱실패
2026-03-07 11:42:20,111 [E-W1] 📌 [75/532] [tarot] 펜타클 6(upright)
2026-03-07 11:44:25,981 [E-W1]   ❌ 파싱실패
2026-03-07 11:44:38,392 [E-W1] 📌 [76/532] [zodiac] 물고기자리×癸未(계미)
2026-03-07 11:46:44,318 [E-W1]   ❌ 파싱실패
2026-03-07 11:46:59,044 [E-W1] 📌 [77/532] [tti] 양띠×辛酉(신유)
2026-03-07 11:49:04,927 [E-W1]   ❌ 파싱실패
2026-03-07 11:49:15,706 [E-W1] 📌 [78/532] [zodiac] 사자자리×壬寅(임인)
2026-03-07 11:51:21,595 [E-W1]   ❌ 파싱실패
2026-03-07 11:51:31,235 [E-W1] 📌 [79/532] [zodiac] 전갈자리×戊子(무자)
2026-03-07 11:53:37,120 [E-W1]   ❌ 파싱실패
2026-03-07 11:53:51,911 [E-W1] 📌 [80/532] [tti] 용띠×己亥(기해)
2026-03-07 11:55:57,785 [E-W1]   ❌ 파싱실패
2026-03-07 11:56:09,656 [E-W1] 📌 [81/532] [tti] 뱀띠×戊戌(무술)
2026-03-07 11:58:15,558 [E-W1]   ❌ 파싱실패
2026-03-07 11:58:27,421 [E-W1] 📌 [82/532] [zodiac] 황소자리×戊辰(무진)
2026-03-07 12:00:33,341 [E-W1]   ❌ 파싱실패
2026-03-07 12:00:47,868 [E-W1] 📌 [83/532] [tti] 용띠×丁未(정미)
2026-03-07 12:02:53,809 [E-W1]   ❌ 파싱실패
2026-03-07 12:03:07,828 [E-W1] 📌 [84/532] [zodiac] 물병자리×庚辰(경진)
2026-03-07 12:03:37,183 [E-W1]   🎉 성공 (✅59 ❌25)
2026-03-07 12:03:46,192 [E-W1] 📌 [85/532] [zodiac] 사수자리×庚子(경자)
2026-03-07 12:04:02,863 [E-W1]   🎉 성공 (✅60 ❌25)
2026-03-07 12:04:13,340 [E-W1] 📌 [86/532] [zodiac] 황소자리×丁卯(정묘)
2026-03-07 12:04:30,008 [E-W1]   🎉 성공 (✅61 ❌25)
2026-03-07 12:04:58,933 [E-W1] 🏁 워커 1 시작! 할당: 470개
2026-03-07 12:05:08,934 [E-W1] 🚀 크롬 초기화...
2026-03-07 12:05:19,635 [E-W1] 📌 [1/470] [tti] 뱀띠×丙戌(병술)
2026-03-07 12:07:26,411 [E-W1]   ❌ 파싱실패
2026-03-07 12:07:37,994 [E-W1] 📌 [2/470] [zodiac] 천칭자리×己酉(기유)
2026-03-07 12:09:44,046 [E-W1]   ❌ 파싱실패
2026-03-07 12:09:59,395 [E-W1] 📌 [3/470] [tti] 원숭이띠×丙戌(병술)
2026-03-07 12:12:05,304 [E-W1]   ❌ 파싱실패
2026-03-07 12:12:16,364 [E-W1] 📌 [4/470] [zodiac] 쌍둥이자리×戊辰(무진)
2026-03-07 12:14:22,415 [E-W1]   ❌ 파싱실패
2026-03-07 12:14:36,112 [E-W1] 📌 [5/470] [zodiac] 사수자리×辛未(신미)
2026-03-07 12:16:42,500 [E-W1]   ❌ 파싱실패
2026-03-07 12:16:54,921 [E-W1] 📌 [6/470] [tti] 용띠×丙子(병자)
2026-03-07 12:19:01,026 [E-W1]   ❌ 파싱실패
2026-03-07 12:19:10,234 [E-W1] 📌 [7/470] [zodiac] 양자리×乙巳(을사)
2026-03-07 12:21:16,299 [E-W1]   ❌ 파싱실패
2026-03-07 12:21:31,891 [E-W1] 📌 [8/470] [zodiac] 양자리×己亥(기해)
2026-03-07 12:23:39,342 [E-W1]   ❌ 파싱실패
2026-03-07 12:23:52,253 [E-W1] 📌 [9/470] [zodiac] 사자자리×庚午(경오)
2026-03-07 12:25:58,222 [E-W1]   ❌ 파싱실패
2026-03-07 12:26:13,798 [E-W1] 📌 [10/470] [tarot] 펜타클 2(upright)
2026-03-07 12:28:19,605 [E-W1]   ❌ 파싱실패
2026-03-07 12:28:31,211 [E-W1] 📌 [11/470] [zodiac] 사자자리×乙丑(을축)
2026-03-07 12:30:37,071 [E-W1]   ❌ 파싱실패
2026-03-07 12:30:50,246 [E-W1] 📌 [12/470] [tti] 쥐띠×丙辰(병진)
2026-03-07 12:32:56,027 [E-W1]   ❌ 파싱실패
2026-03-07 12:33:10,096 [E-W1] 📌 [13/470] [zodiac] 염소자리×庚申(경신)
2026-03-07 12:35:15,886 [E-W1]   ❌ 파싱실패
2026-03-07 12:35:27,832 [E-W1] 📌 [14/470] [tarot] 소드 여왕(reversed)
2026-03-07 12:37:33,639 [E-W1]   ❌ 파싱실패
2026-03-07 12:37:43,494 [E-W1] 📌 [15/470] [zodiac] 물병자리×丁丑(정축)
2026-03-07 12:39:49,276 [E-W1]   ❌ 파싱실패
2026-03-07 12:40:05,257 [E-W1] 📌 [16/470] [zodiac] 황소자리×丁亥(정해)
2026-03-07 12:42:11,030 [E-W1]   ❌ 파싱실패
2026-03-07 12:42:25,203 [E-W1] 📌 [17/470] [zodiac] 염소자리×丁亥(정해)
2026-03-07 12:44:30,978 [E-W1]   ❌ 파싱실패
2026-03-07 12:44:41,154 [E-W1] 📌 [18/470] [tti] 토끼띠×庚子(경자)
2026-03-07 12:46:46,948 [E-W1]   ❌ 파싱실패
2026-03-07 12:46:59,091 [E-W1] 📌 [19/470] [tti] 호랑이띠×乙巳(을사)
2026-03-07 12:49:04,852 [E-W1]   ❌ 파싱실패
2026-03-07 12:49:15,667 [E-W1] 📌 [20/470] [zodiac] 물병자리×乙巳(을사)
2026-03-07 12:51:21,440 [E-W1]   ❌ 파싱실패
2026-03-07 12:51:30,463 [E-W1] 📌 [21/470] [tti] 뱀띠×壬午(임오)
2026-03-07 12:53:36,291 [E-W1]   ❌ 파싱실패
2026-03-07 12:53:51,564 [E-W1] 📌 [22/470] [tarot] 완드 기사(reversed)
2026-03-07 12:55:57,353 [E-W1]   ❌ 파싱실패
2026-03-07 12:56:10,625 [E-W1] 📌 [23/470] [zodiac] 처녀자리×壬辰(임진)
2026-03-07 12:58:16,400 [E-W1]   ❌ 파싱실패
2026-03-07 12:58:29,214 [E-W1] 📌 [24/470] [zodiac] 물병자리×戊子(무자)
2026-03-07 13:00:35,992 [E-W1]   ❌ 파싱실패
2026-03-07 13:00:51,868 [E-W1] 📌 [25/470] [tti] 말띠×戊戌(무술)
2026-03-07 13:03:33,783 [E-W1] 🏁 워커 1 시작! 할당: 470개
2026-03-07 13:03:43,785 [E-W1] 🚀 크롬 초기화...
2026-03-07 13:03:54,538 [E-W1] 📌 [1/470] [tti] 호랑이띠×壬辰(임진)
2026-03-07 13:04:11,289 [E-W1]   🎉 성공 (✅1 ❌0)
2026-03-07 13:04:26,916 [E-W1] 📌 [2/470] [tti] 양띠×癸未(계미)
2026-03-07 13:04:43,586 [E-W1]   🎉 성공 (✅2 ❌0)
2026-03-07 13:04:57,339 [E-W1] 📌 [3/470] [tti] 소띠×壬辰(임진)
2026-03-07 13:05:14,024 [E-W1]   🎉 성공 (✅3 ❌0)
2026-03-07 13:05:23,374 [E-W1] 📌 [4/470] [tti] 호랑이띠×己巳(기사)
2026-03-07 13:05:40,050 [E-W1]   ❌ 에러: dict contains fields not in fieldnames: '텐션_level'
2026-03-07 13:05:45,828 [E-W1] 📌 [5/470] [zodiac] 쌍둥이자리×戊申(무신)
2026-03-07 13:06:05,568 [E-W1]   🎉 성공 (✅4 ❌1)
2026-03-07 13:06:17,301 [E-W1] 📌 [6/470] [zodiac] 게자리×丁酉(정유)
2026-03-07 13:06:33,991 [E-W1]   🎉 성공 (✅5 ❌1)
2026-03-07 13:06:48,699 [E-W1] 📌 [7/470] [tarot] 펜타클 4(reversed)
2026-03-07 13:07:05,404 [E-W1]   🎉 성공 (✅6 ❌1)
2026-03-07 13:07:16,625 [E-W1] 📌 [8/470] [tti] 개띠×丙子(병자)
2026-03-07 13:07:33,328 [E-W1]   ❌ 에러: dict contains fields not in fieldnames: '텐션_level'
2026-03-07 13:07:38,718 [E-W1] 📌 [9/470] [zodiac] 전갈자리×乙巳(을사)
2026-03-07 13:07:55,466 [E-W1]   🎉 성공 (✅7 ❌2)
2026-03-07 13:08:08,101 [E-W1] 📌 [10/470] [tti] 뱀띠×甲辰(갑진)
2026-03-07 13:08:24,831 [E-W1]   ❌ 에러: dict contains fields not in fieldnames: '럭king_포인트'
2026-03-07 13:08:30,232 [E-W1] 📌 [11/470] [tti] 소띠×甲午(갑오)
2026-03-07 13:08:47,087 [E-W1]   🎉 성공 (✅8 ❌3)
2026-03-07 13:08:57,449 [E-W1] 📌 [12/470] [zodiac] 처녀자리×庚申(경신)
2026-03-07 13:09:18,336 [E-W1]   🎉 성공 (✅9 ❌3)
2026-03-07 13:09:32,195 [E-W1] 📌 [13/470] [zodiac] 전갈자리×甲寅(갑인)
2026-03-07 13:09:48,911 [E-W1]   🎉 성공 (✅10 ❌3)
2026-03-07 13:10:02,967 [E-W1] 📌 [14/470] [zodiac] 물병자리×丙辰(병진)
2026-03-07 13:10:22,683 [E-W1]   🎉 성공 (✅11 ❌3)
2026-03-07 13:10:37,462 [E-W1] 📌 [15/470] [zodiac] 처녀자리×壬寅(임인)
2026-03-07 13:10:54,142 [E-W1]   🎉 성공 (✅12 ❌3)
2026-03-07 13:11:06,737 [E-W1] 📌 [16/470] [zodiac] 염소자리×壬午(임오)
2026-03-07 13:11:23,428 [E-W1]   🎉 성공 (✅13 ❌3)
2026-03-07 13:11:33,422 [E-W1] 📌 [17/470] [tarot] 완드 5(reversed)
2026-03-07 13:11:50,110 [E-W1]   🎉 성공 (✅14 ❌3)
2026-03-07 13:12:00,170 [E-W1] 📌 [18/470] [zodiac] 천칭자리×庚申(경신)
2026-03-07 13:12:16,887 [E-W1]   🎉 성공 (✅15 ❌3)
2026-03-07 13:12:31,853 [E-W1] 📌 [19/470] [tarot] 컵 기사(upright)
2026-03-07 13:12:48,559 [E-W1]   🎉 성공 (✅16 ❌3)
2026-03-07 13:12:59,574 [E-W1] 📌 [20/470] [zodiac] 물고기자리×己亥(기해)
2026-03-07 13:13:20,428 [E-W1]   🎉 성공 (✅17 ❌3)
2026-03-07 13:13:35,213 [E-W1] 📌 [21/470] [zodiac] 전갈자리×甲子(갑자)
2026-03-07 13:13:51,937 [E-W1]   🎉 성공 (✅18 ❌3)
2026-03-07 13:14:02,485 [E-W1] 📌 [22/470] [zodiac] 사자자리×甲申(갑신)
2026-03-07 13:14:19,172 [E-W1]   🎉 성공 (✅19 ❌3)
2026-03-07 13:14:32,687 [E-W1] 📌 [23/470] [zodiac] 물고기자리×癸丑(계축)
2026-03-07 13:14:49,364 [E-W1]   ❌ 에러: dict contains fields not in fieldnames: '텐션_level'
2026-03-07 13:14:54,777 [E-W1] 📌 [24/470] [zodiac] 양자리×丙戌(병술)
2026-03-07 13:15:11,519 [E-W1]   🎉 성공 (✅20 ❌4)
2026-03-07 13:15:27,014 [E-W1] 📌 [25/470] [zodiac] 게자리×己亥(기해)
2026-03-07 13:15:43,757 [E-W1]   🎉 성공 (✅21 ❌4)
2026-03-07 13:15:55,203 [E-W1] 📌 [26/470] [tti] 양띠×甲午(갑오)
2026-03-07 13:16:11,920 [E-W1]   🎉 성공 (✅22 ❌4)
2026-03-07 13:16:24,880 [E-W1] 📌 [27/470] [tti] 쥐띠×癸卯(계묘)
2026-03-07 13:16:41,686 [E-W1]   🎉 성공 (✅23 ❌4)
2026-03-07 13:16:55,608 [E-W1] 📌 [28/470] [tarot] 컵 10(reversed)
2026-03-07 13:17:12,367 [E-W1]   🎉 성공 (✅24 ❌4)
2026-03-07 13:17:25,662 [E-W1] 📌 [29/470] [zodiac] 물고기자리×丙辰(병진)
2026-03-07 13:19:35,685 [E-W1]   ❌ 파싱실패
2026-03-07 13:19:48,153 [E-W1] 📌 [30/470] [tti] 용띠×辛巳(신사)
2026-03-07 13:21:58,120 [E-W1]   ❌ 파싱실패
2026-03-07 13:22:08,906 [E-W1] 📌 [31/470] [zodiac] 황소자리×辛酉(신유)
2026-03-07 13:24:18,879 [E-W1]   ❌ 파싱실패
2026-03-07 13:24:27,927 [E-W1] 📌 [32/470] [zodiac] 물병자리×壬寅(임인)
2026-03-07 13:26:37,862 [E-W1]   ❌ 파싱실패
2026-03-07 13:26:49,225 [E-W1] 📌 [33/470] [zodiac] 사자자리×丙午(병오)
2026-03-07 13:28:59,153 [E-W1]   ❌ 파싱실패
2026-03-07 13:29:13,039 [E-W1] 📌 [34/470] [zodiac] 사자자리×癸未(계미)
2026-03-07 13:31:23,010 [E-W1]   ❌ 파싱실패
2026-03-07 13:31:32,992 [E-W1] 📌 [35/470] [tti] 원숭이띠×丁未(정미)
2026-03-07 13:33:42,908 [E-W1]   ❌ 파싱실패
2026-03-07 13:33:56,823 [E-W1] 📌 [36/470] [zodiac] 양자리×癸亥(계해)
2026-03-07 13:36:06,837 [E-W1]   ❌ 파싱실패
2026-03-07 13:36:20,685 [E-W1] 📌 [37/470] [tti] 닭띠×乙巳(을사)
2026-03-07 13:38:30,698 [E-W1]   ❌ 파싱실패
2026-03-07 13:38:46,138 [E-W1] 📌 [38/470] [tti] 쥐띠×壬辰(임진)
2026-03-07 13:40:56,122 [E-W1]   ❌ 파싱실패
2026-03-07 13:41:10,338 [E-W1] 📌 [39/470] [tti] 호랑이띠×戊申(무신)
2026-03-07 13:43:20,261 [E-W1]   ❌ 파싱실패
2026-03-07 13:43:29,957 [E-W1] 📌 [40/470] [tarot] 완드 시종(upright)
2026-03-07 13:45:39,850 [E-W1]   ❌ 파싱실패
2026-03-07 13:45:50,271 [E-W1] 📌 [41/470] [tarot] 소드 10(upright)
2026-03-07 13:48:00,225 [E-W1]   ❌ 파싱실패
2026-03-07 13:48:10,050 [E-W1] 📌 [42/470] [zodiac] 사수자리×庚子(경자)
2026-03-07 13:48:58,738 [E-W1]   🎉 성공 (✅25 ❌17)
2026-03-07 13:49:12,785 [E-W1] 📌 [43/470] [tarot] 달(upright)
2026-03-07 13:49:32,488 [E-W1]   🎉 성공 (✅26 ❌17)
2026-03-07 13:49:45,972 [E-W1] 📌 [44/470] [tarot] 매달린사람(upright)
2026-03-07 13:50:02,650 [E-W1]   🎉 성공 (✅27 ❌17)
2026-03-07 13:50:15,349 [E-W1] 📌 [45/470] [tti] 토끼띠×丁巳(정사)
2026-03-07 13:50:32,030 [E-W1]   ❌ 에러: dict contains fields not in fieldnames: '텐션_level'
2026-03-07 13:50:37,945 [E-W1] 📌 [46/470] [zodiac] 게자리×丁未(정미)
2026-03-07 13:50:57,674 [E-W1]   🎉 성공 (✅28 ❌18)
2026-03-07 13:51:06,697 [E-W1] 📌 [47/470] [zodiac] 물고기자리×乙巳(을사)
2026-03-07 13:51:23,444 [E-W1]   🎉 성공 (✅29 ❌18)
2026-03-07 13:51:35,200 [E-W1] 📌 [48/470] [zodiac] 물고기자리×癸巳(계사)
2026-03-07 13:51:52,075 [E-W1]   ❌ 에러: dict contains fields not in fieldnames: '텐션_level'
2026-03-07 13:51:57,439 [E-W1] 📌 [49/470] [zodiac] 물고기자리×壬申(임신)
2026-03-07 13:52:14,170 [E-W1]   🎉 성공 (✅30 ❌19)
2026-03-07 13:52:29,390 [E-W1] 📌 [50/470] [zodiac] 물병자리×乙未(을미)
2026-03-07 13:52:46,105 [E-W1]   🎉 성공 (✅31 ❌19)
2026-03-07 13:52:57,184 [E-W1] 📌 [51/470] [tti] 쥐띠×丁卯(정묘)
2026-03-07 13:53:13,901 [E-W1]   🎉 성공 (✅32 ❌19)
2026-03-07 13:53:27,882 [E-W1] 📌 [52/470] [tarot] 완드 기사(upright)
2026-03-07 13:53:48,730 [E-W1]   🎉 성공 (✅33 ❌19)
2026-03-07 13:54:02,392 [E-W1] 📌 [53/470] [tarot] 완드 3(reversed)
2026-03-07 13:54:19,080 [E-W1]   🎉 성공 (✅34 ❌19)
2026-03-07 13:54:33,430 [E-W1] 📌 [54/470] [tti] 원숭이띠×壬寅(임인)
2026-03-07 13:56:39,310 [E-W1]   ❌ 파싱실패
2026-03-07 13:56:52,264 [E-W1] 📌 [55/470] [tti] 호랑이띠×丙戌(병술)
2026-03-07 13:58:58,113 [E-W1]   ❌ 파싱실패
2026-03-07 13:59:07,396 [E-W1] 📌 [56/470] [tti] 용띠×甲寅(갑인)
2026-03-07 14:01:13,280 [E-W1]   ❌ 파싱실패
2026-03-07 14:01:28,475 [E-W1] 📌 [57/470] [tarot] 은둔자(upright)
2026-03-07 14:03:34,343 [E-W1]   ❌ 파싱실패
2026-03-07 14:03:49,834 [E-W1] 📌 [58/470] [zodiac] 물고기자리×壬寅(임인)
2026-03-07 14:05:55,636 [E-W1]   ❌ 파싱실패
2026-03-07 14:06:10,794 [E-W1] 📌 [59/470] [zodiac] 쌍둥이자리×戊辰(무진)
2026-03-07 14:08:16,542 [E-W1]   ❌ 파싱실패
2026-03-07 14:08:27,303 [E-W1] 📌 [60/470] [zodiac] 물고기자리×丙子(병자)
2026-03-07 14:10:33,164 [E-W1]   ❌ 파싱실패
2026-03-07 14:10:46,883 [E-W1] 📌 [61/470] [zodiac] 전갈자리×己丑(기축)
2026-03-07 14:12:33,659 [E-W1]   ❌ 에러: dict contains fields not in fieldnames: 'animal'
2026-03-07 14:12:39,626 [E-W1] 📌 [62/470] [zodiac] 천칭자리×乙巳(을사)
2026-03-07 14:12:56,358 [E-W1]   🎉 성공 (✅35 ❌27)
2026-03-07 14:13:09,548 [E-W1] 📌 [63/470] [zodiac] 쌍둥이자리×庚申(경신)
2026-03-07 14:13:26,257 [E-W1]   🎉 성공 (✅36 ❌27)
2026-03-07 14:13:40,384 [E-W1] 📌 [64/470] [zodiac] 게자리×癸巳(계사)
2026-03-07 14:13:57,142 [E-W1]   🎉 성공 (✅37 ❌27)
2026-03-07 14:14:12,531 [E-W1] 📌 [65/470] [tti] 닭띠×丙申(병신)
2026-03-07 14:14:29,256 [E-W1]   🎉 성공 (✅38 ❌27)
2026-03-07 14:14:42,486 [E-W1] 📌 [66/470] [zodiac] 황소자리×乙未(을미)
2026-03-07 14:14:59,204 [E-W1]   🎉 성공 (✅39 ❌27)
2026-03-07 14:15:10,268 [E-W1] 📌 [67/470] [tarot] 완드 8(upright)
2026-03-07 14:15:26,987 [E-W1]   🎉 성공 (✅40 ❌27)
2026-03-07 14:15:37,321 [E-W1] 📌 [68/470] [tti] 호랑이띠×丁卯(정묘)
2026-03-07 14:15:58,149 [E-W1]   🎉 성공 (✅41 ❌27)
2026-03-07 14:16:13,403 [E-W1] 📌 [69/470] [tarot] 완드 에이스(upright)
2026-03-07 14:16:30,082 [E-W1]   🎉 성공 (✅42 ❌27)
2026-03-07 14:16:41,244 [E-W1] 📌 [70/470] [tti] 소띠×己酉(기유)
2026-03-07 14:16:57,908 [E-W1]   🎉 성공 (✅43 ❌27)
2026-03-07 14:17:12,314 [E-W1] 📌 [71/470] [zodiac] 물고기자리×乙丑(을축)
2026-03-07 14:17:29,032 [E-W1]   🎉 성공 (✅44 ❌27)
2026-03-07 14:17:44,713 [E-W1] 📌 [72/470] [tarot] 컵 기사(reversed)
2026-03-07 14:18:01,499 [E-W1]   🎉 성공 (✅45 ❌27)
2026-03-07 14:18:16,565 [E-W1] 📌 [73/470] [zodiac] 황소자리×戊辰(무진)
2026-03-07 14:18:33,259 [E-W1]   🎉 성공 (✅46 ❌27)
2026-03-07 14:18:46,659 [E-W1] 📌 [74/470] [tti] 용띠×庚寅(경인)
2026-03-07 14:19:03,382 [E-W1]   🎉 성공 (✅47 ❌27)
2026-03-07 14:19:15,882 [E-W1] 📌 [75/470] [tti] 토끼띠×戊午(무오)
2026-03-07 14:19:32,578 [E-W1]   🎉 성공 (✅48 ❌27)
2026-03-07 14:19:47,465 [E-W1] 📌 [76/470] [zodiac] 양자리×戊辰(무진)
2026-03-07 14:20:08,381 [E-W1]   🎉 성공 (✅49 ❌27)
2026-03-07 14:20:23,815 [E-W1] 📌 [77/470] [tarot] 완드 2(reversed)
2026-03-07 14:20:40,531 [E-W1]   🎉 성공 (✅50 ❌27)
2026-03-07 14:20:50,435 [E-W1] 📌 [78/470] [tarot] 죽음(reversed)
2026-03-07 14:21:07,132 [E-W1]   🎉 성공 (✅51 ❌27)
2026-03-07 14:21:21,952 [E-W1] 📌 [79/470] [tti] 개띠×癸丑(계축)
2026-03-07 14:21:38,711 [E-W1]   ❌ 에러: dict contains fields not in fieldnames: '텐션_level'
2026-03-07 14:21:44,088 [E-W1] 📌 [80/470] [zodiac] 양자리×庚子(경자)
2026-03-07 14:22:00,842 [E-W1]   🎉 성공 (✅52 ❌28)
2026-03-07 14:22:15,258 [E-W1] 📌 [81/470] [tti] 토끼띠×丙戌(병술)
2026-03-07 14:22:31,972 [E-W1]   🎉 성공 (✅53 ❌28)
2026-03-07 14:22:42,785 [E-W1] 📌 [82/470] [tti] 호랑이띠×乙卯(을묘)
2026-03-07 14:22:59,501 [E-W1]   🎉 성공 (✅54 ❌28)
2026-03-07 14:23:11,381 [E-W1] 📌 [83/470] [tti] 개띠×庚寅(경인)
2026-03-07 14:23:28,114 [E-W1]   🎉 성공 (✅55 ❌28)
2026-03-07 14:23:37,416 [E-W1] 📌 [84/470] [zodiac] 양자리×戊戌(무술)
2026-03-07 14:25:43,511 [E-W1]   ❌ 파싱실패
2026-03-07 14:25:56,085 [E-W1] 📌 [85/470] [zodiac] 게자리×辛丑(신축)
2026-03-07 14:28:02,196 [E-W1]   ❌ 파싱실패
2026-03-07 14:28:11,280 [E-W1] 📌 [86/470] [zodiac] 전갈자리×己酉(기유)
2026-03-07 14:29:06,059 [E-W1]   ❌ 에러: dict contains fields not in fieldnames: '텐션_level'
2026-03-07 14:29:12,413 [E-W1] 📌 [87/470] [zodiac] 게자리×乙巳(을사)
2026-03-07 14:29:29,150 [E-W1]   🎉 성공 (✅56 ❌31)
2026-03-07 14:29:45,050 [E-W1] 📌 [88/470] [zodiac] 염소자리×己丑(기축)
2026-03-07 14:30:05,927 [E-W1]   🎉 성공 (✅57 ❌31)
2026-03-07 14:30:18,216 [E-W1] 📌 [89/470] [zodiac] 염소자리×戊子(무자)
2026-03-07 14:30:34,921 [E-W1]   🎉 성공 (✅58 ❌31)
2026-03-07 14:30:50,745 [E-W1] 📌 [90/470] [tti] 용띠×甲戌(갑술)
2026-03-07 14:31:07,431 [E-W1]   🎉 성공 (✅59 ❌31)
2026-03-07 14:31:19,845 [E-W1] 📌 [91/470] [tti] 쥐띠×癸酉(계유)
2026-03-07 14:31:36,538 [E-W1]   🎉 성공 (✅60 ❌31)
2026-03-07 14:31:49,637 [E-W1] 📌 [92/470] [tti] 원숭이띠×戊辰(무진)
2026-03-07 14:32:06,338 [E-W1]   ❌ 에러: dict contains fields not in fieldnames: '텐션_level'
2026-03-07 14:32:11,896 [E-W1] 📌 [93/470] [tarot] 완드 6(reversed)
2026-03-07 14:32:28,607 [E-W1]   🎉 성공 (✅61 ❌32)
2026-03-07 14:32:38,356 [E-W1] 📌 [94/470] [zodiac] 처녀자리×丁亥(정해)
2026-03-07 14:32:55,040 [E-W1]   🎉 성공 (✅62 ❌32)
2026-03-07 14:33:06,878 [E-W1] 📌 [95/470] [zodiac] 물고기자리×甲戌(갑술)
2026-03-07 14:33:23,593 [E-W1]   🎉 성공 (✅63 ❌32)
2026-03-07 14:33:34,764 [E-W1] 📌 [96/470] [tti] 말띠×戊子(무자)
2026-03-07 14:33:51,451 [E-W1]   🎉 성공 (✅64 ❌32)
2026-03-07 14:34:01,603 [E-W1] 📌 [97/470] [tti] 돼지띠×戊戌(무술)
2026-03-07 14:34:22,416 [E-W1]   🎉 성공 (✅65 ❌32)
2026-03-07 14:34:36,848 [E-W1] 📌 [98/470] [tarot] 태양(upright)
2026-03-07 14:34:53,520 [E-W1]   🎉 성공 (✅66 ❌32)
2026-03-07 14:35:08,633 [E-W1] 📌 [99/470] [zodiac] 사자자리×戊子(무자)
2026-03-07 14:35:25,309 [E-W1]   🎉 성공 (✅67 ❌32)
2026-03-07 14:35:39,674 [E-W1] 📌 [100/470] [tarot] 컵 에이스(reversed)
2026-03-07 14:35:56,347 [E-W1]   🎉 성공 (✅68 ❌32)
2026-03-07 14:36:08,789 [E-W1] 📌 [101/470] [zodiac] 염소자리×乙卯(을묘)
2026-03-07 14:36:25,463 [E-W1]   🎉 성공 (✅69 ❌32)
2026-03-07 14:36:40,944 [E-W1] 📌 [102/470] [tti] 양띠×丙戌(병술)
2026-03-07 14:36:57,656 [E-W1]   🎉 성공 (✅70 ❌32)
2026-03-07 14:37:09,320 [E-W1] 📌 [103/470] [zodiac] 천칭자리×壬寅(임인)
2026-03-07 14:37:26,016 [E-W1]   🎉 성공 (✅71 ❌32)
2026-03-07 14:37:40,981 [E-W1] 📌 [104/470] [tti] 말띠×丁巳(정사)
2026-03-07 14:37:57,686 [E-W1]   🎉 성공 (✅72 ❌32)
2026-03-07 14:38:10,942 [E-W1] 📌 [105/470] [tti] 양띠×壬戌(임술)
2026-03-07 14:38:31,756 [E-W1]   🎉 성공 (✅73 ❌32)
2026-03-07 14:38:41,775 [E-W1] 📌 [106/470] [zodiac] 사수자리×戊申(무신)
2026-03-07 14:38:58,495 [E-W1]   🎉 성공 (✅74 ❌32)
2026-03-07 14:39:13,862 [E-W1] 📌 [107/470] [tti] 원숭이띠×甲辰(갑진)
2026-03-07 14:39:30,582 [E-W1]   🎉 성공 (✅75 ❌32)
2026-03-07 14:39:41,248 [E-W1] 📌 [108/470] [tti] 닭띠×己酉(기유)
2026-03-07 14:39:57,960 [E-W1]   🎉 성공 (✅76 ❌32)
2026-03-07 14:40:10,742 [E-W1] 📌 [109/470] [zodiac] 천칭자리×壬午(임오)
2026-03-07 14:40:27,429 [E-W1]   ❌ 에러: dict contains fields not in fieldnames: '텐션_level'
2026-03-07 14:40:32,735 [E-W1] 📌 [110/470] [tti] 개띠×甲申(갑신)
2026-03-07 14:40:49,479 [E-W1]   🎉 성공 (✅77 ❌33)
2026-03-07 14:41:02,169 [E-W1] 📌 [111/470] [tti] 닭띠×乙酉(을유)
2026-03-07 14:41:18,895 [E-W1]   🎉 성공 (✅78 ❌33)
2026-03-07 14:41:29,812 [E-W1] 📌 [112/470] [zodiac] 물병자리×丙寅(병인)
2026-03-07 14:41:46,531 [E-W1]   ❌ 에러: dict contains fields not in fieldnames: '텐션_level'
2026-03-07 14:41:52,015 [E-W1] 📌 [113/470] [tti] 돼지띠×癸未(계미)
2026-03-07 14:42:08,748 [E-W1]   🎉 성공 (✅79 ❌34)
2026-03-07 14:42:23,902 [E-W1] 📌 [114/470] [zodiac] 염소자리×戊寅(무인)
2026-03-07 14:42:40,580 [E-W1]   🎉 성공 (✅80 ❌34)
2026-03-07 14:42:49,812 [E-W1] 📌 [115/470] [zodiac] 양자리×丁卯(정묘)
2026-03-07 14:43:10,600 [E-W1]   🎉 성공 (✅81 ❌34)
2026-03-07 14:43:21,069 [E-W1] 📌 [116/470] [zodiac] 전갈자리×壬寅(임인)
2026-03-07 14:43:37,746 [E-W1]   🎉 성공 (✅82 ❌34)
2026-03-07 14:43:48,881 [E-W1] 📌 [117/470] [tti] 닭띠×甲子(갑자)
2026-03-07 14:44:05,540 [E-W1]   🎉 성공 (✅83 ❌34)
2026-03-07 14:44:14,601 [E-W1] 📌 [118/470] [tti] 토끼띠×丙午(병오)
2026-03-07 14:44:31,287 [E-W1]   🎉 성공 (✅84 ❌34)
2026-03-07 14:44:41,180 [E-W1] 📌 [119/470] [tarot] 소드 여왕(upright)
2026-03-07 14:44:57,884 [E-W1]   🎉 성공 (✅85 ❌34)
2026-03-07 14:45:10,354 [E-W1] 📌 [120/470] [tti] 개띠×癸酉(계유)
2026-03-07 14:45:27,034 [E-W1]   🎉 성공 (✅86 ❌34)
2026-03-07 14:45:36,478 [E-W1] 📌 [121/470] [zodiac] 사수자리×癸卯(계묘)
2026-03-07 14:45:53,175 [E-W1]   🎉 성공 (✅87 ❌34)
2026-03-07 14:46:05,612 [E-W1] 📌 [122/470] [zodiac] 염소자리×辛巳(신사)
2026-03-07 14:46:22,288 [E-W1]   🎉 성공 (✅88 ❌34)
2026-03-07 14:46:36,132 [E-W1] 📌 [123/470] [zodiac] 쌍둥이자리×辛酉(신유)
2026-03-07 14:46:56,882 [E-W1]   🎉 성공 (✅89 ❌34)
2026-03-07 14:47:11,743 [E-W1] 📌 [124/470] [tti] 뱀띠×丙子(병자)
2026-03-07 14:47:28,419 [E-W1]   🎉 성공 (✅90 ❌34)
2026-03-07 14:47:38,367 [E-W1] 📌 [125/470] [zodiac] 사자자리×壬寅(임인)
2026-03-07 14:47:55,048 [E-W1]   🎉 성공 (✅91 ❌34)
2026-03-07 14:48:08,441 [E-W1] 📌 [126/470] [tarot] 완드 4(reversed)
2026-03-07 14:48:25,131 [E-W1]   🎉 성공 (✅92 ❌34)
2026-03-07 14:48:35,635 [E-W1] 📌 [127/470] [zodiac] 사수자리×丙子(병자)
2026-03-07 14:48:52,318 [E-W1]   🎉 성공 (✅93 ❌34)
2026-03-07 14:49:07,284 [E-W1] 📌 [128/470] [zodiac] 사수자리×丁未(정미)
2026-03-07 14:49:23,961 [E-W1]   🎉 성공 (✅94 ❌34)
2026-03-07 14:49:36,046 [E-W1] 📌 [129/470] [tti] 돼지띠×己卯(기묘)
2026-03-07 14:49:52,724 [E-W1]   🎉 성공 (✅95 ❌34)
2026-03-07 14:50:07,037 [E-W1] 📌 [130/470] [tti] 말띠×辛未(신미)
2026-03-07 14:50:23,736 [E-W1]   ❌ 에러: dict contains fields not in fieldnames: '텐션_level'
2026-03-07 14:50:29,859 [E-W1] 📌 [131/470] [tti] 양띠×庚辰(경진)
2026-03-07 14:50:46,568 [E-W1]   🎉 성공 (✅96 ❌35)
2026-03-07 14:50:59,685 [E-W1] 📌 [132/470] [tarot] 세계(upright)
2026-03-07 14:51:20,461 [E-W1]   🎉 성공 (✅97 ❌35)
2026-03-07 14:51:35,638 [E-W1] 📌 [133/470] [zodiac] 물병자리×庚戌(경술)
2026-03-07 14:51:52,297 [E-W1]   🎉 성공 (✅98 ❌35)
2026-03-07 14:52:07,087 [E-W1] 📌 [134/470] [tti] 개띠×辛巳(신사)
2026-03-07 14:52:23,741 [E-W1]   🎉 성공 (✅99 ❌35)
2026-03-07 14:52:34,987 [E-W1] 📌 [135/470] [tti] 개띠×丁丑(정축)
2026-03-07 14:52:51,658 [E-W1]   🎉 성공 (✅100 ❌35)
2026-03-07 14:53:02,221 [E-W1] 📌 [136/470] [tti] 말띠×丙寅(병인)
2026-03-07 14:53:18,917 [E-W1]   🎉 성공 (✅101 ❌35)
2026-03-07 14:53:28,314 [E-W1] 📌 [137/470] [zodiac] 황소자리×庚辰(경진)
2026-03-07 14:53:44,991 [E-W1]   🎉 성공 (✅102 ❌35)
2026-03-07 14:53:57,350 [E-W1] 📌 [138/470] [tti] 소띠×戊戌(무술)
2026-03-07 14:54:14,038 [E-W1]   🎉 성공 (✅103 ❌35)
2026-03-07 14:54:28,451 [E-W1] 📌 [139/470] [zodiac] 염소자리×戊申(무신)
2026-03-07 14:54:45,137 [E-W1]   🎉 성공 (✅104 ❌35)
2026-03-07 14:54:54,531 [E-W1] 📌 [140/470] [zodiac] 물고기자리×乙卯(을묘)
2026-03-07 14:55:18,344 [E-W1]   🎉 성공 (✅105 ❌35)
2026-03-07 14:55:30,947 [E-W1] 📌 [141/470] [tarot] 완드 7(reversed)
2026-03-07 14:55:47,638 [E-W1]   🎉 성공 (✅106 ❌35)
2026-03-07 14:55:58,662 [E-W1] 📌 [142/470] [zodiac] 물병자리×甲戌(갑술)
2026-03-07 14:56:15,344 [E-W1]   🎉 성공 (✅107 ❌35)
2026-03-07 14:56:30,812 [E-W1] 📌 [143/470] [zodiac] 사수자리×癸亥(계해)
2026-03-07 14:56:47,492 [E-W1]   🎉 성공 (✅108 ❌35)
2026-03-07 14:57:02,907 [E-W1] 📌 [144/470] [tarot] 펜타클 시종(upright)
2026-03-07 14:57:19,589 [E-W1]   🎉 성공 (✅109 ❌35)
2026-03-07 14:57:33,812 [E-W1] 📌 [145/470] [zodiac] 사수자리×乙丑(을축)
2026-03-07 14:57:50,496 [E-W1]   🎉 성공 (✅110 ❌35)
2026-03-07 14:58:03,677 [E-W1] 📌 [146/470] [zodiac] 게자리×癸丑(계축)
2026-03-07 14:58:20,371 [E-W1]   🎉 성공 (✅111 ❌35)
2026-03-07 14:58:31,570 [E-W1] 📌 [147/470] [tti] 호랑이띠×乙酉(을유)
2026-03-07 14:58:48,275 [E-W1]   🎉 성공 (✅112 ❌35)
2026-03-07 14:58:59,591 [E-W1] 📌 [148/470] [tarot] 연인(reversed)
2026-03-07 14:59:20,359 [E-W1]   🎉 성공 (✅113 ❌35)
2026-03-07 14:59:30,024 [E-W1] 📌 [149/470] [tti] 쥐띠×己未(기미)
2026-03-07 14:59:46,688 [E-W1]   🎉 성공 (✅114 ❌35)
2026-03-07 14:59:57,693 [E-W1] 📌 [150/470] [zodiac] 황소자리×癸亥(계해)
2026-03-07 15:00:14,363 [E-W1]   🎉 성공 (✅115 ❌35)
2026-03-07 15:00:24,375 [E-W1] 📌 [151/470] [zodiac] 물병자리×甲子(갑자)
2026-03-07 15:00:41,037 [E-W1]   🎉 성공 (✅116 ❌35)
2026-03-07 15:00:52,913 [E-W1] 📌 [152/470] [tti] 쥐띠×甲戌(갑술)
2026-03-07 15:01:09,570 [E-W1]   ❌ 에러: dict contains fields not in fieldnames: '텐션_level'
2026-03-07 15:01:14,966 [E-W1] 📌 [153/470] [tti] 토끼띠×乙巳(을사)
2026-03-07 15:01:31,654 [E-W1]   🎉 성공 (✅117 ❌36)
2026-03-07 15:01:47,411 [E-W1] 📌 [154/470] [tarot] 소드 8(reversed)
2026-03-07 15:02:04,081 [E-W1]   🎉 성공 (✅118 ❌36)
2026-03-07 15:02:15,389 [E-W1] 📌 [155/470] [tti] 원숭이띠×壬申(임신)
2026-03-07 15:02:32,053 [E-W1]   🎉 성공 (✅119 ❌36)
2026-03-07 15:02:47,368 [E-W1] 📌 [156/470] [tti] 돼지띠×壬申(임신)
2026-03-07 15:03:04,038 [E-W1]   🎉 성공 (✅120 ❌36)
2026-03-07 15:03:14,426 [E-W1] 📌 [157/470] [tti] 돼지띠×乙酉(을유)
2026-03-07 15:03:35,208 [E-W1]   🎉 성공 (✅121 ❌36)
2026-03-07 15:03:48,315 [E-W1] 📌 [158/470] [zodiac] 게자리×己巳(기사)
2026-03-07 15:04:05,003 [E-W1]   🎉 성공 (✅122 ❌36)
2026-03-07 15:04:14,468 [E-W1] 📌 [159/470] [zodiac] 물고기자리×乙酉(을유)
2026-03-07 15:04:31,155 [E-W1]   🎉 성공 (✅123 ❌36)
2026-03-07 15:04:43,382 [E-W1] 📌 [160/470] [zodiac] 염소자리×乙巳(을사)
2026-03-07 15:05:00,053 [E-W1]   🎉 성공 (✅124 ❌36)
2026-03-07 15:05:09,671 [E-W1] 📌 [161/470] [tti] 토끼띠×乙亥(을해)
2026-03-07 15:05:26,388 [E-W1]   ❌ 에러: dict contains fields not in fieldnames: '텐션_level'
2026-03-07 15:05:32,890 [E-W1] 📌 [162/470] [tti] 원숭이띠×甲寅(갑인)
2026-03-07 15:05:49,614 [E-W1]   🎉 성공 (✅125 ❌37)
2026-03-07 15:06:05,594 [E-W1] 📌 [163/470] [tti] 소띠×庚子(경자)
2026-03-07 15:06:22,258 [E-W1]   🎉 성공 (✅126 ❌37)
2026-03-07 15:06:35,154 [E-W1] 📌 [164/470] [tti] 원숭이띠×甲子(갑자)
2026-03-07 15:06:51,825 [E-W1]   🎉 성공 (✅127 ❌37)
2026-03-07 15:07:03,541 [E-W1] 📌 [165/470] [zodiac] 천칭자리×庚辰(경진)
2026-03-07 15:07:20,212 [E-W1]   🎉 성공 (✅128 ❌37)
2026-03-07 15:07:31,706 [E-W1] 📌 [166/470] [zodiac] 황소자리×癸卯(계묘)
2026-03-07 15:07:52,476 [E-W1]   🎉 성공 (✅129 ❌37)
2026-03-07 15:08:03,555 [E-W1] 📌 [167/470] [zodiac] 황소자리×戊戌(무술)
2026-03-07 15:08:20,222 [E-W1]   🎉 성공 (✅130 ❌37)
2026-03-07 15:08:31,926 [E-W1] 📌 [168/470] [tti] 용띠×乙亥(을해)
2026-03-07 15:08:48,606 [E-W1]   ❌ 에러: dict contains fields not in fieldnames: '텐션_level'
2026-03-07 15:08:53,983 [E-W1] 📌 [169/470] [zodiac] 게자리×乙卯(을묘)
2026-03-07 15:09:10,703 [E-W1]   🎉 성공 (✅131 ❌38)
2026-03-07 15:09:25,339 [E-W1] 📌 [170/470] [zodiac] 물고기자리×庚寅(경인)
2026-03-07 15:09:42,014 [E-W1]   🎉 성공 (✅132 ❌38)
2026-03-07 15:09:53,896 [E-W1] 📌 [171/470] [tti] 호랑이띠×乙丑(을축)
2026-03-07 15:10:10,564 [E-W1]   ❌ 에러: dict contains fields not in fieldnames: '텐션_level'
2026-03-07 15:10:15,943 [E-W1] 📌 [172/470] [tti] 소띠×丁巳(정사)
2026-03-07 15:10:32,653 [E-W1]   🎉 성공 (✅133 ❌39)
2026-03-07 15:10:45,311 [E-W1] 📌 [173/470] [tti] 용띠×辛丑(신축)
2026-03-07 15:11:02,038 [E-W1]   🎉 성공 (✅134 ❌39)
2026-03-07 15:11:11,378 [E-W1] 📌 [174/470] [zodiac] 처녀자리×庚戌(경술)
2026-03-07 15:11:28,144 [E-W1]   🎉 성공 (✅135 ❌39)
2026-03-07 15:11:41,542 [E-W1] 📌 [175/470] [zodiac] 쌍둥이자리×甲申(갑신)
2026-03-07 15:11:58,248 [E-W1]   🎉 성공 (✅136 ❌39)
2026-03-07 15:12:08,774 [E-W1] 📌 [176/470] [tti] 원숭이띠×丙子(병자)
2026-03-07 15:12:29,567 [E-W1]   🎉 성공 (✅137 ❌39)
2026-03-07 15:12:43,137 [E-W1] 📌 [177/470] [zodiac] 양자리×己丑(기축)
2026-03-07 15:12:59,814 [E-W1]   🎉 성공 (✅138 ❌39)
2026-03-07 15:13:10,423 [E-W1] 📌 [178/470] [tti] 토끼띠×癸巳(계사)
2026-03-07 15:13:27,155 [E-W1]   🎉 성공 (✅139 ❌39)
2026-03-07 15:13:42,232 [E-W1] 📌 [179/470] [tarot] 컵 시종(reversed)
2026-03-07 15:13:58,901 [E-W1]   ❌ 에러: dict contains fields not in fieldnames: '텐션_레벨'
2026-03-07 15:14:04,223 [E-W1] 📌 [180/470] [tarot] 완드 4(upright)
2026-03-07 15:14:20,952 [E-W1]   🎉 성공 (✅140 ❌40)
2026-03-07 15:14:31,591 [E-W1] 📌 [181/470] [tti] 용띠×己未(기미)
2026-03-07 15:14:48,300 [E-W1]   🎉 성공 (✅141 ❌40)
2026-03-07 15:15:00,272 [E-W1] 📌 [182/470] [tti] 닭띠×己亥(기해)
2026-03-07 15:15:16,953 [E-W1]   🎉 성공 (✅142 ❌40)
2026-03-07 15:15:29,286 [E-W1] 📌 [183/470] [tti] 말띠×戊辰(무진)
2026-03-07 15:15:48,982 [E-W1]   🎉 성공 (✅143 ❌40)
2026-03-07 15:16:02,355 [E-W1] 📌 [184/470] [tti] 토끼띠×壬申(임신)
2026-03-07 15:16:19,102 [E-W1]   🎉 성공 (✅144 ❌40)
2026-03-07 15:16:30,689 [E-W1] 📌 [185/470] [zodiac] 게자리×戊申(무신)
2026-03-07 15:16:51,498 [E-W1]   🎉 성공 (✅145 ❌40)
2026-03-07 15:17:01,972 [E-W1] 📌 [186/470] [tti] 닭띠×乙未(을미)
2026-03-07 15:17:18,673 [E-W1]   🎉 성공 (✅146 ❌40)
2026-03-07 15:17:33,322 [E-W1] 📌 [187/470] [tti] 개띠×乙酉(을유)
2026-03-07 15:17:50,028 [E-W1]   🎉 성공 (✅147 ❌40)
2026-03-07 15:17:59,252 [E-W1] 📌 [188/470] [tti] 원숭이띠×辛未(신미)
2026-03-07 15:20:06,333 [E-W1]   ❌ 파싱실패
2026-03-07 15:20:20,592 [E-W1] 📌 [189/470] [zodiac] 양자리×戊子(무자)
2026-03-07 15:22:26,574 [E-W1]   ❌ 파싱실패
2026-03-07 15:22:40,591 [E-W1] 📌 [190/470] [tarot] 컵 왕(upright)
2026-03-07 15:24:46,446 [E-W1]   ❌ 파싱실패
2026-03-07 15:25:00,493 [E-W1] 📌 [191/470] [tarot] 정의(upright)
2026-03-07 15:27:06,318 [E-W1]   ❌ 파싱실패
2026-03-07 15:27:22,149 [E-W1] 📌 [192/470] [tti] 토끼띠×辛亥(신해)
2026-03-07 15:29:27,969 [E-W1]   ❌ 파싱실패
2026-03-07 15:29:43,591 [E-W1] 📌 [193/470] [tti] 뱀띠×戊午(무오)
2026-03-07 15:31:49,434 [E-W1]   ❌ 파싱실패
2026-03-07 15:32:00,723 [E-W1] 📌 [194/470] [tti] 토끼띠×乙未(을미)
2026-03-07 15:34:06,562 [E-W1]   ❌ 파싱실패
2026-03-07 15:34:18,967 [E-W1] 📌 [195/470] [tti] 돼지띠×癸丑(계축)
2026-03-07 15:35:07,891 [E-W1]   🎉 성공 (✅148 ❌47)
2026-03-07 15:35:17,431 [E-W1] 📌 [196/470] [zodiac] 게자리×丁亥(정해)
2026-03-07 15:35:34,081 [E-W1]   ❌ 에러: dict contains fields not in fieldnames: 'animal'
2026-03-07 15:35:40,023 [E-W1] 📌 [197/470] [zodiac] 천칭자리×己巳(기사)
2026-03-07 15:35:56,774 [E-W1]   🎉 성공 (✅149 ❌48)
2026-03-07 15:36:07,056 [E-W1] 📌 [198/470] [zodiac] 전갈자리×丙辰(병진)
2026-03-07 15:36:23,775 [E-W1]   🎉 성공 (✅150 ❌48)
2026-03-07 15:36:36,591 [E-W1] 📌 [199/470] [tti] 개띠×甲辰(갑진)
2026-03-07 15:36:53,304 [E-W1]   ❌ 에러: dict contains fields not in fieldnames: '럭ky_포인트'
2026-03-07 15:36:58,840 [E-W1] 📌 [200/470] [zodiac] 사자자리×辛未(신미)
2026-03-07 15:37:15,548 [E-W1]   🎉 성공 (✅151 ❌49)
2026-03-07 15:37:25,345 [E-W1] 📌 [201/470] [tti] 쥐띠×庚辰(경진)
2026-03-07 15:37:42,063 [E-W1]   🎉 성공 (✅152 ❌49)
2026-03-07 15:37:54,715 [E-W1] 📌 [202/470] [tti] 쥐띠×甲子(갑자)
2026-03-07 15:38:15,551 [E-W1]   🎉 성공 (✅153 ❌49)
2026-03-07 15:38:29,029 [E-W1] 📌 [203/470] [zodiac] 처녀자리×丙辰(병진)
2026-03-07 15:38:45,825 [E-W1]   🎉 성공 (✅154 ❌49)
2026-03-07 15:38:58,567 [E-W1] 📌 [204/470] [zodiac] 물병자리×癸亥(계해)
2026-03-07 15:39:15,285 [E-W1]   🎉 성공 (✅155 ❌49)
2026-03-07 15:39:25,785 [E-W1] 📌 [205/470] [zodiac] 물병자리×庚辰(경진)
2026-03-07 15:39:42,504 [E-W1]   🎉 성공 (✅156 ❌49)
2026-03-07 15:39:53,999 [E-W1] 📌 [206/470] [tti] 소띠×戊子(무자)
2026-03-07 15:40:10,694 [E-W1]   🎉 성공 (✅157 ❌49)
2026-03-07 15:40:21,085 [E-W1] 📌 [207/470] [tarot] 황제(reversed)
2026-03-07 15:40:37,870 [E-W1]   🎉 성공 (✅158 ❌49)
2026-03-07 15:40:52,151 [E-W1] 📌 [208/470] [tti] 개띠×乙亥(을해)
2026-03-07 15:41:08,930 [E-W1]   🎉 성공 (✅159 ❌49)
2026-03-07 15:41:22,779 [E-W1] 📌 [209/470] [zodiac] 사자자리×辛巳(신사)
2026-03-07 15:41:39,525 [E-W1]   🎉 성공 (✅160 ❌49)
2026-03-07 15:41:53,224 [E-W1] 📌 [210/470] [zodiac] 물고기자리×庚戌(경술)
2026-03-07 15:44:03,435 [E-W1]   ❌ 파싱실패
2026-03-07 15:44:16,766 [E-W1] 📌 [211/470] [zodiac] 쌍둥이자리×丁酉(정유)
2026-03-07 15:46:27,719 [E-W1]   ❌ 파싱실패
2026-03-07 15:46:40,079 [E-W1] 📌 [212/470] [zodiac] 물고기자리×辛酉(신유)
2026-03-07 15:48:50,244 [E-W1]   ❌ 파싱실패
2026-03-07 15:49:02,244 [E-W1] 📌 [213/470] [tti] 쥐띠×己丑(기축)
2026-03-07 15:51:12,387 [E-W1]   ❌ 파싱실패
2026-03-07 15:51:27,753 [E-W1] 📌 [214/470] [zodiac] 사자자리×壬辰(임진)
2026-03-07 15:53:37,767 [E-W1]   ❌ 파싱실패
2026-03-07 15:53:50,058 [E-W1] 📌 [215/470] [tti] 개띠×乙未(을미)
2026-03-07 15:56:00,138 [E-W1]   ❌ 파싱실패
2026-03-07 15:56:09,326 [E-W1] 📌 [216/470] [zodiac] 게자리×甲申(갑신)
2026-03-07 15:58:19,343 [E-W1]   ❌ 파싱실패
2026-03-07 15:58:33,380 [E-W1] 📌 [217/470] [zodiac] 물병자리×辛未(신미)
2026-03-07 16:00:43,705 [E-W1]   ❌ 파싱실패
2026-03-07 16:00:55,863 [E-W1] 📌 [218/470] [tti] 닭띠×癸巳(계사)
2026-03-07 16:03:05,956 [E-W1]   ❌ 파싱실패
2026-03-07 16:03:21,167 [E-W1] 📌 [219/470] [zodiac] 물고기자리×己丑(기축)
2026-03-07 16:05:31,273 [E-W1]   ❌ 파싱실패
2026-03-07 16:05:45,680 [E-W1] 📌 [220/470] [zodiac] 염소자리×辛未(신미)
2026-03-07 16:07:55,604 [E-W1]   ❌ 파싱실패
2026-03-07 16:08:10,914 [E-W1] 📌 [221/470] [tarot] 컵 왕(reversed)
2026-03-07 16:10:20,817 [E-W1]   ❌ 파싱실패
2026-03-07 16:10:30,839 [E-W1] 📌 [222/470] [tti] 돼지띠×戊寅(무인)
2026-03-07 16:12:40,788 [E-W1]   ❌ 파싱실패
2026-03-07 16:12:51,607 [E-W1] 📌 [223/470] [zodiac] 사수자리×辛未(신미)
2026-03-07 16:15:01,798 [E-W1]   ❌ 파싱실패
2026-03-07 16:15:11,778 [E-W1] 📌 [224/470] [tti] 원숭이띠×戊午(무오)
2026-03-07 16:17:21,736 [E-W1]   ❌ 파싱실패
2026-03-07 16:17:33,505 [E-W1] 📌 [225/470] [tti] 양띠×庚午(경오)
2026-03-07 16:19:43,410 [E-W1]   ❌ 파싱실패
2026-03-07 16:19:58,235 [E-W1] 📌 [226/470] [zodiac] 물고기자리×辛亥(신해)
2026-03-07 16:22:08,220 [E-W1]   ❌ 파싱실패
2026-03-07 16:22:23,815 [E-W1] 📌 [227/470] [zodiac] 물병자리×癸巳(계사)
2026-03-07 16:24:33,723 [E-W1]   ❌ 파싱실패
2026-03-07 16:24:46,467 [E-W1] 📌 [228/470] [zodiac] 물고기자리×丁巳(정사)
2026-03-07 16:26:56,402 [E-W1]   ❌ 파싱실패
2026-03-07 16:27:06,113 [E-W1] 📌 [229/470] [tti] 돼지띠×丁酉(정유)
2026-03-07 16:29:16,091 [E-W1]   ❌ 파싱실패
2026-03-07 16:29:25,777 [E-W1] 📌 [230/470] [tti] 개띠×乙丑(을축)
2026-03-07 16:31:35,676 [E-W1]   ❌ 파싱실패
2026-03-07 16:31:45,476 [E-W1] 📌 [231/470] [tti] 닭띠×丙寅(병인)
2026-03-07 16:33:55,405 [E-W1]   ❌ 파싱실패
2026-03-07 16:34:06,834 [E-W1] 📌 [232/470] [tti] 개띠×甲戌(갑술)
2026-03-07 16:36:16,804 [E-W1]   ❌ 파싱실패
2026-03-07 16:36:30,792 [E-W1] 📌 [233/470] [tti] 말띠×壬戌(임술)
2026-03-07 16:38:40,775 [E-W1]   ❌ 파싱실패
2026-03-07 16:38:50,951 [E-W1] 📌 [234/470] [tti] 개띠×戊戌(무술)
2026-03-07 16:41:00,889 [E-W1]   ❌ 파싱실패
2026-03-07 16:41:14,053 [E-W1] 📌 [235/470] [tti] 뱀띠×己卯(기묘)
2026-03-07 16:43:23,987 [E-W1]   ❌ 파싱실패
2026-03-07 16:43:34,735 [E-W1] 📌 [236/470] [tti] 개띠×己亥(기해)
2026-03-07 16:45:44,661 [E-W1]   ❌ 파싱실패
2026-03-07 16:45:58,666 [E-W1] 📌 [237/470] [tti] 개띠×丁巳(정사)
2026-03-07 16:48:08,609 [E-W1]   ❌ 파싱실패
2026-03-07 16:48:21,180 [E-W1] 📌 [238/470] [zodiac] 전갈자리×甲申(갑신)
2026-03-07 16:50:31,097 [E-W1]   ❌ 파싱실패
2026-03-07 16:50:42,260 [E-W1] 📌 [239/470] [tti] 닭띠×庚戌(경술)
2026-03-07 16:52:52,197 [E-W1]   ❌ 파싱실패
2026-03-07 16:53:06,715 [E-W1] 📌 [240/470] [zodiac] 사자자리×丙辰(병진)
2026-03-07 16:55:16,699 [E-W1]   ❌ 파싱실패
2026-03-07 16:55:26,856 [E-W1] 📌 [241/470] [tarot] 힘(reversed)
2026-03-07 16:57:37,123 [E-W1]   ❌ 파싱실패
2026-03-07 16:57:49,330 [E-W1] 📌 [242/470] [tarot] 컵 2(reversed)
2026-03-07 16:59:59,643 [E-W1]   ❌ 파싱실패
2026-03-07 17:00:14,921 [E-W1] 📌 [243/470] [zodiac] 처녀자리×丁酉(정유)
2026-03-07 17:02:25,170 [E-W1]   ❌ 파싱실패
2026-03-07 17:02:40,279 [E-W1] 📌 [244/470] [tti] 쥐띠×乙亥(을해)
2026-03-07 17:04:50,430 [E-W1]   ❌ 파싱실패
2026-03-07 17:05:03,341 [E-W1] 📌 [245/470] [tti] 호랑이띠×壬午(임오)
2026-03-07 17:07:13,378 [E-W1]   ❌ 파싱실패
2026-03-07 17:07:28,122 [E-W1] 📌 [246/470] [tti] 양띠×甲寅(갑인)
2026-03-07 17:09:38,122 [E-W1]   ❌ 파싱실패
2026-03-07 17:09:53,808 [E-W1] 📌 [247/470] [tti] 말띠×甲午(갑오)
2026-03-07 17:12:03,829 [E-W1]   ❌ 파싱실패
2026-03-07 17:12:18,835 [E-W1] 📌 [248/470] [zodiac] 물고기자리×辛卯(신묘)
2026-03-07 17:14:28,831 [E-W1]   ❌ 파싱실패
2026-03-07 17:14:40,362 [E-W1] 📌 [249/470] [zodiac] 쌍둥이자리×癸未(계미)
2026-03-07 17:16:50,363 [E-W1]   ❌ 파싱실패
2026-03-07 17:17:03,932 [E-W1] 📌 [250/470] [tti] 토끼띠×甲戌(갑술)
2026-03-07 17:19:13,934 [E-W1]   ❌ 파싱실패
2026-03-07 17:19:26,946 [E-W1] 📌 [251/470] [zodiac] 쌍둥이자리×乙丑(을축)
2026-03-07 17:21:36,965 [E-W1]   ❌ 파싱실패
2026-03-07 17:21:47,972 [E-W1] 📌 [252/470] [tti] 양띠×乙亥(을해)
2026-03-07 17:23:57,953 [E-W1]   ❌ 파싱실패
2026-03-07 17:24:10,413 [E-W1] 📌 [253/470] [tti] 뱀띠×庚申(경신)
2026-03-07 17:26:20,368 [E-W1]   ❌ 파싱실패
2026-03-07 17:26:34,775 [E-W1] 📌 [254/470] [zodiac] 쌍둥이자리×壬辰(임진)
2026-03-07 17:28:44,767 [E-W1]   ❌ 파싱실패
2026-03-07 17:28:56,846 [E-W1] 📌 [255/470] [tti] 돼지띠×己亥(기해)
2026-03-07 17:31:06,806 [E-W1]   ❌ 파싱실패
2026-03-07 17:31:22,402 [E-W1] 📌 [256/470] [zodiac] 물고기자리×庚午(경오)
2026-03-07 17:33:32,377 [E-W1]   ❌ 파싱실패
2026-03-07 17:33:47,581 [E-W1] 📌 [257/470] [zodiac] 사수자리×丙寅(병인)
2026-03-07 17:35:57,709 [E-W1]   ❌ 파싱실패
2026-03-07 17:36:11,298 [E-W1] 📌 [258/470] [tarot] 컵 2(upright)
2026-03-07 17:38:21,407 [E-W1]   ❌ 파싱실패
2026-03-07 17:38:32,136 [E-W1] 📌 [259/470] [tti] 용띠×丙子(병자)
2026-03-07 17:40:42,228 [E-W1]   ❌ 파싱실패
2026-03-07 17:40:52,803 [E-W1] 📌 [260/470] [zodiac] 황소자리×丁酉(정유)
2026-03-07 17:43:02,805 [E-W1]   ❌ 파싱실패
2026-03-07 17:43:11,858 [E-W1] 📌 [261/470] [tti] 말띠×辛亥(신해)
2026-03-07 17:45:21,821 [E-W1]   ❌ 파싱실패
2026-03-07 17:45:32,241 [E-W1] 📌 [262/470] [zodiac] 물병자리×癸未(계미)
2026-03-07 17:47:42,240 [E-W1]   ❌ 파싱실패
2026-03-07 17:47:57,862 [E-W1] 📌 [263/470] [zodiac] 전갈자리×辛巳(신사)
2026-03-07 17:50:07,835 [E-W1]   ❌ 파싱실패
2026-03-07 17:50:20,910 [E-W1] 📌 [264/470] [zodiac] 천칭자리×乙酉(을유)
2026-03-07 17:52:30,889 [E-W1]   ❌ 파싱실패
2026-03-07 17:52:41,299 [E-W1] 📌 [265/470] [zodiac] 염소자리×戊午(무오)
2026-03-07 17:54:51,247 [E-W1]   ❌ 파싱실패
2026-03-07 17:55:00,755 [E-W1] 📌 [266/470] [zodiac] 황소자리×壬寅(임인)
2026-03-07 17:57:10,679 [E-W1]   ❌ 파싱실패
2026-03-07 17:57:24,887 [E-W1] 📌 [267/470] [tti] 돼지띠×辛亥(신해)
2026-03-07 17:59:34,858 [E-W1]   ❌ 파싱실패
2026-03-07 17:59:48,297 [E-W1] 📌 [268/470] [zodiac] 사자자리×戊申(무신)
2026-03-07 18:01:58,244 [E-W1]   ❌ 파싱실패
2026-03-07 18:02:10,897 [E-W1] 📌 [269/470] [tti] 소띠×丁丑(정축)
2026-03-07 18:04:20,893 [E-W1]   ❌ 파싱실패
2026-03-07 18:04:30,418 [E-W1] 📌 [270/470] [tti] 용띠×辛卯(신묘)
2026-03-07 18:06:40,397 [E-W1]   ❌ 파싱실패
2026-03-07 18:06:49,687 [E-W1] 📌 [271/470] [zodiac] 쌍둥이자리×庚辰(경진)
2026-03-07 18:08:59,652 [E-W1]   ❌ 파싱실패
2026-03-07 18:09:08,814 [E-W1] 📌 [272/470] [tti] 호랑이띠×壬戌(임술)
2026-03-07 18:11:18,748 [E-W1]   ❌ 파싱실패
2026-03-07 18:11:27,865 [E-W1] 📌 [273/470] [zodiac] 사자자리×己卯(기묘)
2026-03-07 18:13:37,879 [E-W1]   ❌ 파싱실패
2026-03-07 18:13:50,864 [E-W1] 📌 [274/470] [tti] 원숭이띠×癸未(계미)
2026-03-07 18:16:00,828 [E-W1]   ❌ 파싱실패
2026-03-07 18:16:10,889 [E-W1] 📌 [275/470] [tti] 뱀띠×戊申(무신)
2026-03-07 18:18:20,916 [E-W1]   ❌ 파싱실패
2026-03-07 18:18:34,030 [E-W1] 📌 [276/470] [tti] 토끼띠×己丑(기축)
2026-03-07 18:19:22,548 [E-W1]   🎉 성공 (✅161 ❌115)
2026-03-07 18:19:32,017 [E-W1] 📌 [277/470] [tarot] 소드 3(reversed)
2026-03-07 18:19:48,757 [E-W1]   🎉 성공 (✅162 ❌115)
2026-03-07 18:19:59,774 [E-W1] 📌 [278/470] [zodiac] 천칭자리×乙未(을미)
2026-03-07 18:20:16,488 [E-W1]   🎉 성공 (✅163 ❌115)
2026-03-07 18:20:28,418 [E-W1] 📌 [279/470] [zodiac] 염소자리×己巳(기사)
2026-03-07 18:20:45,139 [E-W1]   🎉 성공 (✅164 ❌115)
2026-03-07 18:21:00,692 [E-W1] 📌 [280/470] [tti] 원숭이띠×庚戌(경술)
2026-03-07 18:21:17,465 [E-W1]   🎉 성공 (✅165 ❌115)
2026-03-07 18:21:28,484 [E-W1] 📌 [281/470] [tti] 말띠×戊寅(무인)
2026-03-07 18:21:45,236 [E-W1]   🎉 성공 (✅166 ❌115)
2026-03-07 18:21:58,450 [E-W1] 📌 [282/470] [tti] 쥐띠×丁亥(정해)
2026-03-07 18:22:15,272 [E-W1]   🎉 성공 (✅167 ❌115)
2026-03-07 18:22:24,692 [E-W1] 📌 [283/470] [zodiac] 물병자리×乙酉(을유)
2026-03-07 18:22:41,516 [E-W1]   🎉 성공 (✅168 ❌115)
2026-03-07 18:22:53,941 [E-W1] 📌 [284/470] [zodiac] 처녀자리×己亥(기해)
2026-03-07 18:23:14,781 [E-W1]   🎉 성공 (✅169 ❌115)
2026-03-07 18:23:27,793 [E-W1] 📌 [285/470] [tti] 토끼띠×庚戌(경술)
2026-03-07 18:23:44,513 [E-W1]   🎉 성공 (✅170 ❌115)
2026-03-07 18:23:53,695 [E-W1] 📌 [286/470] [tarot] 펜타클 7(upright)
2026-03-07 18:24:10,426 [E-W1]   🎉 성공 (✅171 ❌115)
2026-03-07 18:24:26,153 [E-W1] 📌 [287/470] [tti] 토끼띠×甲辰(갑진)
2026-03-07 18:24:42,873 [E-W1]   🎉 성공 (✅172 ❌115)
2026-03-07 18:24:56,207 [E-W1] 📌 [288/470] [tti] 개띠×丙午(병오)
2026-03-07 18:25:12,935 [E-W1]   🎉 성공 (✅173 ❌115)
2026-03-07 18:25:25,630 [E-W1] 📌 [289/470] [tti] 용띠×己卯(기묘)
2026-03-07 18:25:42,409 [E-W1]   🎉 성공 (✅174 ❌115)
2026-03-07 18:25:55,601 [E-W1] 📌 [290/470] [zodiac] 처녀자리×丁巳(정사)
2026-03-07 18:26:12,393 [E-W1]   🎉 성공 (✅175 ❌115)
2026-03-07 18:26:23,906 [E-W1] 📌 [291/470] [tarot] 완드 3(upright)
2026-03-07 18:26:40,691 [E-W1]   🎉 성공 (✅176 ❌115)
2026-03-07 18:26:54,290 [E-W1] 📌 [292/470] [zodiac] 양자리×丁未(정미)
2026-03-07 18:27:15,164 [E-W1]   🎉 성공 (✅177 ❌115)
2026-03-07 18:27:26,718 [E-W1] 📌 [293/470] [tarot] 완드 8(reversed)
2026-03-07 18:27:43,449 [E-W1]   🎉 성공 (✅178 ❌115)
2026-03-07 18:27:56,495 [E-W1] 📌 [294/470] [zodiac] 게자리×癸未(계미)
2026-03-07 18:28:13,183 [E-W1]   🎉 성공 (✅179 ❌115)
2026-03-07 18:28:26,738 [E-W1] 📌 [295/470] [zodiac] 양자리×丁亥(정해)
2026-03-07 18:28:43,409 [E-W1]   🎉 성공 (✅180 ❌115)
2026-03-07 18:28:54,987 [E-W1] 📌 [296/470] [tti] 호랑이띠×癸酉(계유)
2026-03-07 18:29:11,648 [E-W1]   ❌ 에러: dict contains fields not in fieldnames: '텐션_level'
2026-03-07 18:29:17,873 [E-W1] 📌 [297/470] [tti] 개띠×壬戌(임술)
2026-03-07 18:29:34,608 [E-W1]   🎉 성공 (✅181 ❌116)
2026-03-07 18:29:48,142 [E-W1] 📌 [298/470] [tti] 뱀띠×壬戌(임술)
2026-03-07 18:30:04,849 [E-W1]   🎉 성공 (✅182 ❌116)
2026-03-07 18:30:16,178 [E-W1] 📌 [299/470] [tti] 원숭이띠×戊戌(무술)
2026-03-07 18:30:32,876 [E-W1]   ❌ 에러: dict contains fields not in fieldnames: '텐션_level'
2026-03-07 18:30:38,373 [E-W1] 📌 [300/470] [tti] 쥐띠×乙丑(을축)
2026-03-07 18:30:55,078 [E-W1]   🎉 성공 (✅183 ❌117)
2026-03-07 18:31:09,606 [E-W1] 📌 [301/470] [tti] 호랑이띠×庚辰(경진)
2026-03-07 18:31:26,299 [E-W1]   🎉 성공 (✅184 ❌117)
2026-03-07 18:31:37,696 [E-W1] 📌 [302/470] [tti] 소띠×辛亥(신해)
2026-03-07 18:31:58,470 [E-W1]   🎉 성공 (✅185 ❌117)
2026-03-07 18:32:09,764 [E-W1] 📌 [303/470] [tti] 쥐띠×戊辰(무진)
2026-03-07 18:32:26,444 [E-W1]   🎉 성공 (✅186 ❌117)
2026-03-07 18:32:36,639 [E-W1] 📌 [304/470] [tti] 쥐띠×辛亥(신해)
2026-03-07 18:32:53,326 [E-W1]   🎉 성공 (✅187 ❌117)
2026-03-07 18:33:09,079 [E-W1] 📌 [305/470] [tti] 개띠×丙寅(병인)
2026-03-07 18:33:25,757 [E-W1]   🎉 성공 (✅188 ❌117)
2026-03-07 18:33:36,119 [E-W1] 📌 [306/470] [tti] 용띠×壬申(임신)
2026-03-07 18:33:52,800 [E-W1]   🎉 성공 (✅189 ❌117)
2026-03-07 18:34:05,891 [E-W1] 📌 [307/470] [tti] 쥐띠×丙午(병오)
2026-03-07 18:34:22,573 [E-W1]   🎉 성공 (✅190 ❌117)
2026-03-07 18:34:37,398 [E-W1] 📌 [308/470] [tti] 토끼띠×戊戌(무술)
2026-03-07 18:34:54,086 [E-W1]   🎉 성공 (✅191 ❌117)
2026-03-07 18:35:06,371 [E-W1] 📌 [309/470] [tti] 닭띠×己巳(기사)
2026-03-07 18:35:23,061 [E-W1]   🎉 성공 (✅192 ❌117)
2026-03-07 18:35:35,932 [E-W1] 📌 [310/470] [tti] 쥐띠×丙子(병자)
2026-03-07 18:35:56,704 [E-W1]   🎉 성공 (✅193 ❌117)
2026-03-07 18:36:06,964 [E-W1] 📌 [311/470] [zodiac] 양자리×己酉(기유)
2026-03-07 18:36:23,632 [E-W1]   🎉 성공 (✅194 ❌117)
2026-03-07 18:36:33,265 [E-W1] 📌 [312/470] [tti] 뱀띠×壬午(임오)
2026-03-07 18:36:49,939 [E-W1]   🎉 성공 (✅195 ❌117)
2026-03-07 18:37:02,220 [E-W1] 📌 [313/470] [tarot] 펜타클 여왕(reversed)
2026-03-07 18:37:18,892 [E-W1]   🎉 성공 (✅196 ❌117)
2026-03-07 18:37:31,731 [E-W1] 📌 [314/470] [zodiac] 전갈자리×癸未(계미)
2026-03-07 18:37:48,403 [E-W1]   🎉 성공 (✅197 ❌117)
2026-03-07 18:38:03,330 [E-W1] 📌 [315/470] [tarot] 완드 왕(upright)
2026-03-07 18:38:20,031 [E-W1]   🎉 성공 (✅198 ❌117)
2026-03-07 18:38:30,548 [E-W1] 📌 [316/470] [tti] 개띠×戊子(무자)
2026-03-07 18:38:47,241 [E-W1]   🎉 성공 (✅199 ❌117)
2026-03-07 18:38:57,095 [E-W1] 📌 [317/470] [tti] 닭띠×乙卯(을묘)
2026-03-07 18:39:13,789 [E-W1]   🎉 성공 (✅200 ❌117)
2026-03-07 18:39:24,393 [E-W1] 📌 [318/470] [zodiac] 양자리×己巳(기사)
2026-03-07 18:39:45,169 [E-W1]   🎉 성공 (✅201 ❌117)
2026-03-07 18:39:58,069 [E-W1] 📌 [319/470] [tarot] 펜타클 10(upright)
2026-03-07 18:40:14,742 [E-W1]   🎉 성공 (✅202 ❌117)
2026-03-07 18:40:30,398 [E-W1] 📌 [320/470] [tti] 양띠×己卯(기묘)
2026-03-07 18:40:47,080 [E-W1]   ❌ 에러: dict contains fields not in fieldnames: '텐션_level'
2026-03-07 18:40:52,445 [E-W1] 📌 [321/470] [zodiac] 천칭자리×乙卯(을묘)
2026-03-07 18:41:09,146 [E-W1]   🎉 성공 (✅203 ❌118)
2026-03-07 18:41:23,623 [E-W1] 📌 [322/470] [zodiac] 사자자리×辛丑(신축)
2026-03-07 18:41:40,303 [E-W1]   🎉 성공 (✅204 ❌118)
2026-03-07 18:41:55,137 [E-W1] 📌 [323/470] [tti] 호랑이띠×戊辰(무진)
2026-03-07 18:42:11,806 [E-W1]   ❌ 에러: dict contains fields not in fieldnames: '텐션_level'
2026-03-07 18:42:17,238 [E-W1] 📌 [324/470] [tti] 돼지띠×丙子(병자)
2026-03-07 18:42:33,946 [E-W1]   🎉 성공 (✅205 ❌119)
2026-03-07 18:42:45,101 [E-W1] 📌 [325/470] [tti] 용띠×庚戌(경술)
2026-03-07 18:43:01,802 [E-W1]   🎉 성공 (✅206 ❌119)
2026-03-07 18:43:13,689 [E-W1] 📌 [326/470] [zodiac] 사자자리×丙寅(병인)
2026-03-07 18:43:30,384 [E-W1]   🎉 성공 (✅207 ❌119)
2026-03-07 18:43:45,969 [E-W1] 📌 [327/470] [tti] 양띠×甲戌(갑술)
2026-03-07 18:44:02,665 [E-W1]   🎉 성공 (✅208 ❌119)
2026-03-07 18:44:12,118 [E-W1] 📌 [328/470] [zodiac] 물고기자리×戊戌(무술)
2026-03-07 18:44:32,913 [E-W1]   🎉 성공 (✅209 ❌119)
2026-03-07 18:44:48,201 [E-W1] 📌 [329/470] [tti] 용띠×壬子(임자)
2026-03-07 18:45:04,873 [E-W1]   🎉 성공 (✅210 ❌119)
2026-03-07 18:45:15,675 [E-W1] 📌 [330/470] [tti] 쥐띠×己酉(기유)
2026-03-07 18:45:32,340 [E-W1]   🎉 성공 (✅211 ❌119)
2026-03-07 18:45:41,985 [E-W1] 📌 [331/470] [tti] 용띠×丁亥(정해)
2026-03-07 18:45:58,663 [E-W1]   🎉 성공 (✅212 ❌119)
2026-03-07 18:46:12,150 [E-W1] 📌 [332/470] [tarot] 소드 9(upright)
2026-03-07 18:46:28,812 [E-W1]   🎉 성공 (✅213 ❌119)
2026-03-07 18:46:40,918 [E-W1] 📌 [333/470] [zodiac] 황소자리×丙子(병자)
2026-03-07 18:46:57,593 [E-W1]   🎉 성공 (✅214 ❌119)
2026-03-07 18:47:08,078 [E-W1] 📌 [334/470] [zodiac] 처녀자리×丙申(병신)
2026-03-07 18:47:24,776 [E-W1]   🎉 성공 (✅215 ❌119)
2026-03-07 18:47:37,097 [E-W1] 📌 [335/470] [zodiac] 쌍둥이자리×丙戌(병술)
2026-03-07 18:47:53,769 [E-W1]   🎉 성공 (✅216 ❌119)
2026-03-07 18:48:06,936 [E-W1] 📌 [336/470] [tti] 토끼띠×乙酉(을유)
2026-03-07 18:48:27,741 [E-W1]   🎉 성공 (✅217 ❌119)
2026-03-07 18:48:39,396 [E-W1] 📌 [337/470] [zodiac] 게자리×己未(기미)
2026-03-07 18:48:56,098 [E-W1]   🎉 성공 (✅218 ❌119)
2026-03-07 18:49:09,858 [E-W1] 📌 [338/470] [tti] 호랑이띠×辛未(신미)
2026-03-07 18:49:26,536 [E-W1]   🎉 성공 (✅219 ❌119)
2026-03-07 18:49:37,928 [E-W1] 📌 [339/470] [tarot] 펜타클 5(reversed)
2026-03-07 18:49:54,611 [E-W1]   🎉 성공 (✅220 ❌119)
2026-03-07 18:50:06,421 [E-W1] 📌 [340/470] [zodiac] 전갈자리×丙寅(병인)
2026-03-07 18:50:23,114 [E-W1]   🎉 성공 (✅221 ❌119)
2026-03-07 18:50:34,408 [E-W1] 📌 [341/470] [tti] 용띠×乙酉(을유)
2026-03-07 18:50:51,113 [E-W1]   🎉 성공 (✅222 ❌119)
2026-03-07 18:51:03,605 [E-W1] 📌 [342/470] [tti] 용띠×丙戌(병술)
2026-03-07 18:51:20,302 [E-W1]   🎉 성공 (✅223 ❌119)
2026-03-07 18:51:34,310 [E-W1] 📌 [343/470] [tti] 원숭이띠×丙寅(병인)
2026-03-07 18:51:51,015 [E-W1]   🎉 성공 (✅224 ❌119)
2026-03-07 18:52:06,846 [E-W1] 📌 [344/470] [tti] 호랑이띠×庚寅(경인)
2026-03-07 18:52:27,629 [E-W1]   🎉 성공 (✅225 ❌119)
2026-03-07 18:52:42,174 [E-W1] 📌 [345/470] [tti] 양띠×乙未(을미)
2026-03-07 18:52:58,852 [E-W1]   🎉 성공 (✅226 ❌119)
2026-03-07 18:53:10,858 [E-W1] 📌 [346/470] [zodiac] 물고기자리×甲辰(갑진)
2026-03-07 18:53:27,580 [E-W1]   🎉 성공 (✅227 ❌119)
2026-03-07 18:53:42,178 [E-W1] 📌 [347/470] [zodiac] 천칭자리×己未(기미)
2026-03-07 18:53:58,853 [E-W1]   🎉 성공 (✅228 ❌119)
2026-03-07 18:54:14,460 [E-W1] 📌 [348/470] [tti] 뱀띠×戊子(무자)
2026-03-07 18:54:31,156 [E-W1]   🎉 성공 (✅229 ❌119)
2026-03-07 18:54:40,832 [E-W1] 📌 [349/470] [zodiac] 물병자리×癸卯(계묘)
2026-03-07 18:54:57,533 [E-W1]   🎉 성공 (✅230 ❌119)
2026-03-07 18:55:08,621 [E-W1] 📌 [350/470] [zodiac] 전갈자리×乙卯(을묘)
2026-03-07 18:55:25,338 [E-W1]   🎉 성공 (✅231 ❌119)
2026-03-07 18:55:40,211 [E-W1] 📌 [351/470] [tarot] 완드 5(upright)
2026-03-07 18:56:03,906 [E-W1] 🏁 워커 1 시작! 할당: 240개
2026-03-07 18:56:13,908 [E-W1] 🚀 크롬 초기화...
2026-03-07 18:56:24,353 [E-W1] 📌 [1/240] [zodiac] 양자리×乙巳(을사)
2026-03-07 18:56:41,113 [E-W1]   🎉 성공 (✅1 ❌0)
2026-03-07 18:56:52,718 [E-W1] 📌 [2/240] [tti] 원숭이띠×丁卯(정묘)
2026-03-07 18:57:09,429 [E-W1]   🎉 성공 (✅2 ❌0)
2026-03-07 18:57:23,921 [E-W1] 📌 [3/240] [tti] 쥐띠×丙戌(병술)
2026-03-07 18:57:40,611 [E-W1]   🎉 성공 (✅3 ❌0)
2026-03-07 18:57:52,925 [E-W1] 📌 [4/240] [tti] 말띠×庚辰(경진)
2026-03-07 18:58:09,582 [E-W1]   🎉 성공 (✅4 ❌0)
2026-03-07 18:58:20,758 [E-W1] 📌 [5/240] [zodiac] 물고기자리×丙辰(병진)
2026-03-07 18:58:37,443 [E-W1]   🎉 성공 (✅5 ❌0)
2026-03-07 18:58:47,783 [E-W1] 📌 [6/240] [tti] 쥐띠×庚戌(경술)
2026-03-07 18:59:04,477 [E-W1]   🎉 성공 (✅6 ❌0)
2026-03-07 18:59:17,244 [E-W1] 📌 [7/240] [zodiac] 천칭자리×辛丑(신축)
2026-03-07 18:59:33,913 [E-W1]   🎉 성공 (✅7 ❌0)
2026-03-07 18:59:48,462 [E-W1] 📌 [8/240] [zodiac] 사수자리×戊子(무자)
2026-03-07 19:00:05,202 [E-W1]   🎉 성공 (✅8 ❌0)
2026-03-07 19:00:15,860 [E-W1] 📌 [9/240] [tti] 토끼띠×丙寅(병인)
2026-03-07 19:00:36,674 [E-W1]   🎉 성공 (✅9 ❌0)
2026-03-07 19:00:47,907 [E-W1] 📌 [10/240] [tti] 쥐띠×甲寅(갑인)
2026-03-07 19:01:04,604 [E-W1]   🎉 성공 (✅10 ❌0)
2026-03-07 19:01:14,313 [E-W1] 📌 [11/240] [tti] 쥐띠×壬子(임자)
2026-03-07 19:01:31,003 [E-W1]   🎉 성공 (✅11 ❌0)
2026-03-07 19:01:46,642 [E-W1] 📌 [12/240] [zodiac] 쌍둥이자리×丁丑(정축)
2026-03-07 19:02:03,353 [E-W1]   🎉 성공 (✅12 ❌0)
2026-03-07 19:02:15,172 [E-W1] 📌 [13/240] [tti] 소띠×乙亥(을해)
2026-03-07 19:02:31,856 [E-W1]   🎉 성공 (✅13 ❌0)
2026-03-07 19:02:47,656 [E-W1] 📌 [14/240] [zodiac] 양자리×甲寅(갑인)
2026-03-07 19:03:04,370 [E-W1]   ❌ 에러: dict contains fields not in fieldnames: '텐션_level'
2026-03-07 19:03:10,709 [E-W1] 📌 [15/240] [tti] 호랑이띠×己巳(기사)
2026-03-07 19:03:27,414 [E-W1]   🎉 성공 (✅14 ❌1)
2026-03-07 19:03:37,336 [E-W1] 📌 [16/240] [zodiac] 게자리×壬子(임자)
2026-03-07 19:03:54,038 [E-W1]   🎉 성공 (✅15 ❌1)
2026-03-07 19:04:07,428 [E-W1] 📌 [17/240] [tti] 원숭이띠×辛亥(신해)
2026-03-07 19:04:24,127 [E-W1]   🎉 성공 (✅16 ❌1)
2026-03-07 19:04:36,729 [E-W1] 📌 [18/240] [zodiac] 천칭자리×己酉(기유)
2026-03-07 19:04:57,518 [E-W1]   🎉 성공 (✅17 ❌1)
2026-03-07 19:05:10,535 [E-W1] 📌 [19/240] [zodiac] 전갈자리×庚寅(경인)
2026-03-07 19:05:30,279 [E-W1]   🎉 성공 (✅18 ❌1)
2026-03-07 19:05:39,591 [E-W1] 📌 [20/240] [zodiac] 게자리×辛丑(신축)
2026-03-07 19:05:56,267 [E-W1]   🎉 성공 (✅19 ❌1)
2026-03-07 19:06:05,952 [E-W1] 📌 [21/240] [tarot] 펜타클 여왕(upright)
2026-03-07 19:06:22,642 [E-W1]   🎉 성공 (✅20 ❌1)
2026-03-07 19:06:36,348 [E-W1] 📌 [22/240] [zodiac] 전갈자리×壬戌(임술)
2026-03-07 19:06:53,032 [E-W1]   🎉 성공 (✅21 ❌1)
2026-03-07 19:07:03,914 [E-W1] 📌 [23/240] [tarot] 완드 시종(upright)
2026-03-07 19:07:20,604 [E-W1]   🎉 성공 (✅22 ❌1)
2026-03-07 19:07:30,222 [E-W1] 📌 [24/240] [zodiac] 양자리×庚寅(경인)
2026-03-07 19:07:46,912 [E-W1]   🎉 성공 (✅23 ❌1)
2026-03-07 19:08:01,341 [E-W1] 📌 [25/240] [tti] 뱀띠×壬子(임자)
2026-03-07 19:08:18,036 [E-W1]   🎉 성공 (✅24 ❌1)
2026-03-07 19:08:32,410 [E-W1] 📌 [26/240] [tti] 쥐띠×乙酉(을유)
2026-03-07 19:08:53,169 [E-W1]   🎉 성공 (✅25 ❌1)
2026-03-07 19:09:08,375 [E-W1] 📌 [27/240] [zodiac] 물병자리×乙巳(을사)
2026-03-07 19:09:25,028 [E-W1]   🎉 성공 (✅26 ❌1)
2026-03-07 19:09:37,657 [E-W1] 📌 [28/240] [tti] 개띠×癸未(계미)
2026-03-07 19:09:54,318 [E-W1]   🎉 성공 (✅27 ❌1)
2026-03-07 19:10:06,269 [E-W1] 📌 [29/240] [zodiac] 처녀자리×戊辰(무진)
2026-03-07 19:10:22,944 [E-W1]   🎉 성공 (✅28 ❌1)
2026-03-07 19:10:37,676 [E-W1] 📌 [30/240] [tti] 토끼띠×辛亥(신해)
2026-03-07 19:10:54,333 [E-W1]   🎉 성공 (✅29 ❌1)
2026-03-07 19:11:08,276 [E-W1] 📌 [31/240] [zodiac] 전갈자리×己丑(기축)
2026-03-07 19:11:24,934 [E-W1]   🎉 성공 (✅30 ❌1)
2026-03-07 19:11:38,662 [E-W1] 📌 [32/240] [tti] 말띠×丙戌(병술)
2026-03-07 19:11:55,354 [E-W1]   ❌ 에러: dict contains fields not in fieldnames: '텐션_level'
2026-03-07 19:12:01,456 [E-W1] 📌 [33/240] [tti] 닭띠×戊寅(무인)
2026-03-07 19:12:18,165 [E-W1]   🎉 성공 (✅31 ❌2)
2026-03-07 19:12:31,729 [E-W1] 📌 [34/240] [zodiac] 염소자리×丁丑(정축)
2026-03-07 19:12:48,397 [E-W1]   🎉 성공 (✅32 ❌2)
2026-03-07 19:13:04,090 [E-W1] 📌 [35/240] [tti] 소띠×壬申(임신)
2026-03-07 19:13:24,856 [E-W1]   🎉 성공 (✅33 ❌2)
2026-03-07 19:13:34,914 [E-W1] 📌 [36/240] [tti] 소띠×戊午(무오)
2026-03-07 19:13:51,598 [E-W1]   🎉 성공 (✅34 ❌2)
2026-03-07 19:14:01,320 [E-W1] 📌 [37/240] [tti] 양띠×癸卯(계묘)
2026-03-07 19:14:18,000 [E-W1]   🎉 성공 (✅35 ❌2)
2026-03-07 19:14:29,163 [E-W1] 📌 [38/240] [zodiac] 황소자리×丁未(정미)
2026-03-07 19:14:45,820 [E-W1]   🎉 성공 (✅36 ❌2)
2026-03-07 19:14:56,019 [E-W1] 📌 [39/240] [tti] 소띠×甲辰(갑진)
2026-03-07 19:15:12,719 [E-W1]   🎉 성공 (✅37 ❌2)
2026-03-07 19:15:25,536 [E-W1] 📌 [40/240] [zodiac] 황소자리×丁酉(정유)
2026-03-07 19:15:42,221 [E-W1]   🎉 성공 (✅38 ❌2)
2026-03-07 19:15:54,564 [E-W1] 📌 [41/240] [zodiac] 황소자리×己未(기미)
2026-03-07 19:16:11,263 [E-W1]   🎉 성공 (✅39 ❌2)
2026-03-07 19:16:23,654 [E-W1] 📌 [42/240] [zodiac] 물병자리×癸未(계미)
2026-03-07 19:16:40,362 [E-W1]   🎉 성공 (✅40 ❌2)
2026-03-07 19:16:56,054 [E-W1] 📌 [43/240] [tti] 닭띠×壬子(임자)
2026-03-07 19:17:16,838 [E-W1]   🎉 성공 (✅41 ❌2)
2026-03-07 19:17:28,357 [E-W1] 📌 [44/240] [tti] 원숭이띠×癸亥(계해)
2026-03-07 19:17:45,030 [E-W1]   🎉 성공 (✅42 ❌2)
2026-03-07 19:18:00,810 [E-W1] 📌 [45/240] [zodiac] 게자리×戊寅(무인)
2026-03-07 19:18:17,499 [E-W1]   🎉 성공 (✅43 ❌2)
2026-03-07 19:18:32,553 [E-W1] 📌 [46/240] [tti] 뱀띠×乙巳(을사)
2026-03-07 19:18:49,239 [E-W1]   🎉 성공 (✅44 ❌2)
2026-03-07 19:19:04,302 [E-W1] 📌 [47/240] [tarot] 컵 6(reversed)
2026-03-07 19:19:20,995 [E-W1]   🎉 성공 (✅45 ❌2)
2026-03-07 19:19:33,083 [E-W1] 📌 [48/240] [zodiac] 사수자리×丁巳(정사)
2026-03-07 19:19:49,770 [E-W1]   🎉 성공 (✅46 ❌2)
2026-03-07 19:20:03,908 [E-W1] 📌 [49/240] [zodiac] 물병자리×己亥(기해)
2026-03-07 19:20:20,590 [E-W1]   🎉 성공 (✅47 ❌2)
2026-03-07 19:20:35,270 [E-W1] 📌 [50/240] [tti] 호랑이띠×壬戌(임술)
2026-03-07 19:20:51,939 [E-W1]   🎉 성공 (✅48 ❌2)
2026-03-07 19:21:06,383 [E-W1] 📌 [51/240] [tti] 호랑이띠×癸酉(계유)
2026-03-07 19:21:27,171 [E-W1]   🎉 성공 (✅49 ❌2)
2026-03-07 19:21:39,571 [E-W1] 📌 [52/240] [tarot] 완드 10(reversed)
2026-03-07 19:21:56,249 [E-W1]   🎉 성공 (✅50 ❌2)
2026-03-07 19:22:11,486 [E-W1] 📌 [53/240] [zodiac] 처녀자리×己未(기미)
2026-03-07 19:22:28,205 [E-W1]   🎉 성공 (✅51 ❌2)
2026-03-07 19:22:38,626 [E-W1] 📌 [54/240] [zodiac] 사수자리×庚寅(경인)
2026-03-07 19:22:55,331 [E-W1]   🎉 성공 (✅52 ❌2)
2026-03-07 19:23:04,372 [E-W1] 📌 [55/240] [tti] 양띠×戊申(무신)
2026-03-07 19:23:21,062 [E-W1]   🎉 성공 (✅53 ❌2)
2026-03-07 19:23:32,955 [E-W1] 📌 [56/240] [zodiac] 사수자리×己未(기미)
2026-03-07 19:23:49,642 [E-W1]   ❌ 에러: dict contains fields not in fieldnames: '텐션_level'
2026-03-07 19:23:54,973 [E-W1] 📌 [57/240] [tarot] 별(upright)
2026-03-07 19:24:11,677 [E-W1]   🎉 성공 (✅54 ❌3)
2026-03-07 19:24:27,319 [E-W1] 📌 [58/240] [tti] 원숭이띠×戊戌(무술)
2026-03-07 19:24:43,986 [E-W1]   🎉 성공 (✅55 ❌3)
2026-03-07 19:24:59,184 [E-W1] 📌 [59/240] [tti] 뱀띠×甲辰(갑진)
2026-03-07 19:25:15,865 [E-W1]   🎉 성공 (✅56 ❌3)
2026-03-07 19:25:25,672 [E-W1] 📌 [60/240] [zodiac] 게자리×庚辰(경진)
2026-03-07 19:25:46,423 [E-W1]   🎉 성공 (✅57 ❌3)
2026-03-07 19:25:58,058 [E-W1] 📌 [61/240] [zodiac] 전갈자리×乙亥(을해)
2026-03-07 19:26:14,713 [E-W1]   🎉 성공 (✅58 ❌3)
2026-03-07 19:26:28,337 [E-W1] 📌 [62/240] [tti] 닭띠×乙亥(을해)
2026-03-07 19:26:44,994 [E-W1]   🎉 성공 (✅59 ❌3)
2026-03-07 19:26:59,744 [E-W1] 📌 [63/240] [tti] 뱀띠×甲子(갑자)
2026-03-07 19:27:16,420 [E-W1]   🎉 성공 (✅60 ❌3)
2026-03-07 19:27:28,435 [E-W1] 📌 [64/240] [zodiac] 물고기자리×丁卯(정묘)
2026-03-07 19:27:45,100 [E-W1]   🎉 성공 (✅61 ❌3)
2026-03-07 19:27:54,152 [E-W1] 📌 [65/240] [zodiac] 게자리×戊戌(무술)
2026-03-07 19:28:10,819 [E-W1]   🎉 성공 (✅62 ❌3)
2026-03-07 19:28:26,050 [E-W1] 📌 [66/240] [zodiac] 물병자리×辛卯(신묘)
2026-03-07 19:28:42,724 [E-W1]   🎉 성공 (✅63 ❌3)
2026-03-07 19:28:57,673 [E-W1] 📌 [67/240] [tti] 원숭이띠×庚辰(경진)
2026-03-07 19:29:14,343 [E-W1]   🎉 성공 (✅64 ❌3)
2026-03-07 19:29:27,245 [E-W1] 📌 [68/240] [tti] 말띠×丁酉(정유)
2026-03-07 19:29:47,982 [E-W1]   🎉 성공 (✅65 ❌3)
2026-03-07 19:29:57,802 [E-W1] 📌 [69/240] [zodiac] 물병자리×甲申(갑신)
2026-03-07 19:30:14,463 [E-W1]   🎉 성공 (✅66 ❌3)
2026-03-07 19:30:24,241 [E-W1] 📌 [70/240] [zodiac] 쌍둥이자리×辛巳(신사)
2026-03-07 19:30:40,894 [E-W1]   🎉 성공 (✅67 ❌3)
2026-03-07 19:30:55,451 [E-W1] 📌 [71/240] [zodiac] 천칭자리×癸巳(계사)
2026-03-07 19:31:12,103 [E-W1]   🎉 성공 (✅68 ❌3)
2026-03-07 19:31:21,172 [E-W1] 📌 [72/240] [zodiac] 물병자리×癸酉(계유)
2026-03-07 19:31:37,842 [E-W1]   🎉 성공 (✅69 ❌3)
2026-03-07 19:31:49,592 [E-W1] 📌 [73/240] [tti] 양띠×乙卯(을묘)
2026-03-07 19:32:06,259 [E-W1]   🎉 성공 (✅70 ❌3)
2026-03-07 19:32:16,179 [E-W1] 📌 [74/240] [zodiac] 사수자리×辛酉(신유)
2026-03-07 19:32:32,856 [E-W1]   🎉 성공 (✅71 ❌3)
2026-03-07 19:32:43,831 [E-W1] 📌 [75/240] [tti] 말띠×辛未(신미)
2026-03-07 19:33:00,503 [E-W1]   🎉 성공 (✅72 ❌3)
2026-03-07 19:33:14,354 [E-W1] 📌 [76/240] [tti] 양띠×甲申(갑신)
2026-03-07 19:33:35,116 [E-W1]   🎉 성공 (✅73 ❌3)
2026-03-07 19:33:45,228 [E-W1] 📌 [77/240] [zodiac] 물병자리×庚子(경자)
2026-03-07 19:34:01,893 [E-W1]   🎉 성공 (✅74 ❌3)
2026-03-07 19:34:17,269 [E-W1] 📌 [78/240] [zodiac] 게자리×庚午(경오)
2026-03-07 19:34:33,925 [E-W1]   🎉 성공 (✅75 ❌3)
2026-03-07 19:34:43,016 [E-W1] 📌 [79/240] [zodiac] 쌍둥이자리×己酉(기유)
2026-03-07 19:34:59,685 [E-W1]   🎉 성공 (✅76 ❌3)
2026-03-07 19:35:09,090 [E-W1] 📌 [80/240] [tti] 소띠×癸卯(계묘)
2026-03-07 19:35:25,778 [E-W1]   🎉 성공 (✅77 ❌3)
2026-03-07 19:35:41,712 [E-W1] 📌 [81/240] [zodiac] 사자자리×辛卯(신묘)
2026-03-07 19:35:58,388 [E-W1]   🎉 성공 (✅78 ❌3)
2026-03-07 19:36:11,168 [E-W1] 📌 [82/240] [zodiac] 천칭자리×乙丑(을축)
2026-03-07 19:36:27,835 [E-W1]   🎉 성공 (✅79 ❌3)
2026-03-07 19:36:39,717 [E-W1] 📌 [83/240] [tti] 개띠×甲辰(갑진)
2026-03-07 19:36:56,398 [E-W1]   🎉 성공 (✅80 ❌3)
2026-03-07 19:37:08,373 [E-W1] 📌 [84/240] [tti] 용띠×辛卯(신묘)
2026-03-07 19:37:29,126 [E-W1]   🎉 성공 (✅81 ❌3)
2026-03-07 19:37:40,747 [E-W1] 📌 [85/240] [tti] 쥐띠×己卯(기묘)
2026-03-07 19:37:57,402 [E-W1]   🎉 성공 (✅82 ❌3)
2026-03-07 19:38:07,895 [E-W1] 📌 [86/240] [tti] 호랑이띠×辛亥(신해)
2026-03-07 19:38:24,558 [E-W1]   🎉 성공 (✅83 ❌3)
2026-03-07 19:38:39,379 [E-W1] 📌 [87/240] [zodiac] 쌍둥이자리×己巳(기사)
2026-03-07 19:38:56,062 [E-W1]   ❌ 에러: dict contains fields not in fieldnames: '텐션_level'
2026-03-07 19:39:01,789 [E-W1] 📌 [88/240] [tti] 소띠×庚戌(경술)
2026-03-07 19:39:18,946 [E-W1]   🎉 성공 (✅84 ❌4)
2026-03-07 19:39:28,753 [E-W1] 📌 [89/240] [tti] 소띠×乙酉(을유)
2026-03-07 19:39:45,428 [E-W1]   🎉 성공 (✅85 ❌4)
2026-03-07 19:40:01,115 [E-W1] 📌 [90/240] [tti] 호랑이띠×丙戌(병술)
2026-03-07 19:40:17,777 [E-W1]   🎉 성공 (✅86 ❌4)
2026-03-07 19:40:30,827 [E-W1] 📌 [91/240] [tti] 쥐띠×丁未(정미)
2026-03-07 19:40:47,485 [E-W1]   🎉 성공 (✅87 ❌4)
2026-03-07 19:41:01,866 [E-W1] 📌 [92/240] [tti] 돼지띠×癸丑(계축)
2026-03-07 19:41:18,556 [E-W1]   🎉 성공 (✅88 ❌4)
2026-03-07 19:41:31,192 [E-W1] 📌 [93/240] [tti] 말띠×己丑(기축)
2026-03-07 19:41:51,948 [E-W1]   🎉 성공 (✅89 ❌4)
2026-03-07 19:42:03,368 [E-W1] 📌 [94/240] [tti] 원숭이띠×己卯(기묘)
2026-03-07 19:42:20,019 [E-W1]   🎉 성공 (✅90 ❌4)
2026-03-07 19:42:30,754 [E-W1] 📌 [95/240] [zodiac] 처녀자리×辛丑(신축)
2026-03-07 19:42:47,415 [E-W1]   🎉 성공 (✅91 ❌4)
2026-03-07 19:43:00,063 [E-W1] 📌 [96/240] [zodiac] 물병자리×辛未(신미)
2026-03-07 19:43:16,733 [E-W1]   🎉 성공 (✅92 ❌4)
2026-03-07 19:43:30,421 [E-W1] 📌 [97/240] [tti] 쥐띠×癸丑(계축)
2026-03-07 19:43:47,103 [E-W1]   🎉 성공 (✅93 ❌4)
2026-03-07 19:43:58,506 [E-W1] 📌 [98/240] [tarot] 완드 9(reversed)
2026-03-07 19:44:15,178 [E-W1]   🎉 성공 (✅94 ❌4)
2026-03-07 19:44:25,961 [E-W1] 📌 [99/240] [tti] 호랑이띠×丙寅(병인)
2026-03-07 19:44:42,631 [E-W1]   🎉 성공 (✅95 ❌4)
2026-03-07 19:44:51,676 [E-W1] 📌 [100/240] [tti] 개띠×丁未(정미)
2026-03-07 19:45:08,355 [E-W1]   🎉 성공 (✅96 ❌4)
2026-03-07 19:45:22,661 [E-W1] 📌 [101/240] [zodiac] 염소자리×乙亥(을해)
2026-03-07 19:45:43,412 [E-W1]   🎉 성공 (✅97 ❌4)
2026-03-07 19:45:53,917 [E-W1] 📌 [102/240] [zodiac] 물병자리×壬戌(임술)
2026-03-07 19:46:10,580 [E-W1]   🎉 성공 (✅98 ❌4)
2026-03-07 19:46:24,308 [E-W1] 📌 [103/240] [zodiac] 황소자리×辛酉(신유)
2026-03-07 19:46:40,959 [E-W1]   🎉 성공 (✅99 ❌4)
2026-03-07 19:46:50,283 [E-W1] 📌 [104/240] [tti] 토끼띠×丙申(병신)
2026-03-07 19:47:06,945 [E-W1]   🎉 성공 (✅100 ❌4)
2026-03-07 19:47:22,458 [E-W1] 📌 [105/240] [tti] 뱀띠×丁亥(정해)
2026-03-07 19:47:39,124 [E-W1]   🎉 성공 (✅101 ❌4)
2026-03-07 19:47:49,706 [E-W1] 📌 [106/240] [zodiac] 염소자리×癸酉(계유)
2026-03-07 19:48:06,381 [E-W1]   ❌ 에러: dict contains fields not in fieldnames: '텐션_level'
2026-03-07 19:48:11,735 [E-W1] 📌 [107/240] [tarot] 펜타클 8(reversed)
2026-03-07 19:48:28,433 [E-W1]   🎉 성공 (✅102 ❌5)
2026-03-07 19:48:40,248 [E-W1] 📌 [108/240] [zodiac] 황소자리×庚戌(경술)
2026-03-07 19:48:59,936 [E-W1]   🎉 성공 (✅103 ❌5)
2026-03-07 19:49:09,954 [E-W1] 📌 [109/240] [tarot] 소드 4(reversed)
2026-03-07 19:49:26,627 [E-W1]   🎉 성공 (✅104 ❌5)
2026-03-07 19:49:40,754 [E-W1] 📌 [110/240] [tti] 뱀띠×乙丑(을축)
2026-03-07 19:50:01,540 [E-W1]   🎉 성공 (✅105 ❌5)
2026-03-07 19:50:12,680 [E-W1] 📌 [111/240] [zodiac] 황소자리×丁巳(정사)
2026-03-07 19:50:29,357 [E-W1]   🎉 성공 (✅106 ❌5)
2026-03-07 19:50:38,479 [E-W1] 📌 [112/240] [zodiac] 처녀자리×己巳(기사)
2026-03-07 19:50:55,154 [E-W1]   🎉 성공 (✅107 ❌5)
2026-03-07 19:51:07,270 [E-W1] 📌 [113/240] [zodiac] 양자리×乙卯(을묘)
2026-03-07 19:51:23,955 [E-W1]   🎉 성공 (✅108 ❌5)
2026-03-07 19:51:36,993 [E-W1] 📌 [114/240] [zodiac] 전갈자리×戊申(무신)
2026-03-07 19:51:53,676 [E-W1]   🎉 성공 (✅109 ❌5)
2026-03-07 19:52:06,073 [E-W1] 📌 [115/240] [tti] 돼지띠×辛亥(신해)
2026-03-07 19:52:22,755 [E-W1]   🎉 성공 (✅110 ❌5)
2026-03-07 19:52:34,271 [E-W1] 📌 [116/240] [zodiac] 물병자리×辛酉(신유)
2026-03-07 19:52:50,989 [E-W1]   🎉 성공 (✅111 ❌5)
2026-03-07 19:53:04,543 [E-W1] 📌 [117/240] [tti] 토끼띠×癸未(계미)
2026-03-07 19:53:21,238 [E-W1]   🎉 성공 (✅112 ❌5)
2026-03-07 19:53:33,386 [E-W1] 📌 [118/240] [zodiac] 물고기자리×丙申(병신)
2026-03-07 19:53:54,194 [E-W1]   🎉 성공 (✅113 ❌5)
2026-03-07 19:54:07,507 [E-W1] 📌 [119/240] [tti] 돼지띠×乙丑(을축)
2026-03-07 19:54:24,200 [E-W1]   🎉 성공 (✅114 ❌5)
2026-03-07 19:54:38,231 [E-W1] 📌 [120/240] [tti] 양띠×庚午(경오)
2026-03-07 19:54:54,921 [E-W1]   🎉 성공 (✅115 ❌5)
2026-03-07 19:55:08,195 [E-W1] 📌 [121/240] [zodiac] 양자리×癸卯(계묘)
2026-03-07 19:55:24,878 [E-W1]   🎉 성공 (✅116 ❌5)
2026-03-07 19:55:34,765 [E-W1] 📌 [122/240] [tti] 토끼띠×丁酉(정유)
2026-03-07 19:55:51,441 [E-W1]   🎉 성공 (✅117 ❌5)
2026-03-07 19:56:03,593 [E-W1] 📌 [123/240] [zodiac] 게자리×丙辰(병진)
2026-03-07 19:56:20,286 [E-W1]   🎉 성공 (✅118 ❌5)
2026-03-07 19:56:35,951 [E-W1] 📌 [124/240] [tti] 용띠×己酉(기유)
2026-03-07 19:56:52,630 [E-W1]   🎉 성공 (✅119 ❌5)
2026-03-07 19:57:05,744 [E-W1] 📌 [125/240] [tti] 호랑이띠×戊申(무신)
2026-03-07 19:57:22,434 [E-W1]   🎉 성공 (✅120 ❌5)
2026-03-07 19:57:33,180 [E-W1] 📌 [126/240] [zodiac] 황소자리×壬子(임자)
2026-03-07 19:57:53,956 [E-W1]   🎉 성공 (✅121 ❌5)
2026-03-07 19:58:04,533 [E-W1] 📌 [127/240] [zodiac] 황소자리×甲申(갑신)
2026-03-07 19:58:21,209 [E-W1]   🎉 성공 (✅122 ❌5)
2026-03-07 19:58:31,341 [E-W1] 📌 [128/240] [zodiac] 염소자리×丁巳(정사)
2026-03-07 19:58:48,022 [E-W1]   ❌ 에러: dict contains fields not in fieldnames: '텐션_level'
2026-03-07 19:58:54,114 [E-W1] 📌 [129/240] [zodiac] 사수자리×戊辰(무진)
2026-03-07 19:59:10,810 [E-W1]   🎉 성공 (✅123 ❌6)
2026-03-07 19:59:24,560 [E-W1] 📌 [130/240] [tti] 뱀띠×戊申(무신)
2026-03-07 19:59:41,225 [E-W1]   🎉 성공 (✅124 ❌6)
2026-03-07 19:59:56,920 [E-W1] 📌 [131/240] [tti] 돼지띠×戊午(무오)
2026-03-07 20:00:13,590 [E-W1]   🎉 성공 (✅125 ❌6)
2026-03-07 20:00:25,263 [E-W1] 📌 [132/240] [tti] 말띠×戊午(무오)
2026-03-07 20:00:41,945 [E-W1]   🎉 성공 (✅126 ❌6)
2026-03-07 20:00:55,250 [E-W1] 📌 [133/240] [tti] 호랑이띠×癸丑(계축)
2026-03-07 20:01:11,918 [E-W1]   🎉 성공 (✅127 ❌6)
2026-03-07 20:01:24,328 [E-W1] 📌 [134/240] [tti] 소띠×丙辰(병진)
2026-03-07 20:01:40,998 [E-W1]   🎉 성공 (✅128 ❌6)
2026-03-07 20:01:55,522 [E-W1] 📌 [135/240] [zodiac] 사자자리×丙辰(병진)
2026-03-07 20:02:16,306 [E-W1]   🎉 성공 (✅129 ❌6)
2026-03-07 20:02:26,915 [E-W1] 📌 [136/240] [tti] 쥐띠×乙卯(을묘)
2026-03-07 20:02:43,588 [E-W1]   🎉 성공 (✅130 ❌6)
2026-03-07 20:02:52,802 [E-W1] 📌 [137/240] [tarot] 탑(reversed)
2026-03-07 20:03:09,460 [E-W1]   ❌ 에러: dict contains fields not in fieldnames: 'next_step'
2026-03-07 20:03:14,840 [E-W1] 📌 [138/240] [tti] 용띠×丙子(병자)
2026-03-07 20:03:31,543 [E-W1]   🎉 성공 (✅131 ❌7)
2026-03-07 20:03:47,095 [E-W1] 📌 [139/240] [tarot] 소드 6(reversed)
2026-03-07 20:04:03,803 [E-W1]   🎉 성공 (✅132 ❌7)
2026-03-07 20:04:14,169 [E-W1] 📌 [140/240] [zodiac] 물병자리×己卯(기묘)
2026-03-07 20:04:30,852 [E-W1]   🎉 성공 (✅133 ❌7)
2026-03-07 20:04:44,898 [E-W1] 📌 [141/240] [tti] 원숭이띠×甲戌(갑술)
2026-03-07 20:05:01,598 [E-W1]   🎉 성공 (✅134 ❌7)
2026-03-07 20:05:14,982 [E-W1] 📌 [142/240] [tti] 소띠×壬寅(임인)
2026-03-07 20:05:31,674 [E-W1]   🎉 성공 (✅135 ❌7)
2026-03-07 20:05:43,257 [E-W1] 📌 [143/240] [tti] 개띠×丙辰(병진)
2026-03-07 20:05:59,952 [E-W1]   🎉 성공 (✅136 ❌7)
2026-03-07 20:06:10,007 [E-W1] 📌 [144/240] [tti] 뱀띠×己卯(기묘)
2026-03-07 20:06:30,769 [E-W1]   🎉 성공 (✅137 ❌7)
2026-03-07 20:06:43,120 [E-W1] 📌 [145/240] [tti] 호랑이띠×丁酉(정유)
2026-03-07 20:06:59,771 [E-W1]   🎉 성공 (✅138 ❌7)
2026-03-07 20:07:09,117 [E-W1] 📌 [146/240] [tti] 돼지띠×辛巳(신사)
2026-03-07 20:07:25,786 [E-W1]   🎉 성공 (✅139 ❌7)
2026-03-07 20:07:35,929 [E-W1] 📌 [147/240] [zodiac] 전갈자리×癸丑(계축)
2026-03-07 20:07:52,600 [E-W1]   ❌ 에러: dict contains fields not in fieldnames: '텐션_level'
2026-03-07 20:07:57,920 [E-W1] 📌 [148/240] [tti] 소띠×甲申(갑신)
2026-03-07 20:08:14,617 [E-W1]   🎉 성공 (✅140 ❌8)
2026-03-07 20:08:25,845 [E-W1] 📌 [149/240] [zodiac] 황소자리×甲戌(갑술)
2026-03-07 20:08:45,530 [E-W1]   🎉 성공 (✅141 ❌8)
2026-03-07 20:08:59,905 [E-W1] 📌 [150/240] [zodiac] 천칭자리×甲子(갑자)
2026-03-07 20:09:16,575 [E-W1]   🎉 성공 (✅142 ❌8)
2026-03-07 20:09:26,121 [E-W1] 📌 [151/240] [tti] 소띠×癸丑(계축)
2026-03-07 20:09:42,780 [E-W1]   🎉 성공 (✅143 ❌8)
2026-03-07 20:09:56,950 [E-W1] 📌 [152/240] [zodiac] 양자리×甲申(갑신)
2026-03-07 20:10:13,626 [E-W1]   🎉 성공 (✅144 ❌8)
2026-03-07 20:10:27,730 [E-W1] 📌 [153/240] [tti] 토끼띠×丁丑(정축)
2026-03-07 20:10:48,516 [E-W1]   🎉 성공 (✅145 ❌8)
2026-03-07 20:11:00,097 [E-W1] 📌 [154/240] [tti] 쥐띠×己巳(기사)
2026-03-07 20:11:16,772 [E-W1]   🎉 성공 (✅146 ❌8)
2026-03-07 20:11:26,342 [E-W1] 📌 [155/240] [tti] 호랑이띠×壬子(임자)
2026-03-07 20:11:43,020 [E-W1]   🎉 성공 (✅147 ❌8)
2026-03-07 20:11:54,080 [E-W1] 📌 [156/240] [zodiac] 전갈자리×壬子(임자)
2026-03-07 20:12:10,756 [E-W1]   🎉 성공 (✅148 ❌8)
2026-03-07 20:12:24,554 [E-W1] 📌 [157/240] [zodiac] 물고기자리×癸卯(계묘)
2026-03-07 20:12:41,237 [E-W1]   🎉 성공 (✅149 ❌8)
2026-03-07 20:12:53,748 [E-W1] 📌 [158/240] [zodiac] 게자리×甲寅(갑인)
2026-03-07 20:13:10,453 [E-W1]   🎉 성공 (✅150 ❌8)
2026-03-07 20:13:25,595 [E-W1] 📌 [159/240] [zodiac] 쌍둥이자리×庚辰(경진)
2026-03-07 20:13:42,281 [E-W1]   🎉 성공 (✅151 ❌8)
2026-03-07 20:13:53,006 [E-W1] 📌 [160/240] [zodiac] 염소자리×甲寅(갑인)
2026-03-07 20:14:09,700 [E-W1]   🎉 성공 (✅152 ❌8)
2026-03-07 20:14:24,531 [E-W1] 📌 [161/240] [zodiac] 게자리×乙酉(을유)
2026-03-07 20:14:45,306 [E-W1]   🎉 성공 (✅153 ❌8)
2026-03-07 20:14:55,352 [E-W1] 📌 [162/240] [tti] 닭띠×乙巳(을사)
2026-03-07 20:15:12,023 [E-W1]   🎉 성공 (✅154 ❌8)
2026-03-07 20:15:21,815 [E-W1] 📌 [163/240] [zodiac] 염소자리×己未(기미)
2026-03-07 20:15:38,499 [E-W1]   🎉 성공 (✅155 ❌8)
2026-03-07 20:15:52,642 [E-W1] 📌 [164/240] [zodiac] 전갈자리×乙酉(을유)
2026-03-07 20:16:09,337 [E-W1]   🎉 성공 (✅156 ❌8)
2026-03-07 20:16:21,243 [E-W1] 📌 [165/240] [tti] 돼지띠×己亥(기해)
2026-03-07 20:16:37,924 [E-W1]   🎉 성공 (✅157 ❌8)
2026-03-07 20:16:51,705 [E-W1] 📌 [166/240] [zodiac] 염소자리×壬申(임신)
2026-03-07 20:17:08,394 [E-W1]   🎉 성공 (✅158 ❌8)
2026-03-07 20:17:23,315 [E-W1] 📌 [167/240] [zodiac] 쌍둥이자리×丁未(정미)
2026-03-07 20:17:40,009 [E-W1]   🎉 성공 (✅159 ❌8)
2026-03-07 20:17:55,828 [E-W1] 📌 [168/240] [tti] 용띠×癸丑(계축)
2026-03-07 20:18:12,523 [E-W1]   🎉 성공 (✅160 ❌8)
2026-03-07 20:18:25,118 [E-W1] 📌 [169/240] [tti] 소띠×壬戌(임술)
2026-03-07 20:18:45,889 [E-W1]   🎉 성공 (✅161 ❌8)
2026-03-07 20:18:57,817 [E-W1] 📌 [170/240] [zodiac] 전갈자리×壬午(임오)
2026-03-07 20:19:14,502 [E-W1]   🎉 성공 (✅162 ❌8)
2026-03-07 20:19:29,224 [E-W1] 📌 [171/240] [tti] 닭띠×壬寅(임인)
2026-03-07 20:19:45,899 [E-W1]   🎉 성공 (✅163 ❌8)
2026-03-07 20:19:58,897 [E-W1] 📌 [172/240] [tarot] 펜타클 기사(reversed)
2026-03-07 20:20:15,577 [E-W1]   🎉 성공 (✅164 ❌8)
2026-03-07 20:20:26,061 [E-W1] 📌 [173/240] [zodiac] 게자리×辛卯(신묘)
2026-03-07 20:20:42,736 [E-W1]   🎉 성공 (✅165 ❌8)
2026-03-07 20:20:56,884 [E-W1] 📌 [174/240] [tti] 소띠×辛卯(신묘)
2026-03-07 20:21:13,581 [E-W1]   🎉 성공 (✅166 ❌8)
2026-03-07 20:21:25,069 [E-W1] 📌 [175/240] [zodiac] 천칭자리×癸亥(계해)
2026-03-07 20:21:41,766 [E-W1]   🎉 성공 (✅167 ❌8)
2026-03-07 20:21:56,568 [E-W1] 📌 [176/240] [zodiac] 양자리×壬戌(임술)
2026-03-07 20:22:13,262 [E-W1]   🎉 성공 (✅168 ❌8)
2026-03-07 20:22:25,949 [E-W1] 📌 [177/240] [zodiac] 전갈자리×甲辰(갑진)
2026-03-07 20:22:46,728 [E-W1]   🎉 성공 (✅169 ❌8)
2026-03-07 20:23:02,181 [E-W1] 📌 [178/240] [zodiac] 황소자리×辛巳(신사)
2026-03-07 20:23:18,849 [E-W1]   🎉 성공 (✅170 ❌8)
2026-03-07 20:23:34,310 [E-W1] 📌 [179/240] [zodiac] 물병자리×癸巳(계사)
2026-03-07 20:23:50,971 [E-W1]   🎉 성공 (✅171 ❌8)
2026-03-07 20:24:01,301 [E-W1] 📌 [180/240] [zodiac] 물병자리×戊戌(무술)
2026-03-07 20:24:17,984 [E-W1]   🎉 성공 (✅172 ❌8)
2026-03-07 20:24:31,649 [E-W1] 📌 [181/240] [tti] 용띠×丙辰(병진)
2026-03-07 20:24:48,308 [E-W1]   🎉 성공 (✅173 ❌8)
2026-03-07 20:24:58,677 [E-W1] 📌 [182/240] [zodiac] 황소자리×丁亥(정해)
2026-03-07 20:25:15,345 [E-W1]   🎉 성공 (✅174 ❌8)
2026-03-07 20:25:28,032 [E-W1] 📌 [183/240] [zodiac] 처녀자리×戊申(무신)
2026-03-07 20:25:44,703 [E-W1]   🎉 성공 (✅175 ❌8)
2026-03-07 20:25:56,633 [E-W1] 📌 [184/240] [tti] 소띠×丁未(정미)
2026-03-07 20:26:13,306 [E-W1]   🎉 성공 (✅176 ❌8)
2026-03-07 20:26:25,689 [E-W1] 📌 [185/240] [tti] 소띠×庚申(경신)
2026-03-07 20:26:46,462 [E-W1]   🎉 성공 (✅177 ❌8)
2026-03-07 20:27:02,156 [E-W1] 📌 [186/240] [tarot] 펜타클 기사(upright)
2026-03-07 20:27:18,842 [E-W1]   🎉 성공 (✅178 ❌8)
2026-03-07 20:27:32,837 [E-W1] 📌 [187/240] [tti] 개띠×乙未(을미)
2026-03-07 20:27:49,520 [E-W1]   🎉 성공 (✅179 ❌8)
2026-03-07 20:28:04,919 [E-W1] 📌 [188/240] [zodiac] 사수자리×己丑(기축)
2026-03-07 20:28:21,616 [E-W1]   🎉 성공 (✅180 ❌8)
2026-03-07 20:28:36,223 [E-W1] 📌 [189/240] [tti] 원숭이띠×庚申(경신)
2026-03-07 20:28:52,903 [E-W1]   🎉 성공 (✅181 ❌8)
2026-03-07 20:29:04,814 [E-W1] 📌 [190/240] [tti] 양띠×癸亥(계해)
2026-03-07 20:29:21,496 [E-W1]   🎉 성공 (✅182 ❌8)
2026-03-07 20:29:35,172 [E-W1] 📌 [191/240] [tti] 쥐띠×乙亥(을해)
2026-03-07 20:29:51,868 [E-W1]   🎉 성공 (✅183 ❌8)
2026-03-07 20:30:01,505 [E-W1] 📌 [192/240] [tarot] 절제(reversed)
2026-03-07 20:30:18,210 [E-W1]   🎉 성공 (✅184 ❌8)
2026-03-07 20:30:27,625 [E-W1] 📌 [193/240] [tarot] 컵 시종(reversed)
2026-03-07 20:30:48,397 [E-W1]   🎉 성공 (✅185 ❌8)
2026-03-07 20:31:01,719 [E-W1] 📌 [194/240] [tti] 개띠×乙巳(을사)
2026-03-07 20:31:18,390 [E-W1]   🎉 성공 (✅186 ❌8)
2026-03-07 20:31:28,853 [E-W1] 📌 [195/240] [zodiac] 게자리×戊午(무오)
2026-03-07 20:31:45,520 [E-W1]   🎉 성공 (✅187 ❌8)
2026-03-07 20:31:57,785 [E-W1] 📌 [196/240] [zodiac] 사수자리×壬辰(임진)
2026-03-07 20:32:14,448 [E-W1]   ❌ 에러: dict contains fields not in fieldnames: '텐션_level'
2026-03-07 20:32:20,526 [E-W1] 📌 [197/240] [zodiac] 양자리×甲辰(갑진)
2026-03-07 20:32:37,235 [E-W1]   🎉 성공 (✅188 ❌9)
2026-03-07 20:32:48,477 [E-W1] 📌 [198/240] [tarot] 펜타클 왕(reversed)
2026-03-07 20:33:05,167 [E-W1]   🎉 성공 (✅189 ❌9)
2026-03-07 20:33:17,033 [E-W1] 📌 [199/240] [zodiac] 물고기자리×庚申(경신)
2026-03-07 20:33:33,718 [E-W1]   🎉 성공 (✅190 ❌9)
2026-03-07 20:33:44,867 [E-W1] 📌 [200/240] [tti] 소띠×甲戌(갑술)
2026-03-07 20:34:01,554 [E-W1]   🎉 성공 (✅191 ❌9)
2026-03-07 20:34:14,248 [E-W1] 📌 [201/240] [zodiac] 양자리×辛亥(신해)
2026-03-07 20:34:30,933 [E-W1]   🎉 성공 (✅192 ❌9)
2026-03-07 20:34:44,464 [E-W1] 📌 [202/240] [tti] 개띠×辛卯(신묘)
2026-03-07 20:35:05,233 [E-W1]   🎉 성공 (✅193 ❌9)
2026-03-07 20:35:17,004 [E-W1] 📌 [203/240] [tarot] 펜타클 6(upright)
2026-03-07 20:35:33,688 [E-W1]   🎉 성공 (✅194 ❌9)
2026-03-07 20:35:46,413 [E-W1] 📌 [204/240] [tti] 용띠×丁巳(정사)
2026-03-07 20:36:03,093 [E-W1]   🎉 성공 (✅195 ❌9)
2026-03-07 20:36:16,405 [E-W1] 📌 [205/240] [zodiac] 물고기자리×癸丑(계축)
2026-03-07 20:36:33,088 [E-W1]   🎉 성공 (✅196 ❌9)
2026-03-07 20:36:48,442 [E-W1] 📌 [206/240] [tti] 닭띠×丁亥(정해)
2026-03-07 20:37:05,137 [E-W1]   🎉 성공 (✅197 ❌9)
2026-03-07 20:37:15,721 [E-W1] 📌 [207/240] [zodiac] 사수자리×戊寅(무인)
2026-03-07 20:37:32,428 [E-W1]   🎉 성공 (✅198 ❌9)
2026-03-07 20:37:47,049 [E-W1] 📌 [208/240] [zodiac] 양자리×辛巳(신사)
2026-03-07 20:38:03,735 [E-W1]   🎉 성공 (✅199 ❌9)
2026-03-07 20:38:18,629 [E-W1] 📌 [209/240] [tti] 돼지띠×壬寅(임인)
2026-03-07 20:38:35,337 [E-W1]   🎉 성공 (✅200 ❌9)
2026-03-07 20:38:49,960 [E-W1] 📌 [210/240] [zodiac] 염소자리×丙寅(병인)
2026-03-07 20:39:10,723 [E-W1]   🎉 성공 (✅201 ❌9)
2026-03-07 20:39:22,004 [E-W1] 📌 [211/240] [zodiac] 처녀자리×戊戌(무술)
2026-03-07 20:39:38,662 [E-W1]   🎉 성공 (✅202 ❌9)
2026-03-07 20:39:54,056 [E-W1] 📌 [212/240] [zodiac] 쌍둥이자리×辛未(신미)
2026-03-07 20:40:10,714 [E-W1]   🎉 성공 (✅203 ❌9)
2026-03-07 20:40:21,594 [E-W1] 📌 [213/240] [tarot] 태양(reversed)
2026-03-07 20:40:38,259 [E-W1]   🎉 성공 (✅204 ❌9)
2026-03-07 20:40:53,347 [E-W1] 📌 [214/240] [zodiac] 사자자리×辛酉(신유)
2026-03-07 20:41:10,018 [E-W1]   🎉 성공 (✅205 ❌9)
2026-03-07 20:41:19,225 [E-W1] 📌 [215/240] [tti] 호랑이띠×己丑(기축)
2026-03-07 20:41:35,907 [E-W1]   🎉 성공 (✅206 ❌9)
2026-03-07 20:41:48,144 [E-W1] 📌 [216/240] [tarot] 소드 3(upright)
2026-03-07 20:42:04,815 [E-W1]   🎉 성공 (✅207 ❌9)
2026-03-07 20:42:15,371 [E-W1] 📌 [217/240] [tti] 말띠×壬戌(임술)
2026-03-07 20:42:32,047 [E-W1]   🎉 성공 (✅208 ❌9)
2026-03-07 20:42:47,429 [E-W1] 📌 [218/240] [zodiac] 쌍둥이자리×己未(기미)
2026-03-07 20:43:08,194 [E-W1]   🎉 성공 (✅209 ❌9)
2026-03-07 20:43:19,008 [E-W1] 📌 [219/240] [zodiac] 쌍둥이자리×戊辰(무진)
2026-03-07 20:43:35,700 [E-W1]   🎉 성공 (✅210 ❌9)
2026-03-07 20:43:46,115 [E-W1] 📌 [220/240] [tti] 말띠×辛酉(신유)
2026-03-07 20:44:02,792 [E-W1]   🎉 성공 (✅211 ❌9)
2026-03-07 20:44:18,233 [E-W1] 📌 [221/240] [tarot] 컵 9(upright)
2026-03-07 20:44:34,912 [E-W1]   🎉 성공 (✅212 ❌9)
2026-03-07 20:44:50,396 [E-W1] 📌 [222/240] [zodiac] 물병자리×己丑(기축)
2026-03-07 20:45:07,099 [E-W1]   ❌ 에러: dict contains fields not in fieldnames: '텐션_level'
2026-03-07 20:45:12,463 [E-W1] 📌 [223/240] [tti] 소띠×戊申(무신)
2026-03-07 20:45:29,196 [E-W1]   🎉 성공 (✅213 ❌10)
2026-03-07 20:45:42,292 [E-W1] 📌 [224/240] [zodiac] 전갈자리×丁卯(정묘)
2026-03-07 20:45:58,997 [E-W1]   🎉 성공 (✅214 ❌10)
2026-03-07 20:46:11,547 [E-W1] 📌 [225/240] [zodiac] 쌍둥이자리×己卯(기묘)
2026-03-07 20:46:28,237 [E-W1]   🎉 성공 (✅215 ❌10)
2026-03-07 20:46:43,886 [E-W1] 📌 [226/240] [zodiac] 처녀자리×丁丑(정축)
2026-03-07 20:47:00,571 [E-W1]   🎉 성공 (✅216 ❌10)
2026-03-07 20:47:13,703 [E-W1] 📌 [227/240] [tti] 닭띠×甲戌(갑술)
2026-03-07 20:47:34,502 [E-W1]   🎉 성공 (✅217 ❌10)
2026-03-07 20:47:44,712 [E-W1] 📌 [228/240] [tti] 토끼띠×戊子(무자)
2026-03-07 20:48:01,388 [E-W1]   🎉 성공 (✅218 ❌10)
2026-03-07 20:48:16,304 [E-W1] 📌 [229/240] [tti] 돼지띠×庚辰(경진)
2026-03-07 20:48:32,982 [E-W1]   🎉 성공 (✅219 ❌10)
2026-03-07 20:48:45,880 [E-W1] 📌 [230/240] [zodiac] 사자자리×乙巳(을사)
2026-03-07 20:49:02,549 [E-W1]   🎉 성공 (✅220 ❌10)
2026-03-07 20:49:14,144 [E-W1] 📌 [231/240] [tarot] 펜타클 4(upright)
2026-03-07 20:49:30,836 [E-W1]   🎉 성공 (✅221 ❌10)
2026-03-07 20:49:44,781 [E-W1] 📌 [232/240] [zodiac] 염소자리×丙辰(병진)
2026-03-07 20:50:01,448 [E-W1]   🎉 성공 (✅222 ❌10)
2026-03-07 20:50:16,132 [E-W1] 📌 [233/240] [zodiac] 쌍둥이자리×癸巳(계사)
2026-03-07 20:50:32,805 [E-W1]   🎉 성공 (✅223 ❌10)
2026-03-07 20:50:47,569 [E-W1] 📌 [234/240] [zodiac] 쌍둥이자리×辛亥(신해)
2026-03-07 20:51:04,231 [E-W1]   🎉 성공 (✅224 ❌10)
2026-03-07 20:51:15,036 [E-W1] 📌 [235/240] [zodiac] 염소자리×戊午(무오)
2026-03-07 20:51:38,806 [E-W1]   🎉 성공 (✅225 ❌10)
2026-03-07 20:51:54,525 [E-W1] 📌 [236/240] [tti] 양띠×丙辰(병진)
2026-03-07 20:52:14,186 [E-W1]   🎉 성공 (✅226 ❌10)
2026-03-07 20:52:29,318 [E-W1] 📌 [237/240] [zodiac] 전갈자리×辛酉(신유)
2026-03-07 20:52:48,987 [E-W1]   🎉 성공 (✅227 ❌10)
2026-03-07 20:53:01,505 [E-W1] 📌 [238/240] [tti] 돼지띠×丁巳(정사)
2026-03-07 20:53:18,164 [E-W1]   🎉 성공 (✅228 ❌10)
2026-03-07 20:53:27,943 [E-W1] 📌 [239/240] [zodiac] 처녀자리×甲戌(갑술)
2026-03-07 20:53:44,613 [E-W1]   ❌ 에러: dict contains fields not in fieldnames: '럭king_포인트'
2026-03-07 20:53:50,660 [E-W1] 📌 [240/240] [zodiac] 천칭자리×戊辰(무진)
2026-03-07 20:54:07,363 [E-W1]   🎉 성공 (✅229 ❌11)
2026-03-07 20:54:19,445 [E-W1] 🏁 워커 1 종료: ✅229 ❌11
2026-03-08 07:30:10,856 [E-W1] 🏁 워커 1 시작! 할당: 14개
2026-03-08 07:30:20,857 [E-W1] 🚀 크롬 초기화...
2026-03-08 07:30:31,462 [E-W1] 📌 [1/14] [tti] 말띠×丁亥(정해)
2026-03-08 07:30:48,273 [E-W1]   🎉 성공 (✅1 ❌0)
2026-03-08 07:30:58,247 [E-W1] 📌 [2/14] [tti] 호랑이띠×庚子(경자)
2026-03-08 07:31:14,954 [E-W1]   🎉 성공 (✅2 ❌0)
2026-03-08 07:31:24,005 [E-W1] 📌 [3/14] [zodiac] 양자리×甲寅(갑인)
2026-03-08 07:31:40,756 [E-W1]   🎉 성공 (✅3 ❌0)
2026-03-08 07:31:49,899 [E-W1] 📌 [4/14] [tti] 양띠×癸巳(계사)
2026-03-08 07:32:06,633 [E-W1]   🎉 성공 (✅4 ❌0)
2026-03-08 07:32:19,399 [E-W1] 📌 [5/14] [zodiac] 염소자리×癸巳(계사)
2026-03-08 07:32:36,114 [E-W1]   🎉 성공 (✅5 ❌0)
2026-03-08 07:32:45,979 [E-W1] 📌 [6/14] [zodiac] 사수자리×己未(기미)
2026-03-08 07:33:02,747 [E-W1]   ❌ 에러: dict contains fields not in fieldnames: '텐션_level'
2026-03-08 07:33:08,961 [E-W1] 📌 [7/14] [tti] 용띠×戊子(무자)
2026-03-08 07:33:25,669 [E-W1]   🎉 성공 (✅6 ❌1)
2026-03-08 07:33:39,120 [E-W1] 📌 [8/14] [tti] 뱀띠×丁酉(정유)
2026-03-08 07:33:55,809 [E-W1]   🎉 성공 (✅7 ❌1)
2026-03-08 07:34:05,101 [E-W1] 📌 [9/14] [zodiac] 물병자리×己酉(기유)
2026-03-08 07:34:21,871 [E-W1]   🎉 성공 (✅8 ❌1)
2026-03-08 07:34:35,171 [E-W1] 📌 [10/14] [zodiac] 전갈자리×庚戌(경술)
2026-03-08 07:34:55,954 [E-W1]   🎉 성공 (✅9 ❌1)
2026-03-08 07:35:07,268 [E-W1] 📌 [11/14] [tarot] 탑(reversed)
2026-03-08 07:35:23,952 [E-W1]   🎉 성공 (✅10 ❌1)
2026-03-08 07:35:39,578 [E-W1] 📌 [12/14] [zodiac] 물병자리×己丑(기축)
2026-03-08 07:35:56,262 [E-W1]   🎉 성공 (✅11 ❌1)
2026-03-08 07:36:05,275 [E-W1] 📌 [13/14] [zodiac] 쌍둥이자리×己巳(기사)
2026-03-08 07:36:21,966 [E-W1]   🎉 성공 (✅12 ❌1)
2026-03-08 07:36:32,714 [E-W1] 📌 [14/14] [zodiac] 전갈자리×庚辰(경진)
2026-03-08 07:36:49,412 [E-W1]   🎉 성공 (✅13 ❌1)
2026-03-08 07:37:03,584 [E-W1] 🏁 워커 1 종료: ✅13 ❌1
