2026-03-07 10:55:35,837 [E-W0] 🏁 워커 0 시작! 할당: 532개
2026-03-07 10:55:35,837 [E-W0] 🚀 크롬 초기화...
2026-03-07 10:55:46,729 [E-W0] 📌 [1/532] [tti] 개띠×丁酉(정유)
2026-03-07 10:56:03,503 [E-W0]   🎉 성공 (✅1 ❌0)
2026-03-07 10:56:18,270 [E-W0] 📌 [2/532] [tarot] 펜타클 10(reversed)
2026-03-07 10:56:35,051 [E-W0]   🎉 성공 (✅2 ❌0)
2026-03-07 10:56:47,034 [E-W0] 📌 [3/532] [zodiac] 양자리×丁酉(정유)
2026-03-07 10:57:03,749 [E-W0]   🎉 성공 (✅3 ❌0)
2026-03-07 10:57:12,580 [E-W0] 📌 [4/532] [tarot] 교황(upright)
2026-03-07 10:57:29,309 [E-W0]   🎉 성공 (✅4 ❌0)
2026-03-07 10:57:38,024 [E-W0] 📌 [5/532] [zodiac] 물병자리×戊申(무신)
2026-03-07 10:57:54,776 [E-W0]   🎉 성공 (✅5 ❌0)
2026-03-07 10:58:08,489 [E-W0] 📌 [6/532] [zodiac] 쌍둥이자리×乙亥(을해)
2026-03-07 10:58:25,269 [E-W0]   🎉 성공 (✅6 ❌0)
2026-03-07 10:58:35,998 [E-W0] 📌 [7/532] [zodiac] 양자리×己卯(기묘)
2026-03-07 10:58:52,725 [E-W0]   🎉 성공 (✅7 ❌0)
2026-03-07 10:59:06,301 [E-W0] 📌 [8/532] [zodiac] 양자리×癸丑(계축)
2026-03-07 10:59:23,043 [E-W0]   🎉 성공 (✅8 ❌0)
2026-03-07 10:59:36,185 [E-W0] 📌 [9/532] [zodiac] 사수자리×戊午(무오)
2026-03-07 10:59:57,038 [E-W0]   🎉 성공 (✅9 ❌0)
2026-03-07 11:00:08,956 [E-W0] 📌 [10/532] [zodiac] 물고기자리×己卯(기묘)
2026-03-07 11:00:25,646 [E-W0]   🎉 성공 (✅10 ❌0)
2026-03-07 11:00:40,148 [E-W0] 📌 [11/532] [tti] 소띠×丙子(병자)
2026-03-07 11:00:56,854 [E-W0]   🎉 성공 (✅11 ❌0)
2026-03-07 11:01:11,452 [E-W0] 📌 [12/532] [zodiac] 천칭자리×丁丑(정축)
2026-03-07 11:01:28,148 [E-W0]   ❌ 에러: dict contains fields not in fieldnames: '텐션_level'
2026-03-07 11:01:33,308 [E-W0] 📌 [13/532] [tti] 쥐띠×戊戌(무술)
2026-03-07 11:01:50,185 [E-W0]   🎉 성공 (✅12 ❌1)
2026-03-07 11:01:58,391 [E-W0] 📌 [14/532] [tti] 뱀띠×庚午(경오)
2026-03-07 11:02:15,131 [E-W0]   🎉 성공 (✅13 ❌1)
2026-03-07 11:02:24,616 [E-W0] 📌 [15/532] [zodiac] 천칭자리×辛巳(신사)
2026-03-07 11:02:41,340 [E-W0]   🎉 성공 (✅14 ❌1)
2026-03-07 11:02:49,918 [E-W0] 📌 [16/532] [tti] 호랑이띠×甲戌(갑술)
2026-03-07 11:03:06,682 [E-W0]   🎉 성공 (✅15 ❌1)
2026-03-07 11:03:19,873 [E-W0] 📌 [17/532] [tti] 원숭이띠×丁亥(정해)
2026-03-07 11:03:36,632 [E-W0]   ❌ 에러: dict contains fields not in fieldnames: '텐션_level'
2026-03-07 11:03:41,773 [E-W0] 📌 [18/532] [zodiac] 쌍둥이자리×己丑(기축)
2026-03-07 11:03:58,505 [E-W0]   🎉 성공 (✅16 ❌2)
2026-03-07 11:04:09,225 [E-W0] 📌 [19/532] [zodiac] 쌍둥이자리×壬子(임자)
2026-03-07 11:04:30,026 [E-W0]   🎉 성공 (✅17 ❌2)
2026-03-07 11:04:44,092 [E-W0] 📌 [20/532] [tti] 양띠×己丑(기축)
2026-03-07 11:05:00,796 [E-W0]   🎉 성공 (✅18 ❌2)
2026-03-07 11:05:12,975 [E-W0] 📌 [21/532] [tarot] 컵 7(reversed)
2026-03-07 11:05:29,688 [E-W0]   🎉 성공 (✅19 ❌2)
2026-03-07 11:05:42,793 [E-W0] 📌 [22/532] [zodiac] 전갈자리×丙申(병신)
2026-03-07 11:05:59,521 [E-W0]   🎉 성공 (✅20 ❌2)
2026-03-07 11:06:08,079 [E-W0] 📌 [23/532] [zodiac] 쌍둥이자리×甲子(갑자)
2026-03-07 11:06:24,839 [E-W0]   🎉 성공 (✅21 ❌2)
2026-03-07 11:06:37,019 [E-W0] 📌 [24/532] [tti] 개띠×丙申(병신)
2026-03-07 11:06:53,764 [E-W0]   🎉 성공 (✅22 ❌2)
2026-03-07 11:07:05,809 [E-W0] 📌 [25/532] [tti] 토끼띠×辛巳(신사)
2026-03-07 11:07:22,541 [E-W0]   🎉 성공 (✅23 ❌2)
2026-03-07 11:07:30,824 [E-W0] 📌 [26/532] [tti] 토끼띠×己酉(기유)
2026-03-07 11:07:47,559 [E-W0]   🎉 성공 (✅24 ❌2)
2026-03-07 11:08:02,021 [E-W0] 📌 [27/532] [zodiac] 사수자리×辛亥(신해)
2026-03-07 11:08:22,833 [E-W0]   🎉 성공 (✅25 ❌2)
2026-03-07 11:08:36,595 [E-W0] 📌 [28/532] [zodiac] 양자리×丙寅(병인)
2026-03-07 11:08:53,305 [E-W0]   🎉 성공 (✅26 ❌2)
2026-03-07 11:09:07,856 [E-W0] 📌 [29/532] [tti] 돼지띠×甲寅(갑인)
2026-03-07 11:09:24,544 [E-W0]   ❌ 에러: dict contains fields not in fieldnames: '텐션_level'
2026-03-07 11:09:29,707 [E-W0] 📌 [30/532] [tti] 쥐띠×壬午(임오)
2026-03-07 11:09:47,622 [E-W0]   🎉 성공 (✅27 ❌3)
2026-03-07 11:09:59,696 [E-W0] 📌 [31/532] [zodiac] 사수자리×乙巳(을사)
2026-03-07 11:10:16,385 [E-W0]   🎉 성공 (✅28 ❌3)
2026-03-07 11:10:26,090 [E-W0] 📌 [32/532] [zodiac] 사수자리×丁丑(정축)
2026-03-07 11:10:42,853 [E-W0]   🎉 성공 (✅29 ❌3)
2026-03-07 11:10:54,555 [E-W0] 📌 [33/532] [zodiac] 물병자리×辛丑(신축)
2026-03-07 11:11:11,255 [E-W0]   🎉 성공 (✅30 ❌3)
2026-03-07 11:11:21,200 [E-W0] 📌 [34/532] [tti] 개띠×壬子(임자)
2026-03-07 11:11:37,945 [E-W0]   🎉 성공 (✅31 ❌3)
2026-03-07 11:11:47,102 [E-W0] 📌 [35/532] [tti] 쥐띠×庚寅(경인)
2026-03-07 11:12:04,142 [E-W0]   🎉 성공 (✅32 ❌3)
2026-03-07 11:12:15,532 [E-W0] 📌 [36/532] [zodiac] 쌍둥이자리×壬戌(임술)
2026-03-07 11:12:36,378 [E-W0]   🎉 성공 (✅33 ❌3)
2026-03-07 11:12:44,669 [E-W0] 📌 [37/532] [tti] 뱀띠×癸亥(계해)
2026-03-07 11:13:01,420 [E-W0]   🎉 성공 (✅34 ❌3)
2026-03-07 11:13:12,342 [E-W0] 📌 [38/532] [zodiac] 처녀자리×癸卯(계묘)
2026-03-07 11:13:29,071 [E-W0]   🎉 성공 (✅35 ❌3)
2026-03-07 11:13:38,803 [E-W0] 📌 [39/532] [tti] 개띠×丁卯(정묘)
2026-03-07 11:13:55,531 [E-W0]   🎉 성공 (✅36 ❌3)
2026-03-07 11:14:04,534 [E-W0] 📌 [40/532] [tti] 호랑이띠×癸亥(계해)
2026-03-07 11:14:21,276 [E-W0]   🎉 성공 (✅37 ❌3)
2026-03-07 11:14:33,263 [E-W0] 📌 [41/532] [tti] 뱀띠×己酉(기유)
2026-03-07 11:14:50,009 [E-W0]   🎉 성공 (✅38 ❌3)
2026-03-07 11:15:03,592 [E-W0] 📌 [42/532] [zodiac] 전갈자리×戊戌(무술)
2026-03-07 11:15:20,370 [E-W0]   ❌ 에러: dict contains fields not in fieldnames: '텐션_level'
2026-03-07 11:15:26,124 [E-W0] 📌 [43/532] [tti] 돼지띠×甲辰(갑진)
2026-03-07 11:15:42,877 [E-W0]   🎉 성공 (✅39 ❌4)
2026-03-07 11:15:51,757 [E-W0] 📌 [44/532] [tarot] 힘(upright)
2026-03-07 11:16:08,550 [E-W0]   🎉 성공 (✅40 ❌4)
2026-03-07 11:16:18,517 [E-W0] 📌 [45/532] [zodiac] 사수자리×癸丑(계축)
2026-03-07 11:16:39,463 [E-W0]   🎉 성공 (✅41 ❌4)
2026-03-07 11:16:53,415 [E-W0] 📌 [46/532] [tarot] 심판(reversed)
2026-03-07 11:17:10,259 [E-W0]   🎉 성공 (✅42 ❌4)
2026-03-07 11:17:19,476 [E-W0] 📌 [47/532] [zodiac] 양자리×辛酉(신유)
2026-03-07 11:17:36,314 [E-W0]   🎉 성공 (✅43 ❌4)
2026-03-07 11:17:46,993 [E-W0] 📌 [48/532] [tarot] 소드 4(upright)
2026-03-07 11:18:03,744 [E-W0]   🎉 성공 (✅44 ❌4)
2026-03-07 11:18:16,007 [E-W0] 📌 [49/532] [tti] 소띠×丁卯(정묘)
2026-03-07 11:18:32,761 [E-W0]   🎉 성공 (✅45 ❌4)
2026-03-07 11:18:41,577 [E-W0] 📌 [50/532] [zodiac] 게자리×庚戌(경술)
2026-03-07 11:18:58,384 [E-W0]   🎉 성공 (✅46 ❌4)
2026-03-07 11:19:09,434 [E-W0] 📌 [51/532] [zodiac] 양자리×乙亥(을해)
2026-03-07 11:19:26,149 [E-W0]   🎉 성공 (✅47 ❌4)
2026-03-07 11:19:38,259 [E-W0] 📌 [52/532] [tti] 원숭이띠×辛巳(신사)
2026-03-07 11:19:54,989 [E-W0]   ❌ 에러: dict contains fields not in fieldnames: '텐션_level'
2026-03-07 11:20:00,363 [E-W0] 📌 [53/532] [tti] 개띠×壬辰(임진)
2026-03-07 11:20:17,082 [E-W0]   🎉 성공 (✅48 ❌5)
2026-03-07 11:20:25,524 [E-W0] 📌 [54/532] [tarot] 펜타클 6(reversed)
2026-03-07 11:20:46,292 [E-W0]   🎉 성공 (✅49 ❌5)
2026-03-07 11:20:54,856 [E-W0] 📌 [55/532] [tti] 토끼띠×癸亥(계해)
2026-03-07 11:21:11,543 [E-W0]   🎉 성공 (✅50 ❌5)
2026-03-07 11:21:26,414 [E-W0] 📌 [56/532] [zodiac] 전갈자리×己巳(기사)
2026-03-07 11:21:43,119 [E-W0]   🎉 성공 (✅51 ❌5)
2026-03-07 11:21:52,236 [E-W0] 📌 [57/532] [zodiac] 물고기자리×戊辰(무진)
2026-03-07 11:22:08,926 [E-W0]   🎉 성공 (✅52 ❌5)
2026-03-07 11:22:20,975 [E-W0] 📌 [58/532] [zodiac] 쌍둥이자리×辛卯(신묘)
2026-03-07 11:22:37,660 [E-W0]   🎉 성공 (✅53 ❌5)
2026-03-07 11:22:49,119 [E-W0] 📌 [59/532] [zodiac] 황소자리×丁丑(정축)
2026-03-07 11:23:05,805 [E-W0]   🎉 성공 (✅54 ❌5)
2026-03-07 11:23:20,500 [E-W0] 📌 [60/532] [zodiac] 양자리×乙酉(을유)
2026-03-07 11:23:37,171 [E-W0]   🎉 성공 (✅55 ❌5)
2026-03-07 11:23:47,285 [E-W0] 📌 [61/532] [zodiac] 물병자리×丁卯(정묘)
2026-03-07 11:24:03,961 [E-W0]   🎉 성공 (✅56 ❌5)
2026-03-07 11:24:17,580 [E-W0] 📌 [62/532] [tarot] 컵 5(reversed)
2026-03-07 11:24:38,376 [E-W0]   🎉 성공 (✅57 ❌5)
2026-03-07 11:24:49,912 [E-W0] 📌 [63/532] [tarot] 컵 8(reversed)
2026-03-07 11:25:06,613 [E-W0]   🎉 성공 (✅58 ❌5)
2026-03-07 11:25:17,235 [E-W0] 📌 [64/532] [zodiac] 전갈자리×庚子(경자)
2026-03-07 11:25:33,914 [E-W0]   🎉 성공 (✅59 ❌5)
2026-03-07 11:25:47,227 [E-W0] 📌 [65/532] [zodiac] 쌍둥이자리×乙未(을미)
2026-03-07 11:26:04,623 [E-W0]   ❌ 에러: dict contains fields not in fieldnames: '텐션_level'
2026-03-07 11:26:09,958 [E-W0] 📌 [66/532] [zodiac] 전갈자리×甲戌(갑술)
2026-03-07 11:26:26,694 [E-W0]   🎉 성공 (✅60 ❌6)
2026-03-07 11:26:41,171 [E-W0] 📌 [67/532] [zodiac] 양자리×乙未(을미)
2026-03-07 11:26:57,892 [E-W0]   🎉 성공 (✅61 ❌6)
2026-03-07 11:27:07,435 [E-W0] 📌 [68/532] [zodiac] 처녀자리×乙巳(을사)
2026-03-07 11:27:24,140 [E-W0]   🎉 성공 (✅62 ❌6)
2026-03-07 11:27:38,524 [E-W0] 📌 [69/532] [zodiac] 게자리×戊子(무자)
2026-03-07 11:27:55,221 [E-W0]   🎉 성공 (✅63 ❌6)
2026-03-07 11:28:07,910 [E-W0] 📌 [70/532] [tti] 개띠×壬寅(임인)
2026-03-07 11:28:24,656 [E-W0]   🎉 성공 (✅64 ❌6)
2026-03-07 11:28:35,651 [E-W0] 📌 [71/532] [tti] 쥐띠×戊申(무신)
2026-03-07 11:30:46,148 [E-W0]   ❌ 파싱실패
2026-03-07 11:30:55,042 [E-W0] 📌 [72/532] [zodiac] 물병자리×甲寅(갑인)
2026-03-07 11:33:05,177 [E-W0]   ❌ 파싱실패
2026-03-07 11:33:15,615 [E-W0] 📌 [73/532] [tti] 원숭이띠×丁卯(정묘)
2026-03-07 11:35:25,691 [E-W0]   ❌ 파싱실패
2026-03-07 11:35:35,661 [E-W0] 📌 [74/532] [zodiac] 양자리×庚戌(경술)
2026-03-07 11:37:45,730 [E-W0]   ❌ 파싱실패
2026-03-07 11:37:58,519 [E-W0] 📌 [75/532] [tti] 소띠×庚午(경오)
2026-03-07 11:40:08,552 [E-W0]   ❌ 파싱실패
2026-03-07 11:40:19,341 [E-W0] 📌 [76/532] [tti] 호랑이띠×癸酉(계유)
2026-03-07 11:42:29,469 [E-W0]   ❌ 파싱실패
2026-03-07 11:42:37,724 [E-W0] 📌 [77/532] [zodiac] 게자리×己酉(기유)
2026-03-07 11:44:47,786 [E-W0]   ❌ 파싱실패
2026-03-07 11:44:56,741 [E-W0] 📌 [78/532] [tarot] 펜타클 8(upright)
2026-03-07 11:47:06,781 [E-W0]   ❌ 파싱실패
2026-03-07 11:47:21,088 [E-W0] 📌 [79/532] [zodiac] 물병자리×戊子(무자)
2026-03-07 11:49:31,128 [E-W0]   ❌ 파싱실패
2026-03-07 11:49:40,762 [E-W0] 📌 [80/532] [zodiac] 전갈자리×辛巳(신사)
2026-03-07 11:51:50,833 [E-W0]   ❌ 파싱실패
2026-03-07 11:51:59,624 [E-W0] 📌 [81/532] [tti] 말띠×辛酉(신유)
2026-03-07 11:54:09,723 [E-W0]   ❌ 파싱실패
2026-03-07 11:54:21,141 [E-W0] 📌 [82/532] [zodiac] 물병자리×癸酉(계유)
2026-03-07 11:56:31,248 [E-W0]   ❌ 파싱실패
2026-03-07 11:56:43,231 [E-W0] 📌 [83/532] [tti] 양띠×癸卯(계묘)
2026-03-07 11:58:53,298 [E-W0]   ❌ 파싱실패
2026-03-07 11:59:03,121 [E-W0] 📌 [84/532] [tarot] 별(reversed)
2026-03-07 12:01:13,146 [E-W0]   ❌ 파싱실패
2026-03-07 12:01:27,101 [E-W0] 📌 [85/532] [tti] 개띠×壬午(임오)
2026-03-07 12:03:37,285 [E-W0]   🎉 성공 (✅65 ❌20)
2026-03-07 12:03:46,134 [E-W0] 📌 [86/532] [zodiac] 사수자리×甲申(갑신)
2026-03-07 12:04:02,864 [E-W0]   🎉 성공 (✅66 ❌20)
2026-03-07 12:04:13,264 [E-W0] 📌 [87/532] [zodiac] 황소자리×癸巳(계사)
2026-03-07 12:04:29,962 [E-W0]   🎉 성공 (✅67 ❌20)
2026-03-07 12:04:58,933 [E-W0] 🏁 워커 0 시작! 할당: 470개
2026-03-07 12:04:58,933 [E-W0] 🚀 크롬 초기화...
2026-03-07 12:05:09,609 [E-W0] 📌 [1/470] [zodiac] 사자자리×己酉(기유)
2026-03-07 12:07:16,987 [E-W0]   ❌ 파싱실패
2026-03-07 12:07:29,768 [E-W0] 📌 [2/470] [tti] 양띠×丙午(병오)
2026-03-07 12:09:35,981 [E-W0]   ❌ 파싱실패
2026-03-07 12:09:44,663 [E-W0] 📌 [3/470] [zodiac] 황소자리×甲寅(갑인)
2026-03-07 12:11:50,681 [E-W0]   ❌ 파싱실패
2026-03-07 12:12:00,331 [E-W0] 📌 [4/470] [zodiac] 사자자리×己丑(기축)
2026-03-07 12:14:06,543 [E-W0]   ❌ 파싱실패
2026-03-07 12:14:21,252 [E-W0] 📌 [5/470] [tti] 말띠×丁亥(정해)
2026-03-07 12:16:27,482 [E-W0]   ❌ 파싱실패
2026-03-07 12:16:41,623 [E-W0] 📌 [6/470] [zodiac] 사자자리×甲午(갑오)
2026-03-07 12:18:47,883 [E-W0]   ❌ 파싱실패
2026-03-07 12:19:00,454 [E-W0] 📌 [7/470] [tti] 돼지띠×乙亥(을해)
2026-03-07 12:21:06,597 [E-W0]   ❌ 파싱실패
2026-03-07 12:21:16,384 [E-W0] 📌 [8/470] [tti] 개띠×丁丑(정축)
2026-03-07 12:23:22,747 [E-W0]   ❌ 파싱실패
2026-03-07 12:23:30,812 [E-W0] 📌 [9/470] [tarot] 소드 기사(reversed)
2026-03-07 12:25:36,909 [E-W0]   ❌ 파싱실패
2026-03-07 12:25:46,208 [E-W0] 📌 [10/470] [tti] 개띠×癸卯(계묘)
2026-03-07 12:27:52,060 [E-W0]   ❌ 파싱실패
2026-03-07 12:28:00,833 [E-W0] 📌 [11/470] [zodiac] 양자리×庚午(경오)
2026-03-07 12:30:06,699 [E-W0]   ❌ 파싱실패
2026-03-07 12:30:14,945 [E-W0] 📌 [12/470] [zodiac] 물고기자리×己酉(기유)
2026-03-07 12:32:20,766 [E-W0]   ❌ 파싱실패
2026-03-07 12:32:35,167 [E-W0] 📌 [13/470] [zodiac] 염소자리×乙酉(을유)
2026-03-07 12:34:41,001 [E-W0]   ❌ 파싱실패
2026-03-07 12:34:53,624 [E-W0] 📌 [14/470] [zodiac] 양자리×乙卯(을묘)
2026-03-07 12:36:59,442 [E-W0]   ❌ 파싱실패
2026-03-07 12:37:13,745 [E-W0] 📌 [15/470] [tarot] 컵 7(upright)
2026-03-07 12:39:19,593 [E-W0]   ❌ 파싱실패
2026-03-07 12:39:32,747 [E-W0] 📌 [16/470] [zodiac] 염소자리×辛丑(신축)
2026-03-07 12:41:38,583 [E-W0]   ❌ 파싱실패
2026-03-07 12:41:52,688 [E-W0] 📌 [17/470] [zodiac] 처녀자리×己巳(기사)
2026-03-07 12:43:58,509 [E-W0]   ❌ 파싱실패
2026-03-07 12:44:12,354 [E-W0] 📌 [18/470] [tti] 양띠×壬寅(임인)
2026-03-07 12:46:18,155 [E-W0]   ❌ 파싱실패
2026-03-07 12:46:28,330 [E-W0] 📌 [19/470] [tti] 뱀띠×庚寅(경인)
2026-03-07 12:48:34,166 [E-W0]   ❌ 파싱실패
2026-03-07 12:48:44,296 [E-W0] 📌 [20/470] [tarot] 완드 7(reversed)
2026-03-07 12:50:50,138 [E-W0]   ❌ 파싱실패
2026-03-07 12:50:59,853 [E-W0] 📌 [21/470] [tti] 소띠×癸亥(계해)
2026-03-07 12:53:05,664 [E-W0]   ❌ 파싱실패
2026-03-07 12:53:14,877 [E-W0] 📌 [22/470] [tti] 돼지띠×丙辰(병진)
2026-03-07 12:55:20,716 [E-W0]   ❌ 파싱실패
2026-03-07 12:55:30,548 [E-W0] 📌 [23/470] [tti] 닭띠×戊午(무오)
2026-03-07 12:57:36,360 [E-W0]   ❌ 파싱실패
2026-03-07 12:57:49,645 [E-W0] 📌 [24/470] [tti] 돼지띠×丁未(정미)
2026-03-07 12:59:56,425 [E-W0]   ❌ 파싱실패
2026-03-07 13:00:05,234 [E-W0] 📌 [25/470] [zodiac] 사수자리×庚午(경오)
2026-03-07 13:03:33,783 [E-W0] 🏁 워커 0 시작! 할당: 470개
2026-03-07 13:03:33,784 [E-W0] 🚀 크롬 초기화...
2026-03-07 13:03:44,360 [E-W0] 📌 [1/470] [tti] 원숭이띠×壬辰(임진)
2026-03-07 13:04:01,140 [E-W0]   🎉 성공 (✅1 ❌0)
2026-03-07 13:04:12,007 [E-W0] 📌 [2/470] [tti] 쥐띠×壬申(임신)
2026-03-07 13:04:28,710 [E-W0]   🎉 성공 (✅2 ❌0)
2026-03-07 13:04:37,147 [E-W0] 📌 [3/470] [zodiac] 게자리×壬午(임오)
2026-03-07 13:04:53,821 [E-W0]   ❌ 에러: dict contains fields not in fieldnames: '텐션_level'
2026-03-07 13:04:59,578 [E-W0] 📌 [4/470] [zodiac] 사자자리×己巳(기사)
2026-03-07 13:05:16,307 [E-W0]   🎉 성공 (✅3 ❌1)
2026-03-07 13:05:30,045 [E-W0] 📌 [5/470] [tarot] 펜타클 9(reversed)
2026-03-07 13:05:46,746 [E-W0]   🎉 성공 (✅4 ❌1)
2026-03-07 13:05:54,809 [E-W0] 📌 [6/470] [zodiac] 천칭자리×癸丑(계축)
2026-03-07 13:06:11,537 [E-W0]   🎉 성공 (✅5 ❌1)
2026-03-07 13:06:23,715 [E-W0] 📌 [7/470] [tarot] 별(reversed)
2026-03-07 13:06:40,523 [E-W0]   🎉 성공 (✅6 ❌1)
2026-03-07 13:06:51,456 [E-W0] 📌 [8/470] [zodiac] 양자리×戊申(무신)
2026-03-07 13:07:08,156 [E-W0]   🎉 성공 (✅7 ❌1)
2026-03-07 13:07:20,536 [E-W0] 📌 [9/470] [tti] 말띠×壬申(임신)
2026-03-07 13:07:37,294 [E-W0]   🎉 성공 (✅8 ❌1)
2026-03-07 13:07:51,820 [E-W0] 📌 [10/470] [zodiac] 쌍둥이자리×丙辰(병진)
2026-03-07 13:08:12,664 [E-W0]   🎉 성공 (✅9 ❌1)
2026-03-07 13:08:26,805 [E-W0] 📌 [11/470] [zodiac] 황소자리×辛丑(신축)
2026-03-07 13:08:43,502 [E-W0]   🎉 성공 (✅10 ❌1)
2026-03-07 13:08:55,316 [E-W0] 📌 [12/470] [zodiac] 전갈자리×癸丑(계축)
2026-03-07 13:09:12,013 [E-W0]   ❌ 에러: dict contains fields not in fieldnames: '텐션_level'
2026-03-07 13:09:17,322 [E-W0] 📌 [13/470] [tti] 뱀띠×辛巳(신사)
2026-03-07 13:09:34,094 [E-W0]   🎉 성공 (✅11 ❌2)
2026-03-07 13:09:44,178 [E-W0] 📌 [14/470] [tti] 말띠×壬午(임오)
2026-03-07 13:10:00,904 [E-W0]   🎉 성공 (✅12 ❌2)
2026-03-07 13:10:12,626 [E-W0] 📌 [15/470] [tti] 소띠×癸巳(계사)
2026-03-07 13:10:29,353 [E-W0]   🎉 성공 (✅13 ❌2)
2026-03-07 13:10:39,073 [E-W0] 📌 [16/470] [tarot] 컵 6(upright)
2026-03-07 13:10:55,781 [E-W0]   🎉 성공 (✅14 ❌2)
2026-03-07 13:11:07,559 [E-W0] 📌 [17/470] [tti] 용띠×甲午(갑오)
2026-03-07 13:11:24,260 [E-W0]   🎉 성공 (✅15 ❌2)
2026-03-07 13:11:35,718 [E-W0] 📌 [18/470] [tti] 호랑이띠×丙午(병오)
2026-03-07 13:11:52,440 [E-W0]   🎉 성공 (✅16 ❌2)
2026-03-07 13:12:02,014 [E-W0] 📌 [19/470] [zodiac] 처녀자리×戊午(무오)
2026-03-07 13:12:22,969 [E-W0]   🎉 성공 (✅17 ❌2)
2026-03-07 13:12:35,665 [E-W0] 📌 [20/470] [zodiac] 물고기자리×辛丑(신축)
2026-03-07 13:12:52,380 [E-W0]   🎉 성공 (✅18 ❌2)
2026-03-07 13:13:06,189 [E-W0] 📌 [21/470] [zodiac] 처녀자리×丁未(정미)
2026-03-07 13:13:22,888 [E-W0]   🎉 성공 (✅19 ❌2)
2026-03-07 13:13:35,553 [E-W0] 📌 [22/470] [tti] 양띠×戊寅(무인)
2026-03-07 13:13:52,261 [E-W0]   ❌ 에러: dict contains fields not in fieldnames: '텐션_level'
2026-03-07 13:13:57,624 [E-W0] 📌 [23/470] [tti] 돼지띠×壬戌(임술)
2026-03-07 13:14:14,809 [E-W0]   🎉 성공 (✅20 ❌3)
2026-03-07 13:14:25,959 [E-W0] 📌 [24/470] [zodiac] 사자자리×庚午(경오)
2026-03-07 13:14:42,666 [E-W0]   🎉 성공 (✅21 ❌3)
2026-03-07 13:14:55,890 [E-W0] 📌 [25/470] [tarot] 여사제(reversed)
2026-03-07 13:15:12,617 [E-W0]   🎉 성공 (✅22 ❌3)
2026-03-07 13:15:26,397 [E-W0] 📌 [26/470] [zodiac] 쌍둥이자리×丁卯(정묘)
2026-03-07 13:15:43,122 [E-W0]   🎉 성공 (✅23 ❌3)
2026-03-07 13:15:52,394 [E-W0] 📌 [27/470] [zodiac] 사자자리×甲戌(갑술)
2026-03-07 13:16:09,129 [E-W0]   🎉 성공 (✅24 ❌3)
2026-03-07 13:16:22,056 [E-W0] 📌 [28/470] [zodiac] 전갈자리×丁巳(정사)
2026-03-07 13:16:42,934 [E-W0]   🎉 성공 (✅25 ❌3)
2026-03-07 13:16:53,332 [E-W0] 📌 [29/470] [zodiac] 쌍둥이자리×甲午(갑오)
2026-03-07 13:17:10,091 [E-W0]   🎉 성공 (✅26 ❌3)
2026-03-07 13:17:23,764 [E-W0] 📌 [30/470] [tti] 양띠×乙丑(을축)
2026-03-07 13:19:29,713 [E-W0]   ❌ 파싱실패
2026-03-07 13:19:43,214 [E-W0] 📌 [31/470] [tti] 토끼띠×壬子(임자)
2026-03-07 13:21:49,151 [E-W0]   ❌ 파싱실패
2026-03-07 13:22:02,675 [E-W0] 📌 [32/470] [tti] 닭띠×丙辰(병진)
2026-03-07 13:24:08,494 [E-W0]   ❌ 파싱실패
2026-03-07 13:24:18,625 [E-W0] 📌 [33/470] [zodiac] 양자리×乙巳(을사)
2026-03-07 13:26:24,436 [E-W0]   ❌ 파싱실패
2026-03-07 13:26:34,456 [E-W0] 📌 [34/470] [zodiac] 황소자리×己巳(기사)
2026-03-07 13:28:40,290 [E-W0]   ❌ 파싱실패
2026-03-07 13:28:54,316 [E-W0] 📌 [35/470] [zodiac] 처녀자리×己未(기미)
2026-03-07 13:31:00,107 [E-W0]   ❌ 파싱실패
2026-03-07 13:31:13,623 [E-W0] 📌 [36/470] [zodiac] 황소자리×己亥(기해)
2026-03-07 13:33:19,440 [E-W0]   ❌ 파싱실패
2026-03-07 13:33:31,121 [E-W0] 📌 [37/470] [tti] 소띠×乙亥(을해)
2026-03-07 13:35:36,956 [E-W0]   ❌ 파싱실패
2026-03-07 13:35:48,985 [E-W0] 📌 [38/470] [tti] 닭띠×乙亥(을해)
2026-03-07 13:37:54,797 [E-W0]   ❌ 파싱실패
2026-03-07 13:38:03,330 [E-W0] 📌 [39/470] [zodiac] 사수자리×甲午(갑오)
2026-03-07 13:40:09,186 [E-W0]   ❌ 파싱실패
2026-03-07 13:40:21,376 [E-W0] 📌 [40/470] [tti] 소띠×壬戌(임술)
2026-03-07 13:42:27,245 [E-W0]   ❌ 파싱실패
2026-03-07 13:42:42,001 [E-W0] 📌 [41/470] [tarot] 태양(reversed)
2026-03-07 13:44:47,836 [E-W0]   ❌ 파싱실패
2026-03-07 13:45:00,082 [E-W0] 📌 [42/470] [tti] 말띠×丁酉(정유)
2026-03-07 13:47:05,920 [E-W0]   ❌ 파싱실패
2026-03-07 13:47:16,931 [E-W0] 📌 [43/470] [tarot] 매달린사람(reversed)
2026-03-07 13:48:58,738 [E-W0]   ❌ 에러: dict contains fields not in fieldnames: '운세_텍스트', 'iljin', 'animal', '오늘의_한줄', '텐션_레벨', '럭키_포인트'
2026-03-07 13:49:04,744 [E-W0] 📌 [44/470] [zodiac] 양자리×己未(기미)
2026-03-07 13:49:21,491 [E-W0]   🎉 성공 (✅27 ❌17)
2026-03-07 13:49:35,817 [E-W0] 📌 [45/470] [zodiac] 황소자리×癸未(계미)
2026-03-07 13:49:52,505 [E-W0]   🎉 성공 (✅28 ❌17)
2026-03-07 13:50:06,313 [E-W0] 📌 [46/470] [zodiac] 물고기자리×癸未(계미)
2026-03-07 13:50:22,994 [E-W0]   🎉 성공 (✅29 ❌17)
2026-03-07 13:50:34,595 [E-W0] 📌 [47/470] [zodiac] 염소자리×丁卯(정묘)
2026-03-07 13:50:51,281 [E-W0]   🎉 성공 (✅30 ❌17)
2026-03-07 13:51:03,575 [E-W0] 📌 [48/470] [tti] 호랑이띠×乙未(을미)
2026-03-07 13:51:23,326 [E-W0]   ❌ 에러: dict contains fields not in fieldnames: '텐션_level'
2026-03-07 13:51:28,851 [E-W0] 📌 [49/470] [zodiac] 천칭자리×癸酉(계유)
2026-03-07 13:51:45,845 [E-W0]   🎉 성공 (✅31 ❌18)
2026-03-07 13:51:56,093 [E-W0] 📌 [50/470] [zodiac] 황소자리×壬辰(임진)
2026-03-07 13:52:12,772 [E-W0]   🎉 성공 (✅32 ❌18)
2026-03-07 13:52:25,519 [E-W0] 📌 [51/470] [tarot] 완드 7(upright)
2026-03-07 13:52:46,317 [E-W0]   🎉 성공 (✅33 ❌18)
2026-03-07 13:53:00,823 [E-W0] 📌 [52/470] [zodiac] 양자리×庚戌(경술)
2026-03-07 13:53:20,519 [E-W0]   🎉 성공 (✅34 ❌18)
2026-03-07 13:53:31,896 [E-W0] 📌 [53/470] [tti] 닭띠×壬申(임신)
2026-03-07 13:53:48,589 [E-W0]   🎉 성공 (✅35 ❌18)
2026-03-07 13:53:56,830 [E-W0] 📌 [54/470] [zodiac] 전갈자리×甲辰(갑진)
2026-03-07 13:54:13,532 [E-W0]   ❌ 에러: dict contains fields not in fieldnames: '텐션_level'
2026-03-07 13:54:18,849 [E-W0] 📌 [55/470] [tti] 말띠×庚申(경신)
2026-03-07 13:56:24,795 [E-W0]   ❌ 파싱실패
2026-03-07 13:56:35,796 [E-W0] 📌 [56/470] [zodiac] 물고기자리×戊寅(무인)
2026-03-07 13:58:41,662 [E-W0]   ❌ 파싱실패
2026-03-07 13:58:53,210 [E-W0] 📌 [57/470] [zodiac] 황소자리×乙亥(을해)
2026-03-07 14:00:59,261 [E-W0]   ❌ 파싱실패
2026-03-07 14:01:10,016 [E-W0] 📌 [58/470] [zodiac] 쌍둥이자리×己卯(기묘)
2026-03-07 14:03:15,843 [E-W0]   ❌ 파싱실패
2026-03-07 14:03:26,105 [E-W0] 📌 [59/470] [zodiac] 전갈자리×辛未(신미)
2026-03-07 14:05:31,911 [E-W0]   ❌ 파싱실패
2026-03-07 14:05:41,486 [E-W0] 📌 [60/470] [zodiac] 양자리×癸巳(계사)
2026-03-07 14:07:47,304 [E-W0]   ❌ 파싱실패
2026-03-07 14:07:55,835 [E-W0] 📌 [61/470] [zodiac] 처녀자리×戊戌(무술)
2026-03-07 14:10:01,699 [E-W0]   ❌ 파싱실패
2026-03-07 14:10:10,479 [E-W0] 📌 [62/470] [tti] 뱀띠×辛卯(신묘)
2026-03-07 14:12:16,307 [E-W0]   ❌ 파싱실패
2026-03-07 14:12:27,111 [E-W0] 📌 [63/470] [zodiac] 전갈자리×乙酉(을유)
2026-03-07 14:12:43,783 [E-W0]   ❌ 에러: dict contains fields not in fieldnames: 'animal'
2026-03-07 14:12:49,682 [E-W0] 📌 [64/470] [tti] 토끼띠×丁未(정미)
2026-03-07 14:13:06,453 [E-W0]   🎉 성공 (✅36 ❌28)
2026-03-07 14:13:20,603 [E-W0] 📌 [65/470] [tti] 돼지띠×癸亥(계해)
2026-03-07 14:13:37,294 [E-W0]   🎉 성공 (✅37 ❌28)
2026-03-07 14:13:46,449 [E-W0] 📌 [66/470] [zodiac] 전갈자리×己卯(기묘)
2026-03-07 14:14:03,217 [E-W0]   🎉 성공 (✅38 ❌28)
2026-03-07 14:14:11,584 [E-W0] 📌 [67/470] [tti] 용띠×丁丑(정축)
2026-03-07 14:14:28,276 [E-W0]   🎉 성공 (✅39 ❌28)
2026-03-07 14:14:37,222 [E-W0] 📌 [68/470] [tti] 말띠×丙午(병오)
2026-03-07 14:14:53,895 [E-W0]   🎉 성공 (✅40 ❌28)
2026-03-07 14:15:02,892 [E-W0] 📌 [69/470] [zodiac] 염소자리×丙午(병오)
2026-03-07 14:15:23,696 [E-W0]   🎉 성공 (✅41 ❌28)
2026-03-07 14:15:36,753 [E-W0] 📌 [70/470] [tti] 말띠×戊戌(무술)
2026-03-07 14:15:53,438 [E-W0]   🎉 성공 (✅42 ❌28)
2026-03-07 14:16:07,614 [E-W0] 📌 [71/470] [zodiac] 쌍둥이자리×己亥(기해)
2026-03-07 14:16:24,348 [E-W0]   🎉 성공 (✅43 ❌28)
2026-03-07 14:16:38,067 [E-W0] 📌 [72/470] [zodiac] 천칭자리×辛未(신미)
2026-03-07 14:16:54,738 [E-W0]   🎉 성공 (✅44 ❌28)
2026-03-07 14:17:05,454 [E-W0] 📌 [73/470] [zodiac] 전갈자리×壬申(임신)
2026-03-07 14:17:22,127 [E-W0]   🎉 성공 (✅45 ❌28)
2026-03-07 14:17:36,003 [E-W0] 📌 [74/470] [tarot] 완드 에이스(reversed)
2026-03-07 14:17:52,706 [E-W0]   🎉 성공 (✅46 ❌28)
2026-03-07 14:18:02,561 [E-W0] 📌 [75/470] [tti] 원숭이띠×己丑(기축)
2026-03-07 14:18:19,258 [E-W0]   🎉 성공 (✅47 ❌28)
2026-03-07 14:18:29,231 [E-W0] 📌 [76/470] [tti] 원숭이띠×壬戌(임술)
2026-03-07 14:18:45,988 [E-W0]   🎉 성공 (✅48 ❌28)
2026-03-07 14:18:54,268 [E-W0] 📌 [77/470] [zodiac] 물병자리×己未(기미)
2026-03-07 14:19:15,045 [E-W0]   🎉 성공 (✅49 ❌28)
2026-03-07 14:19:27,742 [E-W0] 📌 [78/470] [tti] 쥐띠×庚子(경자)
2026-03-07 14:19:44,432 [E-W0]   🎉 성공 (✅50 ❌28)
2026-03-07 14:19:57,809 [E-W0] 📌 [79/470] [zodiac] 물고기자리×戊申(무신)
2026-03-07 14:20:14,507 [E-W0]   🎉 성공 (✅51 ❌28)
2026-03-07 14:20:23,875 [E-W0] 📌 [80/470] [zodiac] 사수자리×己酉(기유)
2026-03-07 14:20:40,622 [E-W0]   🎉 성공 (✅52 ❌28)
2026-03-07 14:20:51,711 [E-W0] 📌 [81/470] [tti] 쥐띠×乙巳(을사)
2026-03-07 14:21:08,429 [E-W0]   🎉 성공 (✅53 ❌28)
2026-03-07 14:21:21,093 [E-W0] 📌 [82/470] [zodiac] 게자리×庚申(경신)
2026-03-07 14:21:37,837 [E-W0]   🎉 성공 (✅54 ❌28)
2026-03-07 14:21:52,142 [E-W0] 📌 [83/470] [tarot] 황제(upright)
2026-03-07 14:22:08,898 [E-W0]   🎉 성공 (✅55 ❌28)
2026-03-07 14:22:19,711 [E-W0] 📌 [84/470] [tti] 용띠×辛未(신미)
2026-03-07 14:22:36,514 [E-W0]   🎉 성공 (✅56 ❌28)
2026-03-07 14:22:48,158 [E-W0] 📌 [85/470] [zodiac] 사자자리×丁亥(정해)
2026-03-07 14:23:09,005 [E-W0]   🎉 성공 (✅57 ❌28)
2026-03-07 14:23:19,119 [E-W0] 📌 [86/470] [tti] 소띠×丙寅(병인)
2026-03-07 14:23:36,129 [E-W0]   🎉 성공 (✅58 ❌28)
2026-03-07 14:23:49,751 [E-W0] 📌 [87/470] [zodiac] 천칭자리×丙戌(병술)
2026-03-07 14:25:55,858 [E-W0]   ❌ 파싱실패
2026-03-07 14:26:04,507 [E-W0] 📌 [88/470] [tti] 양띠×辛亥(신해)
2026-03-07 14:28:10,568 [E-W0]   ❌ 파싱실패
2026-03-07 14:28:23,803 [E-W0] 📌 [89/470] [zodiac] 사수자리×壬戌(임술)
2026-03-07 14:29:06,232 [E-W0]   🎉 성공 (✅59 ❌30)
2026-03-07 14:29:20,370 [E-W0] 📌 [90/470] [zodiac] 천칭자리×甲子(갑자)
2026-03-07 14:29:37,026 [E-W0]   🎉 성공 (✅60 ❌30)
2026-03-07 14:29:49,020 [E-W0] 📌 [91/470] [tti] 용띠×丙辰(병진)
2026-03-07 14:30:05,675 [E-W0]   ❌ 에러: dict contains fields not in fieldnames: 'sign'
2026-03-07 14:30:11,700 [E-W0] 📌 [92/470] [zodiac] 사자자리×乙亥(을해)
2026-03-07 14:30:28,474 [E-W0]   🎉 성공 (✅61 ❌31)
2026-03-07 14:30:41,323 [E-W0] 📌 [93/470] [tti] 돼지띠×甲戌(갑술)
2026-03-07 14:30:58,036 [E-W0]   🎉 성공 (✅62 ❌31)
2026-03-07 14:31:07,477 [E-W0] 📌 [94/470] [tti] 양띠×丁巳(정사)
2026-03-07 14:31:24,186 [E-W0]   🎉 성공 (✅63 ❌31)
2026-03-07 14:31:32,541 [E-W0] 📌 [95/470] [tarot] 컵 4(upright)
2026-03-07 14:31:49,275 [E-W0]   🎉 성공 (✅64 ❌31)
2026-03-07 14:31:58,217 [E-W0] 📌 [96/470] [zodiac] 사수자리×丙申(병신)
2026-03-07 14:32:19,060 [E-W0]   🎉 성공 (✅65 ❌31)
2026-03-07 14:32:30,640 [E-W0] 📌 [97/470] [tti] 토끼띠×戊寅(무인)
2026-03-07 14:32:47,340 [E-W0]   🎉 성공 (✅66 ❌31)
2026-03-07 14:32:59,326 [E-W0] 📌 [98/470] [zodiac] 물고기자리×癸亥(계해)
2026-03-07 14:33:16,061 [E-W0]   🎉 성공 (✅67 ❌31)
2026-03-07 14:33:28,098 [E-W0] 📌 [99/470] [tti] 뱀띠×戊辰(무진)
2026-03-07 14:33:44,827 [E-W0]   🎉 성공 (✅68 ❌31)
2026-03-07 14:33:57,627 [E-W0] 📌 [100/470] [tarot] 탑(upright)
2026-03-07 14:34:14,369 [E-W0]   🎉 성공 (✅69 ❌31)
2026-03-07 14:34:28,960 [E-W0] 📌 [101/470] [tti] 용띠×甲申(갑신)
2026-03-07 14:34:45,663 [E-W0]   🎉 성공 (✅70 ❌31)
2026-03-07 14:34:53,732 [E-W0] 📌 [102/470] [tti] 돼지띠×庚寅(경인)
2026-03-07 14:35:10,446 [E-W0]   🎉 성공 (✅71 ❌31)
2026-03-07 14:35:21,746 [E-W0] 📌 [103/470] [tti] 돼지띠×庚子(경자)
2026-03-07 14:35:38,470 [E-W0]   🎉 성공 (✅72 ❌31)
2026-03-07 14:35:49,337 [E-W0] 📌 [104/470] [zodiac] 사수자리×己卯(기묘)
2026-03-07 14:36:13,188 [E-W0]   🎉 성공 (✅73 ❌31)
2026-03-07 14:36:25,392 [E-W0] 📌 [105/470] [zodiac] 사자자리×壬戌(임술)
2026-03-07 14:36:42,053 [E-W0]   🎉 성공 (✅74 ❌31)
2026-03-07 14:36:56,503 [E-W0] 📌 [106/470] [tti] 닭띠×丁未(정미)
2026-03-07 14:37:13,194 [E-W0]   ❌ 에러: dict contains fields not in fieldnames: '텐션_level'
2026-03-07 14:37:18,688 [E-W0] 📌 [107/470] [zodiac] 물병자리×甲辰(갑진)
2026-03-07 14:37:35,425 [E-W0]   🎉 성공 (✅75 ❌32)
2026-03-07 14:37:50,100 [E-W0] 📌 [108/470] [tti] 쥐띠×甲申(갑신)
2026-03-07 14:38:06,828 [E-W0]   🎉 성공 (✅76 ❌32)
2026-03-07 14:38:17,600 [E-W0] 📌 [109/470] [tarot] 펜타클 9(upright)
2026-03-07 14:38:34,333 [E-W0]   🎉 성공 (✅77 ❌32)
2026-03-07 14:38:45,840 [E-W0] 📌 [110/470] [zodiac] 처녀자리×壬申(임신)
2026-03-07 14:39:02,581 [E-W0]   🎉 성공 (✅78 ❌32)
2026-03-07 14:39:14,454 [E-W0] 📌 [111/470] [zodiac] 전갈자리×甲午(갑오)
2026-03-07 14:39:31,187 [E-W0]   ❌ 에러: dict contains fields not in fieldnames: '텐션_level'
2026-03-07 14:39:36,536 [E-W0] 📌 [112/470] [zodiac] 게자리×壬戌(임술)
2026-03-07 14:39:53,335 [E-W0]   🎉 성공 (✅79 ❌33)
2026-03-07 14:40:01,674 [E-W0] 📌 [113/470] [tti] 뱀띠×辛酉(신유)
2026-03-07 14:40:18,349 [E-W0]   🎉 성공 (✅80 ❌33)
2026-03-07 14:40:31,227 [E-W0] 📌 [114/470] [tti] 뱀띠×乙卯(을묘)
2026-03-07 14:40:52,039 [E-W0]   🎉 성공 (✅81 ❌33)
2026-03-07 14:41:01,390 [E-W0] 📌 [115/470] [zodiac] 염소자리×甲戌(갑술)
2026-03-07 14:41:18,089 [E-W0]   🎉 성공 (✅82 ❌33)
2026-03-07 14:41:28,345 [E-W0] 📌 [116/470] [zodiac] 사자자리×乙卯(을묘)
2026-03-07 14:41:45,061 [E-W0]   🎉 성공 (✅83 ❌33)
2026-03-07 14:41:53,817 [E-W0] 📌 [117/470] [tti] 말띠×甲寅(갑인)
2026-03-07 14:42:10,537 [E-W0]   🎉 성공 (✅84 ❌33)
2026-03-07 14:42:21,586 [E-W0] 📌 [118/470] [tti] 토끼띠×己亥(기해)
2026-03-07 14:42:38,293 [E-W0]   🎉 성공 (✅85 ❌33)
2026-03-07 14:42:49,059 [E-W0] 📌 [119/470] [tti] 돼지띠×壬辰(임진)
2026-03-07 14:43:05,745 [E-W0]   🎉 성공 (✅86 ❌33)
2026-03-07 14:43:14,663 [E-W0] 📌 [120/470] [tti] 원숭이띠×辛巳(신사)
2026-03-07 14:43:31,354 [E-W0]   ❌ 에러: dict contains fields not in fieldnames: '텐션_level'
2026-03-07 14:43:36,670 [E-W0] 📌 [121/470] [tti] 원숭이띠×乙亥(을해)
2026-03-07 14:43:53,359 [E-W0]   🎉 성공 (✅87 ❌34)
2026-03-07 14:44:05,733 [E-W0] 📌 [122/470] [tti] 용띠×己丑(기축)
2026-03-07 14:44:22,424 [E-W0]   🎉 성공 (✅88 ❌34)
2026-03-07 14:44:34,730 [E-W0] 📌 [123/470] [tti] 닭띠×丙午(병오)
2026-03-07 14:44:55,491 [E-W0]   🎉 성공 (✅89 ❌34)
2026-03-07 14:45:03,715 [E-W0] 📌 [124/470] [tti] 뱀띠×壬申(임신)
2026-03-07 14:45:20,383 [E-W0]   🎉 성공 (✅90 ❌34)
2026-03-07 14:45:31,499 [E-W0] 📌 [125/470] [zodiac] 사수자리×己未(기미)
2026-03-07 14:45:48,154 [E-W0]   ❌ 에러: dict contains fields not in fieldnames: '텐션_level'
2026-03-07 14:45:55,757 [E-W0] 📌 [126/470] [zodiac] 처녀자리×癸酉(계유)
2026-03-07 14:46:12,465 [E-W0]   🎉 성공 (✅91 ❌35)
2026-03-07 14:46:21,036 [E-W0] 📌 [127/470] [tarot] 소드 시종(upright)
2026-03-07 14:46:37,731 [E-W0]   🎉 성공 (✅92 ❌35)
2026-03-07 14:46:49,165 [E-W0] 📌 [128/470] [tti] 뱀띠×甲申(갑신)
2026-03-07 14:47:05,863 [E-W0]   🎉 성공 (✅93 ❌35)
2026-03-07 14:47:20,084 [E-W0] 📌 [129/470] [tti] 원숭이띠×癸卯(계묘)
2026-03-07 14:47:36,768 [E-W0]   🎉 성공 (✅94 ❌35)
2026-03-07 14:47:46,029 [E-W0] 📌 [130/470] [tti] 쥐띠×庚午(경오)
2026-03-07 14:48:02,726 [E-W0]   🎉 성공 (✅95 ❌35)
2026-03-07 14:48:10,744 [E-W0] 📌 [131/470] [tti] 뱀띠×丁卯(정묘)
2026-03-07 14:48:27,439 [E-W0]   🎉 성공 (✅96 ❌35)
2026-03-07 14:48:38,340 [E-W0] 📌 [132/470] [zodiac] 염소자리×丙子(병자)
2026-03-07 14:48:59,146 [E-W0]   🎉 성공 (✅97 ❌35)
2026-03-07 14:49:12,013 [E-W0] 📌 [133/470] [zodiac] 물고기자리×壬午(임오)
2026-03-07 14:49:28,712 [E-W0]   🎉 성공 (✅98 ❌35)
2026-03-07 14:49:42,540 [E-W0] 📌 [134/470] [tti] 돼지띠×辛卯(신묘)
2026-03-07 14:49:59,211 [E-W0]   🎉 성공 (✅99 ❌35)
2026-03-07 14:50:12,479 [E-W0] 📌 [135/470] [zodiac] 물고기자리×丁丑(정축)
2026-03-07 14:50:29,164 [E-W0]   🎉 성공 (✅100 ❌35)
2026-03-07 14:50:41,113 [E-W0] 📌 [136/470] [zodiac] 사수자리×甲子(갑자)
2026-03-07 14:50:57,809 [E-W0]   🎉 성공 (✅101 ❌35)
2026-03-07 14:51:11,435 [E-W0] 📌 [137/470] [tti] 소띠×乙丑(을축)
2026-03-07 14:51:28,118 [E-W0]   🎉 성공 (✅102 ❌35)
2026-03-07 14:51:37,673 [E-W0] 📌 [138/470] [tarot] 소드 왕(reversed)
2026-03-07 14:51:54,378 [E-W0]   🎉 성공 (✅103 ❌35)
2026-03-07 14:52:02,761 [E-W0] 📌 [139/470] [tti] 토끼띠×癸丑(계축)
2026-03-07 14:52:19,458 [E-W0]   🎉 성공 (✅104 ❌35)
2026-03-07 14:52:30,455 [E-W0] 📌 [140/470] [tti] 뱀띠×丁未(정미)
2026-03-07 14:52:51,234 [E-W0]   🎉 성공 (✅105 ❌35)
2026-03-07 14:53:04,829 [E-W0] 📌 [141/470] [zodiac] 게자리×壬辰(임진)
2026-03-07 14:53:21,514 [E-W0]   🎉 성공 (✅106 ❌35)
2026-03-07 14:53:35,941 [E-W0] 📌 [142/470] [zodiac] 물고기자리×庚辰(경진)
2026-03-07 14:53:52,644 [E-W0]   🎉 성공 (✅107 ❌35)
2026-03-07 14:54:00,942 [E-W0] 📌 [143/470] [tti] 양띠×甲辰(갑진)
2026-03-07 14:54:17,641 [E-W0]   🎉 성공 (✅108 ❌35)
2026-03-07 14:54:26,366 [E-W0] 📌 [144/470] [zodiac] 전갈자리×戊戌(무술)
2026-03-07 14:54:43,047 [E-W0]   🎉 성공 (✅109 ❌35)
2026-03-07 14:54:51,858 [E-W0] 📌 [145/470] [zodiac] 사수자리×丙辰(병진)
2026-03-07 14:55:08,548 [E-W0]   ❌ 에러: dict contains fields not in fieldnames: '텐션_level'
2026-03-07 14:55:13,877 [E-W0] 📌 [146/470] [tti] 말띠×甲戌(갑술)
2026-03-07 14:55:30,589 [E-W0]   🎉 성공 (✅110 ❌36)
2026-03-07 14:55:42,057 [E-W0] 📌 [147/470] [zodiac] 황소자리×乙巳(을사)
2026-03-07 14:55:58,741 [E-W0]   🎉 성공 (✅111 ❌36)
2026-03-07 14:56:13,216 [E-W0] 📌 [148/470] [tti] 원숭이띠×乙酉(을유)
2026-03-07 14:56:29,912 [E-W0]   🎉 성공 (✅112 ❌36)
2026-03-07 14:56:38,247 [E-W0] 📌 [149/470] [zodiac] 물고기자리×丁未(정미)
2026-03-07 14:56:59,014 [E-W0]   🎉 성공 (✅113 ❌36)
2026-03-07 14:57:13,682 [E-W0] 📌 [150/470] [tti] 말띠×乙酉(을유)
2026-03-07 14:57:30,370 [E-W0]   🎉 성공 (✅114 ❌36)
2026-03-07 14:57:42,162 [E-W0] 📌 [151/470] [tti] 쥐띠×辛巳(신사)
2026-03-07 14:57:58,838 [E-W0]   🎉 성공 (✅115 ❌36)
2026-03-07 14:58:09,191 [E-W0] 📌 [152/470] [zodiac] 물병자리×戊辰(무진)
2026-03-07 14:58:25,865 [E-W0]   🎉 성공 (✅116 ❌36)
2026-03-07 14:58:40,458 [E-W0] 📌 [153/470] [tarot] 소드 5(reversed)
2026-03-07 14:58:57,130 [E-W0]   🎉 성공 (✅117 ❌36)
2026-03-07 14:59:05,358 [E-W0] 📌 [154/470] [zodiac] 황소자리×甲子(갑자)
2026-03-07 14:59:22,028 [E-W0]   🎉 성공 (✅118 ❌36)
2026-03-07 14:59:34,775 [E-W0] 📌 [155/470] [tti] 토끼띠×己巳(기사)
2026-03-07 14:59:54,473 [E-W0]   🎉 성공 (✅119 ❌36)
2026-03-07 15:00:09,078 [E-W0] 📌 [156/470] [zodiac] 물고기자리×己未(기미)
2026-03-07 15:00:25,761 [E-W0]   ❌ 에러: dict contains fields not in fieldnames: '텐션_level'
2026-03-07 15:00:31,069 [E-W0] 📌 [157/470] [zodiac] 천칭자리×戊子(무자)
2026-03-07 15:00:47,764 [E-W0]   🎉 성공 (✅120 ❌37)
2026-03-07 15:00:59,978 [E-W0] 📌 [158/470] [zodiac] 황소자리×壬戌(임술)
2026-03-07 15:01:20,773 [E-W0]   🎉 성공 (✅121 ❌37)
2026-03-07 15:01:32,090 [E-W0] 📌 [159/470] [zodiac] 전갈자리×癸卯(계묘)
2026-03-07 15:01:48,782 [E-W0]   🎉 성공 (✅122 ❌37)
2026-03-07 15:01:59,728 [E-W0] 📌 [160/470] [zodiac] 물고기자리×丁酉(정유)
2026-03-07 15:02:16,410 [E-W0]   🎉 성공 (✅123 ❌37)
2026-03-07 15:02:25,616 [E-W0] 📌 [161/470] [tti] 말띠×癸巳(계사)
2026-03-07 15:02:42,296 [E-W0]   🎉 성공 (✅124 ❌37)
2026-03-07 15:02:54,430 [E-W0] 📌 [162/470] [zodiac] 사자자리×壬子(임자)
2026-03-07 15:03:11,130 [E-W0]   🎉 성공 (✅125 ❌37)
2026-03-07 15:03:19,587 [E-W0] 📌 [163/470] [tarot] 소드 7(reversed)
2026-03-07 15:03:36,273 [E-W0]   🎉 성공 (✅126 ❌37)
2026-03-07 15:03:50,487 [E-W0] 📌 [164/470] [tti] 개띠×甲午(갑오)
2026-03-07 15:04:07,226 [E-W0]   🎉 성공 (✅127 ❌37)
2026-03-07 15:04:18,613 [E-W0] 📌 [165/470] [tti] 뱀띠×乙酉(을유)
2026-03-07 15:04:35,318 [E-W0]   🎉 성공 (✅128 ❌37)
2026-03-07 15:04:48,319 [E-W0] 📌 [166/470] [zodiac] 쌍둥이자리×乙酉(을유)
2026-03-07 15:05:09,065 [E-W0]   🎉 성공 (✅129 ❌37)
2026-03-07 15:05:21,388 [E-W0] 📌 [167/470] [zodiac] 쌍둥이자리×癸酉(계유)
2026-03-07 15:05:38,046 [E-W0]   🎉 성공 (✅130 ❌37)
2026-03-07 15:05:46,323 [E-W0] 📌 [168/470] [zodiac] 물병자리×庚午(경오)
2026-03-07 15:06:02,971 [E-W0]   ❌ 에러: dict contains fields not in fieldnames: '텐션_level'
2026-03-07 15:06:08,141 [E-W0] 📌 [169/470] [tti] 소띠×乙巳(을사)
2026-03-07 15:06:24,837 [E-W0]   🎉 성공 (✅131 ❌38)
2026-03-07 15:06:38,328 [E-W0] 📌 [170/470] [tti] 소띠×甲子(갑자)
2026-03-07 15:06:55,033 [E-W0]   🎉 성공 (✅132 ❌38)
2026-03-07 15:07:06,595 [E-W0] 📌 [171/470] [zodiac] 황소자리×丙午(병오)
2026-03-07 15:07:23,280 [E-W0]   ❌ 에러: dict contains fields not in fieldnames: '텐션_level'
2026-03-07 15:07:28,648 [E-W0] 📌 [172/470] [zodiac] 물병자리×丙子(병자)
2026-03-07 15:07:45,336 [E-W0]   🎉 성공 (✅133 ❌39)
2026-03-07 15:07:56,757 [E-W0] 📌 [173/470] [zodiac] 물병자리×甲寅(갑인)
2026-03-07 15:08:13,426 [E-W0]   🎉 성공 (✅134 ❌39)
2026-03-07 15:08:25,174 [E-W0] 📌 [174/470] [zodiac] 물병자리×丁亥(정해)
2026-03-07 15:08:41,834 [E-W0]   🎉 성공 (✅135 ❌39)
2026-03-07 15:08:49,928 [E-W0] 📌 [175/470] [tti] 호랑이띠×甲子(갑자)
2026-03-07 15:09:06,599 [E-W0]   🎉 성공 (✅136 ❌39)
2026-03-07 15:09:15,047 [E-W0] 📌 [176/470] [zodiac] 전갈자리×戊子(무자)
2026-03-07 15:09:35,800 [E-W0]   🎉 성공 (✅137 ❌39)
2026-03-07 15:09:49,527 [E-W0] 📌 [177/470] [tti] 소띠×癸酉(계유)
2026-03-07 15:10:06,192 [E-W0]   🎉 성공 (✅138 ❌39)
2026-03-07 15:10:15,421 [E-W0] 📌 [178/470] [tti] 말띠×乙未(을미)
2026-03-07 15:10:32,086 [E-W0]   🎉 성공 (✅139 ❌39)
2026-03-07 15:10:44,983 [E-W0] 📌 [179/470] [zodiac] 게자리×庚子(경자)
2026-03-07 15:11:01,629 [E-W0]   ❌ 에러: dict contains fields not in fieldnames: '텐션_level'
2026-03-07 15:11:06,982 [E-W0] 📌 [180/470] [tti] 양띠×戊子(무자)
2026-03-07 15:11:23,688 [E-W0]   🎉 성공 (✅140 ❌40)
2026-03-07 15:11:34,619 [E-W0] 📌 [181/470] [zodiac] 전갈자리×乙未(을미)
2026-03-07 15:11:51,321 [E-W0]   🎉 성공 (✅141 ❌40)
2026-03-07 15:11:59,518 [E-W0] 📌 [182/470] [tti] 돼지띠×甲寅(갑인)
2026-03-07 15:12:16,215 [E-W0]   🎉 성공 (✅142 ❌40)
2026-03-07 15:12:28,116 [E-W0] 📌 [183/470] [zodiac] 천칭자리×甲辰(갑진)
2026-03-07 15:12:44,784 [E-W0]   🎉 성공 (✅143 ❌40)
2026-03-07 15:12:58,059 [E-W0] 📌 [184/470] [tti] 용띠×庚午(경오)
2026-03-07 15:13:14,749 [E-W0]   🎉 성공 (✅144 ❌40)
2026-03-07 15:13:28,340 [E-W0] 📌 [185/470] [zodiac] 천칭자리×辛卯(신묘)
2026-03-07 15:13:49,162 [E-W0]   🎉 성공 (✅145 ❌40)
2026-03-07 15:13:59,136 [E-W0] 📌 [186/470] [zodiac] 물병자리×戊午(무오)
2026-03-07 15:14:15,842 [E-W0]   🎉 성공 (✅146 ❌40)
2026-03-07 15:14:27,459 [E-W0] 📌 [187/470] [tti] 돼지띠×丁丑(정축)
2026-03-07 15:14:44,163 [E-W0]   🎉 성공 (✅147 ❌40)
2026-03-07 15:14:54,515 [E-W0] 📌 [188/470] [zodiac] 천칭자리×丁丑(정축)
2026-03-07 15:15:11,215 [E-W0]   🎉 성공 (✅148 ❌40)
2026-03-07 15:15:20,127 [E-W0] 📌 [189/470] [tti] 뱀띠×己巳(기사)
2026-03-07 15:15:36,865 [E-W0]   🎉 성공 (✅149 ❌40)
2026-03-07 15:15:45,148 [E-W0] 📌 [190/470] [tti] 말띠×甲辰(갑진)
2026-03-07 15:16:01,862 [E-W0]   🎉 성공 (✅150 ❌40)
2026-03-07 15:16:12,966 [E-W0] 📌 [191/470] [tti] 호랑이띠×乙亥(을해)
2026-03-07 15:16:29,658 [E-W0]   ❌ 에러: dict contains fields not in fieldnames: '텐션_level'
2026-03-07 15:16:34,984 [E-W0] 📌 [192/470] [tti] 닭띠×甲午(갑오)
2026-03-07 15:16:51,708 [E-W0]   🎉 성공 (✅151 ❌41)
2026-03-07 15:17:03,864 [E-W0] 📌 [193/470] [zodiac] 물병자리×庚寅(경인)
2026-03-07 15:17:20,564 [E-W0]   🎉 성공 (✅152 ❌41)
2026-03-07 15:17:30,808 [E-W0] 📌 [194/470] [tti] 소띠×壬午(임오)
2026-03-07 15:17:51,683 [E-W0]   🎉 성공 (✅153 ❌41)
2026-03-07 15:18:04,512 [E-W0] 📌 [195/470] [tarot] 여황제(reversed)
2026-03-07 15:20:10,557 [E-W0]   ❌ 파싱실패
2026-03-07 15:20:23,304 [E-W0] 📌 [196/470] [tti] 토끼띠×己卯(기묘)
2026-03-07 15:22:29,243 [E-W0]   ❌ 파싱실패
2026-03-07 15:22:41,991 [E-W0] 📌 [197/470] [tarot] 펜타클 에이스(upright)
2026-03-07 15:24:47,756 [E-W0]   ❌ 파싱실패
2026-03-07 15:24:56,456 [E-W0] 📌 [198/470] [zodiac] 천칭자리×戊午(무오)
2026-03-07 15:27:02,229 [E-W0]   ❌ 파싱실패
2026-03-07 15:27:10,579 [E-W0] 📌 [199/470] [zodiac] 처녀자리×壬辰(임진)
2026-03-07 15:29:16,305 [E-W0]   ❌ 파싱실패
2026-03-07 15:29:30,434 [E-W0] 📌 [200/470] [tti] 원숭이띠×乙巳(을사)
2026-03-07 15:31:36,197 [E-W0]   ❌ 파싱실패
2026-03-07 15:31:47,141 [E-W0] 📌 [201/470] [tti] 쥐띠×丙申(병신)
2026-03-07 15:33:52,912 [E-W0]   ❌ 파싱실패
2026-03-07 15:34:05,242 [E-W0] 📌 [202/470] [tarot] 소드 에이스(upright)
2026-03-07 15:35:05,373 [E-W0]   🎉 성공 (✅154 ❌48)
2026-03-07 15:35:15,459 [E-W0] 📌 [203/470] [zodiac] 양자리×甲申(갑신)
2026-03-07 15:35:32,121 [E-W0]   ❌ 에러: dict contains fields not in fieldnames: 'card_en', '어드바이스', 'position', '해설_텍스트', '럭키_에너지', 'card_name', '한줄_키워드'
2026-03-07 15:35:38,159 [E-W0] 📌 [204/470] [zodiac] 게자리×丙寅(병인)
2026-03-07 15:35:54,924 [E-W0]   🎉 성공 (✅155 ❌49)
2026-03-07 15:36:03,851 [E-W0] 📌 [205/470] [zodiac] 천칭자리×丁巳(정사)
2026-03-07 15:36:20,548 [E-W0]   🎉 성공 (✅156 ❌49)
2026-03-07 15:36:29,375 [E-W0] 📌 [206/470] [tti] 용띠×庚申(경신)
2026-03-07 15:36:46,076 [E-W0]   🎉 성공 (✅157 ❌49)
2026-03-07 15:37:00,625 [E-W0] 📌 [207/470] [zodiac] 양자리×庚辰(경진)
2026-03-07 15:37:17,322 [E-W0]   ❌ 에러: dict contains fields not in fieldnames: '텐션_level'
2026-03-07 15:37:22,703 [E-W0] 📌 [208/470] [tti] 소띠×壬子(임자)
2026-03-07 15:37:39,459 [E-W0]   🎉 성공 (✅158 ❌50)
2026-03-07 15:37:49,042 [E-W0] 📌 [209/470] [zodiac] 사자자리×己亥(기해)
2026-03-07 15:38:05,738 [E-W0]   🎉 성공 (✅159 ❌50)
2026-03-07 15:38:20,678 [E-W0] 📌 [210/470] [tarot] 컵 여왕(upright)
2026-03-07 15:38:37,374 [E-W0]   ❌ 에러: dict contains fields not in fieldnames: '텐션_레벨'
2026-03-07 15:38:42,714 [E-W0] 📌 [211/470] [zodiac] 황소자리×乙丑(을축)
2026-03-07 15:38:59,507 [E-W0]   🎉 성공 (✅160 ❌51)
2026-03-07 15:39:09,870 [E-W0] 📌 [212/470] [tti] 말띠×乙亥(을해)
2026-03-07 15:39:30,690 [E-W0]   🎉 성공 (✅161 ❌51)
2026-03-07 15:39:42,486 [E-W0] 📌 [213/470] [zodiac] 양자리×辛卯(신묘)
2026-03-07 15:39:59,161 [E-W0]   🎉 성공 (✅162 ❌51)
2026-03-07 15:40:07,251 [E-W0] 📌 [214/470] [zodiac] 사자자리×癸亥(계해)
2026-03-07 15:40:23,945 [E-W0]   🎉 성공 (✅163 ❌51)
2026-03-07 15:40:33,094 [E-W0] 📌 [215/470] [zodiac] 사수자리×丁亥(정해)
2026-03-07 15:40:49,807 [E-W0]   ❌ 에러: dict contains fields not in fieldnames: '텐션_level'
2026-03-07 15:40:55,186 [E-W0] 📌 [216/470] [tti] 호랑이띠×丁巳(정사)
2026-03-07 15:41:12,023 [E-W0]   🎉 성공 (✅164 ❌52)
2026-03-07 15:41:21,057 [E-W0] 📌 [217/470] [tti] 말띠×己酉(기유)
2026-03-07 15:41:37,775 [E-W0]   🎉 성공 (✅165 ❌52)
2026-03-07 15:41:51,456 [E-W0] 📌 [218/470] [tti] 원숭이띠×甲申(갑신)
2026-03-07 15:43:57,523 [E-W0]   ❌ 파싱실패
2026-03-07 15:44:09,028 [E-W0] 📌 [219/470] [tti] 닭띠×戊子(무자)
2026-03-07 15:46:16,144 [E-W0]   ❌ 파싱실패
2026-03-07 15:46:26,070 [E-W0] 📌 [220/470] [zodiac] 처녀자리×丙寅(병인)
2026-03-07 15:48:32,174 [E-W0]   ❌ 파싱실패
2026-03-07 15:48:43,589 [E-W0] 📌 [221/470] [tti] 호랑이띠×甲午(갑오)
2026-03-07 15:50:49,548 [E-W0]   ❌ 파싱실패
2026-03-07 15:50:58,323 [E-W0] 📌 [222/470] [tti] 양띠×丁丑(정축)
2026-03-07 15:53:04,135 [E-W0]   ❌ 파싱실패
2026-03-07 15:53:17,655 [E-W0] 📌 [223/470] [zodiac] 천칭자리×戊辰(무진)
2026-03-07 15:55:23,539 [E-W0]   ❌ 파싱실패
2026-03-07 15:55:36,098 [E-W0] 📌 [224/470] [zodiac] 처녀자리×己巳(기사)
2026-03-07 15:57:41,951 [E-W0]   ❌ 파싱실패
2026-03-07 15:57:52,747 [E-W0] 📌 [225/470] [tti] 용띠×戊寅(무인)
2026-03-07 15:59:59,610 [E-W0]   ❌ 파싱실패
2026-03-07 16:00:14,417 [E-W0] 📌 [226/470] [zodiac] 게자리×丁丑(정축)
2026-03-07 16:02:20,293 [E-W0]   ❌ 파싱실패
2026-03-07 16:02:30,959 [E-W0] 📌 [227/470] [tti] 돼지띠×辛未(신미)
2026-03-07 16:04:36,898 [E-W0]   ❌ 파싱실패
2026-03-07 16:04:45,805 [E-W0] 📌 [228/470] [zodiac] 사자자리×辛酉(신유)
2026-03-07 16:06:51,617 [E-W0]   ❌ 파싱실패
2026-03-07 16:07:06,124 [E-W0] 📌 [229/470] [tti] 호랑이띠×庚子(경자)
2026-03-07 16:09:11,913 [E-W0]   ❌ 파싱실패
2026-03-07 16:09:20,336 [E-W0] 📌 [230/470] [zodiac] 물병자리×己丑(기축)
2026-03-07 16:11:26,116 [E-W0]   ❌ 파싱실패
2026-03-07 16:11:37,604 [E-W0] 📌 [231/470] [tti] 말띠×庚辰(경진)
2026-03-07 16:13:43,588 [E-W0]   ❌ 파싱실패
2026-03-07 16:13:54,165 [E-W0] 📌 [232/470] [tti] 개띠×庚戌(경술)
2026-03-07 16:16:00,091 [E-W0]   ❌ 파싱실패
2026-03-07 16:16:09,677 [E-W0] 📌 [233/470] [zodiac] 전갈자리×戊申(무신)
2026-03-07 16:18:15,498 [E-W0]   ❌ 파싱실패
2026-03-07 16:18:26,844 [E-W0] 📌 [234/470] [zodiac] 천칭자리×丙申(병신)
2026-03-07 16:20:32,642 [E-W0]   ❌ 파싱실패
2026-03-07 16:20:47,252 [E-W0] 📌 [235/470] [tarot] 컵 4(reversed)
2026-03-07 16:22:53,044 [E-W0]   ❌ 파싱실패
2026-03-07 16:23:02,573 [E-W0] 📌 [236/470] [tti] 토끼띠×癸酉(계유)
2026-03-07 16:25:08,369 [E-W0]   ❌ 파싱실패
2026-03-07 16:25:23,290 [E-W0] 📌 [237/470] [zodiac] 염소자리×癸卯(계묘)
2026-03-07 16:27:29,057 [E-W0]   ❌ 파싱실패
2026-03-07 16:27:40,676 [E-W0] 📌 [238/470] [tti] 호랑이띠×丁未(정미)
2026-03-07 16:29:46,435 [E-W0]   ❌ 파싱실패
2026-03-07 16:29:59,515 [E-W0] 📌 [239/470] [tti] 뱀띠×甲寅(갑인)
2026-03-07 16:32:05,286 [E-W0]   ❌ 파싱실패
2026-03-07 16:32:13,337 [E-W0] 📌 [240/470] [tti] 원숭이띠×甲戌(갑술)
2026-03-07 16:34:19,139 [E-W0]   ❌ 파싱실패
2026-03-07 16:34:28,515 [E-W0] 📌 [241/470] [tti] 용띠×癸亥(계해)
2026-03-07 16:36:34,285 [E-W0]   ❌ 파싱실패
2026-03-07 16:36:43,166 [E-W0] 📌 [242/470] [zodiac] 전갈자리×乙亥(을해)
2026-03-07 16:38:48,974 [E-W0]   ❌ 파싱실패
2026-03-07 16:39:02,817 [E-W0] 📌 [243/470] [zodiac] 물병자리×己卯(기묘)
2026-03-07 16:41:08,598 [E-W0]   ❌ 파싱실패
2026-03-07 16:41:23,435 [E-W0] 📌 [244/470] [zodiac] 양자리×壬申(임신)
2026-03-07 16:43:29,225 [E-W0]   ❌ 파싱실패
2026-03-07 16:43:38,751 [E-W0] 📌 [245/470] [tarot] 컵 9(upright)
2026-03-07 16:45:44,580 [E-W0]   ❌ 파싱실패
2026-03-07 16:45:56,670 [E-W0] 📌 [246/470] [zodiac] 사수자리×己丑(기축)
2026-03-07 16:48:02,450 [E-W0]   ❌ 파싱실패
2026-03-07 16:48:14,670 [E-W0] 📌 [247/470] [zodiac] 물병자리×壬戌(임술)
2026-03-07 16:50:20,455 [E-W0]   ❌ 파싱실패
2026-03-07 16:50:28,776 [E-W0] 📌 [248/470] [zodiac] 처녀자리×甲申(갑신)
2026-03-07 16:52:34,570 [E-W0]   ❌ 파싱실패
2026-03-07 16:52:43,500 [E-W0] 📌 [249/470] [zodiac] 쌍둥이자리×癸巳(계사)
2026-03-07 16:54:49,261 [E-W0]   ❌ 파싱실패
2026-03-07 16:54:59,415 [E-W0] 📌 [250/470] [zodiac] 물병자리×己亥(기해)
2026-03-07 16:57:05,371 [E-W0]   ❌ 파싱실패
2026-03-07 16:57:17,798 [E-W0] 📌 [251/470] [zodiac] 쌍둥이자리×己巳(기사)
2026-03-07 16:59:23,858 [E-W0]   ❌ 파싱실패
2026-03-07 16:59:36,821 [E-W0] 📌 [252/470] [tti] 말띠×己卯(기묘)
2026-03-07 17:01:42,776 [E-W0]   ❌ 파싱실패
2026-03-07 17:01:55,863 [E-W0] 📌 [253/470] [zodiac] 물병자리×己酉(기유)
2026-03-07 17:04:01,864 [E-W0]   ❌ 파싱실패
2026-03-07 17:04:13,613 [E-W0] 📌 [254/470] [zodiac] 처녀자리×癸亥(계해)
2026-03-07 17:06:19,563 [E-W0]   ❌ 파싱실패
2026-03-07 17:06:31,009 [E-W0] 📌 [255/470] [zodiac] 황소자리×己未(기미)
2026-03-07 17:08:36,798 [E-W0]   ❌ 파싱실패
2026-03-07 17:08:49,839 [E-W0] 📌 [256/470] [zodiac] 사자자리×丁丑(정축)
2026-03-07 17:10:55,629 [E-W0]   ❌ 파싱실패
2026-03-07 17:11:09,844 [E-W0] 📌 [257/470] [zodiac] 처녀자리×戊申(무신)
2026-03-07 17:13:15,654 [E-W0]   ❌ 파싱실패
2026-03-07 17:13:23,709 [E-W0] 📌 [258/470] [tti] 닭띠×辛未(신미)
2026-03-07 17:15:29,485 [E-W0]   ❌ 파싱실패
2026-03-07 17:15:40,472 [E-W0] 📌 [259/470] [tti] 쥐띠×庚戌(경술)
2026-03-07 17:17:46,283 [E-W0]   ❌ 파싱실패
2026-03-07 17:17:57,896 [E-W0] 📌 [260/470] [zodiac] 염소자리×癸丑(계축)
2026-03-07 17:20:03,694 [E-W0]   ❌ 파싱실패
2026-03-07 17:20:17,586 [E-W0] 📌 [261/470] [zodiac] 게자리×甲子(갑자)
2026-03-07 17:22:23,384 [E-W0]   ❌ 파싱실패
2026-03-07 17:22:36,509 [E-W0] 📌 [262/470] [tti] 토끼띠×庚子(경자)
2026-03-07 17:24:42,305 [E-W0]   ❌ 파싱실패
2026-03-07 17:24:52,789 [E-W0] 📌 [263/470] [tti] 소띠×乙酉(을유)
2026-03-07 17:26:58,566 [E-W0]   ❌ 파싱실패
2026-03-07 17:27:11,300 [E-W0] 📌 [264/470] [tti] 닭띠×甲戌(갑술)
2026-03-07 17:29:17,072 [E-W0]   ❌ 파싱실패
2026-03-07 17:29:28,502 [E-W0] 📌 [265/470] [tti] 소띠×庚申(경신)
2026-03-07 17:31:34,280 [E-W0]   ❌ 파싱실패
2026-03-07 17:31:48,099 [E-W0] 📌 [266/470] [zodiac] 황소자리×甲戌(갑술)
2026-03-07 17:33:53,894 [E-W0]   ❌ 파싱실패
2026-03-07 17:34:03,826 [E-W0] 📌 [267/470] [tarot] 완드 2(upright)
2026-03-07 17:36:09,758 [E-W0]   ❌ 파싱실패
2026-03-07 17:36:24,208 [E-W0] 📌 [268/470] [zodiac] 양자리×戊午(무오)
2026-03-07 17:38:30,143 [E-W0]   ❌ 파싱실패
2026-03-07 17:38:38,559 [E-W0] 📌 [269/470] [zodiac] 물고기자리×辛巳(신사)
2026-03-07 17:40:44,413 [E-W0]   ❌ 파싱실패
2026-03-07 17:40:58,207 [E-W0] 📌 [270/470] [tti] 토끼띠×戊申(무신)
2026-03-07 17:43:04,007 [E-W0]   ❌ 파싱실패
2026-03-07 17:43:17,532 [E-W0] 📌 [271/470] [tarot] 펜타클 왕(reversed)
2026-03-07 17:45:23,318 [E-W0]   ❌ 파싱실패
2026-03-07 17:45:36,667 [E-W0] 📌 [272/470] [tarot] 펜타클 5(upright)
2026-03-07 17:47:42,481 [E-W0]   ❌ 파싱실패
2026-03-07 17:47:50,808 [E-W0] 📌 [273/470] [tti] 개띠×庚子(경자)
2026-03-07 17:49:56,632 [E-W0]   ❌ 파싱실패
2026-03-07 17:50:07,280 [E-W0] 📌 [274/470] [tti] 양띠×辛巳(신사)
2026-03-07 17:52:13,071 [E-W0]   ❌ 파싱실패
2026-03-07 17:52:27,837 [E-W0] 📌 [275/470] [zodiac] 염소자리×辛卯(신묘)
2026-03-07 17:54:33,628 [E-W0]   ❌ 파싱실패
2026-03-07 17:54:42,272 [E-W0] 📌 [276/470] [zodiac] 물병자리×甲申(갑신)
2026-03-07 17:56:48,043 [E-W0]   ❌ 파싱실패
2026-03-07 17:57:02,128 [E-W0] 📌 [277/470] [tti] 토끼띠×丁酉(정유)
2026-03-07 17:59:07,945 [E-W0]   ❌ 파싱실패
2026-03-07 17:59:16,405 [E-W0] 📌 [278/470] [tti] 닭띠×壬子(임자)
2026-03-07 18:01:22,185 [E-W0]   ❌ 파싱실패
2026-03-07 18:01:33,501 [E-W0] 📌 [279/470] [tti] 소띠×甲寅(갑인)
2026-03-07 18:03:39,305 [E-W0]   ❌ 파싱실패
2026-03-07 18:03:49,342 [E-W0] 📌 [280/470] [zodiac] 황소자리×辛巳(신사)
2026-03-07 18:05:55,132 [E-W0]   ❌ 파싱실패
2026-03-07 18:06:06,745 [E-W0] 📌 [281/470] [zodiac] 쌍둥이자리×甲戌(갑술)
2026-03-07 18:08:12,539 [E-W0]   ❌ 파싱실패
2026-03-07 18:08:27,365 [E-W0] 📌 [282/470] [zodiac] 천칭자리×乙丑(을축)
2026-03-07 18:10:33,137 [E-W0]   ❌ 파싱실패
2026-03-07 18:10:45,832 [E-W0] 📌 [283/470] [tti] 호랑이띠×甲申(갑신)
2026-03-07 18:12:51,616 [E-W0]   ❌ 파싱실패
2026-03-07 18:13:01,364 [E-W0] 📌 [284/470] [tti] 토끼띠×庚寅(경인)
2026-03-07 18:15:07,172 [E-W0]   ❌ 파싱실패
2026-03-07 18:15:18,783 [E-W0] 📌 [285/470] [zodiac] 양자리×癸卯(계묘)
2026-03-07 18:17:24,607 [E-W0]   ❌ 파싱실패
2026-03-07 18:17:37,779 [E-W0] 📌 [286/470] [tti] 호랑이띠×己丑(기축)
2026-03-07 18:19:22,536 [E-W0]   🎉 성공 (✅166 ❌120)
2026-03-07 18:19:31,550 [E-W0] 📌 [287/470] [tti] 양띠×壬寅(임인)
2026-03-07 18:19:48,200 [E-W0]   🎉 성공 (✅167 ❌120)
2026-03-07 18:19:58,581 [E-W0] 📌 [288/470] [zodiac] 천칭자리×己卯(기묘)
2026-03-07 18:20:15,251 [E-W0]   ❌ 에러: dict contains fields not in fieldnames: 'animal'
2026-03-07 18:20:21,239 [E-W0] 📌 [289/470] [tti] 개띠×戊辰(무진)
2026-03-07 18:20:38,033 [E-W0]   🎉 성공 (✅168 ❌121)
2026-03-07 18:20:49,933 [E-W0] 📌 [290/470] [zodiac] 사자자리×癸卯(계묘)
2026-03-07 18:21:10,754 [E-W0]   🎉 성공 (✅169 ❌121)
2026-03-07 18:21:21,711 [E-W0] 📌 [291/470] [zodiac] 천칭자리×丙寅(병인)
2026-03-07 18:21:38,405 [E-W0]   🎉 성공 (✅170 ❌121)
2026-03-07 18:21:52,009 [E-W0] 📌 [292/470] [tarot] 세계(reversed)
2026-03-07 18:22:08,706 [E-W0]   🎉 성공 (✅171 ❌121)
2026-03-07 18:22:21,766 [E-W0] 📌 [293/470] [tarot] 소드 6(upright)
2026-03-07 18:22:38,462 [E-W0]   🎉 성공 (✅172 ❌121)
2026-03-07 18:22:50,746 [E-W0] 📌 [294/470] [tti] 원숭이띠×庚午(경오)
2026-03-07 18:23:07,455 [E-W0]   🎉 성공 (✅173 ❌121)
2026-03-07 18:23:15,581 [E-W0] 📌 [295/470] [tti] 양띠×庚子(경자)
2026-03-07 18:23:32,286 [E-W0]   🎉 성공 (✅174 ❌121)
2026-03-07 18:23:46,071 [E-W0] 📌 [296/470] [zodiac] 천칭자리×庚午(경오)
2026-03-07 18:24:02,780 [E-W0]   🎉 성공 (✅175 ❌121)
2026-03-07 18:24:14,133 [E-W0] 📌 [297/470] [zodiac] 황소자리×甲申(갑신)
2026-03-07 18:24:30,847 [E-W0]   ❌ 에러: dict contains fields not in fieldnames: '텐션_level'
2026-03-07 18:24:36,217 [E-W0] 📌 [298/470] [tti] 닭띠×癸酉(계유)
2026-03-07 18:24:52,919 [E-W0]   🎉 성공 (✅176 ❌122)
2026-03-07 18:25:04,196 [E-W0] 📌 [299/470] [tti] 쥐띠×丁巳(정사)
2026-03-07 18:25:25,105 [E-W0]   🎉 성공 (✅177 ❌122)
2026-03-07 18:25:34,630 [E-W0] 📌 [300/470] [tti] 원숭이띠×己亥(기해)
2026-03-07 18:25:51,333 [E-W0]   🎉 성공 (✅178 ❌122)
2026-03-07 18:26:03,675 [E-W0] 📌 [301/470] [zodiac] 황소자리×庚寅(경인)
2026-03-07 18:26:20,393 [E-W0]   🎉 성공 (✅179 ❌122)
2026-03-07 18:26:34,593 [E-W0] 📌 [302/470] [tarot] 컵 시종(upright)
2026-03-07 18:26:51,290 [E-W0]   🎉 성공 (✅180 ❌122)
2026-03-07 18:27:06,111 [E-W0] 📌 [303/470] [tti] 말띠×辛卯(신묘)
2026-03-07 18:27:22,815 [E-W0]   🎉 성공 (✅181 ❌122)
2026-03-07 18:27:32,727 [E-W0] 📌 [304/470] [tti] 용띠×丙午(병오)
2026-03-07 18:27:52,437 [E-W0]   🎉 성공 (✅182 ❌122)
2026-03-07 18:28:05,821 [E-W0] 📌 [305/470] [tti] 말띠×乙卯(을묘)
2026-03-07 18:28:22,512 [E-W0]   🎉 성공 (✅183 ❌122)
2026-03-07 18:28:32,205 [E-W0] 📌 [306/470] [tti] 토끼띠×丁亥(정해)
2026-03-07 18:28:48,894 [E-W0]   🎉 성공 (✅184 ❌122)
2026-03-07 18:29:03,236 [E-W0] 📌 [307/470] [zodiac] 염소자리×癸亥(계해)
2026-03-07 18:29:24,023 [E-W0]   🎉 성공 (✅185 ❌122)
2026-03-07 18:29:33,342 [E-W0] 📌 [308/470] [tti] 뱀띠×辛未(신미)
2026-03-07 18:29:50,015 [E-W0]   🎉 성공 (✅186 ❌122)
2026-03-07 18:30:04,455 [E-W0] 📌 [309/470] [tti] 원숭이띠×己酉(기유)
2026-03-07 18:30:21,117 [E-W0]   🎉 성공 (✅187 ❌122)
2026-03-07 18:30:29,145 [E-W0] 📌 [310/470] [zodiac] 처녀자리×丁卯(정묘)
2026-03-07 18:30:45,803 [E-W0]   ❌ 에러: dict contains fields not in fieldnames: '텐션_level'
2026-03-07 18:30:51,135 [E-W0] 📌 [311/470] [tarot] 운명의수레바퀴(upright)
2026-03-07 18:31:07,821 [E-W0]   🎉 성공 (✅188 ❌123)
2026-03-07 18:31:21,754 [E-W0] 📌 [312/470] [tti] 용띠×己巳(기사)
2026-03-07 18:31:38,420 [E-W0]   🎉 성공 (✅189 ❌123)
2026-03-07 18:31:52,193 [E-W0] 📌 [313/470] [zodiac] 게자리×己酉(기유)
2026-03-07 18:32:08,857 [E-W0]   🎉 성공 (✅190 ❌123)
2026-03-07 18:32:23,117 [E-W0] 📌 [314/470] [tti] 쥐띠×壬寅(임인)
2026-03-07 18:32:39,779 [E-W0]   🎉 성공 (✅191 ❌123)
2026-03-07 18:32:52,606 [E-W0] 📌 [315/470] [tti] 뱀띠×甲戌(갑술)
2026-03-07 18:33:09,273 [E-W0]   🎉 성공 (✅192 ❌123)
2026-03-07 18:33:19,271 [E-W0] 📌 [316/470] [tti] 원숭이띠×癸酉(계유)
2026-03-07 18:33:40,002 [E-W0]   🎉 성공 (✅193 ❌123)
2026-03-07 18:33:52,288 [E-W0] 📌 [317/470] [zodiac] 처녀자리×乙酉(을유)
2026-03-07 18:34:08,943 [E-W0]   🎉 성공 (✅194 ❌123)
2026-03-07 18:34:20,986 [E-W0] 📌 [318/470] [zodiac] 황소자리×戊申(무신)
2026-03-07 18:34:37,679 [E-W0]   🎉 성공 (✅195 ❌123)
2026-03-07 18:34:50,669 [E-W0] 📌 [319/470] [tarot] 컵 9(reversed)
2026-03-07 18:35:07,353 [E-W0]   🎉 성공 (✅196 ❌123)
2026-03-07 18:35:19,790 [E-W0] 📌 [320/470] [tarot] 소드 에이스(reversed)
2026-03-07 18:35:36,455 [E-W0]   🎉 성공 (✅197 ❌123)
2026-03-07 18:35:47,929 [E-W0] 📌 [321/470] [tti] 개띠×辛未(신미)
2026-03-07 18:36:04,617 [E-W0]   🎉 성공 (✅198 ❌123)
2026-03-07 18:36:16,987 [E-W0] 📌 [322/470] [zodiac] 전갈자리×戊午(무오)
2026-03-07 18:36:33,677 [E-W0]   🎉 성공 (✅199 ❌123)
2026-03-07 18:36:46,317 [E-W0] 📌 [323/470] [tti] 호랑이띠×己亥(기해)
2026-03-07 18:37:02,995 [E-W0]   ❌ 에러: dict contains fields not in fieldnames: '텐션_level'
2026-03-07 18:37:08,876 [E-W0] 📌 [324/470] [tarot] 펜타클 2(reversed)
2026-03-07 18:37:25,565 [E-W0]   🎉 성공 (✅200 ❌124)
2026-03-07 18:37:38,046 [E-W0] 📌 [325/470] [tti] 호랑이띠×辛卯(신묘)
2026-03-07 18:37:58,827 [E-W0]   🎉 성공 (✅201 ❌124)
2026-03-07 18:38:13,434 [E-W0] 📌 [326/470] [zodiac] 물병자리×壬申(임신)
2026-03-07 18:38:30,105 [E-W0]   🎉 성공 (✅202 ❌124)
2026-03-07 18:38:38,328 [E-W0] 📌 [327/470] [zodiac] 처녀자리×辛卯(신묘)
2026-03-07 18:38:55,011 [E-W0]   🎉 성공 (✅203 ❌124)
2026-03-07 18:39:07,430 [E-W0] 📌 [328/470] [zodiac] 사자자리×己丑(기축)
2026-03-07 18:39:24,116 [E-W0]   🎉 성공 (✅204 ❌124)
2026-03-07 18:39:32,294 [E-W0] 📌 [329/470] [tarot] 소드 5(upright)
2026-03-07 18:39:49,000 [E-W0]   🎉 성공 (✅205 ❌124)
2026-03-07 18:39:59,303 [E-W0] 📌 [330/470] [tti] 호랑이띠×丙子(병자)
2026-03-07 18:40:16,010 [E-W0]   🎉 성공 (✅206 ❌124)
2026-03-07 18:40:29,281 [E-W0] 📌 [331/470] [zodiac] 전갈자리×丙戌(병술)
2026-03-07 18:40:45,972 [E-W0]   🎉 성공 (✅207 ❌124)
2026-03-07 18:41:00,686 [E-W0] 📌 [332/470] [zodiac] 염소자리×庚午(경오)
2026-03-07 18:41:17,375 [E-W0]   🎉 성공 (✅208 ❌124)
2026-03-07 18:41:31,587 [E-W0] 📌 [333/470] [tarot] 소드 왕(upright)
2026-03-07 18:41:52,360 [E-W0]   🎉 성공 (✅209 ❌124)
2026-03-07 18:42:05,944 [E-W0] 📌 [334/470] [tti] 양띠×丙午(병오)
2026-03-07 18:42:22,581 [E-W0]   🎉 성공 (✅210 ❌124)
2026-03-07 18:42:36,574 [E-W0] 📌 [335/470] [zodiac] 천칭자리×辛丑(신축)
2026-03-07 18:42:53,243 [E-W0]   ❌ 에러: dict contains fields not in fieldnames: '텐션_level'
2026-03-07 18:42:58,616 [E-W0] 📌 [336/470] [tti] 양띠×癸酉(계유)
2026-03-07 18:43:15,304 [E-W0]   🎉 성공 (✅211 ❌125)
2026-03-07 18:43:26,684 [E-W0] 📌 [337/470] [tti] 호랑이띠×庚午(경오)
2026-03-07 18:43:43,363 [E-W0]   🎉 성공 (✅212 ❌125)
2026-03-07 18:43:55,905 [E-W0] 📌 [338/470] [tti] 닭띠×壬辰(임진)
2026-03-07 18:44:12,842 [E-W0]   🎉 성공 (✅213 ❌125)
2026-03-07 18:44:22,320 [E-W0] 📌 [339/470] [tti] 돼지띠×乙卯(을묘)
2026-03-07 18:44:42,000 [E-W0]   🎉 성공 (✅214 ❌125)
2026-03-07 18:44:52,578 [E-W0] 📌 [340/470] [tti] 원숭이띠×丙戌(병술)
2026-03-07 18:45:09,256 [E-W0]   🎉 성공 (✅215 ❌125)
2026-03-07 18:45:23,288 [E-W0] 📌 [341/470] [zodiac] 사수자리×癸巳(계사)
2026-03-07 18:45:39,966 [E-W0]   ❌ 에러: dict contains fields not in fieldnames: '텐션_level'
2026-03-07 18:45:45,328 [E-W0] 📌 [342/470] [zodiac] 염소자리×丙戌(병술)
2026-03-07 18:46:02,027 [E-W0]   🎉 성공 (✅216 ❌126)
2026-03-07 18:46:12,347 [E-W0] 📌 [343/470] [tarot] 펜타클 3(upright)
2026-03-07 18:46:33,121 [E-W0]   🎉 성공 (✅217 ❌126)
2026-03-07 18:46:41,359 [E-W0] 📌 [344/470] [zodiac] 사수자리×戊戌(무술)
2026-03-07 18:46:58,036 [E-W0]   🎉 성공 (✅218 ❌126)
2026-03-07 18:47:11,415 [E-W0] 📌 [345/470] [zodiac] 양자리×壬辰(임진)
2026-03-07 18:47:28,080 [E-W0]   🎉 성공 (✅219 ❌126)
2026-03-07 18:47:41,222 [E-W0] 📌 [346/470] [tti] 소띠×癸未(계미)
2026-03-07 18:47:57,880 [E-W0]   ❌ 에러: dict contains fields not in fieldnames: '텐션_level'
2026-03-07 18:48:03,208 [E-W0] 📌 [347/470] [zodiac] 염소자리×甲辰(갑진)
2026-03-07 18:48:19,907 [E-W0]   🎉 성공 (✅220 ❌127)
2026-03-07 18:48:27,939 [E-W0] 📌 [348/470] [zodiac] 물병자리×乙亥(을해)
2026-03-07 18:48:44,621 [E-W0]   🎉 성공 (✅221 ❌127)
2026-03-07 18:48:56,642 [E-W0] 📌 [349/470] [tti] 소띠×丙申(병신)
2026-03-07 18:49:13,322 [E-W0]   🎉 성공 (✅222 ❌127)
2026-03-07 18:49:26,054 [E-W0] 📌 [350/470] [tti] 돼지띠×壬午(임오)
2026-03-07 18:49:42,760 [E-W0]   🎉 성공 (✅223 ❌127)
2026-03-07 18:49:53,933 [E-W0] 📌 [351/470] [zodiac] 쌍둥이자리×丁亥(정해)
2026-03-07 18:50:10,619 [E-W0]   🎉 성공 (✅224 ❌127)
2026-03-07 18:50:20,550 [E-W0] 📌 [352/470] [zodiac] 사자자리×甲午(갑오)
2026-03-07 18:50:41,314 [E-W0]   🎉 성공 (✅225 ❌127)
2026-03-07 18:50:50,567 [E-W0] 📌 [353/470] [tti] 용띠×辛酉(신유)
2026-03-07 18:51:07,227 [E-W0]   🎉 성공 (✅226 ❌127)
2026-03-07 18:51:17,286 [E-W0] 📌 [354/470] [zodiac] 염소자리×乙丑(을축)
2026-03-07 18:51:33,945 [E-W0]   🎉 성공 (✅227 ❌127)
2026-03-07 18:51:45,326 [E-W0] 📌 [355/470] [tti] 토끼띠×甲子(갑자)
2026-03-07 18:52:01,990 [E-W0]   🎉 성공 (✅228 ❌127)
2026-03-07 18:52:12,233 [E-W0] 📌 [356/470] [tti] 양띠×壬辰(임진)
2026-03-07 18:52:28,896 [E-W0]   🎉 성공 (✅229 ❌127)
2026-03-07 18:52:43,314 [E-W0] 📌 [357/470] [tti] 호랑이띠×丙辰(병진)
2026-03-07 18:52:59,981 [E-W0]   🎉 성공 (✅230 ❌127)
2026-03-07 18:53:08,121 [E-W0] 📌 [358/470] [zodiac] 사자자리×壬午(임오)
2026-03-07 18:53:24,790 [E-W0]   🎉 성공 (✅231 ❌127)
2026-03-07 18:53:35,282 [E-W0] 📌 [359/470] [tti] 쥐띠×癸巳(계사)
2026-03-07 18:53:51,942 [E-W0]   🎉 성공 (✅232 ❌127)
2026-03-07 18:54:03,776 [E-W0] 📌 [360/470] [tarot] 악마(upright)
2026-03-07 18:54:24,535 [E-W0]   🎉 성공 (✅233 ❌127)
2026-03-07 18:54:34,227 [E-W0] 📌 [361/470] [zodiac] 황소자리×甲辰(갑진)
2026-03-07 18:54:50,911 [E-W0]   🎉 성공 (✅234 ❌127)
2026-03-07 18:55:03,751 [E-W0] 📌 [362/470] [tti] 돼지띠×丙午(병오)
2026-03-07 18:55:20,447 [E-W0]   🎉 성공 (✅235 ❌127)
2026-03-07 18:55:31,824 [E-W0] 📌 [363/470] [zodiac] 처녀자리×辛丑(신축)
2026-03-07 18:56:03,906 [E-W0] 🏁 워커 0 시작! 할당: 240개
2026-03-07 18:56:03,906 [E-W0] 🚀 크롬 초기화...
2026-03-07 18:56:14,802 [E-W0] 📌 [1/240] [tarot] 컵 7(upright)
2026-03-07 18:56:31,593 [E-W0]   🎉 성공 (✅1 ❌0)
2026-03-07 18:56:39,964 [E-W0] 📌 [2/240] [zodiac] 전갈자리×丁未(정미)
2026-03-07 18:56:56,654 [E-W0]   🎉 성공 (✅2 ❌0)
2026-03-07 18:57:10,785 [E-W0] 📌 [3/240] [tti] 원숭이띠×丁未(정미)
2026-03-07 18:57:27,462 [E-W0]   🎉 성공 (✅3 ❌0)
2026-03-07 18:57:42,236 [E-W0] 📌 [4/240] [zodiac] 염소자리×庚戌(경술)
2026-03-07 18:57:58,904 [E-W0]   ❌ 에러: dict contains fields not in fieldnames: '텐션_level'
2026-03-07 18:58:05,087 [E-W0] 📌 [5/240] [tti] 소띠×丁亥(정해)
2026-03-07 18:58:21,781 [E-W0]   🎉 성공 (✅4 ❌1)
2026-03-07 18:58:36,515 [E-W0] 📌 [6/240] [tti] 소띠×辛丑(신축)
2026-03-07 18:58:53,202 [E-W0]   🎉 성공 (✅5 ❌1)
2026-03-07 18:59:04,236 [E-W0] 📌 [7/240] [zodiac] 물고기자리×己巳(기사)
2026-03-07 18:59:20,920 [E-W0]   🎉 성공 (✅6 ❌1)
2026-03-07 18:59:32,383 [E-W0] 📌 [8/240] [zodiac] 양자리×癸酉(계유)
2026-03-07 18:59:49,061 [E-W0]   🎉 성공 (✅7 ❌1)
2026-03-07 19:00:01,036 [E-W0] 📌 [9/240] [zodiac] 황소자리×辛卯(신묘)
2026-03-07 19:00:17,706 [E-W0]   🎉 성공 (✅8 ❌1)
2026-03-07 19:00:27,819 [E-W0] 📌 [10/240] [zodiac] 쌍둥이자리×甲辰(갑진)
2026-03-07 19:00:48,606 [E-W0]   🎉 성공 (✅9 ❌1)
2026-03-07 19:01:01,393 [E-W0] 📌 [11/240] [zodiac] 사자자리×甲子(갑자)
2026-03-07 19:01:18,079 [E-W0]   🎉 성공 (✅10 ❌1)
2026-03-07 19:01:31,054 [E-W0] 📌 [12/240] [zodiac] 황소자리×丙寅(병인)
2026-03-07 19:01:47,738 [E-W0]   🎉 성공 (✅11 ❌1)
2026-03-07 19:02:00,797 [E-W0] 📌 [13/240] [tti] 돼지띠×己丑(기축)
2026-03-07 19:02:17,538 [E-W0]   🎉 성공 (✅12 ❌1)
2026-03-07 19:02:30,689 [E-W0] 📌 [14/240] [zodiac] 사수자리×己巳(기사)
2026-03-07 19:02:47,384 [E-W0]   ❌ 에러: dict contains fields not in fieldnames: '텐션_level'
2026-03-07 19:02:52,740 [E-W0] 📌 [15/240] [zodiac] 전갈자리×己未(기미)
2026-03-07 19:03:09,427 [E-W0]   🎉 성공 (✅13 ❌2)
2026-03-07 19:03:18,033 [E-W0] 📌 [16/240] [zodiac] 염소자리×辛未(신미)
2026-03-07 19:03:34,703 [E-W0]   🎉 성공 (✅14 ❌2)
2026-03-07 19:03:42,819 [E-W0] 📌 [17/240] [tti] 뱀띠×辛卯(신묘)
2026-03-07 19:03:59,487 [E-W0]   ❌ 에러: dict contains fields not in fieldnames: '텐션_level'
2026-03-07 19:04:04,823 [E-W0] 📌 [18/240] [zodiac] 전갈자리×丁酉(정유)
2026-03-07 19:04:21,540 [E-W0]   🎉 성공 (✅15 ❌3)
2026-03-07 19:04:29,945 [E-W0] 📌 [19/240] [tti] 쥐띠×乙未(을미)
2026-03-07 19:04:46,640 [E-W0]   🎉 성공 (✅16 ❌3)
2026-03-07 19:05:00,478 [E-W0] 📌 [20/240] [zodiac] 물고기자리×壬子(임자)
2026-03-07 19:05:21,281 [E-W0]   🎉 성공 (✅17 ❌3)
2026-03-07 19:05:34,152 [E-W0] 📌 [21/240] [tti] 소띠×癸未(계미)
2026-03-07 19:05:50,832 [E-W0]   🎉 성공 (✅18 ❌3)
2026-03-07 19:05:58,859 [E-W0] 📌 [22/240] [zodiac] 천칭자리×甲戌(갑술)
2026-03-07 19:06:15,550 [E-W0]   🎉 성공 (✅19 ❌3)
2026-03-07 19:06:29,320 [E-W0] 📌 [23/240] [tti] 닭띠×丙辰(병진)
2026-03-07 19:06:46,009 [E-W0]   🎉 성공 (✅20 ❌3)
2026-03-07 19:06:55,203 [E-W0] 📌 [24/240] [tarot] 달(reversed)
2026-03-07 19:07:11,900 [E-W0]   🎉 성공 (✅21 ❌3)
2026-03-07 19:07:25,491 [E-W0] 📌 [25/240] [tarot] 완드 왕(reversed)
2026-03-07 19:07:42,184 [E-W0]   🎉 성공 (✅22 ❌3)
2026-03-07 19:07:56,975 [E-W0] 📌 [26/240] [zodiac] 처녀자리×丁卯(정묘)
2026-03-07 19:08:13,670 [E-W0]   🎉 성공 (✅23 ❌3)
2026-03-07 19:08:27,101 [E-W0] 📌 [27/240] [tti] 돼지띠×戊寅(무인)
2026-03-07 19:08:43,792 [E-W0]   🎉 성공 (✅24 ❌3)
2026-03-07 19:08:58,486 [E-W0] 📌 [28/240] [tti] 호랑이띠×丙申(병신)
2026-03-07 19:09:19,274 [E-W0]   🎉 성공 (✅25 ❌3)
2026-03-07 19:09:31,882 [E-W0] 📌 [29/240] [tarot] 여황제(upright)
2026-03-07 19:09:48,560 [E-W0]   🎉 성공 (✅26 ❌3)
2026-03-07 19:09:57,422 [E-W0] 📌 [30/240] [zodiac] 전갈자리×辛巳(신사)
2026-03-07 19:10:14,110 [E-W0]   🎉 성공 (✅27 ❌3)
2026-03-07 19:10:26,360 [E-W0] 📌 [31/240] [zodiac] 게자리×丁卯(정묘)
2026-03-07 19:10:43,035 [E-W0]   🎉 성공 (✅28 ❌3)
2026-03-07 19:10:54,374 [E-W0] 📌 [32/240] [tti] 뱀띠×壬辰(임진)
2026-03-07 19:11:11,051 [E-W0]   🎉 성공 (✅29 ❌3)
2026-03-07 19:11:25,334 [E-W0] 📌 [33/240] [tti] 돼지띠×丁酉(정유)
2026-03-07 19:11:42,032 [E-W0]   🎉 성공 (✅30 ❌3)
2026-03-07 19:11:51,757 [E-W0] 📌 [34/240] [tti] 양띠×乙亥(을해)
2026-03-07 19:12:08,442 [E-W0]   🎉 성공 (✅31 ❌3)
2026-03-07 19:12:21,322 [E-W0] 📌 [35/240] [zodiac] 물병자리×壬辰(임진)
2026-03-07 19:12:38,020 [E-W0]   🎉 성공 (✅32 ❌3)
2026-03-07 19:12:51,199 [E-W0] 📌 [36/240] [tti] 쥐띠×丙寅(병인)
2026-03-07 19:13:11,969 [E-W0]   🎉 성공 (✅33 ❌3)
2026-03-07 19:13:23,599 [E-W0] 📌 [37/240] [tti] 용띠×丙寅(병인)
2026-03-07 19:13:40,262 [E-W0]   🎉 성공 (✅34 ❌3)
2026-03-07 19:13:49,600 [E-W0] 📌 [38/240] [tarot] 펜타클 왕(upright)
2026-03-07 19:14:09,272 [E-W0]   🎉 성공 (✅35 ❌3)
2026-03-07 19:14:21,404 [E-W0] 📌 [39/240] [zodiac] 천칭자리×丙辰(병진)
2026-03-07 19:14:38,061 [E-W0]   🎉 성공 (✅36 ❌3)
2026-03-07 19:14:50,162 [E-W0] 📌 [40/240] [tarot] 컵 2(upright)
2026-03-07 19:15:06,835 [E-W0]   🎉 성공 (✅37 ❌3)
2026-03-07 19:15:15,757 [E-W0] 📌 [41/240] [tti] 말띠×辛丑(신축)
2026-03-07 19:15:32,425 [E-W0]   🎉 성공 (✅38 ❌3)
2026-03-07 19:15:43,186 [E-W0] 📌 [42/240] [tti] 돼지띠×戊子(무자)
2026-03-07 19:15:59,854 [E-W0]   🎉 성공 (✅39 ❌3)
2026-03-07 19:16:10,085 [E-W0] 📌 [43/240] [tti] 닭띠×乙丑(을축)
2026-03-07 19:16:26,750 [E-W0]   🎉 성공 (✅40 ❌3)
2026-03-07 19:16:40,577 [E-W0] 📌 [44/240] [tti] 말띠×辛亥(신해)
2026-03-07 19:17:01,370 [E-W0]   🎉 성공 (✅41 ❌3)
2026-03-07 19:17:15,161 [E-W0] 📌 [45/240] [tti] 원숭이띠×戊申(무신)
2026-03-07 19:17:31,833 [E-W0]   🎉 성공 (✅42 ❌3)
2026-03-07 19:17:45,557 [E-W0] 📌 [46/240] [tti] 닭띠×癸亥(계해)
2026-03-07 19:18:02,249 [E-W0]   🎉 성공 (✅43 ❌3)
2026-03-07 19:18:16,642 [E-W0] 📌 [47/240] [tti] 토끼띠×庚午(경오)
2026-03-07 19:18:33,333 [E-W0]   🎉 성공 (✅44 ❌3)
2026-03-07 19:18:46,480 [E-W0] 📌 [48/240] [tti] 닭띠×己丑(기축)
2026-03-07 19:19:03,169 [E-W0]   🎉 성공 (✅45 ❌3)
2026-03-07 19:19:17,171 [E-W0] 📌 [49/240] [tarot] 펜타클 3(reversed)
2026-03-07 19:19:33,873 [E-W0]   🎉 성공 (✅46 ❌3)
2026-03-07 19:19:44,030 [E-W0] 📌 [50/240] [tti] 쥐띠×戊寅(무인)
2026-03-07 19:20:00,701 [E-W0]   🎉 성공 (✅47 ❌3)
2026-03-07 19:20:12,296 [E-W0] 📌 [51/240] [zodiac] 천칭자리×壬午(임오)
2026-03-07 19:20:28,994 [E-W0]   🎉 성공 (✅48 ❌3)
2026-03-07 19:20:40,358 [E-W0] 📌 [52/240] [zodiac] 쌍둥이자리×甲戌(갑술)
2026-03-07 19:21:01,120 [E-W0]   🎉 성공 (✅49 ❌3)
2026-03-07 19:21:11,510 [E-W0] 📌 [53/240] [zodiac] 게자리×庚寅(경인)
2026-03-07 19:21:28,215 [E-W0]   🎉 성공 (✅50 ❌3)
2026-03-07 19:21:42,881 [E-W0] 📌 [54/240] [zodiac] 염소자리×乙酉(을유)
2026-03-07 19:21:59,562 [E-W0]   🎉 성공 (✅51 ❌3)
2026-03-07 19:22:09,579 [E-W0] 📌 [55/240] [tti] 개띠×辛酉(신유)
2026-03-07 19:22:26,274 [E-W0]   🎉 성공 (✅52 ❌3)
2026-03-07 19:22:35,274 [E-W0] 📌 [56/240] [zodiac] 물고기자리×庚子(경자)
2026-03-07 19:22:51,958 [E-W0]   🎉 성공 (✅53 ❌3)
2026-03-07 19:23:00,913 [E-W0] 📌 [57/240] [tti] 토끼띠×丙辰(병진)
2026-03-07 19:23:17,601 [E-W0]   🎉 성공 (✅54 ❌3)
2026-03-07 19:23:28,612 [E-W0] 📌 [58/240] [tti] 호랑이띠×壬寅(임인)
2026-03-07 19:23:45,308 [E-W0]   🎉 성공 (✅55 ❌3)
2026-03-07 19:23:56,052 [E-W0] 📌 [59/240] [tarot] 완드 9(upright)
2026-03-07 19:24:12,761 [E-W0]   🎉 성공 (✅56 ❌3)
2026-03-07 19:24:26,076 [E-W0] 📌 [60/240] [zodiac] 게자리×丙戌(병술)
2026-03-07 19:24:46,849 [E-W0]   🎉 성공 (✅57 ❌3)
2026-03-07 19:24:57,544 [E-W0] 📌 [61/240] [zodiac] 게자리×丙午(병오)
2026-03-07 19:25:14,223 [E-W0]   🎉 성공 (✅58 ❌3)
2026-03-07 19:25:23,415 [E-W0] 📌 [62/240] [zodiac] 처녀자리×甲辰(갑진)
2026-03-07 19:25:40,092 [E-W0]   🎉 성공 (✅59 ❌3)
2026-03-07 19:25:49,590 [E-W0] 📌 [63/240] [zodiac] 천칭자리×甲午(갑오)
2026-03-07 19:26:06,281 [E-W0]   🎉 성공 (✅60 ❌3)
2026-03-07 19:26:19,557 [E-W0] 📌 [64/240] [zodiac] 천칭자리×己卯(기묘)
2026-03-07 19:26:36,243 [E-W0]   🎉 성공 (✅61 ❌3)
2026-03-07 19:26:45,521 [E-W0] 📌 [65/240] [zodiac] 전갈자리×庚午(경오)
2026-03-07 19:27:02,211 [E-W0]   ❌ 에러: dict contains fields not in fieldnames: '텐션_level'
2026-03-07 19:27:07,820 [E-W0] 📌 [66/240] [tti] 양띠×庚戌(경술)
2026-03-07 19:27:24,525 [E-W0]   🎉 성공 (✅62 ❌4)
2026-03-07 19:27:35,200 [E-W0] 📌 [67/240] [tti] 말띠×辛巳(신사)
2026-03-07 19:27:51,886 [E-W0]   🎉 성공 (✅63 ❌4)
2026-03-07 19:28:01,429 [E-W0] 📌 [68/240] [tti] 호랑이띠×己酉(기유)
2026-03-07 19:28:18,116 [E-W0]   🎉 성공 (✅64 ❌4)
2026-03-07 19:28:28,413 [E-W0] 📌 [69/240] [tti] 양띠×壬子(임자)
2026-03-07 19:28:49,181 [E-W0]   🎉 성공 (✅65 ❌4)
2026-03-07 19:29:01,927 [E-W0] 📌 [70/240] [tti] 돼지띠×丙寅(병인)
2026-03-07 19:29:18,588 [E-W0]   🎉 성공 (✅66 ❌4)
2026-03-07 19:29:26,764 [E-W0] 📌 [71/240] [zodiac] 천칭자리×庚子(경자)
2026-03-07 19:29:43,447 [E-W0]   🎉 성공 (✅67 ❌4)
2026-03-07 19:29:53,264 [E-W0] 📌 [72/240] [tti] 뱀띠×己未(기미)
2026-03-07 19:30:09,938 [E-W0]   🎉 성공 (✅68 ❌4)
2026-03-07 19:30:19,784 [E-W0] 📌 [73/240] [tti] 닭띠×辛亥(신해)
2026-03-07 19:30:36,447 [E-W0]   🎉 성공 (✅69 ❌4)
2026-03-07 19:30:44,855 [E-W0] 📌 [74/240] [zodiac] 사자자리×壬申(임신)
2026-03-07 19:31:01,529 [E-W0]   🎉 성공 (✅70 ❌4)
2026-03-07 19:31:11,125 [E-W0] 📌 [75/240] [zodiac] 사수자리×壬戌(임술)
2026-03-07 19:31:27,801 [E-W0]   🎉 성공 (✅71 ❌4)
2026-03-07 19:31:42,441 [E-W0] 📌 [76/240] [zodiac] 양자리×辛未(신미)
2026-03-07 19:31:59,103 [E-W0]   🎉 성공 (✅72 ❌4)
2026-03-07 19:32:09,746 [E-W0] 📌 [77/240] [zodiac] 사자자리×丙午(병오)
2026-03-07 19:32:30,522 [E-W0]   🎉 성공 (✅73 ❌4)
2026-03-07 19:32:41,655 [E-W0] 📌 [78/240] [zodiac] 염소자리×癸卯(계묘)
2026-03-07 19:32:58,335 [E-W0]   🎉 성공 (✅74 ❌4)
2026-03-07 19:33:07,490 [E-W0] 📌 [79/240] [tti] 원숭이띠×乙丑(을축)
2026-03-07 19:33:24,181 [E-W0]   ❌ 에러: dict contains fields not in fieldnames: '텐션_level'
2026-03-07 19:33:29,509 [E-W0] 📌 [80/240] [tti] 돼지띠×甲午(갑오)
2026-03-07 19:33:46,225 [E-W0]   🎉 성공 (✅75 ❌5)
2026-03-07 19:33:54,693 [E-W0] 📌 [81/240] [tti] 양띠×癸丑(계축)
2026-03-07 19:34:11,379 [E-W0]   🎉 성공 (✅76 ❌5)
2026-03-07 19:34:25,764 [E-W0] 📌 [82/240] [zodiac] 사자자리×甲辰(갑진)
2026-03-07 19:34:42,467 [E-W0]   ❌ 에러: dict contains fields not in fieldnames: '텐션_level'
2026-03-07 19:34:47,845 [E-W0] 📌 [83/240] [zodiac] 천칭자리×丁酉(정유)
2026-03-07 19:35:04,551 [E-W0]   🎉 성공 (✅77 ❌6)
2026-03-07 19:35:14,588 [E-W0] 📌 [84/240] [tti] 토끼띠×壬子(임자)
2026-03-07 19:35:31,272 [E-W0]   🎉 성공 (✅78 ❌6)
2026-03-07 19:35:44,098 [E-W0] 📌 [85/240] [tti] 양띠×甲寅(갑인)
2026-03-07 19:36:00,788 [E-W0]   🎉 성공 (✅79 ❌6)
2026-03-07 19:36:10,703 [E-W0] 📌 [86/240] [zodiac] 양자리×辛丑(신축)
2026-03-07 19:36:27,395 [E-W0]   🎉 성공 (✅80 ❌6)
2026-03-07 19:36:39,371 [E-W0] 📌 [87/240] [tti] 뱀띠×戊寅(무인)
2026-03-07 19:37:00,149 [E-W0]   🎉 성공 (✅81 ❌6)
2026-03-07 19:37:09,548 [E-W0] 📌 [88/240] [zodiac] 처녀자리×壬子(임자)
2026-03-07 19:37:26,208 [E-W0]   🎉 성공 (✅82 ❌6)
2026-03-07 19:37:36,765 [E-W0] 📌 [89/240] [tti] 호랑이띠×戊寅(무인)
2026-03-07 19:37:53,429 [E-W0]   🎉 성공 (✅83 ❌6)
2026-03-07 19:38:05,706 [E-W0] 📌 [90/240] [zodiac] 물병자리×己酉(기유)
2026-03-07 19:38:22,365 [E-W0]   ❌ 에러: dict contains fields not in fieldnames: '텐션_level'
2026-03-07 19:38:27,697 [E-W0] 📌 [91/240] [zodiac] 사수자리×丙辰(병진)
2026-03-07 19:38:44,403 [E-W0]   🎉 성공 (✅84 ❌7)
2026-03-07 19:38:52,572 [E-W0] 📌 [92/240] [tti] 양띠×乙巳(을사)
2026-03-07 19:39:12,291 [E-W0]   🎉 성공 (✅85 ❌7)
2026-03-07 19:39:24,110 [E-W0] 📌 [93/240] [zodiac] 황소자리×己亥(기해)
2026-03-07 19:39:40,827 [E-W0]   🎉 성공 (✅86 ❌7)
2026-03-07 19:39:51,478 [E-W0] 📌 [94/240] [tti] 원숭이띠×乙巳(을사)
2026-03-07 19:40:08,192 [E-W0]   🎉 성공 (✅87 ❌7)
2026-03-07 19:40:21,061 [E-W0] 📌 [95/240] [zodiac] 게자리×甲申(갑신)
2026-03-07 19:40:37,809 [E-W0]   ❌ 에러: dict contains fields not in fieldnames: '텐션_level'
2026-03-07 19:40:43,177 [E-W0] 📌 [96/240] [zodiac] 황소자리×甲午(갑오)
2026-03-07 19:40:59,874 [E-W0]   🎉 성공 (✅88 ❌8)
2026-03-07 19:41:10,877 [E-W0] 📌 [97/240] [zodiac] 물고기자리×己丑(기축)
2026-03-07 19:41:31,684 [E-W0]   🎉 성공 (✅89 ❌8)
2026-03-07 19:41:43,477 [E-W0] 📌 [98/240] [zodiac] 쌍둥이자리×甲寅(갑인)
2026-03-07 19:42:00,153 [E-W0]   🎉 성공 (✅90 ❌8)
2026-03-07 19:42:13,446 [E-W0] 📌 [99/240] [zodiac] 처녀자리×庚午(경오)
2026-03-07 19:42:30,146 [E-W0]   🎉 성공 (✅91 ❌8)
2026-03-07 19:42:41,303 [E-W0] 📌 [100/240] [tti] 뱀띠×庚申(경신)
2026-03-07 19:42:57,991 [E-W0]   🎉 성공 (✅92 ❌8)
2026-03-07 19:43:08,365 [E-W0] 📌 [101/240] [zodiac] 처녀자리×乙丑(을축)
2026-03-07 19:43:25,042 [E-W0]   🎉 성공 (✅93 ❌8)
2026-03-07 19:43:36,619 [E-W0] 📌 [102/240] [tti] 말띠×己卯(기묘)
2026-03-07 19:43:53,304 [E-W0]   🎉 성공 (✅94 ❌8)
2026-03-07 19:44:02,366 [E-W0] 📌 [103/240] [tti] 원숭이띠×辛卯(신묘)
2026-03-07 19:44:19,053 [E-W0]   🎉 성공 (✅95 ❌8)
2026-03-07 19:44:30,511 [E-W0] 📌 [104/240] [zodiac] 처녀자리×壬辰(임진)
2026-03-07 19:44:47,224 [E-W0]   🎉 성공 (✅96 ❌8)
2026-03-07 19:44:59,253 [E-W0] 📌 [105/240] [tti] 뱀띠×庚辰(경진)
2026-03-07 19:45:20,028 [E-W0]   🎉 성공 (✅97 ❌8)
2026-03-07 19:45:29,557 [E-W0] 📌 [106/240] [tarot] 은둔자(upright)
2026-03-07 19:45:46,238 [E-W0]   🎉 성공 (✅98 ❌8)
2026-03-07 19:45:59,018 [E-W0] 📌 [107/240] [zodiac] 천칭자리×壬申(임신)
2026-03-07 19:46:15,698 [E-W0]   🎉 성공 (✅99 ❌8)
2026-03-07 19:46:26,049 [E-W0] 📌 [108/240] [tti] 개띠×庚子(경자)
2026-03-07 19:46:42,736 [E-W0]   🎉 성공 (✅100 ❌8)
2026-03-07 19:46:51,345 [E-W0] 📌 [109/240] [tti] 용띠×辛亥(신해)
2026-03-07 19:47:08,040 [E-W0]   🎉 성공 (✅101 ❌8)
2026-03-07 19:47:17,117 [E-W0] 📌 [110/240] [tti] 용띠×戊子(무자)
2026-03-07 19:47:33,795 [E-W0]   ❌ 에러: dict contains fields not in fieldnames: '텐션_level'
2026-03-07 19:47:39,884 [E-W0] 📌 [111/240] [tti] 말띠×丁卯(정묘)
2026-03-07 19:47:56,585 [E-W0]   🎉 성공 (✅102 ❌9)
2026-03-07 19:48:07,731 [E-W0] 📌 [112/240] [zodiac] 사자자리×丁卯(정묘)
2026-03-07 19:48:24,419 [E-W0]   🎉 성공 (✅103 ❌9)
2026-03-07 19:48:34,198 [E-W0] 📌 [113/240] [zodiac] 쌍둥이자리×癸未(계미)
2026-03-07 19:48:50,893 [E-W0]   🎉 성공 (✅104 ❌9)
2026-03-07 19:49:02,621 [E-W0] 📌 [114/240] [tti] 양띠×戊寅(무인)
2026-03-07 19:49:23,389 [E-W0]   🎉 성공 (✅105 ❌9)
2026-03-07 19:49:31,779 [E-W0] 📌 [115/240] [tti] 돼지띠×癸卯(계묘)
2026-03-07 19:49:48,444 [E-W0]   🎉 성공 (✅106 ❌9)
2026-03-07 19:50:02,350 [E-W0] 📌 [116/240] [zodiac] 물병자리×壬子(임자)
2026-03-07 19:50:19,018 [E-W0]   ❌ 에러: dict contains fields not in fieldnames: '텐션_level'
2026-03-07 19:50:24,345 [E-W0] 📌 [117/240] [tti] 용띠×乙丑(을축)
2026-03-07 19:50:41,030 [E-W0]   🎉 성공 (✅107 ❌10)
2026-03-07 19:50:54,500 [E-W0] 📌 [118/240] [zodiac] 양자리×戊子(무자)
2026-03-07 19:51:11,160 [E-W0]   🎉 성공 (✅108 ❌10)
2026-03-07 19:51:23,971 [E-W0] 📌 [119/240] [tti] 양띠×辛酉(신유)
2026-03-07 19:51:40,638 [E-W0]   🎉 성공 (✅109 ❌10)
2026-03-07 19:51:51,578 [E-W0] 📌 [120/240] [zodiac] 처녀자리×乙亥(을해)
2026-03-07 19:52:08,249 [E-W0]   🎉 성공 (✅110 ❌10)
2026-03-07 19:52:18,488 [E-W0] 📌 [121/240] [tti] 호랑이띠×庚子(경자)
2026-03-07 19:52:35,168 [E-W0]   ❌ 에러: dict contains fields not in fieldnames: '텐션_level'
2026-03-07 19:52:40,516 [E-W0] 📌 [122/240] [tti] 말띠×丙申(병신)
2026-03-07 19:52:57,202 [E-W0]   🎉 성공 (✅111 ❌11)
2026-03-07 19:53:05,694 [E-W0] 📌 [123/240] [zodiac] 염소자리×辛卯(신묘)
2026-03-07 19:53:22,356 [E-W0]   🎉 성공 (✅112 ❌11)
2026-03-07 19:53:31,770 [E-W0] 📌 [124/240] [zodiac] 사수자리×癸巳(계사)
2026-03-07 19:53:52,544 [E-W0]   🎉 성공 (✅113 ❌11)
2026-03-07 19:54:01,615 [E-W0] 📌 [125/240] [tti] 개띠×己卯(기묘)
2026-03-07 19:54:18,278 [E-W0]   🎉 성공 (✅114 ❌11)
2026-03-07 19:54:27,443 [E-W0] 📌 [126/240] [tti] 소띠×癸亥(계해)
2026-03-07 19:54:44,094 [E-W0]   🎉 성공 (✅115 ❌11)
2026-03-07 19:54:57,839 [E-W0] 📌 [127/240] [zodiac] 전갈자리×庚戌(경술)
2026-03-07 19:55:14,525 [E-W0]   ❌ 에러: dict contains fields not in fieldnames: '텐션_level'
2026-03-07 19:55:19,831 [E-W0] 📌 [128/240] [zodiac] 물병자리×丁巳(정사)
2026-03-07 19:55:36,553 [E-W0]   🎉 성공 (✅116 ❌12)
2026-03-07 19:55:50,903 [E-W0] 📌 [129/240] [tarot] 힘(reversed)
2026-03-07 19:56:07,605 [E-W0]   🎉 성공 (✅117 ❌12)
2026-03-07 19:56:21,220 [E-W0] 📌 [130/240] [zodiac] 황소자리×乙亥(을해)
2026-03-07 19:56:37,908 [E-W0]   🎉 성공 (✅118 ❌12)
2026-03-07 19:56:51,386 [E-W0] 📌 [131/240] [zodiac] 게자리×癸亥(계해)
2026-03-07 19:57:17,129 [E-W0]   🎉 성공 (✅119 ❌12)
2026-03-07 19:57:30,375 [E-W0] 📌 [132/240] [tti] 소띠×乙未(을미)
2026-03-07 19:57:47,069 [E-W0]   ❌ 에러: dict contains fields not in fieldnames: '텐션_level'
2026-03-07 19:57:58,683 [E-W0] 📌 [133/240] [tti] 돼지띠×壬子(임자)
2026-03-07 19:58:15,388 [E-W0]   🎉 성공 (✅120 ❌13)
2026-03-07 19:58:27,980 [E-W0] 📌 [134/240] [zodiac] 물고기자리×丁巳(정사)
2026-03-07 19:58:48,783 [E-W0]   🎉 성공 (✅121 ❌13)
2026-03-07 19:58:59,891 [E-W0] 📌 [135/240] [tarot] 소드 2(upright)
2026-03-07 19:59:16,611 [E-W0]   🎉 성공 (✅122 ❌13)
2026-03-07 19:59:26,435 [E-W0] 📌 [136/240] [tarot] 완드 여왕(reversed)
2026-03-07 19:59:43,131 [E-W0]   🎉 성공 (✅123 ❌13)
2026-03-07 19:59:52,623 [E-W0] 📌 [137/240] [zodiac] 천칭자리×辛亥(신해)
2026-03-07 20:00:09,316 [E-W0]   🎉 성공 (✅124 ❌13)
2026-03-07 20:00:24,054 [E-W0] 📌 [138/240] [tti] 개띠×癸巳(계사)
2026-03-07 20:00:40,748 [E-W0]   ❌ 에러: dict contains fields not in fieldnames: '텐션_level'
2026-03-07 20:00:46,098 [E-W0] 📌 [139/240] [tti] 개띠×甲戌(갑술)
2026-03-07 20:01:02,812 [E-W0]   🎉 성공 (✅125 ❌14)
2026-03-07 20:01:15,171 [E-W0] 📌 [140/240] [tti] 원숭이띠×丙辰(병진)
2026-03-07 20:01:31,853 [E-W0]   🎉 성공 (✅126 ❌14)
2026-03-07 20:01:43,422 [E-W0] 📌 [141/240] [tti] 쥐띠×丙申(병신)
2026-03-07 20:02:00,102 [E-W0]   🎉 성공 (✅127 ❌14)
2026-03-07 20:02:09,846 [E-W0] 📌 [142/240] [tti] 말띠×甲午(갑오)
2026-03-07 20:02:26,539 [E-W0]   🎉 성공 (✅128 ❌14)
2026-03-07 20:02:34,861 [E-W0] 📌 [143/240] [zodiac] 쌍둥이자리×壬午(임오)
2026-03-07 20:02:55,651 [E-W0]   🎉 성공 (✅129 ❌14)
2026-03-07 20:03:08,082 [E-W0] 📌 [144/240] [tti] 호랑이띠×乙丑(을축)
2026-03-07 20:03:24,757 [E-W0]   🎉 성공 (✅130 ❌14)
2026-03-07 20:03:34,469 [E-W0] 📌 [145/240] [tti] 개띠×己酉(기유)
2026-03-07 20:03:51,136 [E-W0]   🎉 성공 (✅131 ❌14)
2026-03-07 20:04:06,098 [E-W0] 📌 [146/240] [tti] 원숭이띠×庚子(경자)
2026-03-07 20:04:22,797 [E-W0]   ❌ 에러: dict contains fields not in fieldnames: '텐션_level'
2026-03-07 20:04:28,102 [E-W0] 📌 [147/240] [tti] 돼지띠×辛酉(신유)
2026-03-07 20:04:44,808 [E-W0]   🎉 성공 (✅132 ❌15)
2026-03-07 20:04:57,246 [E-W0] 📌 [148/240] [tti] 호랑이띠×己亥(기해)
2026-03-07 20:05:13,915 [E-W0]   🎉 성공 (✅133 ❌15)
2026-03-07 20:05:26,911 [E-W0] 📌 [149/240] [zodiac] 전갈자리×壬辰(임진)
2026-03-07 20:05:43,574 [E-W0]   🎉 성공 (✅134 ❌15)
2026-03-07 20:05:58,324 [E-W0] 📌 [150/240] [tti] 소띠×丙戌(병술)
2026-03-07 20:06:14,996 [E-W0]   🎉 성공 (✅135 ❌15)
2026-03-07 20:06:25,019 [E-W0] 📌 [151/240] [zodiac] 황소자리×己巳(기사)
2026-03-07 20:06:41,706 [E-W0]   🎉 성공 (✅136 ❌15)
2026-03-07 20:06:50,932 [E-W0] 📌 [152/240] [tti] 양띠×丙寅(병인)
2026-03-07 20:07:11,687 [E-W0]   🎉 성공 (✅137 ❌15)
2026-03-07 20:07:26,614 [E-W0] 📌 [153/240] [zodiac] 처녀자리×甲申(갑신)
2026-03-07 20:07:43,269 [E-W0]   🎉 성공 (✅138 ❌15)
2026-03-07 20:07:57,534 [E-W0] 📌 [154/240] [tarot] 컵 5(upright)
2026-03-07 20:08:14,197 [E-W0]   🎉 성공 (✅139 ❌15)
2026-03-07 20:08:25,724 [E-W0] 📌 [155/240] [tti] 닭띠×甲寅(갑인)
2026-03-07 20:08:42,390 [E-W0]   🎉 성공 (✅140 ❌15)
2026-03-07 20:08:55,882 [E-W0] 📌 [156/240] [tti] 토끼띠×庚寅(경인)
2026-03-07 20:09:12,558 [E-W0]   🎉 성공 (✅141 ❌15)
2026-03-07 20:09:20,870 [E-W0] 📌 [157/240] [zodiac] 양자리×甲戌(갑술)
2026-03-07 20:09:37,544 [E-W0]   🎉 성공 (✅142 ❌15)
2026-03-07 20:09:46,317 [E-W0] 📌 [158/240] [tti] 용띠×戊申(무신)
2026-03-07 20:10:02,991 [E-W0]   🎉 성공 (✅143 ❌15)
2026-03-07 20:10:11,153 [E-W0] 📌 [159/240] [zodiac] 쌍둥이자리×庚寅(경인)
2026-03-07 20:10:27,826 [E-W0]   🎉 성공 (✅144 ❌15)
2026-03-07 20:10:40,086 [E-W0] 📌 [160/240] [zodiac] 천칭자리×丁亥(정해)
2026-03-07 20:11:00,881 [E-W0]   🎉 성공 (✅145 ❌15)
2026-03-07 20:11:09,188 [E-W0] 📌 [161/240] [tti] 뱀띠×戊戌(무술)
2026-03-07 20:11:25,862 [E-W0]   🎉 성공 (✅146 ❌15)
2026-03-07 20:11:38,747 [E-W0] 📌 [162/240] [zodiac] 쌍둥이자리×癸丑(계축)
2026-03-07 20:11:55,436 [E-W0]   🎉 성공 (✅147 ❌15)
2026-03-07 20:12:10,047 [E-W0] 📌 [163/240] [tti] 원숭이띠×戊辰(무진)
2026-03-07 20:12:26,736 [E-W0]   🎉 성공 (✅148 ❌15)
2026-03-07 20:12:36,159 [E-W0] 📌 [164/240] [tti] 토끼띠×乙亥(을해)
2026-03-07 20:12:52,847 [E-W0]   🎉 성공 (✅149 ❌15)
2026-03-07 20:13:05,927 [E-W0] 📌 [165/240] [tarot] 컵 4(reversed)
2026-03-07 20:13:22,615 [E-W0]   🎉 성공 (✅150 ❌15)
2026-03-07 20:13:34,799 [E-W0] 📌 [166/240] [tti] 호랑이띠×乙亥(을해)
2026-03-07 20:13:51,505 [E-W0]   🎉 성공 (✅151 ❌15)
2026-03-07 20:14:05,285 [E-W0] 📌 [167/240] [zodiac] 쌍둥이자리×癸亥(계해)
2026-03-07 20:14:21,984 [E-W0]   🎉 성공 (✅152 ❌15)
2026-03-07 20:14:30,635 [E-W0] 📌 [168/240] [tti] 호랑이띠×戊午(무오)
2026-03-07 20:14:51,417 [E-W0]   🎉 성공 (✅153 ❌15)
2026-03-07 20:15:01,578 [E-W0] 📌 [169/240] [tti] 뱀띠×辛亥(신해)
2026-03-07 20:15:18,236 [E-W0]   🎉 성공 (✅154 ❌15)
2026-03-07 20:15:26,994 [E-W0] 📌 [170/240] [zodiac] 물병자리×丙戌(병술)
2026-03-07 20:15:46,686 [E-W0]   🎉 성공 (✅155 ❌15)
2026-03-07 20:15:54,815 [E-W0] 📌 [171/240] [tti] 용띠×乙亥(을해)
2026-03-07 20:16:11,474 [E-W0]   🎉 성공 (✅156 ❌15)
2026-03-07 20:16:21,886 [E-W0] 📌 [172/240] [tti] 개띠×戊寅(무인)
2026-03-07 20:16:38,555 [E-W0]   🎉 성공 (✅157 ❌15)
2026-03-07 20:16:52,777 [E-W0] 📌 [173/240] [zodiac] 염소자리×己亥(기해)
2026-03-07 20:17:09,438 [E-W0]   🎉 성공 (✅158 ❌15)
2026-03-07 20:17:18,937 [E-W0] 📌 [174/240] [tti] 토끼띠×甲戌(갑술)
2026-03-07 20:17:35,611 [E-W0]   🎉 성공 (✅159 ❌15)
2026-03-07 20:17:50,378 [E-W0] 📌 [175/240] [tarot] 악마(reversed)
2026-03-07 20:18:07,082 [E-W0]   🎉 성공 (✅160 ❌15)
2026-03-07 20:18:21,483 [E-W0] 📌 [176/240] [tti] 닭띠×丙戌(병술)
2026-03-07 20:18:42,225 [E-W0]   🎉 성공 (✅161 ❌15)
2026-03-07 20:18:50,291 [E-W0] 📌 [177/240] [zodiac] 양자리×戊午(무오)
2026-03-07 20:19:06,999 [E-W0]   🎉 성공 (✅162 ❌15)
2026-03-07 20:19:21,078 [E-W0] 📌 [178/240] [zodiac] 물병자리×己巳(기사)
2026-03-07 20:19:37,756 [E-W0]   🎉 성공 (✅163 ❌15)
2026-03-07 20:19:48,412 [E-W0] 📌 [179/240] [tti] 용띠×乙巳(을사)
2026-03-07 20:20:05,106 [E-W0]   🎉 성공 (✅164 ❌15)
2026-03-07 20:20:15,403 [E-W0] 📌 [180/240] [tti] 쥐띠×庚申(경신)
2026-03-07 20:20:32,102 [E-W0]   🎉 성공 (✅165 ❌15)
2026-03-07 20:20:41,816 [E-W0] 📌 [181/240] [zodiac] 처녀자리×己丑(기축)
2026-03-07 20:20:58,502 [E-W0]   ❌ 에러: dict contains fields not in fieldnames: '텐션_level'
2026-03-07 20:21:04,798 [E-W0] 📌 [182/240] [zodiac] 물고기자리×壬寅(임인)
2026-03-07 20:21:21,480 [E-W0]   🎉 성공 (✅166 ❌16)
2026-03-07 20:21:32,711 [E-W0] 📌 [183/240] [tti] 호랑이띠×甲申(갑신)
2026-03-07 20:21:49,375 [E-W0]   🎉 성공 (✅167 ❌16)
2026-03-07 20:22:02,758 [E-W0] 📌 [184/240] [zodiac] 전갈자리×癸酉(계유)
2026-03-07 20:22:19,422 [E-W0]   🎉 성공 (✅168 ❌16)
2026-03-07 20:22:30,235 [E-W0] 📌 [185/240] [zodiac] 사자자리×己酉(기유)
2026-03-07 20:22:51,023 [E-W0]   🎉 성공 (✅169 ❌16)
2026-03-07 20:23:03,739 [E-W0] 📌 [186/240] [tti] 호랑이띠×丁未(정미)
2026-03-07 20:23:20,444 [E-W0]   🎉 성공 (✅170 ❌16)
2026-03-07 20:23:31,620 [E-W0] 📌 [187/240] [zodiac] 사자자리×己未(기미)
2026-03-07 20:23:48,285 [E-W0]   🎉 성공 (✅171 ❌16)
2026-03-07 20:24:00,972 [E-W0] 📌 [188/240] [tti] 말띠×庚子(경자)
2026-03-07 20:24:17,640 [E-W0]   🎉 성공 (✅172 ❌16)
2026-03-07 20:24:30,161 [E-W0] 📌 [189/240] [tti] 토끼띠×乙未(을미)
2026-03-07 20:24:46,842 [E-W0]   🎉 성공 (✅173 ❌16)
2026-03-07 20:24:56,168 [E-W0] 📌 [190/240] [zodiac] 천칭자리×戊戌(무술)
2026-03-07 20:25:12,870 [E-W0]   🎉 성공 (✅174 ❌16)
2026-03-07 20:25:24,400 [E-W0] 📌 [191/240] [zodiac] 물고기자리×丙午(병오)
2026-03-07 20:25:41,088 [E-W0]   🎉 성공 (✅175 ❌16)
2026-03-07 20:25:55,883 [E-W0] 📌 [192/240] [tti] 양띠×乙酉(을유)
2026-03-07 20:26:12,574 [E-W0]   🎉 성공 (✅176 ❌16)
2026-03-07 20:26:23,989 [E-W0] 📌 [193/240] [tti] 호랑이띠×乙未(을미)
2026-03-07 20:26:44,763 [E-W0]   🎉 성공 (✅177 ❌16)
2026-03-07 20:26:53,953 [E-W0] 📌 [194/240] [zodiac] 양자리×壬申(임신)
2026-03-07 20:27:10,604 [E-W0]   🎉 성공 (✅178 ❌16)
2026-03-07 20:27:20,416 [E-W0] 📌 [195/240] [zodiac] 전갈자리×癸亥(계해)
2026-03-07 20:27:37,073 [E-W0]   🎉 성공 (✅179 ❌16)
2026-03-07 20:27:46,223 [E-W0] 📌 [196/240] [zodiac] 황소자리×戊子(무자)
2026-03-07 20:28:02,885 [E-W0]   🎉 성공 (✅180 ❌16)
2026-03-07 20:28:11,597 [E-W0] 📌 [197/240] [tti] 소띠×庚午(경오)
2026-03-07 20:28:28,258 [E-W0]   🎉 성공 (✅181 ❌16)
2026-03-07 20:28:41,781 [E-W0] 📌 [198/240] [tti] 개띠×己丑(기축)
2026-03-07 20:28:58,452 [E-W0]   🎉 성공 (✅182 ❌16)
2026-03-07 20:29:08,606 [E-W0] 📌 [199/240] [tti] 양띠×辛巳(신사)
2026-03-07 20:29:25,282 [E-W0]   🎉 성공 (✅183 ❌16)
2026-03-07 20:29:36,086 [E-W0] 📌 [200/240] [zodiac] 황소자리×丙午(병오)
2026-03-07 20:29:52,774 [E-W0]   🎉 성공 (✅184 ❌16)
2026-03-07 20:30:03,183 [E-W0] 📌 [201/240] [zodiac] 사수자리×甲午(갑오)
2026-03-07 20:30:23,972 [E-W0]   🎉 성공 (✅185 ❌16)
2026-03-07 20:30:33,054 [E-W0] 📌 [202/240] [zodiac] 사자자리×乙丑(을축)
2026-03-07 20:30:49,737 [E-W0]   🎉 성공 (✅186 ❌16)
2026-03-07 20:30:58,941 [E-W0] 📌 [203/240] [zodiac] 처녀자리×丙寅(병인)
2026-03-07 20:31:15,627 [E-W0]   🎉 성공 (✅187 ❌16)
2026-03-07 20:31:27,816 [E-W0] 📌 [204/240] [tti] 돼지띠×丙申(병신)
2026-03-07 20:31:44,506 [E-W0]   🎉 성공 (✅188 ❌16)
2026-03-07 20:31:56,451 [E-W0] 📌 [205/240] [zodiac] 물고기자리×丙子(병자)
2026-03-07 20:32:13,127 [E-W0]   🎉 성공 (✅189 ❌16)
2026-03-07 20:32:27,662 [E-W0] 📌 [206/240] [zodiac] 염소자리×癸巳(계사)
2026-03-07 20:32:44,349 [E-W0]   ❌ 에러: dict contains fields not in fieldnames: '텐션_level'
2026-03-07 20:32:49,692 [E-W0] 📌 [207/240] [tti] 양띠×己亥(기해)
2026-03-07 20:33:06,397 [E-W0]   🎉 성공 (✅190 ❌17)
2026-03-07 20:33:16,437 [E-W0] 📌 [208/240] [tti] 개띠×己未(기미)
2026-03-07 20:33:33,127 [E-W0]   🎉 성공 (✅191 ❌17)
2026-03-07 20:33:42,444 [E-W0] 📌 [209/240] [zodiac] 사자자리×癸巳(계사)
2026-03-07 20:33:59,126 [E-W0]   🎉 성공 (✅192 ❌17)
2026-03-07 20:34:11,298 [E-W0] 📌 [210/240] [tti] 돼지띠×辛未(신미)
2026-03-07 20:34:32,107 [E-W0]   🎉 성공 (✅193 ❌17)
2026-03-07 20:34:46,359 [E-W0] 📌 [211/240] [tti] 용띠×辛巳(신사)
2026-03-07 20:35:03,041 [E-W0]   🎉 성공 (✅194 ❌17)
2026-03-07 20:35:12,887 [E-W0] 📌 [212/240] [tti] 용띠×甲子(갑자)
2026-03-07 20:35:29,566 [E-W0]   🎉 성공 (✅195 ❌17)
2026-03-07 20:35:41,834 [E-W0] 📌 [213/240] [tti] 닭띠×庚寅(경인)
2026-03-07 20:36:04,562 [E-W0]   🎉 성공 (✅196 ❌17)
2026-03-07 20:36:13,483 [E-W0] 📌 [214/240] [tti] 양띠×己巳(기사)
2026-03-07 20:36:30,195 [E-W0]   🎉 성공 (✅197 ❌17)
2026-03-07 20:36:39,103 [E-W0] 📌 [215/240] [tti] 토끼띠×庚子(경자)
2026-03-07 20:36:55,790 [E-W0]   🎉 성공 (✅198 ❌17)
2026-03-07 20:37:07,579 [E-W0] 📌 [216/240] [zodiac] 염소자리×壬辰(임진)
2026-03-07 20:37:24,283 [E-W0]   🎉 성공 (✅199 ❌17)
2026-03-07 20:37:37,733 [E-W0] 📌 [217/240] [tti] 말띠×壬寅(임인)
2026-03-07 20:37:54,439 [E-W0]   🎉 성공 (✅200 ❌17)
2026-03-07 20:38:06,539 [E-W0] 📌 [218/240] [zodiac] 천칭자리×戊午(무오)
2026-03-07 20:38:27,294 [E-W0]   🎉 성공 (✅201 ❌17)
2026-03-07 20:38:40,454 [E-W0] 📌 [219/240] [tti] 호랑이띠×辛丑(신축)
2026-03-07 20:38:57,128 [E-W0]   🎉 성공 (✅202 ❌17)
2026-03-07 20:39:09,193 [E-W0] 📌 [220/240] [tti] 쥐띠×甲戌(갑술)
2026-03-07 20:39:25,867 [E-W0]   🎉 성공 (✅203 ❌17)
2026-03-07 20:39:35,085 [E-W0] 📌 [221/240] [tarot] 교황(reversed)
2026-03-07 20:39:51,783 [E-W0]   🎉 성공 (✅204 ❌17)
2026-03-07 20:40:04,658 [E-W0] 📌 [222/240] [tti] 닭띠×甲申(갑신)
2026-03-07 20:40:21,340 [E-W0]   🎉 성공 (✅205 ❌17)
2026-03-07 20:40:32,613 [E-W0] 📌 [223/240] [zodiac] 게자리×甲午(갑오)
2026-03-07 20:40:49,293 [E-W0]   🎉 성공 (✅206 ❌17)
2026-03-07 20:41:02,564 [E-W0] 📌 [224/240] [zodiac] 사수자리×庚辰(경진)
2026-03-07 20:41:19,265 [E-W0]   🎉 성공 (✅207 ❌17)
2026-03-07 20:41:30,101 [E-W0] 📌 [225/240] [zodiac] 쌍둥이자리×庚子(경자)
2026-03-07 20:41:46,799 [E-W0]   🎉 성공 (✅208 ❌17)
2026-03-07 20:41:58,697 [E-W0] 📌 [226/240] [tti] 원숭이띠×己未(기미)
2026-03-07 20:42:19,475 [E-W0]   🎉 성공 (✅209 ❌17)
2026-03-07 20:42:30,761 [E-W0] 📌 [227/240] [zodiac] 물고기자리×辛卯(신묘)
2026-03-07 20:42:47,442 [E-W0]   🎉 성공 (✅210 ❌17)
2026-03-07 20:43:00,167 [E-W0] 📌 [228/240] [zodiac] 사수자리×丙午(병오)
2026-03-07 20:43:16,853 [E-W0]   🎉 성공 (✅211 ❌17)
2026-03-07 20:43:27,136 [E-W0] 📌 [229/240] [tti] 원숭이띠×辛酉(신유)
2026-03-07 20:43:43,818 [E-W0]   🎉 성공 (✅212 ❌17)
2026-03-07 20:43:56,712 [E-W0] 📌 [230/240] [zodiac] 물고기자리×庚戌(경술)
2026-03-07 20:44:13,399 [E-W0]   🎉 성공 (✅213 ❌17)
2026-03-07 20:44:21,933 [E-W0] 📌 [231/240] [zodiac] 사자자리×癸未(계미)
2026-03-07 20:44:38,622 [E-W0]   🎉 성공 (✅214 ❌17)
2026-03-07 20:44:49,929 [E-W0] 📌 [232/240] [zodiac] 염소자리×丁亥(정해)
2026-03-07 20:45:06,609 [E-W0]   🎉 성공 (✅215 ❌17)
2026-03-07 20:45:17,218 [E-W0] 📌 [233/240] [tti] 닭띠×丁巳(정사)
2026-03-07 20:45:33,901 [E-W0]   🎉 성공 (✅216 ❌17)
2026-03-07 20:45:43,132 [E-W0] 📌 [234/240] [tti] 돼지띠×丁未(정미)
2026-03-07 20:46:03,894 [E-W0]   🎉 성공 (✅217 ❌17)
2026-03-07 20:46:15,067 [E-W0] 📌 [235/240] [tti] 말띠×庚午(경오)
2026-03-07 20:46:31,763 [E-W0]   🎉 성공 (✅218 ❌17)
2026-03-07 20:46:42,249 [E-W0] 📌 [236/240] [zodiac] 물고기자리×甲午(갑오)
2026-03-07 20:46:58,924 [E-W0]   🎉 성공 (✅219 ❌17)
2026-03-07 20:47:10,770 [E-W0] 📌 [237/240] [tti] 호랑이띠×甲午(갑오)
2026-03-07 20:47:27,458 [E-W0]   🎉 성공 (✅220 ❌17)
2026-03-07 20:47:40,392 [E-W0] 📌 [238/240] [zodiac] 물고기자리×癸巳(계사)
2026-03-07 20:47:57,087 [E-W0]   🎉 성공 (✅221 ❌17)
2026-03-07 20:48:06,293 [E-W0] 📌 [239/240] [zodiac] 물병자리×壬寅(임인)
2026-03-07 20:48:22,984 [E-W0]   🎉 성공 (✅222 ❌17)
2026-03-07 20:48:33,071 [E-W0] 📌 [240/240] [tti] 용띠×癸巳(계사)
2026-03-07 20:48:49,755 [E-W0]   🎉 성공 (✅223 ❌17)
2026-03-07 20:49:02,729 [E-W0] 🏁 워커 0 종료: ✅223 ❌17
2026-03-08 07:30:10,855 [E-W0] 🏁 워커 0 시작! 할당: 15개
2026-03-08 07:30:10,856 [E-W0] 🚀 크롬 초기화...
2026-03-08 07:30:24,409 [E-W0] 📌 [1/15] [zodiac] 전갈자리×庚午(경오)
2026-03-08 07:30:41,404 [E-W0]   🎉 성공 (✅1 ❌0)
2026-03-08 07:30:52,636 [E-W0] 📌 [2/15] [zodiac] 염소자리×癸酉(계유)
2026-03-08 07:31:09,433 [E-W0]   🎉 성공 (✅2 ❌0)
2026-03-08 07:31:22,075 [E-W0] 📌 [3/15] [tti] 소띠×乙未(을미)
2026-03-08 07:31:38,797 [E-W0]   🎉 성공 (✅3 ❌0)
2026-03-08 07:31:47,642 [E-W0] 📌 [4/15] [zodiac] 염소자리×丁巳(정사)
2026-03-08 07:32:04,401 [E-W0]   🎉 성공 (✅4 ❌0)
2026-03-08 07:32:16,629 [E-W0] 📌 [5/15] [zodiac] 전갈자리×癸丑(계축)
2026-03-08 07:32:33,335 [E-W0]   🎉 성공 (✅5 ❌0)
2026-03-08 07:32:44,327 [E-W0] 📌 [6/15] [tti] 양띠×丙申(병신)
2026-03-08 07:33:01,046 [E-W0]   🎉 성공 (✅6 ❌0)
2026-03-08 07:33:11,124 [E-W0] 📌 [7/15] [zodiac] 염소자리×庚戌(경술)
2026-03-08 07:33:27,832 [E-W0]   🎉 성공 (✅7 ❌0)
2026-03-08 07:33:37,681 [E-W0] 📌 [8/15] [tti] 돼지띠×丙辰(병진)
2026-03-08 07:33:54,414 [E-W0]   🎉 성공 (✅8 ❌0)
2026-03-08 07:34:07,369 [E-W0] 📌 [9/15] [tti] 개띠×癸巳(계사)
2026-03-08 07:34:28,978 [E-W0]   🎉 성공 (✅9 ❌0)
2026-03-08 07:34:38,471 [E-W0] 📌 [10/15] [zodiac] 사자자리×甲辰(갑진)
2026-03-08 07:34:55,178 [E-W0]   🎉 성공 (✅10 ❌0)
2026-03-08 07:35:04,264 [E-W0] 📌 [11/15] [tti] 뱀띠×辛卯(신묘)
2026-03-08 07:35:20,957 [E-W0]   🎉 성공 (✅11 ❌0)
2026-03-08 07:35:35,945 [E-W0] 📌 [12/15] [tti] 원숭이띠×庚子(경자)
2026-03-08 07:35:52,642 [E-W0]   🎉 성공 (✅12 ❌0)
2026-03-08 07:36:02,943 [E-W0] 📌 [13/15] [tti] 양띠×丁丑(정축)
2026-03-08 07:36:19,638 [E-W0]   ❌ 에러: dict contains fields not in fieldnames: '텐션_level'
2026-03-08 07:36:25,867 [E-W0] 📌 [14/15] [tti] 토끼띠×壬辰(임진)
2026-03-08 07:36:42,587 [E-W0]   🎉 성공 (✅13 ❌1)
2026-03-08 07:36:51,938 [E-W0] 📌 [15/15] [zodiac] 물병자리×壬子(임자)
2026-03-08 07:37:08,608 [E-W0]   🎉 성공 (✅14 ❌1)
2026-03-08 07:37:18,398 [E-W0] 🏁 워커 0 종료: ✅14 ❌1
