2026-03-07 10:55:35,838 [E-W2] 🏁 워커 2 시작! 할당: 532개
2026-03-07 10:55:55,839 [E-W2] 🚀 크롬 초기화...
2026-03-07 10:56:06,582 [E-W2] 📌 [1/532] [zodiac] 양자리×戊寅(무인)
2026-03-07 10:56:23,354 [E-W2]   🎉 성공 (✅1 ❌0)
2026-03-07 10:56:33,885 [E-W2] 📌 [2/532] [tarot] 마법사(upright)
2026-03-07 10:56:50,613 [E-W2]   🎉 성공 (✅2 ❌0)
2026-03-07 10:57:02,961 [E-W2] 📌 [3/532] [tti] 토끼띠×壬寅(임인)
2026-03-07 10:57:19,681 [E-W2]   🎉 성공 (✅3 ❌0)
2026-03-07 10:57:34,720 [E-W2] 📌 [4/532] [zodiac] 염소자리×甲子(갑자)
2026-03-07 10:57:51,461 [E-W2]   🎉 성공 (✅4 ❌0)
2026-03-07 10:58:04,599 [E-W2] 📌 [5/532] [tti] 원숭이띠×辛丑(신축)
2026-03-07 10:58:21,390 [E-W2]   ❌ 에러: dict contains fields not in fieldnames: '텐션_level'
2026-03-07 10:58:27,270 [E-W2] 📌 [6/532] [tti] 닭띠×己卯(기묘)
2026-03-07 10:58:44,078 [E-W2]   🎉 성공 (✅5 ❌1)
2026-03-07 10:58:54,927 [E-W2] 📌 [7/532] [zodiac] 황소자리×癸酉(계유)
2026-03-07 10:59:11,680 [E-W2]   🎉 성공 (✅6 ❌1)
2026-03-07 10:59:24,266 [E-W2] 📌 [8/532] [zodiac] 사수자리×庚戌(경술)
2026-03-07 10:59:41,028 [E-W2]   ❌ 에러: dict contains fields not in fieldnames: '텐션_level'
2026-03-07 10:59:46,368 [E-W2] 📌 [9/532] [tti] 호랑이띠×癸卯(계묘)
2026-03-07 11:00:03,101 [E-W2]   🎉 성공 (✅7 ❌2)
2026-03-07 11:00:14,159 [E-W2] 📌 [10/532] [tti] 호랑이띠×壬申(임신)
2026-03-07 11:00:30,875 [E-W2]   🎉 성공 (✅8 ❌2)
2026-03-07 11:00:44,584 [E-W2] 📌 [11/532] [tti] 개띠×甲寅(갑인)
2026-03-07 11:01:05,432 [E-W2]   🎉 성공 (✅9 ❌2)
2026-03-07 11:01:19,439 [E-W2] 📌 [12/532] [tti] 호랑이띠×庚申(경신)
2026-03-07 11:01:36,200 [E-W2]   🎉 성공 (✅10 ❌2)
2026-03-07 11:01:52,618 [E-W2] 📌 [13/532] [tti] 토끼띠×甲午(갑오)
2026-03-07 11:02:09,330 [E-W2]   🎉 성공 (✅11 ❌2)
2026-03-07 11:02:25,522 [E-W2] 📌 [14/532] [zodiac] 사수자리×癸酉(계유)
2026-03-07 11:02:42,229 [E-W2]   🎉 성공 (✅12 ❌2)
2026-03-07 11:02:57,013 [E-W2] 📌 [15/532] [zodiac] 처녀자리×丙戌(병술)
2026-03-07 11:03:13,833 [E-W2]   🎉 성공 (✅13 ❌2)
2026-03-07 11:03:26,217 [E-W2] 📌 [16/532] [zodiac] 사자자리×丙子(병자)
2026-03-07 11:03:42,974 [E-W2]   🎉 성공 (✅14 ❌2)
2026-03-07 11:03:55,339 [E-W2] 📌 [17/532] [tti] 개띠×丁亥(정해)
2026-03-07 11:04:12,070 [E-W2]   🎉 성공 (✅15 ❌2)
2026-03-07 11:04:23,301 [E-W2] 📌 [18/532] [tti] 돼지띠×癸酉(계유)
2026-03-07 11:04:40,045 [E-W2]   🎉 성공 (✅16 ❌2)
2026-03-07 11:04:51,072 [E-W2] 📌 [19/532] [tti] 돼지띠×甲子(갑자)
2026-03-07 11:05:11,943 [E-W2]   🎉 성공 (✅17 ❌2)
2026-03-07 11:05:24,889 [E-W2] 📌 [20/532] [tti] 양띠×戊辰(무진)
2026-03-07 11:05:41,595 [E-W2]   🎉 성공 (✅18 ❌2)
2026-03-07 11:05:56,882 [E-W2] 📌 [21/532] [zodiac] 쌍둥이자리×乙卯(을묘)
2026-03-07 11:06:13,622 [E-W2]   🎉 성공 (✅19 ❌2)
2026-03-07 11:06:29,865 [E-W2] 📌 [22/532] [tti] 호랑이띠×壬辰(임진)
2026-03-07 11:06:46,589 [E-W2]   ❌ 에러: dict contains fields not in fieldnames: '텐션_level'
2026-03-07 11:06:51,949 [E-W2] 📌 [23/532] [tti] 토끼띠×癸卯(계묘)
2026-03-07 11:07:08,718 [E-W2]   🎉 성공 (✅20 ❌3)
2026-03-07 11:07:21,020 [E-W2] 📌 [24/532] [tti] 개띠×己巳(기사)
2026-03-07 11:07:37,737 [E-W2]   🎉 성공 (✅21 ❌3)
2026-03-07 11:07:49,830 [E-W2] 📌 [25/532] [zodiac] 게자리×甲戌(갑술)
2026-03-07 11:08:06,541 [E-W2]   🎉 성공 (✅22 ❌3)
2026-03-07 11:08:17,442 [E-W2] 📌 [26/532] [zodiac] 전갈자리×辛亥(신해)
2026-03-07 11:08:34,132 [E-W2]   🎉 성공 (✅23 ❌3)
2026-03-07 11:08:46,499 [E-W2] 📌 [27/532] [tti] 호랑이띠×辛酉(신유)
2026-03-07 11:09:03,223 [E-W2]   🎉 성공 (✅24 ❌3)
2026-03-07 11:09:17,440 [E-W2] 📌 [28/532] [tti] 소띠×己丑(기축)
2026-03-07 11:09:38,303 [E-W2]   🎉 성공 (✅25 ❌3)
2026-03-07 11:09:51,743 [E-W2] 📌 [29/532] [zodiac] 물고기자리×乙未(을미)
2026-03-07 11:10:08,493 [E-W2]   🎉 성공 (✅26 ❌3)
2026-03-07 11:10:19,655 [E-W2] 📌 [30/532] [tti] 쥐띠×甲辰(갑진)
2026-03-07 11:10:36,380 [E-W2]   🎉 성공 (✅27 ❌3)
2026-03-07 11:10:47,746 [E-W2] 📌 [31/532] [tti] 돼지띠×丙戌(병술)
2026-03-07 11:11:04,454 [E-W2]   🎉 성공 (✅28 ❌3)
2026-03-07 11:11:18,609 [E-W2] 📌 [32/532] [tarot] 바보(reversed)
2026-03-07 11:11:35,350 [E-W2]   🎉 성공 (✅29 ❌3)
2026-03-07 11:11:49,732 [E-W2] 📌 [33/532] [zodiac] 황소자리×己酉(기유)
2026-03-07 11:12:06,477 [E-W2]   🎉 성공 (✅30 ❌3)
2026-03-07 11:12:20,139 [E-W2] 📌 [34/532] [zodiac] 사수자리×丙戌(병술)
2026-03-07 11:12:36,861 [E-W2]   🎉 성공 (✅31 ❌3)
2026-03-07 11:12:53,207 [E-W2] 📌 [35/532] [tti] 양띠×丙子(병자)
2026-03-07 11:13:09,932 [E-W2]   🎉 성공 (✅32 ❌3)
2026-03-07 11:13:21,681 [E-W2] 📌 [36/532] [tti] 돼지띠×戊申(무신)
2026-03-07 11:13:42,560 [E-W2]   🎉 성공 (✅33 ❌3)
2026-03-07 11:13:58,675 [E-W2] 📌 [37/532] [zodiac] 쌍둥이자리×丙申(병신)
2026-03-07 11:14:15,393 [E-W2]   🎉 성공 (✅34 ❌3)
2026-03-07 11:14:29,393 [E-W2] 📌 [38/532] [zodiac] 전갈자리×丁亥(정해)
2026-03-07 11:14:46,223 [E-W2]   ❌ 에러: dict contains fields not in fieldnames: '텐션_level'
2026-03-07 11:14:52,137 [E-W2] 📌 [39/532] [zodiac] 염소자리×甲午(갑오)
2026-03-07 11:15:09,046 [E-W2]   🎉 성공 (✅35 ❌4)
2026-03-07 11:15:24,842 [E-W2] 📌 [40/532] [tti] 닭띠×癸丑(계축)
2026-03-07 11:15:41,593 [E-W2]   🎉 성공 (✅36 ❌4)
2026-03-07 11:15:52,234 [E-W2] 📌 [41/532] [tti] 뱀띠×己亥(기해)
2026-03-07 11:16:09,042 [E-W2]   ❌ 에러: dict contains fields not in fieldnames: '텐션_level'
2026-03-07 11:16:14,427 [E-W2] 📌 [42/532] [tti] 말띠×丙辰(병진)
2026-03-07 11:16:31,308 [E-W2]   🎉 성공 (✅37 ❌5)
2026-03-07 11:16:44,878 [E-W2] 📌 [43/532] [tti] 돼지띠×癸巳(계사)
2026-03-07 11:17:01,660 [E-W2]   🎉 성공 (✅38 ❌5)
2026-03-07 11:17:17,508 [E-W2] 📌 [44/532] [zodiac] 황소자리×壬申(임신)
2026-03-07 11:17:34,270 [E-W2]   🎉 성공 (✅39 ❌5)
2026-03-07 11:17:45,780 [E-W2] 📌 [45/532] [tti] 닭띠×己未(기미)
2026-03-07 11:18:02,538 [E-W2]   🎉 성공 (✅40 ❌5)
2026-03-07 11:18:16,828 [E-W2] 📌 [46/532] [tti] 쥐띠×己亥(기해)
2026-03-07 11:18:37,705 [E-W2]   🎉 성공 (✅41 ❌5)
2026-03-07 11:18:48,981 [E-W2] 📌 [47/532] [tti] 닭띠×戊戌(무술)
2026-03-07 11:19:05,706 [E-W2]   🎉 성공 (✅42 ❌5)
2026-03-07 11:19:21,494 [E-W2] 📌 [48/532] [tti] 호랑이띠×辛巳(신사)
2026-03-07 11:19:38,212 [E-W2]   🎉 성공 (✅43 ❌5)
2026-03-07 11:19:52,003 [E-W2] 📌 [49/532] [zodiac] 양자리×甲子(갑자)
2026-03-07 11:20:08,703 [E-W2]   🎉 성공 (✅44 ❌5)
2026-03-07 11:20:23,309 [E-W2] 📌 [50/532] [tti] 닭띠×丙子(병자)
2026-03-07 11:20:40,050 [E-W2]   🎉 성공 (✅45 ❌5)
2026-03-07 11:20:54,527 [E-W2] 📌 [51/532] [tarot] 소드 2(reversed)
2026-03-07 11:21:11,250 [E-W2]   🎉 성공 (✅46 ❌5)
2026-03-07 11:21:21,440 [E-W2] 📌 [52/532] [tti] 토끼띠×乙卯(을묘)
2026-03-07 11:21:38,167 [E-W2]   🎉 성공 (✅47 ❌5)
2026-03-07 11:21:50,826 [E-W2] 📌 [53/532] [zodiac] 염소자리×辛酉(신유)
2026-03-07 11:22:07,541 [E-W2]   🎉 성공 (✅48 ❌5)
2026-03-07 11:22:23,163 [E-W2] 📌 [54/532] [zodiac] 쌍둥이자리×壬寅(임인)
2026-03-07 11:22:43,954 [E-W2]   🎉 성공 (✅49 ❌5)
2026-03-07 11:22:55,059 [E-W2] 📌 [55/532] [tti] 용띠×壬戌(임술)
2026-03-07 11:23:11,740 [E-W2]   🎉 성공 (✅50 ❌5)
2026-03-07 11:23:28,315 [E-W2] 📌 [56/532] [zodiac] 사자자리×己酉(기유)
2026-03-07 11:23:44,992 [E-W2]   ❌ 에러: dict contains fields not in fieldnames: '텐션_level'
2026-03-07 11:23:50,352 [E-W2] 📌 [57/532] [tti] 원숭이띠×戊子(무자)
2026-03-07 11:24:07,084 [E-W2]   🎉 성공 (✅51 ❌6)
2026-03-07 11:24:19,075 [E-W2] 📌 [58/532] [zodiac] 물고기자리×丙戌(병술)
2026-03-07 11:24:35,779 [E-W2]   🎉 성공 (✅52 ❌6)
2026-03-07 11:24:48,626 [E-W2] 📌 [59/532] [zodiac] 사수자리×丁卯(정묘)
2026-03-07 11:25:05,297 [E-W2]   🎉 성공 (✅53 ❌6)
2026-03-07 11:25:22,023 [E-W2] 📌 [60/532] [zodiac] 사수자리×甲戌(갑술)
2026-03-07 11:25:38,734 [E-W2]   🎉 성공 (✅54 ❌6)
2026-03-07 11:25:50,925 [E-W2] 📌 [61/532] [tti] 개띠×壬申(임신)
2026-03-07 11:26:08,082 [E-W2]   🎉 성공 (✅55 ❌6)
2026-03-07 11:26:21,547 [E-W2] 📌 [62/532] [tti] 원숭이띠×壬午(임오)
2026-03-07 11:26:38,260 [E-W2]   🎉 성공 (✅56 ❌6)
2026-03-07 11:26:54,017 [E-W2] 📌 [63/532] [zodiac] 염소자리×庚辰(경진)
2026-03-07 11:27:14,845 [E-W2]   🎉 성공 (✅57 ❌6)
2026-03-07 11:27:29,059 [E-W2] 📌 [64/532] [tarot] 컵 3(upright)
2026-03-07 11:27:45,797 [E-W2]   🎉 성공 (✅58 ❌6)
2026-03-07 11:27:58,494 [E-W2] 📌 [65/532] [zodiac] 물병자리×丁酉(정유)
2026-03-07 11:28:15,197 [E-W2]   🎉 성공 (✅59 ❌6)
2026-03-07 11:28:28,896 [E-W2] 📌 [66/532] [zodiac] 전갈자리×庚午(경오)
2026-03-07 11:30:35,386 [E-W2]   ❌ 파싱실패
2026-03-07 11:30:51,687 [E-W2] 📌 [67/532] [zodiac] 양자리×壬戌(임술)
2026-03-07 11:32:57,697 [E-W2]   ❌ 파싱실패
2026-03-07 11:33:08,086 [E-W2] 📌 [68/532] [tti] 호랑이띠×庚子(경자)
2026-03-07 11:35:14,082 [E-W2]   ❌ 파싱실패
2026-03-07 11:35:25,102 [E-W2] 📌 [69/532] [tti] 용띠×癸亥(계해)
2026-03-07 11:37:31,047 [E-W2]   ❌ 파싱실패
2026-03-07 11:37:44,159 [E-W2] 📌 [70/532] [tti] 용띠×甲申(갑신)
2026-03-07 11:39:50,124 [E-W2]   ❌ 파싱실패
2026-03-07 11:40:04,465 [E-W2] 📌 [71/532] [zodiac] 사수자리×己巳(기사)
2026-03-07 11:42:10,434 [E-W2]   ❌ 파싱실패
2026-03-07 11:42:24,449 [E-W2] 📌 [72/532] [tti] 돼지띠×乙未(을미)
2026-03-07 11:44:30,403 [E-W2]   ❌ 파싱실패
2026-03-07 11:44:43,985 [E-W2] 📌 [73/532] [tti] 개띠×癸酉(계유)
2026-03-07 11:46:49,916 [E-W2]   ❌ 파싱실패
2026-03-07 11:47:00,057 [E-W2] 📌 [74/532] [tti] 용띠×丙午(병오)
2026-03-07 11:49:06,042 [E-W2]   ❌ 파싱실패
2026-03-07 11:49:23,002 [E-W2] 📌 [75/532] [tti] 닭띠×壬寅(임인)
2026-03-07 11:51:28,930 [E-W2]   ❌ 파싱실패
2026-03-07 11:51:44,367 [E-W2] 📌 [76/532] [zodiac] 천칭자리×丁未(정미)
2026-03-07 11:53:50,351 [E-W2]   ❌ 파싱실패
2026-03-07 11:54:06,250 [E-W2] 📌 [77/532] [tti] 용띠×辛亥(신해)
2026-03-07 11:56:12,237 [E-W2]   ❌ 파싱실패
2026-03-07 11:56:26,215 [E-W2] 📌 [78/532] [zodiac] 염소자리×乙丑(을축)
2026-03-07 11:58:32,194 [E-W2]   ❌ 파싱실패
2026-03-07 11:58:42,290 [E-W2] 📌 [79/532] [zodiac] 처녀자리×壬申(임신)
2026-03-07 12:00:48,270 [E-W2]   ❌ 파싱실패
2026-03-07 12:00:59,264 [E-W2] 📌 [80/532] [zodiac] 천칭자리×丁卯(정묘)
2026-03-07 12:03:05,245 [E-W2]   ❌ 파싱실패
2026-03-07 12:03:19,474 [E-W2] 📌 [81/532] [tti] 용띠×丁巳(정사)
2026-03-07 12:03:37,235 [E-W2]   ❌ 에러: dict contains fields not in fieldnames: 'sign'
2026-03-07 12:03:43,359 [E-W2] 📌 [82/532] [tti] 용띠×戊戌(무술)
2026-03-07 12:04:00,099 [E-W2]   🎉 성공 (✅60 ❌22)
2026-03-07 12:04:12,426 [E-W2] 📌 [83/532] [zodiac] 양자리×丁丑(정축)
2026-03-07 12:04:29,131 [E-W2]   🎉 성공 (✅61 ❌22)
2026-03-07 12:04:58,934 [E-W2] 🏁 워커 2 시작! 할당: 469개
2026-03-07 12:05:18,935 [E-W2] 🚀 크롬 초기화...
2026-03-07 12:05:29,589 [E-W2] 📌 [1/469] [zodiac] 처녀자리×甲午(갑오)
2026-03-07 12:07:36,142 [E-W2]   ❌ 파싱실패
2026-03-07 12:07:51,904 [E-W2] 📌 [2/469] [tti] 용띠×庚申(경신)
2026-03-07 12:09:57,894 [E-W2]   ❌ 파싱실패
2026-03-07 12:10:09,386 [E-W2] 📌 [3/469] [tti] 개띠×庚寅(경인)
2026-03-07 12:12:15,268 [E-W2]   ❌ 파싱실패
2026-03-07 12:12:30,428 [E-W2] 📌 [4/469] [zodiac] 천칭자리×丙戌(병술)
2026-03-07 12:14:36,518 [E-W2]   ❌ 파싱실패
2026-03-07 12:14:52,719 [E-W2] 📌 [5/469] [tti] 소띠×己酉(기유)
2026-03-07 12:16:58,866 [E-W2]   ❌ 파싱실패
2026-03-07 12:17:13,624 [E-W2] 📌 [6/469] [zodiac] 물병자리×丙午(병오)
2026-03-07 12:19:20,223 [E-W2]   ❌ 파싱실패
2026-03-07 12:19:31,566 [E-W2] 📌 [7/469] [zodiac] 사자자리×庚戌(경술)
2026-03-07 12:21:37,591 [E-W2]   ❌ 파싱실패
2026-03-07 12:21:54,540 [E-W2] 📌 [8/469] [tarot] 여사제(reversed)
2026-03-07 12:24:00,710 [E-W2]   ❌ 파싱실패
2026-03-07 12:24:11,076 [E-W2] 📌 [9/469] [zodiac] 사자자리×戊午(무오)
2026-03-07 12:26:16,938 [E-W2]   ❌ 파싱실패
2026-03-07 12:26:31,969 [E-W2] 📌 [10/469] [zodiac] 양자리×甲午(갑오)
2026-03-07 12:28:37,772 [E-W2]   ❌ 파싱실패
2026-03-07 12:28:50,933 [E-W2] 📌 [11/469] [tti] 토끼띠×丙寅(병인)
2026-03-07 12:30:56,743 [E-W2]   ❌ 파싱실패
2026-03-07 12:31:12,568 [E-W2] 📌 [12/469] [zodiac] 염소자리×乙未(을미)
2026-03-07 12:33:18,297 [E-W2]   ❌ 파싱실패
2026-03-07 12:33:33,182 [E-W2] 📌 [13/469] [tti] 용띠×庚子(경자)
2026-03-07 12:35:38,930 [E-W2]   ❌ 파싱실패
2026-03-07 12:35:49,056 [E-W2] 📌 [14/469] [tti] 용띠×己酉(기유)
2026-03-07 12:37:54,826 [E-W2]   ❌ 파싱실패
2026-03-07 12:38:05,513 [E-W2] 📌 [15/469] [tti] 소띠×辛未(신미)
2026-03-07 12:40:11,280 [E-W2]   ❌ 파싱실패
2026-03-07 12:40:24,718 [E-W2] 📌 [16/469] [tti] 뱀띠×辛未(신미)
2026-03-07 12:42:30,495 [E-W2]   ❌ 파싱실패
2026-03-07 12:42:43,249 [E-W2] 📌 [17/469] [zodiac] 처녀자리×庚午(경오)
2026-03-07 12:44:48,985 [E-W2]   ❌ 파싱실패
2026-03-07 12:45:04,238 [E-W2] 📌 [18/469] [zodiac] 물병자리×癸丑(계축)
2026-03-07 12:47:09,984 [E-W2]   ❌ 파싱실패
2026-03-07 12:47:23,860 [E-W2] 📌 [19/469] [zodiac] 사자자리×丁未(정미)
2026-03-07 12:49:29,622 [E-W2]   ❌ 파싱실패
2026-03-07 12:49:41,630 [E-W2] 📌 [20/469] [tarot] 별(upright)
2026-03-07 12:51:47,378 [E-W2]   ❌ 파싱실패
2026-03-07 12:52:00,827 [E-W2] 📌 [21/469] [tarot] 펜타클 8(reversed)
2026-03-07 12:54:06,596 [E-W2]   ❌ 파싱실패
2026-03-07 12:54:18,767 [E-W2] 📌 [22/469] [tti] 뱀띠×庚辰(경진)
2026-03-07 12:56:24,497 [E-W2]   ❌ 파싱실패
2026-03-07 12:56:40,150 [E-W2] 📌 [23/469] [tti] 뱀띠×壬戌(임술)
2026-03-07 12:58:45,901 [E-W2]   ❌ 파싱실패
2026-03-07 12:59:01,492 [E-W2] 📌 [24/469] [zodiac] 전갈자리×丙寅(병인)
2026-03-07 13:03:33,784 [E-W2] 🏁 워커 2 시작! 할당: 469개
2026-03-07 13:03:53,785 [E-W2] 🚀 크롬 초기화...
2026-03-07 13:04:04,435 [E-W2] 📌 [1/469] [zodiac] 양자리×甲午(갑오)
2026-03-07 13:04:21,164 [E-W2]   🎉 성공 (✅1 ❌0)
2026-03-07 13:04:38,135 [E-W2] 📌 [2/469] [tti] 개띠×戊申(무신)
2026-03-07 13:04:54,821 [E-W2]   🎉 성공 (✅2 ❌0)
2026-03-07 13:05:10,455 [E-W2] 📌 [3/469] [zodiac] 처녀자리×癸丑(계축)
2026-03-07 13:05:27,135 [E-W2]   🎉 성공 (✅3 ❌0)
2026-03-07 13:05:37,412 [E-W2] 📌 [4/469] [zodiac] 황소자리×乙酉(을유)
2026-03-07 13:05:54,195 [E-W2]   🎉 성공 (✅4 ❌0)
2026-03-07 13:06:10,509 [E-W2] 📌 [5/469] [tti] 뱀띠×丙寅(병인)
2026-03-07 13:06:27,363 [E-W2]   🎉 성공 (✅5 ❌0)
2026-03-07 13:06:43,611 [E-W2] 📌 [6/469] [zodiac] 사수자리×庚申(경신)
2026-03-07 13:07:00,288 [E-W2]   🎉 성공 (✅6 ❌0)
2026-03-07 13:07:16,211 [E-W2] 📌 [7/469] [zodiac] 사수자리×丁巳(정사)
2026-03-07 13:07:32,934 [E-W2]   ❌ 에러: dict contains fields not in fieldnames: '텐션_level'
2026-03-07 13:07:38,826 [E-W2] 📌 [8/469] [zodiac] 사수자리×丁酉(정유)
2026-03-07 13:07:55,560 [E-W2]   🎉 성공 (✅7 ❌1)
2026-03-07 13:08:06,547 [E-W2] 📌 [9/469] [tarot] 전차(upright)
2026-03-07 13:08:23,263 [E-W2]   🎉 성공 (✅8 ❌1)
2026-03-07 13:08:36,059 [E-W2] 📌 [10/469] [tti] 말띠×丙子(병자)
2026-03-07 13:08:56,866 [E-W2]   🎉 성공 (✅9 ❌1)
2026-03-07 13:09:13,227 [E-W2] 📌 [11/469] [zodiac] 처녀자리×甲寅(갑인)
2026-03-07 13:09:29,924 [E-W2]   🎉 성공 (✅10 ❌1)
2026-03-07 13:09:45,216 [E-W2] 📌 [12/469] [tti] 개띠×庚申(경신)
2026-03-07 13:10:01,895 [E-W2]   🎉 성공 (✅11 ❌1)
2026-03-07 13:10:14,449 [E-W2] 📌 [13/469] [tti] 양띠×庚申(경신)
2026-03-07 13:10:31,131 [E-W2]   🎉 성공 (✅12 ❌1)
2026-03-07 13:10:43,431 [E-W2] 📌 [14/469] [tti] 뱀띠×丁巳(정사)
2026-03-07 13:11:00,128 [E-W2]   🎉 성공 (✅13 ❌1)
2026-03-07 13:11:11,760 [E-W2] 📌 [15/469] [zodiac] 쌍둥이자리×壬申(임신)
2026-03-07 13:11:28,445 [E-W2]   🎉 성공 (✅14 ❌1)
2026-03-07 13:11:43,429 [E-W2] 📌 [16/469] [zodiac] 염소자리×庚戌(경술)
2026-03-07 13:12:00,131 [E-W2]   ❌ 에러: dict contains fields not in fieldnames: '텐션_level'
2026-03-07 13:12:05,528 [E-W2] 📌 [17/469] [tarot] 완드 10(upright)
2026-03-07 13:12:22,272 [E-W2]   🎉 성공 (✅15 ❌2)
2026-03-07 13:12:32,874 [E-W2] 📌 [18/469] [zodiac] 황소자리×丁卯(정묘)
2026-03-07 13:12:49,591 [E-W2]   🎉 성공 (✅16 ❌2)
2026-03-07 13:13:02,752 [E-W2] 📌 [19/469] [tti] 호랑이띠×己未(기미)
2026-03-07 13:13:23,612 [E-W2]   🎉 성공 (✅17 ❌2)
2026-03-07 13:13:34,109 [E-W2] 📌 [20/469] [tti] 원숭이띠×辛丑(신축)
2026-03-07 13:13:50,822 [E-W2]   🎉 성공 (✅18 ❌2)
2026-03-07 13:14:07,269 [E-W2] 📌 [21/469] [tti] 원숭이띠×丁酉(정유)
2026-03-07 13:14:24,768 [E-W2]   🎉 성공 (✅19 ❌2)
2026-03-07 13:14:35,388 [E-W2] 📌 [22/469] [zodiac] 염소자리×丙申(병신)
2026-03-07 13:14:52,103 [E-W2]   🎉 성공 (✅20 ❌2)
2026-03-07 13:15:07,647 [E-W2] 📌 [23/469] [tarot] 운명의수레바퀴(reversed)
2026-03-07 13:15:24,399 [E-W2]   🎉 성공 (✅21 ❌2)
2026-03-07 13:15:34,942 [E-W2] 📌 [24/469] [zodiac] 양자리×庚申(경신)
2026-03-07 13:15:51,671 [E-W2]   🎉 성공 (✅22 ❌2)
2026-03-07 13:16:07,511 [E-W2] 📌 [25/469] [tarot] 바보(upright)
2026-03-07 13:16:24,234 [E-W2]   🎉 성공 (✅23 ❌2)
2026-03-07 13:16:38,585 [E-W2] 📌 [26/469] [tarot] 완드 시종(reversed)
2026-03-07 13:16:55,292 [E-W2]   🎉 성공 (✅24 ❌2)
2026-03-07 13:17:10,955 [E-W2] 📌 [27/469] [zodiac] 사자자리×辛卯(신묘)
2026-03-07 13:19:21,030 [E-W2]   ❌ 파싱실패
2026-03-07 13:19:33,921 [E-W2] 📌 [28/469] [tti] 돼지띠×乙丑(을축)
2026-03-07 13:21:43,987 [E-W2]   ❌ 파싱실패
2026-03-07 13:21:58,147 [E-W2] 📌 [29/469] [zodiac] 황소자리×戊子(무자)
2026-03-07 13:24:08,081 [E-W2]   ❌ 파싱실패
2026-03-07 13:24:20,310 [E-W2] 📌 [30/469] [tti] 토끼띠×丁丑(정축)
2026-03-07 13:26:30,316 [E-W2]   ❌ 파싱실패
2026-03-07 13:26:44,836 [E-W2] 📌 [31/469] [zodiac] 물병자리×癸酉(계유)
2026-03-07 13:28:54,800 [E-W2]   ❌ 파싱실패
2026-03-07 13:29:10,239 [E-W2] 📌 [32/469] [tti] 개띠×丁未(정미)
2026-03-07 13:31:20,221 [E-W2]   ❌ 파싱실패
2026-03-07 13:31:35,372 [E-W2] 📌 [33/469] [tti] 호랑이띠×丙申(병신)
2026-03-07 13:33:45,316 [E-W2]   ❌ 파싱실패
2026-03-07 13:33:59,451 [E-W2] 📌 [34/469] [zodiac] 쌍둥이자리×庚戌(경술)
2026-03-07 13:36:09,406 [E-W2]   ❌ 파싱실패
2026-03-07 13:36:25,126 [E-W2] 📌 [35/469] [zodiac] 전갈자리×壬子(임자)
2026-03-07 13:38:35,104 [E-W2]   ❌ 파싱실패
2026-03-07 13:38:51,709 [E-W2] 📌 [36/469] [zodiac] 천칭자리×癸亥(계해)
2026-03-07 13:41:01,633 [E-W2]   ❌ 파싱실패
2026-03-07 13:41:12,711 [E-W2] 📌 [37/469] [zodiac] 사자자리×己未(기미)
2026-03-07 13:43:22,729 [E-W2]   ❌ 파싱실패
2026-03-07 13:43:39,169 [E-W2] 📌 [38/469] [zodiac] 사자자리×丁未(정미)
2026-03-07 13:45:49,181 [E-W2]   ❌ 파싱실패
2026-03-07 13:46:03,329 [E-W2] 📌 [39/469] [tti] 양띠×己亥(기해)
2026-03-07 13:48:13,302 [E-W2]   ❌ 파싱실패
2026-03-07 13:48:24,006 [E-W2] 📌 [40/469] [zodiac] 처녀자리×戊子(무자)
2026-03-07 13:48:58,738 [E-W2]   🎉 성공 (✅25 ❌15)
2026-03-07 13:49:14,987 [E-W2] 📌 [41/469] [tti] 개띠×庚辰(경진)
2026-03-07 13:49:31,742 [E-W2]   🎉 성공 (✅26 ❌15)
2026-03-07 13:49:44,567 [E-W2] 📌 [42/469] [tti] 용띠×己亥(기해)
2026-03-07 13:50:01,239 [E-W2]   🎉 성공 (✅27 ❌15)
2026-03-07 13:50:15,821 [E-W2] 📌 [43/469] [tti] 토끼띠×壬戌(임술)
2026-03-07 13:50:32,520 [E-W2]   🎉 성공 (✅28 ❌15)
2026-03-07 13:50:49,309 [E-W2] 📌 [44/469] [zodiac] 전갈자리×丁亥(정해)
2026-03-07 13:51:05,980 [E-W2]   🎉 성공 (✅29 ❌15)
2026-03-07 13:51:16,399 [E-W2] 📌 [45/469] [zodiac] 쌍둥이자리×丁巳(정사)
2026-03-07 13:51:33,196 [E-W2]   🎉 성공 (✅30 ❌15)
2026-03-07 13:51:46,998 [E-W2] 📌 [46/469] [zodiac] 게자리×乙酉(을유)
2026-03-07 13:52:03,699 [E-W2]   ❌ 에러: dict contains fields not in fieldnames: '텐션_level'
2026-03-07 13:52:09,047 [E-W2] 📌 [47/469] [tti] 용띠×乙未(을미)
2026-03-07 13:52:25,783 [E-W2]   🎉 성공 (✅31 ❌16)
2026-03-07 13:52:40,701 [E-W2] 📌 [48/469] [zodiac] 천칭자리×壬子(임자)
2026-03-07 13:52:57,426 [E-W2]   🎉 성공 (✅32 ❌16)
2026-03-07 13:53:13,167 [E-W2] 📌 [49/469] [tti] 토끼띠×戊辰(무진)
2026-03-07 13:53:33,984 [E-W2]   🎉 성공 (✅33 ❌16)
2026-03-07 13:53:50,294 [E-W2] 📌 [50/469] [zodiac] 쌍둥이자리×戊戌(무술)
2026-03-07 13:54:07,057 [E-W2]   🎉 성공 (✅34 ❌16)
2026-03-07 13:54:17,860 [E-W2] 📌 [51/469] [zodiac] 사수자리×甲寅(갑인)
2026-03-07 13:54:34,588 [E-W2]   🎉 성공 (✅35 ❌16)
2026-03-07 13:54:48,237 [E-W2] 📌 [52/469] [tti] 원숭이띠×庚辰(경진)
2026-03-07 13:55:04,915 [E-W2]   ❌ 에러: dict contains fields not in fieldnames: 'sign'
2026-03-07 13:55:10,443 [E-W2] 📌 [53/469] [tti] 호랑이띠×戊寅(무인)
2026-03-07 13:57:16,361 [E-W2]   ❌ 에러: 타임아웃
2026-03-07 13:57:21,920 [E-W2] 📌 [54/469] [zodiac] 게자리×戊戌(무술)
2026-03-07 13:59:28,018 [E-W2]   ❌ 에러: 타임아웃
2026-03-07 13:59:33,555 [E-W2] 📌 [55/469] [tti] 소띠×戊午(무오)
2026-03-07 14:01:39,487 [E-W2]   ❌ 에러: 타임아웃
2026-03-07 14:01:45,056 [E-W2] 📌 [56/469] [zodiac] 황소자리×丁巳(정사)
2026-03-07 14:03:50,976 [E-W2]   ❌ 에러: 타임아웃
2026-03-07 14:03:56,448 [E-W2] 📌 [57/469] [tti] 돼지띠×丙申(병신)
2026-03-07 14:06:02,434 [E-W2]   ❌ 에러: 타임아웃
2026-03-07 14:06:08,083 [E-W2] 📌 [58/469] [tti] 양띠×乙卯(을묘)
2026-03-07 14:08:13,945 [E-W2]   ❌ 에러: 타임아웃
2026-03-07 14:08:20,279 [E-W2] 📌 [59/469] [zodiac] 사자자리×乙酉(을유)
2026-03-07 14:10:26,216 [E-W2]   ❌ 에러: 타임아웃
2026-03-07 14:10:32,097 [E-W2] 📌 [60/469] [tti] 돼지띠×乙未(을미)
2026-03-07 14:12:33,664 [E-W2]   🎉 성공 (✅36 ❌24)
2026-03-07 14:12:46,860 [E-W2] 📌 [61/469] [zodiac] 물고기자리×戊子(무자)
2026-03-07 14:13:03,578 [E-W2]   🎉 성공 (✅37 ❌24)
2026-03-07 14:13:14,753 [E-W2] 📌 [62/469] [zodiac] 사자자리×戊午(무오)
2026-03-07 14:13:31,484 [E-W2]   🎉 성공 (✅38 ❌24)
2026-03-07 14:13:47,516 [E-W2] 📌 [63/469] [zodiac] 쌍둥이자리×丙寅(병인)
2026-03-07 14:14:04,240 [E-W2]   🎉 성공 (✅39 ❌24)
2026-03-07 14:14:16,785 [E-W2] 📌 [64/469] [zodiac] 양자리×乙丑(을축)
2026-03-07 14:14:33,489 [E-W2]   🎉 성공 (✅40 ❌24)
2026-03-07 14:14:47,951 [E-W2] 📌 [65/469] [zodiac] 사수자리×辛卯(신묘)
2026-03-07 14:15:08,742 [E-W2]   🎉 성공 (✅41 ❌24)
2026-03-07 14:15:19,478 [E-W2] 📌 [66/469] [tti] 쥐띠×癸亥(계해)
2026-03-07 14:15:36,153 [E-W2]   🎉 성공 (✅42 ❌24)
2026-03-07 14:15:52,415 [E-W2] 📌 [67/469] [tti] 쥐띠×辛丑(신축)
2026-03-07 14:16:09,101 [E-W2]   🎉 성공 (✅43 ❌24)
2026-03-07 14:16:24,137 [E-W2] 📌 [68/469] [tti] 뱀띠×甲午(갑오)
2026-03-07 14:16:40,809 [E-W2]   🎉 성공 (✅44 ❌24)
2026-03-07 14:16:52,841 [E-W2] 📌 [69/469] [tti] 뱀띠×庚寅(경인)
2026-03-07 14:17:09,520 [E-W2]   🎉 성공 (✅45 ❌24)
2026-03-07 14:17:22,414 [E-W2] 📌 [70/469] [tti] 호랑이띠×己卯(기묘)
2026-03-07 14:17:39,121 [E-W2]   🎉 성공 (✅46 ❌24)
2026-03-07 14:17:52,011 [E-W2] 📌 [71/469] [tti] 용띠×癸未(계미)
2026-03-07 14:18:08,721 [E-W2]   🎉 성공 (✅47 ❌24)
2026-03-07 14:18:21,648 [E-W2] 📌 [72/469] [zodiac] 전갈자리×辛丑(신축)
2026-03-07 14:18:38,394 [E-W2]   🎉 성공 (✅48 ❌24)
2026-03-07 14:18:52,043 [E-W2] 📌 [73/469] [tarot] 완드 여왕(upright)
2026-03-07 14:19:12,828 [E-W2]   🎉 성공 (✅49 ❌24)
2026-03-07 14:19:24,552 [E-W2] 📌 [74/469] [tti] 토끼띠×壬午(임오)
2026-03-07 14:19:41,220 [E-W2]   🎉 성공 (✅50 ❌24)
2026-03-07 14:19:54,872 [E-W2] 📌 [75/469] [zodiac] 처녀자리×庚寅(경인)
2026-03-07 14:20:11,547 [E-W2]   🎉 성공 (✅51 ❌24)
2026-03-07 14:20:22,068 [E-W2] 📌 [76/469] [zodiac] 쌍둥이자리×戊子(무자)
2026-03-07 14:20:38,774 [E-W2]   🎉 성공 (✅52 ❌24)
2026-03-07 14:20:52,404 [E-W2] 📌 [77/469] [zodiac] 황소자리×庚申(경신)
2026-03-07 14:21:09,104 [E-W2]   🎉 성공 (✅53 ❌24)
2026-03-07 14:21:25,563 [E-W2] 📌 [78/469] [tarot] 완드 6(upright)
2026-03-07 14:21:42,276 [E-W2]   🎉 성공 (✅54 ❌24)
2026-03-07 14:21:53,318 [E-W2] 📌 [79/469] [zodiac] 황소자리×辛卯(신묘)
2026-03-07 14:22:10,049 [E-W2]   ❌ 에러: dict contains fields not in fieldnames: '텐션_level'
2026-03-07 14:22:15,405 [E-W2] 📌 [80/469] [zodiac] 염소자리×壬寅(임인)
2026-03-07 14:22:32,185 [E-W2]   🎉 성공 (✅55 ❌25)
2026-03-07 14:22:43,997 [E-W2] 📌 [81/469] [zodiac] 사자자리×戊戌(무술)
2026-03-07 14:23:00,715 [E-W2]   🎉 성공 (✅56 ❌25)
2026-03-07 14:23:11,816 [E-W2] 📌 [82/469] [zodiac] 황소자리×癸丑(계축)
2026-03-07 14:23:33,138 [E-W2]   🎉 성공 (✅57 ❌25)
2026-03-07 14:23:45,906 [E-W2] 📌 [83/469] [tti] 뱀띠×癸巳(계사)
2026-03-07 14:25:52,011 [E-W2]   ❌ 파싱실패
2026-03-07 14:26:06,824 [E-W2] 📌 [84/469] [tti] 소띠×壬寅(임인)
2026-03-07 14:28:12,957 [E-W2]   ❌ 파싱실패
2026-03-07 14:28:24,527 [E-W2] 📌 [85/469] [tti] 뱀띠×己未(기미)
2026-03-07 14:29:06,220 [E-W2]   🎉 성공 (✅58 ❌27)
2026-03-07 14:29:19,014 [E-W2] 📌 [86/469] [zodiac] 사수자리×己亥(기해)
2026-03-07 14:29:35,683 [E-W2]   ❌ 에러: dict contains fields not in fieldnames: 'animal'
2026-03-07 14:29:42,558 [E-W2] 📌 [87/469] [tti] 호랑이띠×癸巳(계사)
2026-03-07 14:29:59,295 [E-W2]   🎉 성공 (✅59 ❌28)
2026-03-07 14:30:10,914 [E-W2] 📌 [88/469] [zodiac] 게자리×辛酉(신유)
2026-03-07 14:30:27,632 [E-W2]   🎉 성공 (✅60 ❌28)
2026-03-07 14:30:43,150 [E-W2] 📌 [89/469] [zodiac] 쌍둥이자리×乙未(을미)
2026-03-07 14:30:59,873 [E-W2]   🎉 성공 (✅61 ❌28)
2026-03-07 14:31:14,565 [E-W2] 📌 [90/469] [zodiac] 천칭자리×戊申(무신)
2026-03-07 14:31:31,269 [E-W2]   🎉 성공 (✅62 ❌28)
2026-03-07 14:31:42,024 [E-W2] 📌 [91/469] [zodiac] 황소자리×甲寅(갑인)
2026-03-07 14:31:58,770 [E-W2]   🎉 성공 (✅63 ❌28)
2026-03-07 14:32:12,370 [E-W2] 📌 [92/469] [zodiac] 염소자리×庚申(경신)
2026-03-07 14:32:35,135 [E-W2]   🎉 성공 (✅64 ❌28)
2026-03-07 14:32:51,800 [E-W2] 📌 [93/469] [zodiac] 물고기자리×癸酉(계유)
2026-03-07 14:33:12,615 [E-W2]   🎉 성공 (✅65 ❌28)
2026-03-07 14:33:25,717 [E-W2] 📌 [94/469] [tti] 용띠×戊辰(무진)
2026-03-07 14:33:42,433 [E-W2]   🎉 성공 (✅66 ❌28)
2026-03-07 14:33:52,859 [E-W2] 📌 [95/469] [zodiac] 염소자리×庚子(경자)
2026-03-07 14:34:09,558 [E-W2]   🎉 성공 (✅67 ❌28)
2026-03-07 14:34:21,592 [E-W2] 📌 [96/469] [zodiac] 물병자리×乙丑(을축)
2026-03-07 14:34:38,318 [E-W2]   🎉 성공 (✅68 ❌28)
2026-03-07 14:34:49,921 [E-W2] 📌 [97/469] [tti] 토끼띠×辛未(신미)
2026-03-07 14:35:06,624 [E-W2]   🎉 성공 (✅69 ❌28)
2026-03-07 14:35:18,803 [E-W2] 📌 [98/469] [tarot] 소드 7(upright)
2026-03-07 14:35:35,507 [E-W2]   🎉 성공 (✅70 ❌28)
2026-03-07 14:35:48,985 [E-W2] 📌 [99/469] [tti] 원숭이띠×丁亥(정해)
2026-03-07 14:36:05,692 [E-W2]   🎉 성공 (✅71 ❌28)
2026-03-07 14:36:22,421 [E-W2] 📌 [100/469] [tti] 닭띠×壬午(임오)
2026-03-07 14:36:39,124 [E-W2]   🎉 성공 (✅72 ❌28)
2026-03-07 14:36:52,781 [E-W2] 📌 [101/469] [tti] 돼지띠×庚午(경오)
2026-03-07 14:37:13,626 [E-W2]   🎉 성공 (✅73 ❌28)
2026-03-07 14:37:24,569 [E-W2] 📌 [102/469] [tti] 토끼띠×辛酉(신유)
2026-03-07 14:37:41,240 [E-W2]   🎉 성공 (✅74 ❌28)
2026-03-07 14:37:54,477 [E-W2] 📌 [103/469] [zodiac] 처녀자리×丙子(병자)
2026-03-07 14:38:11,160 [E-W2]   🎉 성공 (✅75 ❌28)
2026-03-07 14:38:23,005 [E-W2] 📌 [104/469] [zodiac] 염소자리×甲申(갑신)
2026-03-07 14:38:39,701 [E-W2]   🎉 성공 (✅76 ❌28)
2026-03-07 14:38:56,365 [E-W2] 📌 [105/469] [tti] 돼지띠×辛丑(신축)
2026-03-07 14:39:13,045 [E-W2]   🎉 성공 (✅77 ❌28)
2026-03-07 14:39:23,229 [E-W2] 📌 [106/469] [zodiac] 전갈자리×己未(기미)
2026-03-07 14:39:39,923 [E-W2]   ❌ 에러: dict contains fields not in fieldnames: '텐션_level'
2026-03-07 14:39:45,305 [E-W2] 📌 [107/469] [zodiac] 게자리×乙未(을미)
2026-03-07 14:40:02,039 [E-W2]   🎉 성공 (✅78 ❌29)
2026-03-07 14:40:15,923 [E-W2] 📌 [108/469] [tti] 토끼띠×丙子(병자)
2026-03-07 14:40:32,603 [E-W2]   🎉 성공 (✅79 ❌29)
2026-03-07 14:40:45,401 [E-W2] 📌 [109/469] [zodiac] 처녀자리×辛巳(신사)
2026-03-07 14:41:02,082 [E-W2]   🎉 성공 (✅80 ❌29)
2026-03-07 14:41:12,679 [E-W2] 📌 [110/469] [tti] 닭띠×丁酉(정유)
2026-03-07 14:41:33,513 [E-W2]   🎉 성공 (✅81 ❌29)
2026-03-07 14:41:47,663 [E-W2] 📌 [111/469] [zodiac] 물병자리×辛亥(신해)
2026-03-07 14:42:04,351 [E-W2]   🎉 성공 (✅82 ❌29)
2026-03-07 14:42:16,048 [E-W2] 📌 [112/469] [tti] 뱀띠×乙未(을미)
2026-03-07 14:42:32,741 [E-W2]   🎉 성공 (✅83 ❌29)
2026-03-07 14:42:43,319 [E-W2] 📌 [113/469] [tti] 소띠×戊辰(무진)
2026-03-07 14:42:59,999 [E-W2]   🎉 성공 (✅84 ❌29)
2026-03-07 14:43:11,778 [E-W2] 📌 [114/469] [tti] 뱀띠×癸酉(계유)
2026-03-07 14:43:28,461 [E-W2]   🎉 성공 (✅85 ❌29)
2026-03-07 14:43:42,117 [E-W2] 📌 [115/469] [tti] 닭띠×辛丑(신축)
2026-03-07 14:43:58,799 [E-W2]   🎉 성공 (✅86 ❌29)
2026-03-07 14:44:15,552 [E-W2] 📌 [116/469] [zodiac] 물병자리×丁丑(정축)
2026-03-07 14:44:32,249 [E-W2]   🎉 성공 (✅87 ❌29)
2026-03-07 14:44:46,040 [E-W2] 📌 [117/469] [zodiac] 쌍둥이자리×丙子(병자)
2026-03-07 14:45:02,742 [E-W2]   🎉 성공 (✅88 ❌29)
2026-03-07 14:45:18,543 [E-W2] 📌 [118/469] [zodiac] 황소자리×戊寅(무인)
2026-03-07 14:45:39,311 [E-W2]   🎉 성공 (✅89 ❌29)
2026-03-07 14:45:51,893 [E-W2] 📌 [119/469] [tti] 개띠×乙卯(을묘)
2026-03-07 14:46:08,558 [E-W2]   🎉 성공 (✅90 ❌29)
2026-03-07 14:46:21,319 [E-W2] 📌 [120/469] [tti] 말띠×癸卯(계묘)
2026-03-07 14:46:37,975 [E-W2]   🎉 성공 (✅91 ❌29)
2026-03-07 14:46:51,059 [E-W2] 📌 [121/469] [zodiac] 황소자리×己丑(기축)
2026-03-07 14:47:07,723 [E-W2]   🎉 성공 (✅92 ❌29)
2026-03-07 14:47:19,516 [E-W2] 📌 [122/469] [zodiac] 물고기자리×丙申(병신)
2026-03-07 14:47:36,185 [E-W2]   ❌ 에러: dict contains fields not in fieldnames: '텐션_level'
2026-03-07 14:47:41,985 [E-W2] 📌 [123/469] [tti] 용띠×壬寅(임인)
2026-03-07 14:47:58,685 [E-W2]   🎉 성공 (✅93 ❌30)
2026-03-07 14:48:11,445 [E-W2] 📌 [124/469] [tti] 소띠×辛酉(신유)
2026-03-07 14:48:28,144 [E-W2]   🎉 성공 (✅94 ❌30)
2026-03-07 14:48:39,039 [E-W2] 📌 [125/469] [zodiac] 쌍둥이자리×丙午(병오)
2026-03-07 14:48:55,726 [E-W2]   🎉 성공 (✅95 ❌30)
2026-03-07 14:49:09,616 [E-W2] 📌 [126/469] [tti] 토끼띠×甲寅(갑인)
2026-03-07 14:49:26,306 [E-W2]   🎉 성공 (✅96 ❌30)
2026-03-07 14:49:41,000 [E-W2] 📌 [127/469] [tti] 소띠×辛未(신미)
2026-03-07 14:50:01,796 [E-W2]   🎉 성공 (✅97 ❌30)
2026-03-07 14:50:13,286 [E-W2] 📌 [128/469] [tti] 말띠×癸未(계미)
2026-03-07 14:50:29,964 [E-W2]   🎉 성공 (✅98 ❌30)
2026-03-07 14:50:42,332 [E-W2] 📌 [129/469] [tti] 말띠×乙丑(을축)
2026-03-07 14:50:58,984 [E-W2]   🎉 성공 (✅99 ❌30)
2026-03-07 14:51:13,181 [E-W2] 📌 [130/469] [tti] 원숭이띠×戊寅(무인)
2026-03-07 14:51:29,874 [E-W2]   🎉 성공 (✅100 ❌30)
2026-03-07 14:51:44,797 [E-W2] 📌 [131/469] [zodiac] 황소자리×庚午(경오)
2026-03-07 14:52:01,485 [E-W2]   ❌ 에러: dict contains fields not in fieldnames: '텐션_level'
2026-03-07 14:52:06,845 [E-W2] 📌 [132/469] [tti] 용띠×壬午(임오)
2026-03-07 14:52:23,586 [E-W2]   🎉 성공 (✅101 ❌31)
2026-03-07 14:52:38,079 [E-W2] 📌 [133/469] [tti] 소띠×辛巳(신사)
2026-03-07 14:52:54,752 [E-W2]   🎉 성공 (✅102 ❌31)
2026-03-07 14:53:09,099 [E-W2] 📌 [134/469] [zodiac] 처녀자리×乙卯(을묘)
2026-03-07 14:53:25,762 [E-W2]   🎉 성공 (✅103 ❌31)
2026-03-07 14:53:40,236 [E-W2] 📌 [135/469] [tti] 원숭이띠×丙申(병신)
2026-03-07 14:53:56,903 [E-W2]   🎉 성공 (✅104 ❌31)
2026-03-07 14:54:12,119 [E-W2] 📌 [136/469] [tarot] 펜타클 에이스(reversed)
2026-03-07 14:54:32,833 [E-W2]   🎉 성공 (✅105 ❌31)
2026-03-07 14:54:45,175 [E-W2] 📌 [137/469] [zodiac] 게자리×己丑(기축)
2026-03-07 14:55:01,827 [E-W2]   🎉 성공 (✅106 ❌31)
2026-03-07 14:55:12,533 [E-W2] 📌 [138/469] [tti] 호랑이띠×甲寅(갑인)
2026-03-07 14:55:29,204 [E-W2]   🎉 성공 (✅107 ❌31)
2026-03-07 14:55:43,926 [E-W2] 📌 [139/469] [tti] 말띠×庚戌(경술)
2026-03-07 14:56:00,599 [E-W2]   🎉 성공 (✅108 ❌31)
2026-03-07 14:56:15,026 [E-W2] 📌 [140/469] [tti] 양띠×辛未(신미)
2026-03-07 14:56:31,697 [E-W2]   🎉 성공 (✅109 ❌31)
2026-03-07 14:56:44,044 [E-W2] 📌 [141/469] [zodiac] 사자자리×丁巳(정사)
2026-03-07 14:57:00,715 [E-W2]   🎉 성공 (✅110 ❌31)
2026-03-07 14:57:16,411 [E-W2] 📌 [142/469] [tti] 개띠×甲子(갑자)
2026-03-07 14:57:33,081 [E-W2]   🎉 성공 (✅111 ❌31)
2026-03-07 14:57:43,206 [E-W2] 📌 [143/469] [zodiac] 물고기자리×壬戌(임술)
2026-03-07 14:57:59,877 [E-W2]   🎉 성공 (✅112 ❌31)
2026-03-07 14:58:14,152 [E-W2] 📌 [144/469] [zodiac] 사자자리×庚申(경신)
2026-03-07 14:58:34,936 [E-W2]   🎉 성공 (✅113 ❌31)
2026-03-07 14:58:45,303 [E-W2] 📌 [145/469] [zodiac] 사자자리×丙戌(병술)
2026-03-07 14:59:01,985 [E-W2]   🎉 성공 (✅114 ❌31)
2026-03-07 14:59:17,273 [E-W2] 📌 [146/469] [tti] 양띠×丁未(정미)
2026-03-07 14:59:33,950 [E-W2]   🎉 성공 (✅115 ❌31)
2026-03-07 14:59:50,546 [E-W2] 📌 [147/469] [zodiac] 물병자리×庚申(경신)
2026-03-07 15:00:07,229 [E-W2]   ❌ 에러: dict contains fields not in fieldnames: '텐션_level'
2026-03-07 15:00:12,547 [E-W2] 📌 [148/469] [tarot] 완드 기사(reversed)
2026-03-07 15:00:29,254 [E-W2]   🎉 성공 (✅116 ❌32)
2026-03-07 15:00:41,886 [E-W2] 📌 [149/469] [tti] 말띠×丁丑(정축)
2026-03-07 15:00:58,573 [E-W2]   🎉 성공 (✅117 ❌32)
2026-03-07 15:01:15,342 [E-W2] 📌 [150/469] [tti] 쥐띠×戊申(무신)
2026-03-07 15:01:32,033 [E-W2]   🎉 성공 (✅118 ❌32)
2026-03-07 15:01:47,436 [E-W2] 📌 [151/469] [zodiac] 양자리×壬午(임오)
2026-03-07 15:02:04,130 [E-W2]   🎉 성공 (✅119 ❌32)
2026-03-07 15:02:20,945 [E-W2] 📌 [152/469] [zodiac] 양자리×己亥(기해)
2026-03-07 15:02:37,631 [E-W2]   🎉 성공 (✅120 ❌32)
2026-03-07 15:02:53,322 [E-W2] 📌 [153/469] [tti] 양띠×丁酉(정유)
2026-03-07 15:03:14,115 [E-W2]   🎉 성공 (✅121 ❌32)
2026-03-07 15:03:25,113 [E-W2] 📌 [154/469] [tti] 닭띠×丁丑(정축)
2026-03-07 15:03:41,791 [E-W2]   🎉 성공 (✅122 ❌32)
2026-03-07 15:03:52,969 [E-W2] 📌 [155/469] [tarot] 전차(reversed)
2026-03-07 15:04:09,683 [E-W2]   🎉 성공 (✅123 ❌32)
2026-03-07 15:04:23,257 [E-W2] 📌 [156/469] [tti] 말띠×甲子(갑자)
2026-03-07 15:04:39,947 [E-W2]   🎉 성공 (✅124 ❌32)
2026-03-07 15:04:54,005 [E-W2] 📌 [157/469] [zodiac] 처녀자리×甲午(갑오)
2026-03-07 15:05:10,704 [E-W2]   ❌ 에러: dict contains fields not in fieldnames: '텐션_level'
2026-03-07 15:05:16,613 [E-W2] 📌 [158/469] [zodiac] 쌍둥이자리×戊寅(무인)
2026-03-07 15:05:33,298 [E-W2]   🎉 성공 (✅125 ❌33)
2026-03-07 15:05:45,419 [E-W2] 📌 [159/469] [zodiac] 게자리×甲辰(갑진)
2026-03-07 15:06:02,105 [E-W2]   🎉 성공 (✅126 ❌33)
2026-03-07 15:06:17,439 [E-W2] 📌 [160/469] [tti] 개띠×己丑(기축)
2026-03-07 15:06:34,135 [E-W2]   ❌ 에러: dict contains fields not in fieldnames: '텐션_level'
2026-03-07 15:06:39,505 [E-W2] 📌 [161/469] [tti] 닭띠×庚辰(경진)
2026-03-07 15:06:56,226 [E-W2]   🎉 성공 (✅127 ❌34)
2026-03-07 15:07:08,363 [E-W2] 📌 [162/469] [tti] 양띠×己未(기미)
2026-03-07 15:07:25,046 [E-W2]   🎉 성공 (✅128 ❌34)
2026-03-07 15:07:40,337 [E-W2] 📌 [163/469] [tti] 용띠×癸酉(계유)
2026-03-07 15:08:01,097 [E-W2]   🎉 성공 (✅129 ❌34)
2026-03-07 15:08:15,696 [E-W2] 📌 [164/469] [tti] 원숭이띠×癸巳(계사)
2026-03-07 15:08:32,377 [E-W2]   🎉 성공 (✅130 ❌34)
2026-03-07 15:08:46,919 [E-W2] 📌 [165/469] [zodiac] 황소자리×乙卯(을묘)
2026-03-07 15:09:03,588 [E-W2]   🎉 성공 (✅131 ❌34)
2026-03-07 15:09:18,348 [E-W2] 📌 [166/469] [zodiac] 처녀자리×辛未(신미)
2026-03-07 15:09:35,042 [E-W2]   🎉 성공 (✅132 ❌34)
2026-03-07 15:09:45,310 [E-W2] 📌 [167/469] [zodiac] 게자리×丁卯(정묘)
2026-03-07 15:10:02,068 [E-W2]   ❌ 에러: dict contains fields not in fieldnames: '텐션_level'
2026-03-07 15:10:07,390 [E-W2] 📌 [168/469] [zodiac] 사자자리×癸酉(계유)
2026-03-07 15:10:24,101 [E-W2]   🎉 성공 (✅133 ❌35)
2026-03-07 15:10:39,304 [E-W2] 📌 [169/469] [zodiac] 게자리×乙丑(을축)
2026-03-07 15:10:56,043 [E-W2]   🎉 성공 (✅134 ❌35)
2026-03-07 15:11:06,994 [E-W2] 📌 [170/469] [tti] 닭띠×己丑(기축)
2026-03-07 15:11:23,697 [E-W2]   ❌ 에러: dict contains fields not in fieldnames: '텐션_level'
2026-03-07 15:11:29,083 [E-W2] 📌 [171/469] [zodiac] 처녀자리×庚辰(경진)
2026-03-07 15:11:45,880 [E-W2]   🎉 성공 (✅135 ❌36)
2026-03-07 15:11:57,676 [E-W2] 📌 [172/469] [zodiac] 처녀자리×己酉(기유)
2026-03-07 15:12:14,395 [E-W2]   🎉 성공 (✅136 ❌36)
2026-03-07 15:12:26,637 [E-W2] 📌 [173/469] [zodiac] 처녀자리×辛酉(신유)
2026-03-07 15:12:47,471 [E-W2]   🎉 성공 (✅137 ❌36)
2026-03-07 15:13:03,249 [E-W2] 📌 [174/469] [tti] 뱀띠×丙戌(병술)
2026-03-07 15:13:19,954 [E-W2]   🎉 성공 (✅138 ❌36)
2026-03-07 15:13:35,125 [E-W2] 📌 [175/469] [tti] 뱀띠×丙辰(병진)
2026-03-07 15:13:51,857 [E-W2]   🎉 성공 (✅139 ❌36)
2026-03-07 15:14:02,853 [E-W2] 📌 [176/469] [tti] 말띠×壬辰(임진)
2026-03-07 15:14:19,571 [E-W2]   🎉 성공 (✅140 ❌36)
2026-03-07 15:14:34,181 [E-W2] 📌 [177/469] [zodiac] 천칭자리×癸卯(계묘)
2026-03-07 15:14:50,877 [E-W2]   🎉 성공 (✅141 ❌36)
2026-03-07 15:15:06,743 [E-W2] 📌 [178/469] [zodiac] 물병자리×己巳(기사)
2026-03-07 15:15:23,454 [E-W2]   ❌ 에러: dict contains fields not in fieldnames: '텐션_level'
2026-03-07 15:15:28,771 [E-W2] 📌 [179/469] [tti] 쥐띠×戊午(무오)
2026-03-07 15:15:45,521 [E-W2]   🎉 성공 (✅142 ❌37)
2026-03-07 15:16:01,442 [E-W2] 📌 [180/469] [tti] 뱀띠×癸未(계미)
2026-03-07 15:16:18,160 [E-W2]   🎉 성공 (✅143 ❌37)
2026-03-07 15:16:34,572 [E-W2] 📌 [181/469] [zodiac] 전갈자리×丙午(병오)
2026-03-07 15:16:51,280 [E-W2]   🎉 성공 (✅144 ❌37)
2026-03-07 15:17:06,397 [E-W2] 📌 [182/469] [zodiac] 사자자리×癸丑(계축)
2026-03-07 15:17:27,193 [E-W2]   🎉 성공 (✅145 ❌37)
2026-03-07 15:17:43,339 [E-W2] 📌 [183/469] [zodiac] 사수자리×辛丑(신축)
2026-03-07 15:18:00,029 [E-W2]   🎉 성공 (✅146 ❌37)
2026-03-07 15:18:15,275 [E-W2] 📌 [184/469] [tti] 말띠×庚午(경오)
2026-03-07 15:20:21,228 [E-W2]   ❌ 파싱실패
2026-03-07 15:20:34,981 [E-W2] 📌 [185/469] [tti] 돼지띠×壬子(임자)
2026-03-07 15:22:40,909 [E-W2]   ❌ 파싱실패
2026-03-07 15:22:52,969 [E-W2] 📌 [186/469] [zodiac] 양자리×辛丑(신축)
2026-03-07 15:24:58,790 [E-W2]   ❌ 파싱실패
2026-03-07 15:25:11,494 [E-W2] 📌 [187/469] [tti] 돼지띠×丁卯(정묘)
2026-03-07 15:27:17,269 [E-W2]   ❌ 파싱실패
2026-03-07 15:27:33,253 [E-W2] 📌 [188/469] [tti] 뱀띠×癸卯(계묘)
2026-03-07 15:29:39,048 [E-W2]   ❌ 파싱실패
2026-03-07 15:29:54,541 [E-W2] 📌 [189/469] [zodiac] 처녀자리×丁丑(정축)
2026-03-07 15:32:00,305 [E-W2]   ❌ 파싱실패
2026-03-07 15:32:11,958 [E-W2] 📌 [190/469] [tarot] 소드 8(upright)
2026-03-07 15:34:17,696 [E-W2]   ❌ 파싱실패
2026-03-07 15:34:34,178 [E-W2] 📌 [191/469] [zodiac] 염소자리×辛亥(신해)
2026-03-07 15:35:07,874 [E-W2]   ❌ 에러: dict contains fields not in fieldnames: 'animal', '텐션_level'
2026-03-07 15:35:13,784 [E-W2] 📌 [192/469] [zodiac] 천칭자리×乙亥(을해)
2026-03-07 15:35:30,493 [E-W2]   🎉 성공 (✅147 ❌45)
2026-03-07 15:35:46,850 [E-W2] 📌 [193/469] [zodiac] 사수자리×庚午(경오)
2026-03-07 15:36:03,550 [E-W2]   🎉 성공 (✅148 ❌45)
2026-03-07 15:36:19,983 [E-W2] 📌 [194/469] [zodiac] 처녀자리×癸未(계미)
2026-03-07 15:36:36,688 [E-W2]   🎉 성공 (✅149 ❌45)
2026-03-07 15:36:52,363 [E-W2] 📌 [195/469] [tti] 양띠×壬申(임신)
2026-03-07 15:37:09,070 [E-W2]   🎉 성공 (✅150 ❌45)
2026-03-07 15:37:24,497 [E-W2] 📌 [196/469] [zodiac] 천칭자리×丁卯(정묘)
2026-03-07 15:37:41,208 [E-W2]   🎉 성공 (✅151 ❌45)
2026-03-07 15:37:52,168 [E-W2] 📌 [197/469] [tarot] 펜타클 8(upright)
2026-03-07 15:38:08,902 [E-W2]   🎉 성공 (✅152 ❌45)
2026-03-07 15:38:19,226 [E-W2] 📌 [198/469] [tti] 쥐띠×丁丑(정축)
2026-03-07 15:38:40,070 [E-W2]   🎉 성공 (✅153 ❌45)
2026-03-07 15:38:56,136 [E-W2] 📌 [199/469] [zodiac] 황소자리×壬午(임오)
2026-03-07 15:39:12,826 [E-W2]   🎉 성공 (✅154 ❌45)
2026-03-07 15:39:27,487 [E-W2] 📌 [200/469] [tti] 원숭이띠×己巳(기사)
2026-03-07 15:39:44,164 [E-W2]   🎉 성공 (✅155 ❌45)
2026-03-07 15:39:55,523 [E-W2] 📌 [201/469] [zodiac] 황소자리×丙戌(병술)
2026-03-07 15:40:12,194 [E-W2]   🎉 성공 (✅156 ❌45)
2026-03-07 15:40:22,417 [E-W2] 📌 [202/469] [tti] 뱀띠×乙巳(을사)
2026-03-07 15:40:39,127 [E-W2]   ❌ 에러: dict contains fields not in fieldnames: '텐션_level'
2026-03-07 15:40:44,715 [E-W2] 📌 [203/469] [tti] 소띠×己巳(기사)
2026-03-07 15:41:01,449 [E-W2]   🎉 성공 (✅157 ❌46)
2026-03-07 15:41:16,166 [E-W2] 📌 [204/469] [zodiac] 전갈자리×戊寅(무인)
2026-03-07 15:41:32,916 [E-W2]   🎉 성공 (✅158 ❌46)
2026-03-07 15:41:47,470 [E-W2] 📌 [205/469] [zodiac] 물병자리×乙巳(을사)
2026-03-07 15:43:53,750 [E-W2]   ❌ 파싱실패
2026-03-07 15:44:10,631 [E-W2] 📌 [206/469] [tti] 용띠×甲子(갑자)
2026-03-07 15:46:16,981 [E-W2]   ❌ 파싱실패
2026-03-07 15:46:27,250 [E-W2] 📌 [207/469] [tti] 뱀띠×壬子(임자)
2026-03-07 15:48:33,334 [E-W2]   ❌ 파싱실패
2026-03-07 15:48:46,417 [E-W2] 📌 [208/469] [zodiac] 양자리×庚午(경오)
2026-03-07 15:50:52,390 [E-W2]   ❌ 파싱실패
2026-03-07 15:51:04,045 [E-W2] 📌 [209/469] [tti] 말띠×庚寅(경인)
2026-03-07 15:53:09,890 [E-W2]   ❌ 파싱실패
2026-03-07 15:53:22,516 [E-W2] 📌 [210/469] [tti] 닭띠×壬寅(임인)
2026-03-07 15:55:28,379 [E-W2]   ❌ 파싱실패
2026-03-07 15:55:42,817 [E-W2] 📌 [211/469] [tti] 돼지띠×丙辰(병진)
2026-03-07 15:57:48,665 [E-W2]   ❌ 파싱실패
2026-03-07 15:58:01,452 [E-W2] 📌 [212/469] [tti] 용띠×丁未(정미)
2026-03-07 16:00:07,485 [E-W2]   ❌ 파싱실패
2026-03-07 16:00:20,973 [E-W2] 📌 [213/469] [tti] 양띠×癸卯(계묘)
2026-03-07 16:02:26,881 [E-W2]   ❌ 파싱실패
2026-03-07 16:02:38,311 [E-W2] 📌 [214/469] [zodiac] 양자리×癸酉(계유)
2026-03-07 16:04:44,281 [E-W2]   ❌ 파싱실패
2026-03-07 16:05:00,631 [E-W2] 📌 [215/469] [tarot] 펜타클 8(reversed)
2026-03-07 16:07:06,410 [E-W2]   ❌ 파싱실패
2026-03-07 16:07:22,841 [E-W2] 📌 [216/469] [tti] 쥐띠×戊寅(무인)
2026-03-07 16:09:28,680 [E-W2]   ❌ 파싱실패
2026-03-07 16:09:42,482 [E-W2] 📌 [217/469] [zodiac] 물병자리×丙午(병오)
2026-03-07 16:11:48,332 [E-W2]   ❌ 파싱실패
2026-03-07 16:12:05,012 [E-W2] 📌 [218/469] [zodiac] 사자자리×乙巳(을사)
2026-03-07 16:14:10,924 [E-W2]   ❌ 파싱실패
2026-03-07 16:14:21,459 [E-W2] 📌 [219/469] [tti] 뱀띠×乙丑(을축)
2026-03-07 16:16:27,377 [E-W2]   ❌ 파싱실패
2026-03-07 16:16:38,265 [E-W2] 📌 [220/469] [tti] 말띠×辛酉(신유)
2026-03-07 16:18:44,093 [E-W2]   ❌ 파싱실패
2026-03-07 16:18:55,861 [E-W2] 📌 [221/469] [zodiac] 염소자리×壬辰(임진)
2026-03-07 16:21:01,677 [E-W2]   ❌ 파싱실패
2026-03-07 16:21:13,048 [E-W2] 📌 [222/469] [zodiac] 천칭자리×辛酉(신유)
2026-03-07 16:23:18,855 [E-W2]   ❌ 파싱실패
2026-03-07 16:23:29,056 [E-W2] 📌 [223/469] [zodiac] 물병자리×辛酉(신유)
2026-03-07 16:25:34,821 [E-W2]   ❌ 파싱실패
2026-03-07 16:25:48,225 [E-W2] 📌 [224/469] [zodiac] 황소자리×丁未(정미)
2026-03-07 16:27:53,989 [E-W2]   ❌ 파싱실패
2026-03-07 16:28:05,013 [E-W2] 📌 [225/469] [tti] 뱀띠×戊寅(무인)
2026-03-07 16:30:10,825 [E-W2]   ❌ 파싱실패
2026-03-07 16:30:25,745 [E-W2] 📌 [226/469] [zodiac] 천칭자리×辛亥(신해)
2026-03-07 16:32:31,506 [E-W2]   ❌ 파싱실패
2026-03-07 16:32:45,004 [E-W2] 📌 [227/469] [tti] 쥐띠×癸丑(계축)
2026-03-07 16:34:50,784 [E-W2]   ❌ 파싱실패
2026-03-07 16:35:07,597 [E-W2] 📌 [228/469] [zodiac] 처녀자리×壬午(임오)
2026-03-07 16:37:13,379 [E-W2]   ❌ 파싱실패
2026-03-07 16:37:25,690 [E-W2] 📌 [229/469] [zodiac] 전갈자리×戊辰(무진)
2026-03-07 16:39:31,487 [E-W2]   ❌ 파싱실패
2026-03-07 16:39:47,999 [E-W2] 📌 [230/469] [zodiac] 게자리×戊午(무오)
2026-03-07 16:41:53,776 [E-W2]   ❌ 파싱실패
2026-03-07 16:42:10,443 [E-W2] 📌 [231/469] [zodiac] 염소자리×庚寅(경인)
2026-03-07 16:44:16,191 [E-W2]   ❌ 파싱실패
2026-03-07 16:44:32,060 [E-W2] 📌 [232/469] [tti] 쥐띠×己卯(기묘)
2026-03-07 16:46:37,840 [E-W2]   ❌ 파싱실패
2026-03-07 16:46:52,934 [E-W2] 📌 [233/469] [zodiac] 양자리×乙卯(을묘)
2026-03-07 16:48:58,693 [E-W2]   ❌ 파싱실패
2026-03-07 16:49:12,536 [E-W2] 📌 [234/469] [zodiac] 전갈자리×庚辰(경진)
2026-03-07 16:51:18,317 [E-W2]   ❌ 파싱실패
2026-03-07 16:51:29,198 [E-W2] 📌 [235/469] [tarot] 완드 여왕(reversed)
2026-03-07 16:53:34,970 [E-W2]   ❌ 파싱실패
2026-03-07 16:53:46,644 [E-W2] 📌 [236/469] [zodiac] 전갈자리×丁未(정미)
2026-03-07 16:55:52,796 [E-W2]   ❌ 파싱실패
2026-03-07 16:56:08,199 [E-W2] 📌 [237/469] [tti] 토끼띠×丁卯(정묘)
2026-03-07 16:58:14,551 [E-W2]   ❌ 파싱실패
2026-03-07 16:58:24,801 [E-W2] 📌 [238/469] [zodiac] 전갈자리×癸亥(계해)
2026-03-07 17:00:30,761 [E-W2]   ❌ 파싱실패
2026-03-07 17:00:46,010 [E-W2] 📌 [239/469] [tti] 쥐띠×壬戌(임술)
2026-03-07 17:02:51,985 [E-W2]   ❌ 파싱실패
2026-03-07 17:03:04,127 [E-W2] 📌 [240/469] [tti] 닭띠×庚申(경신)
2026-03-07 17:05:10,090 [E-W2]   ❌ 파싱실패
2026-03-07 17:05:26,952 [E-W2] 📌 [241/469] [zodiac] 양자리×壬寅(임인)
2026-03-07 17:07:32,806 [E-W2]   ❌ 파싱실패
2026-03-07 17:07:47,860 [E-W2] 📌 [242/469] [tti] 말띠×己丑(기축)
2026-03-07 17:09:53,694 [E-W2]   ❌ 파싱실패
2026-03-07 17:10:09,893 [E-W2] 📌 [243/469] [tti] 용띠×辛亥(신해)
2026-03-07 17:12:15,688 [E-W2]   ❌ 파싱실패
2026-03-07 17:12:28,916 [E-W2] 📌 [244/469] [tti] 쥐띠×丙寅(병인)
2026-03-07 17:14:34,734 [E-W2]   ❌ 파싱실패
2026-03-07 17:14:45,090 [E-W2] 📌 [245/469] [tti] 쥐띠×乙酉(을유)
2026-03-07 17:16:50,890 [E-W2]   ❌ 파싱실패
2026-03-07 17:17:02,187 [E-W2] 📌 [246/469] [zodiac] 쌍둥이자리×庚午(경오)
2026-03-07 17:19:07,969 [E-W2]   ❌ 파싱실패
2026-03-07 17:19:23,888 [E-W2] 📌 [247/469] [tti] 뱀띠×甲子(갑자)
2026-03-07 17:21:29,706 [E-W2]   ❌ 파싱실패
2026-03-07 17:21:45,641 [E-W2] 📌 [248/469] [tti] 쥐띠×戊子(무자)
2026-03-07 17:23:51,456 [E-W2]   ❌ 파싱실패
2026-03-07 17:24:06,271 [E-W2] 📌 [249/469] [tti] 토끼띠×壬辰(임진)
2026-03-07 17:26:12,117 [E-W2]   ❌ 파싱실패
2026-03-07 17:26:28,401 [E-W2] 📌 [250/469] [zodiac] 물병자리×庚子(경자)
2026-03-07 17:28:34,233 [E-W2]   ❌ 파싱실패
2026-03-07 17:28:44,344 [E-W2] 📌 [251/469] [zodiac] 물고기자리×壬辰(임진)
2026-03-07 17:30:50,116 [E-W2]   ❌ 파싱실패
2026-03-07 17:31:05,961 [E-W2] 📌 [252/469] [zodiac] 양자리×庚寅(경인)
2026-03-07 17:33:11,759 [E-W2]   ❌ 파싱실패
2026-03-07 17:33:23,743 [E-W2] 📌 [253/469] [zodiac] 게자리×丁巳(정사)
2026-03-07 17:35:29,633 [E-W2]   ❌ 파싱실패
2026-03-07 17:35:39,790 [E-W2] 📌 [254/469] [zodiac] 물병자리×丙戌(병술)
2026-03-07 17:37:45,661 [E-W2]   ❌ 파싱실패
2026-03-07 17:38:01,499 [E-W2] 📌 [255/469] [tarot] 정의(reversed)
2026-03-07 17:40:07,542 [E-W2]   ❌ 파싱실패
2026-03-07 17:40:20,515 [E-W2] 📌 [256/469] [zodiac] 전갈자리×辛酉(신유)
2026-03-07 17:42:26,262 [E-W2]   ❌ 파싱실패
2026-03-07 17:42:40,608 [E-W2] 📌 [257/469] [tti] 토끼띠×丙申(병신)
2026-03-07 17:44:46,367 [E-W2]   ❌ 파싱실패
2026-03-07 17:45:00,322 [E-W2] 📌 [258/469] [tti] 말띠×戊午(무오)
2026-03-07 17:47:06,119 [E-W2]   ❌ 파싱실패
2026-03-07 17:47:21,731 [E-W2] 📌 [259/469] [zodiac] 황소자리×甲午(갑오)
2026-03-07 17:49:27,891 [E-W2]   ❌ 파싱실패
2026-03-07 17:49:42,221 [E-W2] 📌 [260/469] [tti] 개띠×乙巳(을사)
2026-03-07 17:51:47,944 [E-W2]   ❌ 파싱실패
2026-03-07 17:51:57,959 [E-W2] 📌 [261/469] [tti] 양띠×甲子(갑자)
2026-03-07 17:54:03,717 [E-W2]   ❌ 파싱실패
2026-03-07 17:54:14,451 [E-W2] 📌 [262/469] [zodiac] 사자자리×癸巳(계사)
2026-03-07 17:56:20,232 [E-W2]   ❌ 파싱실패
2026-03-07 17:56:34,470 [E-W2] 📌 [263/469] [tti] 말띠×丁卯(정묘)
2026-03-07 17:58:40,265 [E-W2]   ❌ 파싱실패
2026-03-07 17:58:53,719 [E-W2] 📌 [264/469] [zodiac] 천칭자리×丁酉(정유)
2026-03-07 18:00:59,517 [E-W2]   ❌ 파싱실패
2026-03-07 18:01:11,838 [E-W2] 📌 [265/469] [tti] 돼지띠×辛巳(신사)
2026-03-07 18:03:17,630 [E-W2]   ❌ 파싱실패
2026-03-07 18:03:29,192 [E-W2] 📌 [266/469] [zodiac] 사수자리×庚寅(경인)
2026-03-07 18:05:34,970 [E-W2]   ❌ 파싱실패
2026-03-07 18:05:48,808 [E-W2] 📌 [267/469] [zodiac] 게자리×丙戌(병술)
2026-03-07 18:07:54,614 [E-W2]   ❌ 파싱실패
2026-03-07 18:08:10,581 [E-W2] 📌 [268/469] [tti] 호랑이띠×甲辰(갑진)
2026-03-07 18:10:16,351 [E-W2]   ❌ 파싱실패
2026-03-07 18:10:32,634 [E-W2] 📌 [269/469] [zodiac] 양자리×辛巳(신사)
2026-03-07 18:12:38,391 [E-W2]   ❌ 파싱실패
2026-03-07 18:12:54,732 [E-W2] 📌 [270/469] [zodiac] 염소자리×乙酉(을유)
2026-03-07 18:15:00,505 [E-W2]   ❌ 파싱실패
2026-03-07 18:15:15,177 [E-W2] 📌 [271/469] [zodiac] 사수자리×庚戌(경술)
2026-03-07 18:17:20,955 [E-W2]   ❌ 파싱실패
2026-03-07 18:17:36,249 [E-W2] 📌 [272/469] [tti] 소띠×己未(기미)
2026-03-07 18:19:21,949 [E-W2]   ❌ 에러: dict contains fields not in fieldnames: 'sign'
2026-03-07 18:19:29,409 [E-W2] 📌 [273/469] [zodiac] 사자자리×庚寅(경인)
2026-03-07 18:19:46,131 [E-W2]   🎉 성공 (✅159 ❌114)
2026-03-07 18:19:58,410 [E-W2] 📌 [274/469] [zodiac] 전갈자리×乙丑(을축)
2026-03-07 18:20:18,124 [E-W2]   🎉 성공 (✅160 ❌114)
2026-03-07 18:20:28,540 [E-W2] 📌 [275/469] [zodiac] 처녀자리×丙午(병오)
2026-03-07 18:20:49,339 [E-W2]   🎉 성공 (✅161 ❌114)
2026-03-07 18:21:02,822 [E-W2] 📌 [276/469] [zodiac] 처녀자리×癸巳(계사)
2026-03-07 18:21:19,505 [E-W2]   🎉 성공 (✅162 ❌114)
2026-03-07 18:21:34,069 [E-W2] 📌 [277/469] [tti] 호랑이띠×丁丑(정축)
2026-03-07 18:21:50,754 [E-W2]   🎉 성공 (✅163 ❌114)
2026-03-07 18:22:01,019 [E-W2] 📌 [278/469] [tarot] 마법사(reversed)
2026-03-07 18:22:17,712 [E-W2]   🎉 성공 (✅164 ❌114)
2026-03-07 18:22:29,878 [E-W2] 📌 [279/469] [tti] 원숭이띠×乙未(을미)
2026-03-07 18:22:46,566 [E-W2]   🎉 성공 (✅165 ❌114)
2026-03-07 18:23:03,363 [E-W2] 📌 [280/469] [zodiac] 게자리×辛亥(신해)
2026-03-07 18:23:20,045 [E-W2]   🎉 성공 (✅166 ❌114)
2026-03-07 18:23:32,680 [E-W2] 📌 [281/469] [tti] 돼지띠×己未(기미)
2026-03-07 18:23:49,372 [E-W2]   🎉 성공 (✅167 ❌114)
2026-03-07 18:24:02,929 [E-W2] 📌 [282/469] [tti] 쥐띠×丙辰(병진)
2026-03-07 18:24:19,616 [E-W2]   🎉 성공 (✅168 ❌114)
2026-03-07 18:24:35,364 [E-W2] 📌 [283/469] [zodiac] 사자자리×戊辰(무진)
2026-03-07 18:24:56,215 [E-W2]   🎉 성공 (✅169 ❌114)
2026-03-07 18:25:13,039 [E-W2] 📌 [284/469] [tti] 원숭이띠×乙卯(을묘)
2026-03-07 18:25:29,774 [E-W2]   🎉 성공 (✅170 ❌114)
2026-03-07 18:25:45,696 [E-W2] 📌 [285/469] [tarot] 절제(upright)
2026-03-07 18:26:02,426 [E-W2]   🎉 성공 (✅171 ❌114)
2026-03-07 18:26:17,557 [E-W2] 📌 [286/469] [tti] 닭띠×癸卯(계묘)
2026-03-07 18:26:34,262 [E-W2]   🎉 성공 (✅172 ❌114)
2026-03-07 18:26:44,858 [E-W2] 📌 [287/469] [zodiac] 사수자리×乙卯(을묘)
2026-03-07 18:27:01,582 [E-W2]   🎉 성공 (✅173 ❌114)
2026-03-07 18:27:14,743 [E-W2] 📌 [288/469] [tti] 개띠×辛亥(신해)
2026-03-07 18:27:31,481 [E-W2]   🎉 성공 (✅174 ❌114)
2026-03-07 18:27:46,393 [E-W2] 📌 [289/469] [tti] 개띠×癸卯(계묘)
2026-03-07 18:28:03,085 [E-W2]   🎉 성공 (✅175 ❌114)
2026-03-07 18:28:20,041 [E-W2] 📌 [290/469] [zodiac] 사수자리×癸未(계미)
2026-03-07 18:28:36,750 [E-W2]   🎉 성공 (✅176 ❌114)
2026-03-07 18:28:49,601 [E-W2] 📌 [291/469] [zodiac] 게자리×壬申(임신)
2026-03-07 18:29:10,406 [E-W2]   🎉 성공 (✅177 ❌114)
2026-03-07 18:29:26,490 [E-W2] 📌 [292/469] [tti] 양띠×丁亥(정해)
2026-03-07 18:29:43,151 [E-W2]   🎉 성공 (✅178 ❌114)
2026-03-07 18:29:53,332 [E-W2] 📌 [293/469] [zodiac] 천칭자리×己亥(기해)
2026-03-07 18:30:10,004 [E-W2]   🎉 성공 (✅179 ❌114)
2026-03-07 18:30:25,235 [E-W2] 📌 [294/469] [zodiac] 황소자리×丙申(병신)
2026-03-07 18:30:41,920 [E-W2]   🎉 성공 (✅180 ❌114)
2026-03-07 18:30:53,800 [E-W2] 📌 [295/469] [tti] 개띠×癸亥(계해)
2026-03-07 18:31:10,477 [E-W2]   🎉 성공 (✅181 ❌114)
2026-03-07 18:31:23,937 [E-W2] 📌 [296/469] [tti] 개띠×戊午(무오)
2026-03-07 18:31:43,628 [E-W2]   🎉 성공 (✅182 ❌114)
2026-03-07 18:31:59,569 [E-W2] 📌 [297/469] [tarot] 소드 기사(reversed)
2026-03-07 18:32:16,250 [E-W2]   🎉 성공 (✅183 ❌114)
2026-03-07 18:32:31,035 [E-W2] 📌 [298/469] [tti] 뱀띠×乙亥(을해)
2026-03-07 18:32:47,724 [E-W2]   🎉 성공 (✅184 ❌114)
2026-03-07 18:33:00,309 [E-W2] 📌 [299/469] [zodiac] 사자자리×乙未(을미)
2026-03-07 18:33:21,072 [E-W2]   🎉 성공 (✅185 ❌114)
2026-03-07 18:33:35,007 [E-W2] 📌 [300/469] [tarot] 은둔자(reversed)
2026-03-07 18:33:54,684 [E-W2]   🎉 성공 (✅186 ❌114)
2026-03-07 18:34:04,733 [E-W2] 📌 [301/469] [zodiac] 황소자리×丙辰(병진)
2026-03-07 18:34:21,410 [E-W2]   🎉 성공 (✅187 ❌114)
2026-03-07 18:34:37,335 [E-W2] 📌 [302/469] [tti] 돼지띠×己巳(기사)
2026-03-07 18:34:54,001 [E-W2]   🎉 성공 (✅188 ❌114)
2026-03-07 18:35:04,390 [E-W2] 📌 [303/469] [tti] 뱀띠×壬寅(임인)
2026-03-07 18:35:21,068 [E-W2]   🎉 성공 (✅189 ❌114)
2026-03-07 18:35:37,254 [E-W2] 📌 [304/469] [zodiac] 사수자리×甲辰(갑진)
2026-03-07 18:35:53,910 [E-W2]   🎉 성공 (✅190 ❌114)
2026-03-07 18:36:07,118 [E-W2] 📌 [305/469] [zodiac] 천칭자리×戊寅(무인)
2026-03-07 18:36:23,808 [E-W2]   🎉 성공 (✅191 ❌114)
2026-03-07 18:36:39,713 [E-W2] 📌 [306/469] [zodiac] 황소자리×辛亥(신해)
2026-03-07 18:36:56,381 [E-W2]   🎉 성공 (✅192 ❌114)
2026-03-07 18:37:11,540 [E-W2] 📌 [307/469] [tti] 양띠×壬午(임오)
2026-03-07 18:37:32,326 [E-W2]   🎉 성공 (✅193 ❌114)
2026-03-07 18:37:45,218 [E-W2] 📌 [308/469] [tti] 뱀띠×己亥(기해)
2026-03-07 18:38:01,917 [E-W2]   🎉 성공 (✅194 ❌114)
2026-03-07 18:38:12,932 [E-W2] 📌 [309/469] [zodiac] 게자리×丙子(병자)
2026-03-07 18:38:29,605 [E-W2]   🎉 성공 (✅195 ❌114)
2026-03-07 18:38:45,003 [E-W2] 📌 [310/469] [tti] 말띠×癸亥(계해)
2026-03-07 18:39:01,667 [E-W2]   🎉 성공 (✅196 ❌114)
2026-03-07 18:39:17,881 [E-W2] 📌 [311/469] [tti] 닭띠×癸未(계미)
2026-03-07 18:39:34,540 [E-W2]   🎉 성공 (✅197 ❌114)
2026-03-07 18:39:44,826 [E-W2] 📌 [312/469] [tarot] 펜타클 7(reversed)
2026-03-07 18:40:01,501 [E-W2]   🎉 성공 (✅198 ❌114)
2026-03-07 18:40:17,331 [E-W2] 📌 [313/469] [zodiac] 물고기자리×丙寅(병인)
2026-03-07 18:40:34,027 [E-W2]   🎉 성공 (✅199 ❌114)
2026-03-07 18:40:49,203 [E-W2] 📌 [314/469] [tti] 닭띠×戊申(무신)
2026-03-07 18:41:05,876 [E-W2]   🎉 성공 (✅200 ❌114)
2026-03-07 18:41:22,127 [E-W2] 📌 [315/469] [zodiac] 물고기자리×乙亥(을해)
2026-03-07 18:41:42,863 [E-W2]   🎉 성공 (✅201 ❌114)
2026-03-07 18:41:56,224 [E-W2] 📌 [316/469] [zodiac] 사수자리×乙酉(을유)
2026-03-07 18:42:12,880 [E-W2]   🎉 성공 (✅202 ❌114)
2026-03-07 18:42:26,708 [E-W2] 📌 [317/469] [zodiac] 물고기자리×丁亥(정해)
2026-03-07 18:42:43,382 [E-W2]   🎉 성공 (✅203 ❌114)
2026-03-07 18:42:55,621 [E-W2] 📌 [318/469] [tarot] 소드 10(reversed)
2026-03-07 18:43:12,292 [E-W2]   🎉 성공 (✅204 ❌114)
2026-03-07 18:43:26,197 [E-W2] 📌 [319/469] [tti] 말띠×己未(기미)
2026-03-07 18:43:42,879 [E-W2]   ❌ 에러: dict contains fields not in fieldnames: '텐션_level'
2026-03-07 18:43:48,227 [E-W2] 📌 [320/469] [tti] 돼지띠×庚戌(경술)
2026-03-07 18:44:04,944 [E-W2]   🎉 성공 (✅205 ❌115)
2026-03-07 18:44:16,832 [E-W2] 📌 [321/469] [tti] 닭띠×辛卯(신묘)
2026-03-07 18:44:33,511 [E-W2]   🎉 성공 (✅206 ❌115)
2026-03-07 18:44:47,599 [E-W2] 📌 [322/469] [tti] 토끼띠×辛卯(신묘)
2026-03-07 18:45:04,274 [E-W2]   🎉 성공 (✅207 ❌115)
2026-03-07 18:45:14,955 [E-W2] 📌 [323/469] [zodiac] 사자자리×辛亥(신해)
2026-03-07 18:45:31,643 [E-W2]   🎉 성공 (✅208 ❌115)
2026-03-07 18:45:45,927 [E-W2] 📌 [324/469] [zodiac] 전갈자리×庚申(경신)
2026-03-07 18:46:06,722 [E-W2]   🎉 성공 (✅209 ❌115)
2026-03-07 18:46:18,602 [E-W2] 📌 [325/469] [tti] 쥐띠×癸未(계미)
2026-03-07 18:46:35,272 [E-W2]   🎉 성공 (✅210 ❌115)
2026-03-07 18:46:47,246 [E-W2] 📌 [326/469] [tti] 닭띠×庚子(경자)
2026-03-07 18:47:03,918 [E-W2]   🎉 성공 (✅211 ❌115)
2026-03-07 18:47:19,376 [E-W2] 📌 [327/469] [tti] 돼지띠×乙巳(을사)
2026-03-07 18:47:36,043 [E-W2]   🎉 성공 (✅212 ❌115)
2026-03-07 18:47:47,948 [E-W2] 📌 [328/469] [zodiac] 물고기자리×甲子(갑자)
2026-03-07 18:48:04,633 [E-W2]   🎉 성공 (✅213 ❌115)
2026-03-07 18:48:19,883 [E-W2] 📌 [329/469] [tti] 닭띠×辛酉(신유)
2026-03-07 18:48:36,572 [E-W2]   🎉 성공 (✅214 ❌115)
2026-03-07 18:48:49,237 [E-W2] 📌 [330/469] [tti] 원숭이띠×庚寅(경인)
2026-03-07 18:49:05,906 [E-W2]   🎉 성공 (✅215 ❌115)
2026-03-07 18:49:18,512 [E-W2] 📌 [331/469] [zodiac] 쌍둥이자리×癸丑(계축)
2026-03-07 18:49:35,179 [E-W2]   ❌ 에러: dict contains fields not in fieldnames: '텐션_level'
2026-03-07 18:49:40,570 [E-W2] 📌 [332/469] [tti] 뱀띠×癸丑(계축)
2026-03-07 18:50:00,281 [E-W2]   🎉 성공 (✅216 ❌116)
2026-03-07 18:50:15,519 [E-W2] 📌 [333/469] [zodiac] 사수자리×壬申(임신)
2026-03-07 18:50:36,345 [E-W2]   🎉 성공 (✅217 ❌116)
2026-03-07 18:50:46,810 [E-W2] 📌 [334/469] [zodiac] 전갈자리×丙子(병자)
2026-03-07 18:51:03,525 [E-W2]   🎉 성공 (✅218 ❌116)
2026-03-07 18:51:20,256 [E-W2] 📌 [335/469] [zodiac] 게자리×癸卯(계묘)
2026-03-07 18:51:36,952 [E-W2]   🎉 성공 (✅219 ❌116)
2026-03-07 18:51:52,001 [E-W2] 📌 [336/469] [tti] 토끼띠×乙丑(을축)
2026-03-07 18:52:08,692 [E-W2]   🎉 성공 (✅220 ❌116)
2026-03-07 18:52:18,986 [E-W2] 📌 [337/469] [tti] 말띠×庚子(경자)
2026-03-07 18:52:35,694 [E-W2]   ❌ 에러: dict contains fields not in fieldnames: '텐션_level'
2026-03-07 18:52:41,082 [E-W2] 📌 [338/469] [zodiac] 염소자리×壬戌(임술)
2026-03-07 18:52:57,796 [E-W2]   🎉 성공 (✅221 ❌117)
2026-03-07 18:53:10,699 [E-W2] 📌 [339/469] [tarot] 펜타클 시종(reversed)
2026-03-07 18:53:30,386 [E-W2]   🎉 성공 (✅222 ❌117)
2026-03-07 18:53:41,519 [E-W2] 📌 [340/469] [zodiac] 양자리×丙午(병오)
2026-03-07 18:53:58,192 [E-W2]   🎉 성공 (✅223 ❌117)
2026-03-07 18:54:09,762 [E-W2] 📌 [341/469] [tti] 말띠×癸丑(계축)
2026-03-07 18:54:26,448 [E-W2]   🎉 성공 (✅224 ❌117)
2026-03-07 18:54:36,938 [E-W2] 📌 [342/469] [tti] 쥐띠×甲午(갑오)
2026-03-07 18:54:57,749 [E-W2]   🎉 성공 (✅225 ❌117)
2026-03-07 18:55:09,908 [E-W2] 📌 [343/469] [zodiac] 물병자리×戊子(무자)
2026-03-07 18:55:26,613 [E-W2]   🎉 성공 (✅226 ❌117)
2026-03-07 18:55:41,250 [E-W2] 📌 [344/469] [zodiac] 염소자리×己未(기미)
2026-03-07 18:56:03,906 [E-W2] 🏁 워커 2 시작! 할당: 239개
2026-03-07 18:56:23,909 [E-W2] 🚀 크롬 초기화...
2026-03-07 18:56:34,436 [E-W2] 📌 [1/239] [zodiac] 처녀자리×庚子(경자)
2026-03-07 18:56:51,158 [E-W2]   🎉 성공 (✅1 ❌0)
2026-03-07 18:57:05,720 [E-W2] 📌 [2/239] [tarot] 완드 5(upright)
2026-03-07 18:57:25,401 [E-W2]   🎉 성공 (✅2 ❌0)
2026-03-07 18:57:40,927 [E-W2] 📌 [3/239] [tti] 원숭이띠×丁丑(정축)
2026-03-07 18:57:57,597 [E-W2]   🎉 성공 (✅3 ❌0)
2026-03-07 18:58:12,816 [E-W2] 📌 [4/239] [tarot] 컵 8(upright)
2026-03-07 18:58:29,488 [E-W2]   🎉 성공 (✅4 ❌0)
2026-03-07 18:58:44,576 [E-W2] 📌 [5/239] [zodiac] 쌍둥이자리×庚戌(경술)
2026-03-07 18:59:01,272 [E-W2]   🎉 성공 (✅5 ❌0)
2026-03-07 18:59:17,855 [E-W2] 📌 [6/239] [tti] 소띠×丁丑(정축)
2026-03-07 18:59:34,536 [E-W2]   🎉 성공 (✅6 ❌0)
2026-03-07 18:59:45,833 [E-W2] 📌 [7/239] [tti] 용띠×甲辰(갑진)
2026-03-07 19:00:02,504 [E-W2]   🎉 성공 (✅7 ❌0)
2026-03-07 19:00:15,974 [E-W2] 📌 [8/239] [tti] 닭띠×戊午(무오)
2026-03-07 19:00:32,662 [E-W2]   🎉 성공 (✅8 ❌0)
2026-03-07 19:00:49,444 [E-W2] 📌 [9/239] [tti] 소띠×乙卯(을묘)
2026-03-07 19:01:10,243 [E-W2]   🎉 성공 (✅9 ❌0)
2026-03-07 19:01:26,930 [E-W2] 📌 [10/239] [zodiac] 양자리×戊戌(무술)
2026-03-07 19:01:43,603 [E-W2]   🎉 성공 (✅10 ❌0)
2026-03-07 19:01:55,424 [E-W2] 📌 [11/239] [tti] 양띠×己酉(기유)
2026-03-07 19:02:12,115 [E-W2]   🎉 성공 (✅11 ❌0)
2026-03-07 19:02:24,897 [E-W2] 📌 [12/239] [zodiac] 염소자리×庚寅(경인)
2026-03-07 19:02:41,573 [E-W2]   🎉 성공 (✅12 ❌0)
2026-03-07 19:02:57,731 [E-W2] 📌 [13/239] [tti] 양띠×丁丑(정축)
2026-03-07 19:03:14,415 [E-W2]   ❌ 에러: dict contains fields not in fieldnames: 'sign'
2026-03-07 19:03:20,174 [E-W2] 📌 [14/239] [zodiac] 염소자리×戊戌(무술)
2026-03-07 19:03:36,890 [E-W2]   🎉 성공 (✅13 ❌1)
2026-03-07 19:03:52,153 [E-W2] 📌 [15/239] [tti] 개띠×戊戌(무술)
2026-03-07 19:04:08,841 [E-W2]   🎉 성공 (✅14 ❌1)
2026-03-07 19:04:19,241 [E-W2] 📌 [16/239] [tti] 개띠×癸丑(계축)
2026-03-07 19:04:35,947 [E-W2]   🎉 성공 (✅15 ❌1)
2026-03-07 19:04:49,212 [E-W2] 📌 [17/239] [zodiac] 천칭자리×甲寅(갑인)
2026-03-07 19:05:05,921 [E-W2]   🎉 성공 (✅16 ❌1)
2026-03-07 19:05:21,449 [E-W2] 📌 [18/239] [zodiac] 쌍둥이자리×庚午(경오)
2026-03-07 19:05:42,229 [E-W2]   🎉 성공 (✅17 ❌1)
2026-03-07 19:05:53,001 [E-W2] 📌 [19/239] [tti] 쥐띠×戊子(무자)
2026-03-07 19:06:09,707 [E-W2]   🎉 성공 (✅18 ❌1)
2026-03-07 19:06:24,668 [E-W2] 📌 [20/239] [tarot] 컵 여왕(upright)
2026-03-07 19:06:41,351 [E-W2]   🎉 성공 (✅19 ❌1)
2026-03-07 19:06:54,415 [E-W2] 📌 [21/239] [zodiac] 천칭자리×壬辰(임진)
2026-03-07 19:07:11,109 [E-W2]   🎉 성공 (✅20 ❌1)
2026-03-07 19:07:21,839 [E-W2] 📌 [22/239] [zodiac] 사자자리×庚辰(경진)
2026-03-07 19:07:38,545 [E-W2]   🎉 성공 (✅21 ❌1)
2026-03-07 19:07:53,629 [E-W2] 📌 [23/239] [tti] 호랑이띠×乙巳(을사)
2026-03-07 19:08:10,323 [E-W2]   🎉 성공 (✅22 ❌1)
2026-03-07 19:08:20,554 [E-W2] 📌 [24/239] [zodiac] 게자리×丙申(병신)
2026-03-07 19:08:37,235 [E-W2]   🎉 성공 (✅23 ❌1)
2026-03-07 19:08:51,700 [E-W2] 📌 [25/239] [tarot] 컵 3(reversed)
2026-03-07 19:09:08,389 [E-W2]   🎉 성공 (✅24 ❌1)
2026-03-07 19:09:20,967 [E-W2] 📌 [26/239] [zodiac] 게자리×壬寅(임인)
2026-03-07 19:09:41,732 [E-W2]   🎉 성공 (✅25 ❌1)
2026-03-07 19:09:56,673 [E-W2] 📌 [27/239] [zodiac] 전갈자리×辛未(신미)
2026-03-07 19:10:13,330 [E-W2]   🎉 성공 (✅26 ❌1)
2026-03-07 19:10:27,584 [E-W2] 📌 [28/239] [zodiac] 황소자리×戊午(무오)
2026-03-07 19:10:44,271 [E-W2]   🎉 성공 (✅27 ❌1)
2026-03-07 19:10:58,662 [E-W2] 📌 [29/239] [zodiac] 쌍둥이자리×丁酉(정유)
2026-03-07 19:11:15,329 [E-W2]   🎉 성공 (✅28 ❌1)
2026-03-07 19:11:31,567 [E-W2] 📌 [30/239] [zodiac] 게자리×乙亥(을해)
2026-03-07 19:11:48,230 [E-W2]   🎉 성공 (✅29 ❌1)
2026-03-07 19:12:01,327 [E-W2] 📌 [31/239] [tti] 닭띠×庚申(경신)
2026-03-07 19:12:18,000 [E-W2]   🎉 성공 (✅30 ❌1)
2026-03-07 19:12:28,002 [E-W2] 📌 [32/239] [tti] 말띠×庚寅(경인)
2026-03-07 19:12:44,699 [E-W2]   🎉 성공 (✅31 ❌1)
2026-03-07 19:12:54,803 [E-W2] 📌 [33/239] [zodiac] 사자자리×戊申(무신)
2026-03-07 19:13:11,499 [E-W2]   🎉 성공 (✅32 ❌1)
2026-03-07 19:13:21,919 [E-W2] 📌 [34/239] [tti] 토끼띠×己卯(기묘)
2026-03-07 19:13:42,709 [E-W2]   🎉 성공 (✅33 ❌1)
2026-03-07 19:13:54,523 [E-W2] 📌 [35/239] [zodiac] 물고기자리×己酉(기유)
2026-03-07 19:14:11,198 [E-W2]   🎉 성공 (✅34 ❌1)
2026-03-07 19:14:23,303 [E-W2] 📌 [36/239] [zodiac] 물고기자리×戊寅(무인)
2026-03-07 19:14:39,986 [E-W2]   🎉 성공 (✅35 ❌1)
2026-03-07 19:14:54,241 [E-W2] 📌 [37/239] [zodiac] 처녀자리×己卯(기묘)
2026-03-07 19:15:10,922 [E-W2]   🎉 성공 (✅36 ❌1)
2026-03-07 19:15:23,351 [E-W2] 📌 [38/239] [zodiac] 처녀자리×壬戌(임술)
2026-03-07 19:15:40,047 [E-W2]   🎉 성공 (✅37 ❌1)
2026-03-07 19:15:51,205 [E-W2] 📌 [39/239] [tti] 닭띠×癸巳(계사)
2026-03-07 19:16:07,887 [E-W2]   🎉 성공 (✅38 ❌1)
2026-03-07 19:16:19,007 [E-W2] 📌 [40/239] [tti] 양띠×己卯(기묘)
2026-03-07 19:16:35,711 [E-W2]   ❌ 에러: dict contains fields not in fieldnames: '텐션_level'
2026-03-07 19:16:41,608 [E-W2] 📌 [41/239] [zodiac] 천칭자리×甲申(갑신)
2026-03-07 19:16:58,302 [E-W2]   🎉 성공 (✅39 ❌2)
2026-03-07 19:17:08,762 [E-W2] 📌 [42/239] [tti] 원숭이띠×癸丑(계축)
2026-03-07 19:17:25,421 [E-W2]   🎉 성공 (✅40 ❌2)
2026-03-07 19:17:40,251 [E-W2] 📌 [43/239] [zodiac] 처녀자리×壬午(임오)
2026-03-07 19:18:01,001 [E-W2]   🎉 성공 (✅41 ❌2)
2026-03-07 19:18:14,231 [E-W2] 📌 [44/239] [zodiac] 사수자리×己亥(기해)
2026-03-07 19:18:30,871 [E-W2]   🎉 성공 (✅42 ❌2)
2026-03-07 19:18:46,012 [E-W2] 📌 [45/239] [zodiac] 물병자리×丙寅(병인)
2026-03-07 19:19:02,676 [E-W2]   🎉 성공 (✅43 ❌2)
2026-03-07 19:19:14,946 [E-W2] 📌 [46/239] [tarot] 소드 여왕(reversed)
2026-03-07 19:19:31,614 [E-W2]   🎉 성공 (✅44 ❌2)
2026-03-07 19:19:47,202 [E-W2] 📌 [47/239] [zodiac] 쌍둥이자리×乙丑(을축)
2026-03-07 19:20:03,865 [E-W2]   🎉 성공 (✅45 ❌2)
2026-03-07 19:20:18,045 [E-W2] 📌 [48/239] [tti] 원숭이띠×戊午(무오)
2026-03-07 19:20:34,720 [E-W2]   🎉 성공 (✅46 ❌2)
2026-03-07 19:20:44,996 [E-W2] 📌 [49/239] [zodiac] 양자리×庚午(경오)
2026-03-07 19:21:01,671 [E-W2]   🎉 성공 (✅47 ❌2)
2026-03-07 19:21:15,265 [E-W2] 📌 [50/239] [zodiac] 사자자리×丁丑(정축)
2026-03-07 19:21:31,939 [E-W2]   🎉 성공 (✅48 ❌2)
2026-03-07 19:21:44,701 [E-W2] 📌 [51/239] [tti] 소띠×丁酉(정유)
2026-03-07 19:22:05,489 [E-W2]   🎉 성공 (✅49 ❌2)
2026-03-07 19:22:17,712 [E-W2] 📌 [52/239] [tti] 호랑이띠×戊辰(무진)
2026-03-07 19:22:34,381 [E-W2]   🎉 성공 (✅50 ❌2)
2026-03-07 19:22:47,757 [E-W2] 📌 [53/239] [tti] 닭띠×壬戌(임술)
2026-03-07 19:23:04,432 [E-W2]   🎉 성공 (✅51 ❌2)
2026-03-07 19:23:15,389 [E-W2] 📌 [54/239] [zodiac] 물병자리×丁未(정미)
2026-03-07 19:23:32,082 [E-W2]   🎉 성공 (✅52 ❌2)
2026-03-07 19:23:46,063 [E-W2] 📌 [55/239] [zodiac] 사수자리×辛未(신미)
2026-03-07 19:24:02,750 [E-W2]   🎉 성공 (✅53 ❌2)
2026-03-07 19:24:15,724 [E-W2] 📌 [56/239] [tti] 말띠×乙巳(을사)
2026-03-07 19:24:32,414 [E-W2]   🎉 성공 (✅54 ❌2)
2026-03-07 19:24:48,014 [E-W2] 📌 [57/239] [tti] 말띠×丁亥(정해)
2026-03-07 19:25:04,704 [E-W2]   ❌ 에러: dict contains fields not in fieldnames: '텐션_level'
2026-03-07 19:25:10,057 [E-W2] 📌 [58/239] [tti] 호랑이띠×戊戌(무술)
2026-03-07 19:25:26,740 [E-W2]   🎉 성공 (✅55 ❌3)
2026-03-07 19:25:36,838 [E-W2] 📌 [59/239] [tti] 뱀띠×庚戌(경술)
2026-03-07 19:25:53,504 [E-W2]   🎉 성공 (✅56 ❌3)
2026-03-07 19:26:05,145 [E-W2] 📌 [60/239] [tti] 닭띠×辛未(신미)
2026-03-07 19:26:25,909 [E-W2]   🎉 성공 (✅57 ❌3)
2026-03-07 19:26:40,496 [E-W2] 📌 [61/239] [tarot] 죽음(upright)
2026-03-07 19:26:57,158 [E-W2]   🎉 성공 (✅58 ❌3)
2026-03-07 19:27:12,223 [E-W2] 📌 [62/239] [zodiac] 물고기자리×辛亥(신해)
2026-03-07 19:27:28,881 [E-W2]   🎉 성공 (✅59 ❌3)
2026-03-07 19:27:43,354 [E-W2] 📌 [63/239] [zodiac] 황소자리×庚子(경자)
2026-03-07 19:28:00,024 [E-W2]   🎉 성공 (✅60 ❌3)
2026-03-07 19:28:16,549 [E-W2] 📌 [64/239] [zodiac] 사자자리×壬辰(임진)
2026-03-07 19:28:33,213 [E-W2]   🎉 성공 (✅61 ❌3)
2026-03-07 19:28:44,303 [E-W2] 📌 [65/239] [zodiac] 사자자리×丁酉(정유)
2026-03-07 19:29:00,977 [E-W2]   🎉 성공 (✅62 ❌3)
2026-03-07 19:29:15,284 [E-W2] 📌 [66/239] [tti] 원숭이띠×癸未(계미)
2026-03-07 19:29:31,953 [E-W2]   ❌ 에러: dict contains fields not in fieldnames: '텐션_level'
2026-03-07 19:29:37,246 [E-W2] 📌 [67/239] [tti] 돼지띠×戊辰(무진)
2026-03-07 19:29:53,950 [E-W2]   🎉 성공 (✅63 ❌4)
2026-03-07 19:30:04,634 [E-W2] 📌 [68/239] [zodiac] 전갈자리×甲申(갑신)
2026-03-07 19:30:21,315 [E-W2]   🎉 성공 (✅64 ❌4)
2026-03-07 19:30:33,252 [E-W2] 📌 [69/239] [tti] 용띠×癸亥(계해)
2026-03-07 19:30:54,030 [E-W2]   🎉 성공 (✅65 ❌4)
2026-03-07 19:31:10,143 [E-W2] 📌 [70/239] [tti] 말띠×己亥(기해)
2026-03-07 19:31:26,823 [E-W2]   🎉 성공 (✅66 ❌4)
2026-03-07 19:31:40,513 [E-W2] 📌 [71/239] [zodiac] 물고기자리×甲申(갑신)
2026-03-07 19:31:57,198 [E-W2]   🎉 성공 (✅67 ❌4)
2026-03-07 19:32:10,088 [E-W2] 📌 [72/239] [tti] 닭띠×丁未(정미)
2026-03-07 19:32:26,763 [E-W2]   🎉 성공 (✅68 ❌4)
2026-03-07 19:32:38,433 [E-W2] 📌 [73/239] [tti] 호랑이띠×癸未(계미)
2026-03-07 19:32:55,109 [E-W2]   🎉 성공 (✅69 ❌4)
2026-03-07 19:33:07,203 [E-W2] 📌 [74/239] [zodiac] 황소자리×辛未(신미)
2026-03-07 19:33:23,887 [E-W2]   🎉 성공 (✅70 ❌4)
2026-03-07 19:33:37,009 [E-W2] 📌 [75/239] [tti] 양띠×丁卯(정묘)
2026-03-07 19:33:53,701 [E-W2]   🎉 성공 (✅71 ❌4)
2026-03-07 19:34:05,325 [E-W2] 📌 [76/239] [tarot] 완드 2(upright)
2026-03-07 19:34:22,033 [E-W2]   🎉 성공 (✅72 ❌4)
2026-03-07 19:34:36,390 [E-W2] 📌 [77/239] [tti] 양띠×辛丑(신축)
2026-03-07 19:34:57,153 [E-W2]   🎉 성공 (✅73 ❌4)
2026-03-07 19:35:14,091 [E-W2] 📌 [78/239] [zodiac] 물병자리×庚午(경오)
2026-03-07 19:35:30,782 [E-W2]   🎉 성공 (✅74 ❌4)
2026-03-07 19:35:40,996 [E-W2] 📌 [79/239] [tarot] 컵 10(upright)
2026-03-07 19:35:57,681 [E-W2]   🎉 성공 (✅75 ❌4)
2026-03-07 19:36:09,898 [E-W2] 📌 [80/239] [zodiac] 게자리×丁巳(정사)
2026-03-07 19:36:26,586 [E-W2]   🎉 성공 (✅76 ❌4)
2026-03-07 19:36:42,882 [E-W2] 📌 [81/239] [tti] 쥐띠×辛酉(신유)
2026-03-07 19:36:59,562 [E-W2]   🎉 성공 (✅77 ❌4)
2026-03-07 19:37:11,356 [E-W2] 📌 [82/239] [zodiac] 양자리×壬子(임자)
2026-03-07 19:37:28,043 [E-W2]   🎉 성공 (✅78 ❌4)
2026-03-07 19:37:43,502 [E-W2] 📌 [83/239] [zodiac] 염소자리×乙未(을미)
2026-03-07 19:38:00,191 [E-W2]   🎉 성공 (✅79 ❌4)
2026-03-07 19:38:15,418 [E-W2] 📌 [84/239] [tti] 소띠×己未(기미)
2026-03-07 19:38:32,104 [E-W2]   🎉 성공 (✅80 ❌4)
2026-03-07 19:38:44,634 [E-W2] 📌 [85/239] [zodiac] 염소자리×壬子(임자)
2026-03-07 19:39:05,370 [E-W2]   🎉 성공 (✅81 ❌4)
2026-03-07 19:39:18,823 [E-W2] 📌 [86/239] [zodiac] 양자리×癸未(계미)
2026-03-07 19:39:35,476 [E-W2]   🎉 성공 (✅82 ❌4)
2026-03-07 19:39:48,858 [E-W2] 📌 [87/239] [zodiac] 처녀자리×癸亥(계해)
2026-03-07 19:40:05,514 [E-W2]   🎉 성공 (✅83 ❌4)
2026-03-07 19:40:20,403 [E-W2] 📌 [88/239] [zodiac] 게자리×丁丑(정축)
2026-03-07 19:40:37,063 [E-W2]   🎉 성공 (✅84 ❌4)
2026-03-07 19:40:53,622 [E-W2] 📌 [89/239] [tti] 양띠×癸巳(계사)
2026-03-07 19:41:10,282 [E-W2]   ❌ 에러: dict contains fields not in fieldnames: '텐션_level'
2026-03-07 19:41:15,658 [E-W2] 📌 [90/239] [tti] 토끼띠×癸酉(계유)
2026-03-07 19:41:32,371 [E-W2]   🎉 성공 (✅85 ❌5)
2026-03-07 19:41:44,570 [E-W2] 📌 [91/239] [zodiac] 처녀자리×戊寅(무인)
2026-03-07 19:42:01,255 [E-W2]   🎉 성공 (✅86 ❌5)
2026-03-07 19:42:13,156 [E-W2] 📌 [92/239] [zodiac] 염소자리×辛丑(신축)
2026-03-07 19:42:29,841 [E-W2]   🎉 성공 (✅87 ❌5)
2026-03-07 19:42:45,630 [E-W2] 📌 [93/239] [zodiac] 사수자리×壬午(임오)
2026-03-07 19:43:02,326 [E-W2]   🎉 성공 (✅88 ❌5)
2026-03-07 19:43:12,653 [E-W2] 📌 [94/239] [tti] 개띠×丁巳(정사)
2026-03-07 19:43:33,394 [E-W2]   🎉 성공 (✅89 ❌5)
2026-03-07 19:43:48,724 [E-W2] 📌 [95/239] [tti] 개띠×己亥(기해)
2026-03-07 19:44:05,382 [E-W2]   🎉 성공 (✅90 ❌5)
2026-03-07 19:44:18,865 [E-W2] 📌 [96/239] [tti] 말띠×甲申(갑신)
2026-03-07 19:44:35,531 [E-W2]   🎉 성공 (✅91 ❌5)
2026-03-07 19:44:49,647 [E-W2] 📌 [97/239] [zodiac] 사수자리×壬寅(임인)
2026-03-07 19:45:06,304 [E-W2]   🎉 성공 (✅92 ❌5)
2026-03-07 19:45:17,062 [E-W2] 📌 [98/239] [zodiac] 사자자리×庚戌(경술)
2026-03-07 19:45:33,700 [E-W2]   🎉 성공 (✅93 ❌5)
2026-03-07 19:45:49,989 [E-W2] 📌 [99/239] [zodiac] 사자자리×戊寅(무인)
2026-03-07 19:46:06,653 [E-W2]   🎉 성공 (✅94 ❌5)
2026-03-07 19:46:22,836 [E-W2] 📌 [100/239] [tti] 용띠×戊寅(무인)
2026-03-07 19:46:39,504 [E-W2]   🎉 성공 (✅95 ❌5)
2026-03-07 19:46:53,881 [E-W2] 📌 [101/239] [tti] 호랑이띠×庚戌(경술)
2026-03-07 19:47:10,569 [E-W2]   🎉 성공 (✅96 ❌5)
2026-03-07 19:47:24,824 [E-W2] 📌 [102/239] [zodiac] 물고기자리×壬辰(임진)
2026-03-07 19:47:45,580 [E-W2]   🎉 성공 (✅97 ❌5)
2026-03-07 19:47:59,620 [E-W2] 📌 [103/239] [tti] 닭띠×庚戌(경술)
2026-03-07 19:48:16,281 [E-W2]   🎉 성공 (✅98 ❌5)
2026-03-07 19:48:27,186 [E-W2] 📌 [104/239] [tti] 용띠×戊午(무오)
2026-03-07 19:48:43,842 [E-W2]   🎉 성공 (✅99 ❌5)
2026-03-07 19:48:56,893 [E-W2] 📌 [105/239] [zodiac] 게자리×庚子(경자)
2026-03-07 19:49:13,555 [E-W2]   🎉 성공 (✅100 ❌5)
2026-03-07 19:49:24,825 [E-W2] 📌 [106/239] [tti] 개띠×庚午(경오)
2026-03-07 19:49:41,483 [E-W2]   🎉 성공 (✅101 ❌5)
2026-03-07 19:49:52,942 [E-W2] 📌 [107/239] [tarot] 펜타클 5(upright)
2026-03-07 19:50:09,608 [E-W2]   🎉 성공 (✅102 ❌5)
2026-03-07 19:50:23,121 [E-W2] 📌 [108/239] [zodiac] 양자리×庚辰(경진)
2026-03-07 19:50:39,790 [E-W2]   🎉 성공 (✅103 ❌5)
2026-03-07 19:50:52,594 [E-W2] 📌 [109/239] [tarot] 펜타클 에이스(upright)
2026-03-07 19:51:09,260 [E-W2]   🎉 성공 (✅104 ❌5)
2026-03-07 19:51:22,010 [E-W2] 📌 [110/239] [tti] 호랑이띠×戊子(무자)
2026-03-07 19:51:42,743 [E-W2]   🎉 성공 (✅105 ❌5)
2026-03-07 19:51:57,420 [E-W2] 📌 [111/239] [tti] 쥐띠×己丑(기축)
2026-03-07 19:52:14,071 [E-W2]   🎉 성공 (✅106 ❌5)
2026-03-07 19:52:26,863 [E-W2] 📌 [112/239] [zodiac] 쌍둥이자리×壬辰(임진)
2026-03-07 19:52:43,523 [E-W2]   ❌ 에러: dict contains fields not in fieldnames: '텐션_level'
2026-03-07 19:52:48,944 [E-W2] 📌 [113/239] [tti] 쥐띠×壬辰(임진)
2026-03-07 19:53:05,651 [E-W2]   🎉 성공 (✅107 ❌6)
2026-03-07 19:53:22,114 [E-W2] 📌 [114/239] [zodiac] 양자리×癸巳(계사)
2026-03-07 19:53:38,796 [E-W2]   ❌ 에러: dict contains fields not in fieldnames: '텐션_level'
2026-03-07 19:53:44,154 [E-W2] 📌 [115/239] [tarot] 펜타클 2(upright)
2026-03-07 19:54:00,841 [E-W2]   🎉 성공 (✅108 ❌7)
2026-03-07 19:54:13,878 [E-W2] 📌 [116/239] [tti] 원숭이띠×辛巳(신사)
2026-03-07 19:54:30,538 [E-W2]   🎉 성공 (✅109 ❌7)
2026-03-07 19:54:42,129 [E-W2] 📌 [117/239] [zodiac] 처녀자리×丁酉(정유)
2026-03-07 19:54:58,795 [E-W2]   🎉 성공 (✅110 ❌7)
2026-03-07 19:55:14,373 [E-W2] 📌 [118/239] [zodiac] 사자자리×乙酉(을유)
2026-03-07 19:55:40,068 [E-W2]   🎉 성공 (✅111 ❌7)
2026-03-07 19:55:50,265 [E-W2] 📌 [119/239] [zodiac] 천칭자리×庚戌(경술)
2026-03-07 19:56:06,925 [E-W2]   🎉 성공 (✅112 ❌7)
2026-03-07 19:56:22,954 [E-W2] 📌 [120/239] [zodiac] 천칭자리×己丑(기축)
2026-03-07 19:56:43,731 [E-W2]   🎉 성공 (✅113 ❌7)
2026-03-07 19:56:57,074 [E-W2] 📌 [121/239] [zodiac] 물병자리×壬午(임오)
2026-03-07 19:57:13,751 [E-W2]   🎉 성공 (✅114 ❌7)
2026-03-07 19:57:29,015 [E-W2] 📌 [122/239] [tarot] 심판(upright)
2026-03-07 19:57:45,697 [E-W2]   🎉 성공 (✅115 ❌7)
2026-03-07 19:58:00,456 [E-W2] 📌 [123/239] [zodiac] 물고기자리×辛酉(신유)
2026-03-07 19:58:17,135 [E-W2]   🎉 성공 (✅116 ❌7)
2026-03-07 19:58:28,914 [E-W2] 📌 [124/239] [tti] 용띠×庚子(경자)
2026-03-07 19:58:45,603 [E-W2]   🎉 성공 (✅117 ❌7)
2026-03-07 19:58:55,780 [E-W2] 📌 [125/239] [zodiac] 게자리×辛未(신미)
2026-03-07 19:59:12,474 [E-W2]   🎉 성공 (✅118 ❌7)
2026-03-07 19:59:29,374 [E-W2] 📌 [126/239] [tarot] 매달린사람(reversed)
2026-03-07 19:59:46,064 [E-W2]   🎉 성공 (✅119 ❌7)
2026-03-07 19:59:58,298 [E-W2] 📌 [127/239] [tti] 양띠×丙申(병신)
2026-03-07 20:00:14,981 [E-W2]   ❌ 에러: dict contains fields not in fieldnames: '텐션_level'
2026-03-07 20:00:20,782 [E-W2] 📌 [128/239] [tti] 양띠×甲子(갑자)
2026-03-07 20:00:37,488 [E-W2]   🎉 성공 (✅120 ❌8)
2026-03-07 20:00:48,354 [E-W2] 📌 [129/239] [tti] 뱀띠×辛丑(신축)
2026-03-07 20:01:09,131 [E-W2]   🎉 성공 (✅121 ❌8)
2026-03-07 20:01:21,596 [E-W2] 📌 [130/239] [tti] 말띠×己巳(기사)
2026-03-07 20:01:38,252 [E-W2]   🎉 성공 (✅122 ❌8)
2026-03-07 20:01:52,291 [E-W2] 📌 [131/239] [zodiac] 염소자리×癸未(계미)
2026-03-07 20:02:08,958 [E-W2]   🎉 성공 (✅123 ❌8)
2026-03-07 20:02:24,693 [E-W2] 📌 [132/239] [tti] 닭띠×戊子(무자)
2026-03-07 20:02:41,357 [E-W2]   ❌ 에러: dict contains fields not in fieldnames: '텐션_level'
2026-03-07 20:02:46,726 [E-W2] 📌 [133/239] [zodiac] 염소자리×丁酉(정유)
2026-03-07 20:03:03,437 [E-W2]   🎉 성공 (✅124 ❌9)
2026-03-07 20:03:15,761 [E-W2] 📌 [134/239] [zodiac] 게자리×壬午(임오)
2026-03-07 20:03:32,449 [E-W2]   🎉 성공 (✅125 ❌9)
2026-03-07 20:03:45,146 [E-W2] 📌 [135/239] [zodiac] 게자리×癸酉(계유)
2026-03-07 20:04:01,829 [E-W2]   🎉 성공 (✅126 ❌9)
2026-03-07 20:04:16,116 [E-W2] 📌 [136/239] [tti] 용띠×庚辰(경진)
2026-03-07 20:04:32,802 [E-W2]   ❌ 에러: dict contains fields not in fieldnames: '텐션_level'
2026-03-07 20:04:38,117 [E-W2] 📌 [137/239] [zodiac] 전갈자리×甲午(갑오)
2026-03-07 20:04:54,815 [E-W2]   🎉 성공 (✅127 ❌10)
2026-03-07 20:05:09,943 [E-W2] 📌 [138/239] [zodiac] 게자리×丁亥(정해)
2026-03-07 20:05:26,626 [E-W2]   🎉 성공 (✅128 ❌10)
2026-03-07 20:05:37,894 [E-W2] 📌 [139/239] [tti] 양띠×辛亥(신해)
2026-03-07 20:05:58,650 [E-W2]   🎉 성공 (✅129 ❌10)
2026-03-07 20:06:13,208 [E-W2] 📌 [140/239] [tti] 닭띠×丙寅(병인)
2026-03-07 20:06:29,873 [E-W2]   🎉 성공 (✅130 ❌10)
2026-03-07 20:06:42,703 [E-W2] 📌 [141/239] [tti] 소띠×庚寅(경인)
2026-03-07 20:06:59,364 [E-W2]   🎉 성공 (✅131 ❌10)
2026-03-07 20:07:15,501 [E-W2] 📌 [142/239] [zodiac] 사수자리×乙亥(을해)
2026-03-07 20:07:32,174 [E-W2]   🎉 성공 (✅132 ❌10)
2026-03-07 20:07:47,199 [E-W2] 📌 [143/239] [zodiac] 사수자리×丁亥(정해)
2026-03-07 20:08:03,859 [E-W2]   🎉 성공 (✅133 ❌10)
2026-03-07 20:08:20,498 [E-W2] 📌 [144/239] [tti] 돼지띠×丁卯(정묘)
2026-03-07 20:08:37,176 [E-W2]   🎉 성공 (✅134 ❌10)
2026-03-07 20:08:48,236 [E-W2] 📌 [145/239] [tti] 말띠×己未(기미)
2026-03-07 20:09:04,897 [E-W2]   🎉 성공 (✅135 ❌10)
2026-03-07 20:09:16,376 [E-W2] 📌 [146/239] [tarot] 컵 왕(reversed)
2026-03-07 20:09:33,046 [E-W2]   🎉 성공 (✅136 ❌10)
2026-03-07 20:09:43,368 [E-W2] 📌 [147/239] [tti] 개띠×乙丑(을축)
2026-03-07 20:10:04,118 [E-W2]   🎉 성공 (✅137 ❌10)
2026-03-07 20:10:15,743 [E-W2] 📌 [148/239] [zodiac] 사자자리×庚子(경자)
2026-03-07 20:10:32,414 [E-W2]   🎉 성공 (✅138 ❌10)
2026-03-07 20:10:42,463 [E-W2] 📌 [149/239] [tti] 뱀띠×庚子(경자)
2026-03-07 20:10:59,103 [E-W2]   🎉 성공 (✅139 ❌10)
2026-03-07 20:11:10,351 [E-W2] 📌 [150/239] [tarot] 컵 2(reversed)
2026-03-07 20:11:27,009 [E-W2]   🎉 성공 (✅140 ❌10)
2026-03-07 20:11:38,762 [E-W2] 📌 [151/239] [zodiac] 물병자리×辛巳(신사)
2026-03-07 20:11:55,426 [E-W2]   🎉 성공 (✅141 ❌10)
2026-03-07 20:12:07,870 [E-W2] 📌 [152/239] [zodiac] 물병자리×丙午(병오)
2026-03-07 20:12:24,532 [E-W2]   🎉 성공 (✅142 ❌10)
2026-03-07 20:12:38,604 [E-W2] 📌 [153/239] [zodiac] 물병자리×丙申(병신)
2026-03-07 20:12:55,269 [E-W2]   🎉 성공 (✅143 ❌10)
2026-03-07 20:13:07,929 [E-W2] 📌 [154/239] [zodiac] 황소자리×己卯(기묘)
2026-03-07 20:13:24,600 [E-W2]   🎉 성공 (✅144 ❌10)
2026-03-07 20:13:39,820 [E-W2] 📌 [155/239] [tti] 뱀띠×甲寅(갑인)
2026-03-07 20:14:00,591 [E-W2]   🎉 성공 (✅145 ❌10)
2026-03-07 20:14:12,947 [E-W2] 📌 [156/239] [tarot] 연인(upright)
2026-03-07 20:14:29,621 [E-W2]   🎉 성공 (✅146 ❌10)
2026-03-07 20:14:41,054 [E-W2] 📌 [157/239] [tti] 용띠×甲寅(갑인)
2026-03-07 20:14:57,726 [E-W2]   🎉 성공 (✅147 ❌10)
2026-03-07 20:15:13,355 [E-W2] 📌 [158/239] [tti] 말띠×庚申(경신)
2026-03-07 20:15:30,032 [E-W2]   🎉 성공 (✅148 ❌10)
2026-03-07 20:15:43,336 [E-W2] 📌 [159/239] [zodiac] 염소자리×戊辰(무진)
2026-03-07 20:16:00,017 [E-W2]   🎉 성공 (✅149 ❌10)
2026-03-07 20:16:13,703 [E-W2] 📌 [160/239] [tarot] 정의(reversed)
2026-03-07 20:16:30,399 [E-W2]   🎉 성공 (✅150 ❌10)
2026-03-07 20:16:46,244 [E-W2] 📌 [161/239] [zodiac] 사자자리×甲寅(갑인)
2026-03-07 20:17:02,933 [E-W2]   🎉 성공 (✅151 ❌10)
2026-03-07 20:17:14,477 [E-W2] 📌 [162/239] [tti] 용띠×壬辰(임진)
2026-03-07 20:17:31,159 [E-W2]   🎉 성공 (✅152 ❌10)
2026-03-07 20:17:44,649 [E-W2] 📌 [163/239] [tti] 쥐띠×丁酉(정유)
2026-03-07 20:18:05,396 [E-W2]   🎉 성공 (✅153 ❌10)
2026-03-07 20:18:18,432 [E-W2] 📌 [164/239] [tti] 돼지띠×乙亥(을해)
2026-03-07 20:18:35,084 [E-W2]   🎉 성공 (✅154 ❌10)
2026-03-07 20:18:47,492 [E-W2] 📌 [165/239] [zodiac] 황소자리×庚午(경오)
2026-03-07 20:19:04,144 [E-W2]   🎉 성공 (✅155 ❌10)
2026-03-07 20:19:16,120 [E-W2] 📌 [166/239] [zodiac] 처녀자리×甲午(갑오)
2026-03-07 20:19:32,783 [E-W2]   🎉 성공 (✅156 ❌10)
2026-03-07 20:19:46,202 [E-W2] 📌 [167/239] [tti] 용띠×丁未(정미)
2026-03-07 20:20:02,870 [E-W2]   🎉 성공 (✅157 ❌10)
2026-03-07 20:20:16,324 [E-W2] 📌 [168/239] [tti] 원숭이띠×壬寅(임인)
2026-03-07 20:20:32,989 [E-W2]   🎉 성공 (✅158 ❌10)
2026-03-07 20:20:46,509 [E-W2] 📌 [169/239] [tti] 용띠×丙申(병신)
2026-03-07 20:21:03,186 [E-W2]   🎉 성공 (✅159 ❌10)
2026-03-07 20:21:19,745 [E-W2] 📌 [170/239] [tarot] 소드 에이스(upright)
2026-03-07 20:21:36,414 [E-W2]   🎉 성공 (✅160 ❌10)
2026-03-07 20:21:47,981 [E-W2] 📌 [171/239] [zodiac] 사수자리×辛巳(신사)
2026-03-07 20:22:08,730 [E-W2]   🎉 성공 (✅161 ❌10)
2026-03-07 20:22:25,166 [E-W2] 📌 [172/239] [zodiac] 양자리×丁巳(정사)
2026-03-07 20:22:41,818 [E-W2]   🎉 성공 (✅162 ❌10)
2026-03-07 20:22:52,248 [E-W2] 📌 [173/239] [tti] 뱀띠×戊午(무오)
2026-03-07 20:23:08,897 [E-W2]   🎉 성공 (✅163 ❌10)
2026-03-07 20:23:24,795 [E-W2] 📌 [174/239] [tti] 양띠×乙丑(을축)
2026-03-07 20:23:41,452 [E-W2]   ❌ 에러: dict contains fields not in fieldnames: '텐션_level'
2026-03-07 20:23:47,422 [E-W2] 📌 [175/239] [zodiac] 게자리×甲子(갑자)
2026-03-07 20:24:04,123 [E-W2]   🎉 성공 (✅164 ❌11)
2026-03-07 20:24:20,341 [E-W2] 📌 [176/239] [zodiac] 사자자리×己卯(기묘)
2026-03-07 20:24:37,035 [E-W2]   🎉 성공 (✅165 ❌11)
2026-03-07 20:24:49,098 [E-W2] 📌 [177/239] [tarot] 컵 에이스(upright)
2026-03-07 20:25:05,781 [E-W2]   🎉 성공 (✅166 ❌11)
2026-03-07 20:25:18,128 [E-W2] 📌 [178/239] [zodiac] 염소자리×丁未(정미)
2026-03-07 20:25:34,816 [E-W2]   🎉 성공 (✅167 ❌11)
2026-03-07 20:25:51,683 [E-W2] 📌 [179/239] [zodiac] 처녀자리×甲子(갑자)
2026-03-07 20:26:08,373 [E-W2]   🎉 성공 (✅168 ❌11)
2026-03-07 20:26:22,310 [E-W2] 📌 [180/239] [zodiac] 전갈자리×戊辰(무진)
2026-03-07 20:26:43,104 [E-W2]   🎉 성공 (✅169 ❌11)
2026-03-07 20:26:57,413 [E-W2] 📌 [181/239] [zodiac] 양자리×癸亥(계해)
2026-03-07 20:27:14,088 [E-W2]   🎉 성공 (✅170 ❌11)
2026-03-07 20:27:30,867 [E-W2] 📌 [182/239] [zodiac] 천칭자리×辛酉(신유)
2026-03-07 20:27:47,551 [E-W2]   🎉 성공 (✅171 ❌11)
2026-03-07 20:28:02,907 [E-W2] 📌 [183/239] [zodiac] 황소자리×壬寅(임인)
2026-03-07 20:28:19,590 [E-W2]   🎉 성공 (✅172 ❌11)
2026-03-07 20:28:32,510 [E-W2] 📌 [184/239] [tti] 돼지띠×庚申(경신)
2026-03-07 20:28:49,194 [E-W2]   🎉 성공 (✅173 ❌11)
2026-03-07 20:29:05,031 [E-W2] 📌 [185/239] [zodiac] 물고기자리×己未(기미)
2026-03-07 20:29:24,747 [E-W2]   🎉 성공 (✅174 ❌11)
2026-03-07 20:29:35,971 [E-W2] 📌 [186/239] [tti] 돼지띠×丙辰(병진)
2026-03-07 20:29:52,667 [E-W2]   ❌ 에러: dict contains fields not in fieldnames: '텐션_level'
2026-03-07 20:29:59,691 [E-W2] 📌 [187/239] [zodiac] 양자리×壬寅(임인)
2026-03-07 20:30:16,378 [E-W2]   🎉 성공 (✅175 ❌12)
2026-03-07 20:30:31,905 [E-W2] 📌 [188/239] [zodiac] 전갈자리×己酉(기유)
2026-03-07 20:30:48,577 [E-W2]   🎉 성공 (✅176 ❌12)
2026-03-07 20:31:03,831 [E-W2] 📌 [189/239] [zodiac] 물고기자리×庚午(경오)
2026-03-07 20:31:24,597 [E-W2]   🎉 성공 (✅177 ❌12)
2026-03-07 20:31:36,798 [E-W2] 📌 [190/239] [tti] 쥐띠×壬戌(임술)
2026-03-07 20:31:53,458 [E-W2]   🎉 성공 (✅178 ❌12)
2026-03-07 20:32:07,703 [E-W2] 📌 [191/239] [zodiac] 천칭자리×丁未(정미)
2026-03-07 20:32:24,364 [E-W2]   🎉 성공 (✅179 ❌12)
2026-03-07 20:32:34,677 [E-W2] 📌 [192/239] [tti] 용띠×丁酉(정유)
2026-03-07 20:32:51,337 [E-W2]   🎉 성공 (✅180 ❌12)
2026-03-07 20:33:02,352 [E-W2] 📌 [193/239] [tti] 토끼띠×丁卯(정묘)
2026-03-07 20:33:19,012 [E-W2]   🎉 성공 (✅181 ❌12)
2026-03-07 20:33:32,020 [E-W2] 📌 [194/239] [tarot] 컵 왕(upright)
2026-03-07 20:33:48,688 [E-W2]   🎉 성공 (✅182 ❌12)
2026-03-07 20:34:03,460 [E-W2] 📌 [195/239] [tti] 소띠×甲寅(갑인)
2026-03-07 20:34:20,130 [E-W2]   🎉 성공 (✅183 ❌12)
2026-03-07 20:34:33,106 [E-W2] 📌 [196/239] [tarot] 소드 10(upright)
2026-03-07 20:34:49,780 [E-W2]   🎉 성공 (✅184 ❌12)
2026-03-07 20:35:05,368 [E-W2] 📌 [197/239] [zodiac] 물고기자리×辛巳(신사)
2026-03-07 20:35:26,131 [E-W2]   🎉 성공 (✅185 ❌12)
2026-03-07 20:35:42,616 [E-W2] 📌 [198/239] [tti] 개띠×辛丑(신축)
2026-03-07 20:35:59,297 [E-W2]   🎉 성공 (✅186 ❌12)
2026-03-07 20:36:15,238 [E-W2] 📌 [199/239] [tti] 양띠×庚寅(경인)
2026-03-07 20:36:31,918 [E-W2]   🎉 성공 (✅187 ❌12)
2026-03-07 20:36:48,014 [E-W2] 📌 [200/239] [zodiac] 처녀자리×乙未(을미)
2026-03-07 20:37:04,698 [E-W2]   🎉 성공 (✅188 ❌12)
2026-03-07 20:37:17,256 [E-W2] 📌 [201/239] [tarot] 소드 8(upright)
2026-03-07 20:37:33,943 [E-W2]   🎉 성공 (✅189 ❌12)
2026-03-07 20:37:47,086 [E-W2] 📌 [202/239] [tti] 토끼띠×丁巳(정사)
2026-03-07 20:38:03,771 [E-W2]   🎉 성공 (✅190 ❌12)
2026-03-07 20:38:15,460 [E-W2] 📌 [203/239] [zodiac] 사수자리×庚戌(경술)
2026-03-07 20:38:32,152 [E-W2]   🎉 성공 (✅191 ❌12)
2026-03-07 20:38:46,230 [E-W2] 📌 [204/239] [zodiac] 양자리×丙申(병신)
2026-03-07 20:39:02,917 [E-W2]   🎉 성공 (✅192 ❌12)
2026-03-07 20:39:14,782 [E-W2] 📌 [205/239] [tti] 돼지띠×丁亥(정해)
2026-03-07 20:39:35,565 [E-W2]   🎉 성공 (✅193 ❌12)
2026-03-07 20:39:50,518 [E-W2] 📌 [206/239] [zodiac] 염소자리×辛亥(신해)
2026-03-07 20:40:07,186 [E-W2]   🎉 성공 (✅194 ❌12)
2026-03-07 20:40:21,501 [E-W2] 📌 [207/239] [zodiac] 천칭자리×乙酉(을유)
2026-03-07 20:40:38,186 [E-W2]   🎉 성공 (✅195 ❌12)
2026-03-07 20:40:51,836 [E-W2] 📌 [208/239] [tti] 닭띠×辛巳(신사)
2026-03-07 20:41:08,510 [E-W2]   🎉 성공 (✅196 ❌12)
2026-03-07 20:41:19,066 [E-W2] 📌 [209/239] [tti] 뱀띠×丁酉(정유)
2026-03-07 20:41:35,746 [E-W2]   ❌ 에러: dict contains fields not in fieldnames: '텐션_level'
2026-03-07 20:41:41,862 [E-W2] 📌 [210/239] [zodiac] 염소자리×癸丑(계축)
2026-03-07 20:41:58,566 [E-W2]   🎉 성공 (✅197 ❌13)
2026-03-07 20:42:12,462 [E-W2] 📌 [211/239] [tti] 원숭이띠×丙午(병오)
2026-03-07 20:42:29,124 [E-W2]   🎉 성공 (✅198 ❌13)
2026-03-07 20:42:44,263 [E-W2] 📌 [212/239] [zodiac] 물병자리×庚申(경신)
2026-03-07 20:43:00,930 [E-W2]   🎉 성공 (✅199 ❌13)
2026-03-07 20:43:15,959 [E-W2] 📌 [213/239] [tti] 호랑이띠×壬午(임오)
2026-03-07 20:43:32,610 [E-W2]   🎉 성공 (✅200 ❌13)
2026-03-07 20:43:45,624 [E-W2] 📌 [214/239] [zodiac] 천칭자리×丙申(병신)
2026-03-07 20:44:06,394 [E-W2]   🎉 성공 (✅201 ❌13)
2026-03-07 20:44:17,980 [E-W2] 📌 [215/239] [tti] 닭띠×甲辰(갑진)
2026-03-07 20:44:34,662 [E-W2]   🎉 성공 (✅202 ❌13)
2026-03-07 20:44:48,067 [E-W2] 📌 [216/239] [tti] 뱀띠×己丑(기축)
2026-03-07 20:45:04,760 [E-W2]   🎉 성공 (✅203 ❌13)
2026-03-07 20:45:18,794 [E-W2] 📌 [217/239] [tti] 뱀띠×丙午(병오)
2026-03-07 20:45:35,477 [E-W2]   🎉 성공 (✅204 ❌13)
2026-03-07 20:45:46,472 [E-W2] 📌 [218/239] [tti] 토끼띠×戊申(무신)
2026-03-07 20:46:03,159 [E-W2]   🎉 성공 (✅205 ❌13)
2026-03-07 20:46:17,673 [E-W2] 📌 [219/239] [tarot] 정의(upright)
2026-03-07 20:46:34,360 [E-W2]   🎉 성공 (✅206 ❌13)
2026-03-07 20:46:49,982 [E-W2] 📌 [220/239] [zodiac] 전갈자리×庚辰(경진)
2026-03-07 20:47:06,669 [E-W2]   ❌ 에러: dict contains fields not in fieldnames: '텐션_level'
2026-03-07 20:47:12,091 [E-W2] 📌 [221/239] [zodiac] 사수자리×丙寅(병인)
2026-03-07 20:47:31,814 [E-W2]   🎉 성공 (✅207 ❌14)
2026-03-07 20:47:42,815 [E-W2] 📌 [222/239] [zodiac] 사자자리×丙申(병신)
2026-03-07 20:47:59,478 [E-W2]   🎉 성공 (✅208 ❌14)
2026-03-07 20:48:09,671 [E-W2] 📌 [223/239] [tti] 양띠×壬寅(임인)
2026-03-07 20:48:30,420 [E-W2]   🎉 성공 (✅209 ❌14)
2026-03-07 20:48:41,691 [E-W2] 📌 [224/239] [zodiac] 천칭자리×癸未(계미)
2026-03-07 20:48:58,355 [E-W2]   🎉 성공 (✅210 ❌14)
2026-03-07 20:49:10,606 [E-W2] 📌 [225/239] [zodiac] 전갈자리×丁丑(정축)
2026-03-07 20:49:27,266 [E-W2]   🎉 성공 (✅211 ❌14)
2026-03-07 20:49:38,401 [E-W2] 📌 [226/239] [zodiac] 사자자리×丁未(정미)
2026-03-07 20:49:55,057 [E-W2]   🎉 성공 (✅212 ❌14)
2026-03-07 20:50:10,614 [E-W2] 📌 [227/239] [tti] 개띠×丙子(병자)
2026-03-07 20:50:27,286 [E-W2]   🎉 성공 (✅213 ❌14)
2026-03-07 20:50:41,995 [E-W2] 📌 [228/239] [tti] 토끼띠×辛丑(신축)
2026-03-07 20:50:58,663 [E-W2]   🎉 성공 (✅214 ❌14)
2026-03-07 20:51:15,281 [E-W2] 📌 [229/239] [zodiac] 물병자리×癸丑(계축)
2026-03-07 20:51:31,964 [E-W2]   🎉 성공 (✅215 ❌14)
2026-03-07 20:51:43,433 [E-W2] 📌 [230/239] [zodiac] 염소자리×己酉(기유)
2026-03-07 20:52:00,099 [E-W2]   🎉 성공 (✅216 ❌14)
2026-03-07 20:52:16,813 [E-W2] 📌 [231/239] [tti] 호랑이띠×甲辰(갑진)
2026-03-07 20:52:37,555 [E-W2]   🎉 성공 (✅217 ❌14)
2026-03-07 20:52:52,222 [E-W2] 📌 [232/239] [tti] 개띠×庚戌(경술)
2026-03-07 20:53:08,879 [E-W2]   🎉 성공 (✅218 ❌14)
2026-03-07 20:53:21,756 [E-W2] 📌 [233/239] [tti] 뱀띠×癸卯(계묘)
2026-03-07 20:53:38,416 [E-W2]   🎉 성공 (✅219 ❌14)
2026-03-07 20:53:53,755 [E-W2] 📌 [234/239] [tti] 토끼띠×己未(기미)
2026-03-07 20:54:10,417 [E-W2]   🎉 성공 (✅220 ❌14)
2026-03-07 20:54:22,689 [E-W2] 📌 [235/239] [zodiac] 물고기자리×戊午(무오)
2026-03-07 20:54:39,353 [E-W2]   🎉 성공 (✅221 ❌14)
2026-03-07 20:54:52,163 [E-W2] 📌 [236/239] [tti] 소띠×丙午(병오)
2026-03-07 20:55:08,825 [E-W2]   🎉 성공 (✅222 ❌14)
2026-03-07 20:55:19,180 [E-W2] 📌 [237/239] [tarot] 소드 시종(reversed)
2026-03-07 20:55:38,855 [E-W2]   🎉 성공 (✅223 ❌14)
2026-03-07 20:55:52,681 [E-W2] 📌 [238/239] [tti] 토끼띠×壬辰(임진)
2026-03-07 20:56:09,374 [E-W2]   ❌ 에러: dict contains fields not in fieldnames: '텐션_level'
2026-03-07 20:56:14,745 [E-W2] 📌 [239/239] [tti] 양띠×戊戌(무술)
2026-03-07 20:56:31,467 [E-W2]   🎉 성공 (✅224 ❌15)
2026-03-07 20:56:41,717 [E-W2] 🏁 워커 2 종료: ✅224 ❌15
2026-03-08 07:30:10,856 [E-W2] 🏁 워커 2 시작! 할당: 14개
2026-03-08 07:30:30,857 [E-W2] 🚀 크롬 초기화...
2026-03-08 07:30:41,319 [E-W2] 📌 [1/14] [tti] 용띠×庚辰(경진)
2026-03-08 07:30:58,172 [E-W2]   🎉 성공 (✅1 ❌0)
2026-03-08 07:31:10,562 [E-W2] 📌 [2/14] [tti] 말띠×丙戌(병술)
2026-03-08 07:31:27,272 [E-W2]   🎉 성공 (✅2 ❌0)
2026-03-08 07:31:42,348 [E-W2] 📌 [3/14] [tti] 닭띠×戊子(무자)
2026-03-08 07:31:59,099 [E-W2]   🎉 성공 (✅3 ❌0)
2026-03-08 07:32:09,606 [E-W2] 📌 [4/14] [zodiac] 양자리×癸巳(계사)
2026-03-08 07:32:26,316 [E-W2]   🎉 성공 (✅4 ❌0)
2026-03-08 07:32:42,471 [E-W2] 📌 [5/14] [zodiac] 처녀자리×己丑(기축)
2026-03-08 07:32:59,172 [E-W2]   ❌ 에러: dict contains fields not in fieldnames: '텐션_level'
2026-03-08 07:33:04,912 [E-W2] 📌 [6/14] [zodiac] 사수자리×壬辰(임진)
2026-03-08 07:33:21,646 [E-W2]   🎉 성공 (✅5 ❌1)
2026-03-08 07:33:36,569 [E-W2] 📌 [7/14] [zodiac] 쌍둥이자리×壬辰(임진)
2026-03-08 07:33:53,285 [E-W2]   🎉 성공 (✅6 ❌1)
2026-03-08 07:34:03,310 [E-W2] 📌 [8/14] [tti] 원숭이띠×乙丑(을축)
2026-03-08 07:34:20,021 [E-W2]   ❌ 에러: dict contains fields not in fieldnames: '텐션_level'
2026-03-08 07:34:25,353 [E-W2] 📌 [9/14] [tti] 양띠×乙丑(을축)
2026-03-08 07:34:42,091 [E-W2]   🎉 성공 (✅7 ❌2)
2026-03-08 07:34:57,262 [E-W2] 📌 [10/14] [tti] 양띠×己卯(기묘)
2026-03-08 07:35:13,965 [E-W2]   🎉 성공 (✅8 ❌2)
2026-03-08 07:35:29,197 [E-W2] 📌 [11/14] [zodiac] 처녀자리×甲戌(갑술)
2026-03-08 07:35:49,995 [E-W2]   🎉 성공 (✅9 ❌2)
2026-03-08 07:36:02,257 [E-W2] 📌 [12/14] [zodiac] 게자리×甲申(갑신)
2026-03-08 07:36:18,938 [E-W2]   🎉 성공 (✅10 ❌2)
2026-03-08 07:36:31,944 [E-W2] 📌 [13/14] [tti] 원숭이띠×癸未(계미)
2026-03-08 07:36:48,654 [E-W2]   🎉 성공 (✅11 ❌2)
2026-03-08 07:37:02,621 [E-W2] 📌 [14/14] [zodiac] 사수자리×己巳(기사)
2026-03-08 07:37:19,287 [E-W2]   🎉 성공 (✅12 ❌2)
2026-03-08 07:37:32,023 [E-W2] 🏁 워커 2 종료: ✅12 ❌2
